[2025-02-21T18:39:48.998+0000] {local_task_job_runner.py:123} INFO - ::group::Pre task execution logs
[2025-02-21T18:39:49.020+0000] {taskinstance.py:2614} INFO - Dependencies all met for dep_context=non-requeueable deps ti=<TaskInstance: ing_mov_20_21.run_spark_script manual__2025-02-21T18:39:47.790872+00:00 [queued]>
[2025-02-21T18:39:49.030+0000] {taskinstance.py:2614} INFO - Dependencies all met for dep_context=requeueable deps ti=<TaskInstance: ing_mov_20_21.run_spark_script manual__2025-02-21T18:39:47.790872+00:00 [queued]>
[2025-02-21T18:39:49.030+0000] {taskinstance.py:2867} INFO - Starting attempt 1 of 2
[2025-02-21T18:39:49.044+0000] {taskinstance.py:2890} INFO - Executing <Task(SparkSubmitOperator): run_spark_script> on 2025-02-21 18:39:47.790872+00:00
[2025-02-21T18:39:49.048+0000] {warnings.py:112} WARNING - /home/***/.local/lib/python3.12/site-packages/***/task/task_runner/standard_task_runner.py:70: DeprecationWarning: This process (pid=1430) is multi-threaded, use of fork() may lead to deadlocks in the child.
  pid = os.fork()

[2025-02-21T18:39:49.050+0000] {standard_task_runner.py:72} INFO - Started process 1431 to run task
[2025-02-21T18:39:49.050+0000] {standard_task_runner.py:104} INFO - Running: ['***', 'tasks', 'run', 'ing_mov_20_21', 'run_spark_script', 'manual__2025-02-21T18:39:47.790872+00:00', '--job-id', '17', '--raw', '--subdir', 'DAGS_FOLDER/scriptteste.py', '--cfg-path', '/tmp/tmpbqmoeasm']
[2025-02-21T18:39:49.051+0000] {standard_task_runner.py:105} INFO - Job 17: Subtask run_spark_script
[2025-02-21T18:39:49.102+0000] {task_command.py:467} INFO - Running <TaskInstance: ing_mov_20_21.run_spark_script manual__2025-02-21T18:39:47.790872+00:00 [running]> on host 984eb1a04f7d
[2025-02-21T18:39:49.186+0000] {taskinstance.py:3134} INFO - Exporting env vars: AIRFLOW_CTX_DAG_OWNER='***' AIRFLOW_CTX_DAG_ID='ing_mov_20_21' AIRFLOW_CTX_TASK_ID='run_spark_script' AIRFLOW_CTX_EXECUTION_DATE='2025-02-21T18:39:47.790872+00:00' AIRFLOW_CTX_TRY_NUMBER='1' AIRFLOW_CTX_DAG_RUN_ID='manual__2025-02-21T18:39:47.790872+00:00'
[2025-02-21T18:39:49.187+0000] {taskinstance.py:732} INFO - ::endgroup::
[2025-02-21T18:39:49.216+0000] {base.py:84} INFO - Retrieving connection 'spark_default'
[2025-02-21T18:39:49.217+0000] {spark_submit.py:328} ERROR - Failed to decode base64 keytab: Invalid base64-encoded string: number of data characters (5) cannot be 1 more than a multiple of 4
[2025-02-21T18:39:49.218+0000] {spark_submit.py:305} INFO - Could not load connection string spark_default, defaulting to local[*]
[2025-02-21T18:39:49.220+0000] {spark_submit.py:474} INFO - Spark-Submit cmd: spark-submit --master local[*] --conf spark.hadoop.fs.s3a.access.key=qISvwHssdqvPRzWwCzWG --conf spark.hadoop.fs.s3a.secret.key=****** --conf spark.hadoop.fs.s3a.endpoint=http://minio:9000 --conf spark.hadoop.fs.s3a.path.style.access=true --conf spark.hadoop.fs.s3a.impl=org.apache.hadoop.fs.s3a.S3AFileSystem --packages org.apache.hadoop:hadoop-aws:3.3.4,com.amazonaws:aws-java-sdk-bundle:1.12.262 --driver-memory 4g --principal admin --name arrow-spark --verbose --queue root.default --deploy-mode client /opt/bitnami/spark/scripts/ing_mov_20_21.py
[2025-02-21T18:39:50.417+0000] {spark_submit.py:641} INFO - Using properties file: null
[2025-02-21T18:39:50.517+0000] {spark_submit.py:641} INFO - Parsed arguments:
[2025-02-21T18:39:50.517+0000] {spark_submit.py:641} INFO - master                  local[*]
[2025-02-21T18:39:50.518+0000] {spark_submit.py:641} INFO - remote                  null
[2025-02-21T18:39:50.518+0000] {spark_submit.py:641} INFO - deployMode              client
[2025-02-21T18:39:50.519+0000] {spark_submit.py:641} INFO - executorMemory          null
[2025-02-21T18:39:50.519+0000] {spark_submit.py:641} INFO - executorCores           null
[2025-02-21T18:39:50.520+0000] {spark_submit.py:641} INFO - totalExecutorCores      null
[2025-02-21T18:39:50.521+0000] {spark_submit.py:641} INFO - propertiesFile          null
[2025-02-21T18:39:50.522+0000] {spark_submit.py:641} INFO - driverMemory            4g
[2025-02-21T18:39:50.523+0000] {spark_submit.py:641} INFO - driverCores             null
[2025-02-21T18:39:50.523+0000] {spark_submit.py:641} INFO - driverExtraClassPath    null
[2025-02-21T18:39:50.524+0000] {spark_submit.py:641} INFO - driverExtraLibraryPath  null
[2025-02-21T18:39:50.525+0000] {spark_submit.py:641} INFO - driverExtraJavaOptions  null
[2025-02-21T18:39:50.525+0000] {spark_submit.py:641} INFO - supervise               false
[2025-02-21T18:39:50.526+0000] {spark_submit.py:641} INFO - queue                   root.default
[2025-02-21T18:39:50.529+0000] {spark_submit.py:641} INFO - numExecutors            null
[2025-02-21T18:39:50.529+0000] {spark_submit.py:641} INFO - files                   null
[2025-02-21T18:39:50.530+0000] {spark_submit.py:641} INFO - pyFiles                 null
[2025-02-21T18:39:50.530+0000] {spark_submit.py:641} INFO - archives                null
[2025-02-21T18:39:50.531+0000] {spark_submit.py:641} INFO - mainClass               null
[2025-02-21T18:39:50.531+0000] {spark_submit.py:641} INFO - primaryResource         file:/opt/bitnami/spark/scripts/ing_mov_20_21.py
[2025-02-21T18:39:50.532+0000] {spark_submit.py:641} INFO - name                    arrow-spark
[2025-02-21T18:39:50.533+0000] {spark_submit.py:641} INFO - childArgs               []
[2025-02-21T18:39:50.538+0000] {spark_submit.py:641} INFO - jars                    null
[2025-02-21T18:39:50.540+0000] {spark_submit.py:641} INFO - packages                org.apache.hadoop:hadoop-aws:3.3.4,com.amazonaws:aws-java-sdk-bundle:1.12.262
[2025-02-21T18:39:50.542+0000] {spark_submit.py:641} INFO - packagesExclusions      null
[2025-02-21T18:39:50.543+0000] {spark_submit.py:641} INFO - repositories            null
[2025-02-21T18:39:50.544+0000] {spark_submit.py:641} INFO - verbose                 true
[2025-02-21T18:39:50.545+0000] {spark_submit.py:641} INFO - 
[2025-02-21T18:39:50.545+0000] {spark_submit.py:641} INFO - Spark properties used, including those specified through
[2025-02-21T18:39:50.546+0000] {spark_submit.py:641} INFO - --conf and those from the properties file null:
[2025-02-21T18:39:50.546+0000] {spark_submit.py:641} INFO - (spark.driver.memory,4g)
[2025-02-21T18:39:50.547+0000] {spark_submit.py:641} INFO - (spark.hadoop.fs.s3a.access.key,*********(redacted))
[2025-02-21T18:39:50.547+0000] {spark_submit.py:641} INFO - (spark.hadoop.fs.s3a.endpoint,http://minio:9000)
[2025-02-21T18:39:50.549+0000] {spark_submit.py:641} INFO - (spark.hadoop.fs.s3a.impl,org.apache.hadoop.fs.s3a.S3AFileSystem)
[2025-02-21T18:39:50.549+0000] {spark_submit.py:641} INFO - (spark.hadoop.fs.s3a.path.style.access,true)
[2025-02-21T18:39:50.550+0000] {spark_submit.py:641} INFO - (spark.hadoop.fs.s3a.secret.key,*********(redacted))
[2025-02-21T18:39:50.551+0000] {spark_submit.py:641} INFO - 
[2025-02-21T18:39:50.551+0000] {spark_submit.py:641} INFO - 
[2025-02-21T18:39:50.683+0000] {spark_submit.py:641} INFO - :: loading settings :: url = jar:file:/home/***/.local/lib/python3.12/site-packages/pyspark/jars/ivy-2.5.1.jar!/org/apache/ivy/core/settings/ivysettings.xml
[2025-02-21T18:39:50.768+0000] {spark_submit.py:641} INFO - Ivy Default Cache set to: /home/***/.ivy2/cache
[2025-02-21T18:39:50.768+0000] {spark_submit.py:641} INFO - The jars for the packages stored in: /home/***/.ivy2/jars
[2025-02-21T18:39:50.776+0000] {spark_submit.py:641} INFO - org.apache.hadoop#hadoop-aws added as a dependency
[2025-02-21T18:39:50.777+0000] {spark_submit.py:641} INFO - com.amazonaws#aws-java-sdk-bundle added as a dependency
[2025-02-21T18:39:50.777+0000] {spark_submit.py:641} INFO - :: resolving dependencies :: org.apache.spark#spark-submit-parent-2bf6edb2-fa59-4844-82d7-d9a8f06c17ca;1.0
[2025-02-21T18:39:50.778+0000] {spark_submit.py:641} INFO - confs: [default]
[2025-02-21T18:39:54.162+0000] {spark_submit.py:641} INFO - found org.apache.hadoop#hadoop-aws;3.3.4 in central
[2025-02-21T18:39:55.406+0000] {spark_submit.py:641} INFO - found com.amazonaws#aws-java-sdk-bundle;1.12.262 in central
[2025-02-21T18:39:57.605+0000] {spark_submit.py:641} INFO - found org.wildfly.openssl#wildfly-openssl;1.0.7.Final in central
[2025-02-21T18:39:57.740+0000] {spark_submit.py:641} INFO - downloading https://repo1.maven.org/maven2/org/apache/hadoop/hadoop-aws/3.3.4/hadoop-aws-3.3.4.jar ...
[2025-02-21T18:39:58.436+0000] {spark_submit.py:641} INFO - [SUCCESSFUL ] org.apache.hadoop#hadoop-aws;3.3.4!hadoop-aws.jar (825ms)
[2025-02-21T18:39:58.562+0000] {spark_submit.py:641} INFO - downloading https://repo1.maven.org/maven2/com/amazonaws/aws-java-sdk-bundle/1.12.262/aws-java-sdk-bundle-1.12.262.jar ...
[2025-02-21T18:48:14.523+0000] {spark_submit.py:641} INFO - [SUCCESSFUL ] com.amazonaws#aws-java-sdk-bundle;1.12.262!aws-java-sdk-bundle.jar (496085ms)
[2025-02-21T18:48:14.651+0000] {spark_submit.py:641} INFO - downloading https://repo1.maven.org/maven2/org/wildfly/openssl/wildfly-openssl/1.0.7.Final/wildfly-openssl-1.0.7.Final.jar ...
[2025-02-21T18:48:16.286+0000] {spark_submit.py:641} INFO - [SUCCESSFUL ] org.wildfly.openssl#wildfly-openssl;1.0.7.Final!wildfly-openssl.jar (1761ms)
[2025-02-21T18:48:16.287+0000] {spark_submit.py:641} INFO - :: resolution report :: resolve 6833ms :: artifacts dl 498676ms
[2025-02-21T18:48:16.287+0000] {spark_submit.py:641} INFO - :: modules in use:
[2025-02-21T18:48:16.288+0000] {spark_submit.py:641} INFO - com.amazonaws#aws-java-sdk-bundle;1.12.262 from central in [default]
[2025-02-21T18:48:16.289+0000] {spark_submit.py:641} INFO - org.apache.hadoop#hadoop-aws;3.3.4 from central in [default]
[2025-02-21T18:48:16.289+0000] {spark_submit.py:641} INFO - org.wildfly.openssl#wildfly-openssl;1.0.7.Final from central in [default]
[2025-02-21T18:48:16.290+0000] {spark_submit.py:641} INFO - ---------------------------------------------------------------------
[2025-02-21T18:48:16.290+0000] {spark_submit.py:641} INFO - |                  |            modules            ||   artifacts   |
[2025-02-21T18:48:16.291+0000] {spark_submit.py:641} INFO - |       conf       | number| search|dwnlded|evicted|| number|dwnlded|
[2025-02-21T18:48:16.291+0000] {spark_submit.py:641} INFO - ---------------------------------------------------------------------
[2025-02-21T18:48:16.292+0000] {spark_submit.py:641} INFO - |      default     |   3   |   3   |   3   |   0   ||   3   |   3   |
[2025-02-21T18:48:16.293+0000] {spark_submit.py:641} INFO - ---------------------------------------------------------------------
[2025-02-21T18:48:16.293+0000] {spark_submit.py:641} INFO - :: retrieving :: org.apache.spark#spark-submit-parent-2bf6edb2-fa59-4844-82d7-d9a8f06c17ca
[2025-02-21T18:48:16.294+0000] {spark_submit.py:641} INFO - confs: [default]
[2025-02-21T18:48:16.466+0000] {spark_submit.py:641} INFO - 3 artifacts copied, 0 already retrieved (275421kB/175ms)
[2025-02-21T18:48:16.610+0000] {spark_submit.py:641} INFO - 25/02/21 18:48:16 WARN NativeCodeLoader: Unable to load native-hadoop library for your platform... using builtin-java classes where applicable
[2025-02-21T18:48:16.753+0000] {spark_submit.py:641} INFO - Main class:
[2025-02-21T18:48:16.754+0000] {spark_submit.py:641} INFO - org.apache.spark.deploy.PythonRunner
[2025-02-21T18:48:16.754+0000] {spark_submit.py:641} INFO - Arguments:
[2025-02-21T18:48:16.755+0000] {spark_submit.py:641} INFO - file:/opt/bitnami/spark/scripts/ing_mov_20_21.py
[2025-02-21T18:48:16.755+0000] {spark_submit.py:641} INFO - file:///home/***/.ivy2/jars/org.apache.hadoop_hadoop-aws-3.3.4.jar,file:///home/***/.ivy2/jars/com.amazonaws_aws-java-sdk-bundle-1.12.262.jar,file:///home/***/.ivy2/jars/org.wildfly.openssl_wildfly-openssl-1.0.7.Final.jar
[2025-02-21T18:48:16.756+0000] {spark_submit.py:641} INFO - Spark config:
[2025-02-21T18:48:16.756+0000] {spark_submit.py:641} INFO - (spark.app.name,arrow-spark)
[2025-02-21T18:48:16.756+0000] {spark_submit.py:641} INFO - (spark.app.submitTime,1740163696742)
[2025-02-21T18:48:16.757+0000] {spark_submit.py:641} INFO - (spark.driver.memory,4g)
[2025-02-21T18:48:16.757+0000] {spark_submit.py:641} INFO - (spark.files,file:///home/***/.ivy2/jars/org.apache.hadoop_hadoop-aws-3.3.4.jar,file:///home/***/.ivy2/jars/com.amazonaws_aws-java-sdk-bundle-1.12.262.jar,file:///home/***/.ivy2/jars/org.wildfly.openssl_wildfly-openssl-1.0.7.Final.jar)
[2025-02-21T18:48:16.758+0000] {spark_submit.py:641} INFO - (spark.hadoop.fs.s3a.access.key,*********(redacted))
[2025-02-21T18:48:16.758+0000] {spark_submit.py:641} INFO - (spark.hadoop.fs.s3a.endpoint,http://minio:9000)
[2025-02-21T18:48:16.758+0000] {spark_submit.py:641} INFO - (spark.hadoop.fs.s3a.impl,org.apache.hadoop.fs.s3a.S3AFileSystem)
[2025-02-21T18:48:16.759+0000] {spark_submit.py:641} INFO - (spark.hadoop.fs.s3a.path.style.access,true)
[2025-02-21T18:48:16.760+0000] {spark_submit.py:641} INFO - (spark.hadoop.fs.s3a.secret.key,*********(redacted))
[2025-02-21T18:48:16.760+0000] {spark_submit.py:641} INFO - (spark.jars,file:///home/***/.ivy2/jars/org.apache.hadoop_hadoop-aws-3.3.4.jar,file:///home/***/.ivy2/jars/com.amazonaws_aws-java-sdk-bundle-1.12.262.jar,file:///home/***/.ivy2/jars/org.wildfly.openssl_wildfly-openssl-1.0.7.Final.jar)
[2025-02-21T18:48:16.761+0000] {spark_submit.py:641} INFO - (spark.kerberos.principal,admin)
[2025-02-21T18:48:16.761+0000] {spark_submit.py:641} INFO - (spark.master,local[*])
[2025-02-21T18:48:16.762+0000] {spark_submit.py:641} INFO - (spark.repl.local.jars,file:///home/***/.ivy2/jars/org.apache.hadoop_hadoop-aws-3.3.4.jar,file:///home/***/.ivy2/jars/com.amazonaws_aws-java-sdk-bundle-1.12.262.jar,file:///home/***/.ivy2/jars/org.wildfly.openssl_wildfly-openssl-1.0.7.Final.jar)
[2025-02-21T18:48:16.762+0000] {spark_submit.py:641} INFO - (spark.submit.deployMode,client)
[2025-02-21T18:48:16.762+0000] {spark_submit.py:641} INFO - (spark.submit.pyFiles,/home/***/.ivy2/jars/org.apache.hadoop_hadoop-aws-3.3.4.jar,/home/***/.ivy2/jars/com.amazonaws_aws-java-sdk-bundle-1.12.262.jar,/home/***/.ivy2/jars/org.wildfly.openssl_wildfly-openssl-1.0.7.Final.jar)
[2025-02-21T18:48:16.763+0000] {spark_submit.py:641} INFO - Classpath elements:
[2025-02-21T18:48:16.763+0000] {spark_submit.py:641} INFO - file:///home/***/.ivy2/jars/org.apache.hadoop_hadoop-aws-3.3.4.jar
[2025-02-21T18:48:16.763+0000] {spark_submit.py:641} INFO - file:///home/***/.ivy2/jars/com.amazonaws_aws-java-sdk-bundle-1.12.262.jar
[2025-02-21T18:48:16.764+0000] {spark_submit.py:641} INFO - file:///home/***/.ivy2/jars/org.wildfly.openssl_wildfly-openssl-1.0.7.Final.jar
[2025-02-21T18:48:16.764+0000] {spark_submit.py:641} INFO - 
[2025-02-21T18:48:16.764+0000] {spark_submit.py:641} INFO - 
[2025-02-21T18:48:18.044+0000] {spark_submit.py:641} INFO - 25/02/21 18:48:18 INFO SparkContext: Running Spark version 3.5.4
[2025-02-21T18:48:18.045+0000] {spark_submit.py:641} INFO - 25/02/21 18:48:18 INFO SparkContext: OS info Linux, 5.15.167.4-microsoft-standard-WSL2, amd64
[2025-02-21T18:48:18.046+0000] {spark_submit.py:641} INFO - 25/02/21 18:48:18 INFO SparkContext: Java version 17.0.14
[2025-02-21T18:48:18.064+0000] {spark_submit.py:641} INFO - 25/02/21 18:48:18 INFO ResourceUtils: ==============================================================
[2025-02-21T18:48:18.064+0000] {spark_submit.py:641} INFO - 25/02/21 18:48:18 INFO ResourceUtils: No custom resources configured for spark.driver.
[2025-02-21T18:48:18.065+0000] {spark_submit.py:641} INFO - 25/02/21 18:48:18 INFO ResourceUtils: ==============================================================
[2025-02-21T18:48:18.066+0000] {spark_submit.py:641} INFO - 25/02/21 18:48:18 INFO SparkContext: Submitted application: Movies_20_21
[2025-02-21T18:48:18.086+0000] {spark_submit.py:641} INFO - 25/02/21 18:48:18 INFO ResourceProfile: Default ResourceProfile created, executor resources: Map(cores -> name: cores, amount: 1, script: , vendor: , memory -> name: memory, amount: 8192, script: , vendor: , offHeap -> name: offHeap, amount: 0, script: , vendor: ), task resources: Map(cpus -> name: cpus, amount: 1.0)
[2025-02-21T18:48:18.095+0000] {spark_submit.py:641} INFO - 25/02/21 18:48:18 INFO ResourceProfile: Limiting resource is cpus at 1 tasks per executor
[2025-02-21T18:48:18.097+0000] {spark_submit.py:641} INFO - 25/02/21 18:48:18 INFO ResourceProfileManager: Added ResourceProfile id: 0
[2025-02-21T18:48:18.139+0000] {spark_submit.py:641} INFO - 25/02/21 18:48:18 INFO SecurityManager: Changing view acls to: ***
[2025-02-21T18:48:18.140+0000] {spark_submit.py:641} INFO - 25/02/21 18:48:18 INFO SecurityManager: Changing modify acls to: ***
[2025-02-21T18:48:18.140+0000] {spark_submit.py:641} INFO - 25/02/21 18:48:18 INFO SecurityManager: Changing view acls groups to:
[2025-02-21T18:48:18.141+0000] {spark_submit.py:641} INFO - 25/02/21 18:48:18 INFO SecurityManager: Changing modify acls groups to:
[2025-02-21T18:48:18.141+0000] {spark_submit.py:641} INFO - 25/02/21 18:48:18 INFO SecurityManager: SecurityManager: authentication disabled; ui acls disabled; users with view permissions: ***; groups with view permissions: EMPTY; users with modify permissions: ***; groups with modify permissions: EMPTY
[2025-02-21T18:48:18.300+0000] {spark_submit.py:641} INFO - 25/02/21 18:48:18 INFO Utils: Successfully started service 'sparkDriver' on port 44147.
[2025-02-21T18:48:18.320+0000] {spark_submit.py:641} INFO - 25/02/21 18:48:18 INFO SparkEnv: Registering MapOutputTracker
[2025-02-21T18:48:18.346+0000] {spark_submit.py:641} INFO - 25/02/21 18:48:18 INFO SparkEnv: Registering BlockManagerMaster
[2025-02-21T18:48:18.359+0000] {spark_submit.py:641} INFO - 25/02/21 18:48:18 INFO BlockManagerMasterEndpoint: Using org.apache.spark.storage.DefaultTopologyMapper for getting topology information
[2025-02-21T18:48:18.359+0000] {spark_submit.py:641} INFO - 25/02/21 18:48:18 INFO BlockManagerMasterEndpoint: BlockManagerMasterEndpoint up
[2025-02-21T18:48:18.362+0000] {spark_submit.py:641} INFO - 25/02/21 18:48:18 INFO SparkEnv: Registering BlockManagerMasterHeartbeat
[2025-02-21T18:48:18.377+0000] {spark_submit.py:641} INFO - 25/02/21 18:48:18 INFO DiskBlockManager: Created local directory at /tmp/blockmgr-a3f2c7c2-4aba-4e4f-866e-8078ddbb04e5
[2025-02-21T18:48:18.389+0000] {spark_submit.py:641} INFO - 25/02/21 18:48:18 INFO MemoryStore: MemoryStore started with capacity 2.2 GiB
[2025-02-21T18:48:18.406+0000] {spark_submit.py:641} INFO - 25/02/21 18:48:18 INFO SparkEnv: Registering OutputCommitCoordinator
[2025-02-21T18:48:18.501+0000] {spark_submit.py:641} INFO - 25/02/21 18:48:18 INFO JettyUtils: Start Jetty 0.0.0.0:4040 for SparkUI
[2025-02-21T18:48:18.546+0000] {spark_submit.py:641} INFO - 25/02/21 18:48:18 INFO Utils: Successfully started service 'SparkUI' on port 4040.
[2025-02-21T18:48:18.576+0000] {spark_submit.py:641} INFO - 25/02/21 18:48:18 INFO SparkContext: Added JAR file:///home/***/.ivy2/jars/org.apache.hadoop_hadoop-aws-3.3.4.jar at spark://984eb1a04f7d:44147/jars/org.apache.hadoop_hadoop-aws-3.3.4.jar with timestamp 1740163698039
[2025-02-21T18:48:18.577+0000] {spark_submit.py:641} INFO - 25/02/21 18:48:18 INFO SparkContext: Added JAR file:///home/***/.ivy2/jars/com.amazonaws_aws-java-sdk-bundle-1.12.262.jar at spark://984eb1a04f7d:44147/jars/com.amazonaws_aws-java-sdk-bundle-1.12.262.jar with timestamp 1740163698039
[2025-02-21T18:48:18.577+0000] {spark_submit.py:641} INFO - 25/02/21 18:48:18 INFO SparkContext: Added JAR file:///home/***/.ivy2/jars/org.wildfly.openssl_wildfly-openssl-1.0.7.Final.jar at spark://984eb1a04f7d:44147/jars/org.wildfly.openssl_wildfly-openssl-1.0.7.Final.jar with timestamp 1740163698039
[2025-02-21T18:48:18.581+0000] {spark_submit.py:641} INFO - 25/02/21 18:48:18 INFO SparkContext: Added file file:///home/***/.ivy2/jars/org.apache.hadoop_hadoop-aws-3.3.4.jar at spark://984eb1a04f7d:44147/files/org.apache.hadoop_hadoop-aws-3.3.4.jar with timestamp 1740163698039
[2025-02-21T18:48:18.582+0000] {spark_submit.py:641} INFO - 25/02/21 18:48:18 INFO Utils: Copying /home/***/.ivy2/jars/org.apache.hadoop_hadoop-aws-3.3.4.jar to /tmp/spark-19ba6f3d-4ce7-48f7-b98a-24d284e563c9/userFiles-e6537a3f-9ba1-4ddc-95a4-ede2ff2b187d/org.apache.hadoop_hadoop-aws-3.3.4.jar
[2025-02-21T18:48:18.590+0000] {spark_submit.py:641} INFO - 25/02/21 18:48:18 INFO SparkContext: Added file file:///home/***/.ivy2/jars/com.amazonaws_aws-java-sdk-bundle-1.12.262.jar at spark://984eb1a04f7d:44147/files/com.amazonaws_aws-java-sdk-bundle-1.12.262.jar with timestamp 1740163698039
[2025-02-21T18:48:18.591+0000] {spark_submit.py:641} INFO - 25/02/21 18:48:18 INFO Utils: Copying /home/***/.ivy2/jars/com.amazonaws_aws-java-sdk-bundle-1.12.262.jar to /tmp/spark-19ba6f3d-4ce7-48f7-b98a-24d284e563c9/userFiles-e6537a3f-9ba1-4ddc-95a4-ede2ff2b187d/com.amazonaws_aws-java-sdk-bundle-1.12.262.jar
[2025-02-21T18:48:18.753+0000] {spark_submit.py:641} INFO - 25/02/21 18:48:18 INFO SparkContext: Added file file:///home/***/.ivy2/jars/org.wildfly.openssl_wildfly-openssl-1.0.7.Final.jar at spark://984eb1a04f7d:44147/files/org.wildfly.openssl_wildfly-openssl-1.0.7.Final.jar with timestamp 1740163698039
[2025-02-21T18:48:18.754+0000] {spark_submit.py:641} INFO - 25/02/21 18:48:18 INFO Utils: Copying /home/***/.ivy2/jars/org.wildfly.openssl_wildfly-openssl-1.0.7.Final.jar to /tmp/spark-19ba6f3d-4ce7-48f7-b98a-24d284e563c9/userFiles-e6537a3f-9ba1-4ddc-95a4-ede2ff2b187d/org.wildfly.openssl_wildfly-openssl-1.0.7.Final.jar
[2025-02-21T18:48:18.820+0000] {spark_submit.py:641} INFO - 25/02/21 18:48:18 INFO StandaloneAppClient$ClientEndpoint: Connecting to master spark://spark:7077...
[2025-02-21T18:48:18.853+0000] {spark_submit.py:641} INFO - 25/02/21 18:48:18 INFO TransportClientFactory: Successfully created connection to spark/172.18.0.6:7077 after 20 ms (0 ms spent in bootstraps)
[2025-02-21T18:48:18.923+0000] {spark_submit.py:641} INFO - 25/02/21 18:48:18 INFO StandaloneSchedulerBackend: Connected to Spark cluster with app ID app-20250221184818-0003
[2025-02-21T18:48:18.924+0000] {spark_submit.py:641} INFO - 25/02/21 18:48:18 INFO StandaloneAppClient$ClientEndpoint: Executor added: app-20250221184818-0003/0 on worker-20250221171800-172.18.0.3-45717 (172.18.0.3:45717) with 1 core(s)
[2025-02-21T18:48:18.926+0000] {spark_submit.py:641} INFO - 25/02/21 18:48:18 INFO StandaloneSchedulerBackend: Granted executor ID app-20250221184818-0003/0 on hostPort 172.18.0.3:45717 with 1 core(s), 8.0 GiB RAM
[2025-02-21T18:48:18.933+0000] {spark_submit.py:641} INFO - 25/02/21 18:48:18 INFO Utils: Successfully started service 'org.apache.spark.network.netty.NettyBlockTransferService' on port 33995.
[2025-02-21T18:48:18.941+0000] {spark_submit.py:641} INFO - 25/02/21 18:48:18 INFO NettyBlockTransferService: Server created on 984eb1a04f7d:33995
[2025-02-21T18:48:18.941+0000] {spark_submit.py:641} INFO - 25/02/21 18:48:18 INFO StandaloneAppClient$ClientEndpoint: Executor added: app-20250221184818-0003/1 on worker-20250221171800-172.18.0.4-32909 (172.18.0.4:32909) with 1 core(s)
[2025-02-21T18:48:18.942+0000] {spark_submit.py:641} INFO - 25/02/21 18:48:18 INFO BlockManager: Using org.apache.spark.storage.RandomBlockReplicationPolicy for block replication policy
[2025-02-21T18:48:18.942+0000] {spark_submit.py:641} INFO - 25/02/21 18:48:18 INFO StandaloneSchedulerBackend: Granted executor ID app-20250221184818-0003/1 on hostPort 172.18.0.4:32909 with 1 core(s), 8.0 GiB RAM
[2025-02-21T18:48:18.944+0000] {spark_submit.py:641} INFO - 25/02/21 18:48:18 INFO BlockManagerMaster: Registering BlockManager BlockManagerId(driver, 984eb1a04f7d, 33995, None)
[2025-02-21T18:48:18.960+0000] {spark_submit.py:641} INFO - 25/02/21 18:48:18 INFO BlockManagerMasterEndpoint: Registering block manager 984eb1a04f7d:33995 with 2.2 GiB RAM, BlockManagerId(driver, 984eb1a04f7d, 33995, None)
[2025-02-21T18:48:18.962+0000] {spark_submit.py:641} INFO - 25/02/21 18:48:18 INFO BlockManagerMaster: Registered BlockManager BlockManagerId(driver, 984eb1a04f7d, 33995, None)
[2025-02-21T18:48:18.969+0000] {spark_submit.py:641} INFO - 25/02/21 18:48:18 INFO BlockManager: Initialized BlockManager: BlockManagerId(driver, 984eb1a04f7d, 33995, None)
[2025-02-21T18:48:18.989+0000] {spark_submit.py:641} INFO - 25/02/21 18:48:18 INFO StandaloneAppClient$ClientEndpoint: Executor updated: app-20250221184818-0003/0 is now RUNNING
[2025-02-21T18:48:18.990+0000] {spark_submit.py:641} INFO - 25/02/21 18:48:18 INFO StandaloneAppClient$ClientEndpoint: Executor updated: app-20250221184818-0003/1 is now RUNNING
[2025-02-21T18:48:19.293+0000] {spark_submit.py:641} INFO - 25/02/21 18:48:19 INFO StandaloneSchedulerBackend: SchedulerBackend is ready for scheduling beginning after reached minRegisteredResourcesRatio: 0.0
[2025-02-21T18:48:20.756+0000] {spark_submit.py:641} INFO - INFO:__main__:Coletando dados para 2020-01-01...
[2025-02-21T18:48:21.640+0000] {spark_submit.py:641} INFO - 25/02/21 18:48:21 INFO StandaloneSchedulerBackend$StandaloneDriverEndpoint: Registered executor NettyRpcEndpointRef(spark-client://Executor) (172.18.0.4:51648) with ID 1,  ResourceProfileId 0
[2025-02-21T18:48:21.715+0000] {spark_submit.py:641} INFO - 25/02/21 18:48:21 INFO BlockManagerMasterEndpoint: Registering block manager 172.18.0.4:45219 with 4.6 GiB RAM, BlockManagerId(1, 172.18.0.4, 45219, None)
[2025-02-21T18:48:21.896+0000] {spark_submit.py:641} INFO - 25/02/21 18:48:21 INFO StandaloneSchedulerBackend$StandaloneDriverEndpoint: Registered executor NettyRpcEndpointRef(spark-client://Executor) (172.18.0.3:41500) with ID 0,  ResourceProfileId 0
[2025-02-21T18:48:21.955+0000] {spark_submit.py:641} INFO - 25/02/21 18:48:21 INFO BlockManagerMasterEndpoint: Registering block manager 172.18.0.3:35223 with 4.6 GiB RAM, BlockManagerId(0, 172.18.0.3, 35223, None)
[2025-02-21T18:50:42.868+0000] {spark_submit.py:641} INFO - INFO:__main__:Coletando dados para 2020-01-02...
[2025-02-21T18:50:48.755+0000] {spark_submit.py:641} INFO - INFO:__main__:Coletando dados para 2020-01-03...
[2025-02-21T18:50:54.443+0000] {spark_submit.py:641} INFO - INFO:__main__:Coletando dados para 2020-01-04...
[2025-02-21T18:50:57.319+0000] {spark_submit.py:641} INFO - INFO:__main__:Coletando dados para 2020-01-05...
[2025-02-21T18:51:00.125+0000] {spark_submit.py:641} INFO - INFO:__main__:Coletando dados para 2020-01-06...
[2025-02-21T18:51:04.308+0000] {spark_submit.py:641} INFO - INFO:__main__:Coletando dados para 2020-01-07...
[2025-02-21T18:51:08.870+0000] {spark_submit.py:641} INFO - INFO:__main__:Coletando dados para 2020-01-08...
[2025-02-21T18:51:13.416+0000] {spark_submit.py:641} INFO - INFO:__main__:Coletando dados para 2020-01-09...
[2025-02-21T18:51:18.798+0000] {spark_submit.py:641} INFO - INFO:__main__:Coletando dados para 2020-01-10...
[2025-02-21T18:51:27.751+0000] {spark_submit.py:641} INFO - INFO:__main__:Coletando dados para 2020-01-11...
[2025-02-21T18:51:32.294+0000] {spark_submit.py:641} INFO - INFO:__main__:Coletando dados para 2020-01-12...
[2025-02-21T18:51:36.489+0000] {spark_submit.py:641} INFO - INFO:__main__:Coletando dados para 2020-01-13...
[2025-02-21T18:51:39.021+0000] {spark_submit.py:641} INFO - INFO:__main__:Coletando dados para 2020-01-14...
[2025-02-21T18:51:44.132+0000] {spark_submit.py:641} INFO - INFO:__main__:Coletando dados para 2020-01-15...
[2025-02-21T18:51:49.562+0000] {spark_submit.py:641} INFO - INFO:__main__:Coletando dados para 2020-01-16...
[2025-02-21T18:51:55.557+0000] {spark_submit.py:641} INFO - INFO:__main__:Coletando dados para 2020-01-17...
[2025-02-21T18:52:03.149+0000] {spark_submit.py:641} INFO - INFO:__main__:Coletando dados para 2020-01-18...
[2025-02-21T18:52:09.493+0000] {spark_submit.py:641} INFO - INFO:__main__:Coletando dados para 2020-01-19...
[2025-02-21T18:52:12.069+0000] {spark_submit.py:641} INFO - INFO:__main__:Coletando dados para 2020-01-20...
[2025-02-21T18:52:16.537+0000] {spark_submit.py:641} INFO - INFO:__main__:Coletando dados para 2020-01-21...
[2025-02-21T18:52:20.784+0000] {spark_submit.py:641} INFO - INFO:__main__:Coletando dados para 2020-01-22...
[2025-02-21T18:52:28.116+0000] {spark_submit.py:641} INFO - INFO:__main__:Coletando dados para 2020-01-23...
[2025-02-21T18:52:36.892+0000] {spark_submit.py:641} INFO - INFO:__main__:Coletando dados para 2020-01-24...
[2025-02-21T18:52:49.076+0000] {spark_submit.py:641} INFO - INFO:__main__:Coletando dados para 2020-01-25...
[2025-02-21T18:52:59.287+0000] {spark_submit.py:641} INFO - INFO:__main__:Coletando dados para 2020-01-26...
[2025-02-21T18:53:05.063+0000] {spark_submit.py:641} INFO - INFO:__main__:Coletando dados para 2020-01-27...
[2025-02-21T18:53:10.690+0000] {spark_submit.py:641} INFO - INFO:__main__:Coletando dados para 2020-01-28...
[2025-02-21T18:53:16.401+0000] {spark_submit.py:641} INFO - INFO:__main__:Coletando dados para 2020-01-29...
[2025-02-21T18:53:22.406+0000] {spark_submit.py:641} INFO - INFO:__main__:Coletando dados para 2020-01-30...
[2025-02-21T18:53:30.213+0000] {spark_submit.py:641} INFO - INFO:__main__:Coletando dados para 2020-01-31...
[2025-02-21T18:53:40.705+0000] {spark_submit.py:641} INFO - INFO:__main__:Coletando dados para 2020-02-01...
[2025-02-21T18:53:53.381+0000] {spark_submit.py:641} INFO - INFO:__main__:Coletando dados para 2020-02-02...
[2025-02-21T18:53:58.027+0000] {spark_submit.py:641} INFO - INFO:__main__:Coletando dados para 2020-02-03...
[2025-02-21T18:54:00.551+0000] {spark_submit.py:641} INFO - INFO:__main__:Coletando dados para 2020-02-04...
[2025-02-21T18:54:04.957+0000] {spark_submit.py:641} INFO - INFO:__main__:Coletando dados para 2020-02-05...
[2025-02-21T18:54:11.007+0000] {spark_submit.py:641} INFO - INFO:__main__:Coletando dados para 2020-02-06...
[2025-02-21T18:54:16.884+0000] {spark_submit.py:641} INFO - INFO:__main__:Coletando dados para 2020-02-07...
[2025-02-21T18:54:28.137+0000] {spark_submit.py:641} INFO - INFO:__main__:Coletando dados para 2020-02-08...
[2025-02-21T18:54:32.323+0000] {spark_submit.py:641} INFO - INFO:__main__:Coletando dados para 2020-02-09...
[2025-02-21T18:54:38.034+0000] {spark_submit.py:641} INFO - INFO:__main__:Coletando dados para 2020-02-10...
[2025-02-21T18:54:42.601+0000] {spark_submit.py:641} INFO - INFO:__main__:Coletando dados para 2020-02-11...
[2025-02-21T18:54:46.593+0000] {spark_submit.py:641} INFO - INFO:__main__:Coletando dados para 2020-02-12...
[2025-02-21T18:54:52.944+0000] {spark_submit.py:641} INFO - INFO:__main__:Coletando dados para 2020-02-13...
[2025-02-21T18:54:58.965+0000] {spark_submit.py:641} INFO - INFO:__main__:Coletando dados para 2020-02-14...
[2025-02-21T18:55:11.626+0000] {spark_submit.py:641} INFO - INFO:__main__:Coletando dados para 2020-02-15...
[2025-02-21T18:55:17.099+0000] {spark_submit.py:641} INFO - INFO:__main__:Coletando dados para 2020-02-16...
[2025-02-21T18:55:19.632+0000] {spark_submit.py:641} INFO - INFO:__main__:Coletando dados para 2020-02-17...
[2025-02-21T18:55:24.095+0000] {spark_submit.py:641} INFO - INFO:__main__:Coletando dados para 2020-02-18...
[2025-02-21T18:55:27.204+0000] {spark_submit.py:641} INFO - INFO:__main__:Coletando dados para 2020-02-19...
[2025-02-21T18:55:31.489+0000] {spark_submit.py:641} INFO - INFO:__main__:Coletando dados para 2020-02-20...
[2025-02-21T18:55:38.532+0000] {spark_submit.py:641} INFO - INFO:__main__:Coletando dados para 2020-02-21...
[2025-02-21T18:55:50.496+0000] {spark_submit.py:641} INFO - INFO:__main__:Coletando dados para 2020-02-22...
[2025-02-21T18:55:56.747+0000] {spark_submit.py:641} INFO - INFO:__main__:Coletando dados para 2020-02-23...
[2025-02-21T18:56:01.103+0000] {spark_submit.py:641} INFO - INFO:__main__:Coletando dados para 2020-02-24...
[2025-02-21T18:56:05.646+0000] {spark_submit.py:641} INFO - INFO:__main__:Coletando dados para 2020-02-25...
[2025-02-21T18:56:10.245+0000] {spark_submit.py:641} INFO - INFO:__main__:Coletando dados para 2020-02-26...
[2025-02-21T18:56:14.227+0000] {spark_submit.py:641} INFO - INFO:__main__:Coletando dados para 2020-02-27...
[2025-02-21T18:56:21.820+0000] {spark_submit.py:641} INFO - INFO:__main__:Coletando dados para 2020-02-28...
[2025-02-21T18:56:27.444+0000] {spark_submit.py:641} INFO - INFO:__main__:Coletando dados para 2020-02-29...
[2025-02-21T18:56:29.734+0000] {spark_submit.py:641} INFO - INFO:__main__:Coletando dados para 2020-03-01...
[2025-02-21T18:56:35.858+0000] {spark_submit.py:641} INFO - INFO:__main__:Coletando dados para 2020-03-02...
[2025-02-21T18:56:37.019+0000] {spark_submit.py:641} INFO - INFO:__main__:Coletando dados para 2020-03-03...
[2025-02-21T18:56:39.575+0000] {spark_submit.py:641} INFO - INFO:__main__:Coletando dados para 2020-03-04...
[2025-02-21T18:56:43.734+0000] {spark_submit.py:641} INFO - INFO:__main__:Coletando dados para 2020-03-05...
[2025-02-21T18:57:01.678+0000] {spark_submit.py:641} INFO - INFO:__main__:Coletando dados para 2020-03-06...
[2025-02-21T18:57:16.497+0000] {spark_submit.py:641} INFO - INFO:__main__:Coletando dados para 2020-03-07...
[2025-02-21T18:57:24.344+0000] {spark_submit.py:641} INFO - INFO:__main__:Coletando dados para 2020-03-08...
[2025-02-21T18:57:30.547+0000] {spark_submit.py:641} INFO - INFO:__main__:Coletando dados para 2020-03-09...
[2025-02-21T18:57:35.068+0000] {spark_submit.py:641} INFO - INFO:__main__:Coletando dados para 2020-03-10...
[2025-02-21T18:57:39.243+0000] {spark_submit.py:641} INFO - INFO:__main__:Coletando dados para 2020-03-11...
[2025-02-21T18:57:47.121+0000] {spark_submit.py:641} INFO - INFO:__main__:Coletando dados para 2020-03-12...
[2025-02-21T18:57:54.121+0000] {spark_submit.py:641} INFO - INFO:__main__:Coletando dados para 2020-03-13...
[2025-02-21T18:58:03.372+0000] {spark_submit.py:641} INFO - INFO:__main__:Coletando dados para 2020-03-14...
[2025-02-21T18:58:09.905+0000] {spark_submit.py:641} INFO - INFO:__main__:Coletando dados para 2020-03-15...
[2025-02-21T18:58:15.626+0000] {spark_submit.py:641} INFO - INFO:__main__:Coletando dados para 2020-03-16...
[2025-02-21T18:58:19.848+0000] {spark_submit.py:641} INFO - INFO:__main__:Coletando dados para 2020-03-17...
[2025-02-21T18:58:25.892+0000] {spark_submit.py:641} INFO - INFO:__main__:Coletando dados para 2020-03-18...
[2025-02-21T18:58:33.523+0000] {spark_submit.py:641} INFO - INFO:__main__:Coletando dados para 2020-03-19...
[2025-02-21T18:58:39.582+0000] {spark_submit.py:641} INFO - INFO:__main__:Coletando dados para 2020-03-20...
[2025-02-21T18:58:48.625+0000] {spark_submit.py:641} INFO - INFO:__main__:Coletando dados para 2020-03-21...
[2025-02-21T18:58:52.861+0000] {spark_submit.py:641} INFO - INFO:__main__:Coletando dados para 2020-03-22...
[2025-02-21T18:58:57.159+0000] {spark_submit.py:641} INFO - INFO:__main__:Coletando dados para 2020-03-23...
[2025-02-21T18:59:01.344+0000] {spark_submit.py:641} INFO - INFO:__main__:Coletando dados para 2020-03-24...
[2025-02-21T18:59:05.564+0000] {spark_submit.py:641} INFO - INFO:__main__:Coletando dados para 2020-03-25...
[2025-02-21T18:59:12.726+0000] {spark_submit.py:641} INFO - INFO:__main__:Coletando dados para 2020-03-26...
[2025-02-21T18:59:17.323+0000] {spark_submit.py:641} INFO - INFO:__main__:Coletando dados para 2020-03-27...
[2025-02-21T18:59:25.174+0000] {spark_submit.py:641} INFO - INFO:__main__:Coletando dados para 2020-03-28...
[2025-02-21T18:59:31.012+0000] {spark_submit.py:641} INFO - INFO:__main__:Coletando dados para 2020-03-29...
[2025-02-21T18:59:35.329+0000] {spark_submit.py:641} INFO - INFO:__main__:Coletando dados para 2020-03-30...
[2025-02-21T18:59:39.884+0000] {spark_submit.py:641} INFO - INFO:__main__:Coletando dados para 2020-03-31...
[2025-02-21T18:59:44.108+0000] {spark_submit.py:641} INFO - INFO:__main__:Coletando dados para 2020-04-01...
[2025-02-21T18:59:56.456+0000] {spark_submit.py:641} INFO - INFO:__main__:Coletando dados para 2020-04-02...
[2025-02-21T19:00:02.725+0000] {spark_submit.py:641} INFO - INFO:__main__:Coletando dados para 2020-04-03...
[2025-02-21T19:00:12.192+0000] {spark_submit.py:641} INFO - INFO:__main__:Coletando dados para 2020-04-04...
[2025-02-21T19:00:16.894+0000] {spark_submit.py:641} INFO - INFO:__main__:Coletando dados para 2020-04-05...
[2025-02-21T19:00:22.969+0000] {spark_submit.py:641} INFO - INFO:__main__:Coletando dados para 2020-04-06...
[2025-02-21T19:00:27.083+0000] {spark_submit.py:641} INFO - INFO:__main__:Coletando dados para 2020-04-07...
[2025-02-21T19:00:32.960+0000] {spark_submit.py:641} INFO - INFO:__main__:Coletando dados para 2020-04-08...
[2025-02-21T19:00:37.264+0000] {spark_submit.py:641} INFO - INFO:__main__:Coletando dados para 2020-04-09...
[2025-02-21T19:00:42.984+0000] {spark_submit.py:641} INFO - INFO:__main__:Coletando dados para 2020-04-10...
[2025-02-21T19:00:50.628+0000] {spark_submit.py:641} INFO - INFO:__main__:Coletando dados para 2020-04-11...
[2025-02-21T19:00:55.228+0000] {spark_submit.py:641} INFO - INFO:__main__:Coletando dados para 2020-04-12...
[2025-02-21T19:00:59.420+0000] {spark_submit.py:641} INFO - INFO:__main__:Coletando dados para 2020-04-13...
[2025-02-21T19:01:02.246+0000] {spark_submit.py:641} INFO - INFO:__main__:Coletando dados para 2020-04-14...
[2025-02-21T19:01:06.379+0000] {spark_submit.py:641} INFO - INFO:__main__:Coletando dados para 2020-04-15...
[2025-02-21T19:01:14.162+0000] {spark_submit.py:641} INFO - INFO:__main__:Coletando dados para 2020-04-16...
[2025-02-21T19:01:18.568+0000] {spark_submit.py:641} INFO - INFO:__main__:Coletando dados para 2020-04-17...
[2025-02-21T19:01:27.520+0000] {spark_submit.py:641} INFO - INFO:__main__:Coletando dados para 2020-04-18...
[2025-02-21T19:01:31.737+0000] {spark_submit.py:641} INFO - INFO:__main__:Coletando dados para 2020-04-19...
[2025-02-21T19:01:36.294+0000] {spark_submit.py:641} INFO - INFO:__main__:Coletando dados para 2020-04-20...
[2025-02-21T19:01:42.216+0000] {spark_submit.py:641} INFO - INFO:__main__:Coletando dados para 2020-04-21...
[2025-02-21T19:01:43.939+0000] {spark_submit.py:641} INFO - INFO:__main__:Coletando dados para 2020-04-22...
[2025-02-21T19:01:46.506+0000] {spark_submit.py:641} INFO - INFO:__main__:Coletando dados para 2020-04-23...
[2025-02-21T19:01:49.000+0000] {spark_submit.py:641} INFO - INFO:__main__:Coletando dados para 2020-04-24...
[2025-02-21T19:01:52.648+0000] {spark_submit.py:641} INFO - INFO:__main__:Coletando dados para 2020-04-25...
[2025-02-21T19:01:55.082+0000] {spark_submit.py:641} INFO - INFO:__main__:Coletando dados para 2020-04-26...
[2025-02-21T19:01:56.167+0000] {spark_submit.py:641} INFO - INFO:__main__:Coletando dados para 2020-04-27...
[2025-02-21T19:01:57.996+0000] {spark_submit.py:641} INFO - INFO:__main__:Coletando dados para 2020-04-28...
[2025-02-21T19:01:59.675+0000] {spark_submit.py:641} INFO - INFO:__main__:Coletando dados para 2020-04-29...
[2025-02-21T19:02:00.768+0000] {spark_submit.py:641} INFO - INFO:__main__:Coletando dados para 2020-04-30...
[2025-02-21T19:02:03.903+0000] {spark_submit.py:641} INFO - INFO:__main__:Coletando dados para 2020-05-01...
[2025-02-21T19:02:11.263+0000] {spark_submit.py:641} INFO - INFO:__main__:Coletando dados para 2020-05-02...
[2025-02-21T19:02:14.385+0000] {spark_submit.py:641} INFO - INFO:__main__:Coletando dados para 2020-05-03...
[2025-02-21T19:02:16.269+0000] {spark_submit.py:641} INFO - INFO:__main__:Coletando dados para 2020-05-04...
[2025-02-21T19:02:18.813+0000] {spark_submit.py:641} INFO - INFO:__main__:Coletando dados para 2020-05-05...
[2025-02-21T19:02:21.874+0000] {spark_submit.py:641} INFO - INFO:__main__:Coletando dados para 2020-05-06...
[2025-02-21T19:02:23.731+0000] {spark_submit.py:641} INFO - INFO:__main__:Coletando dados para 2020-05-07...
[2025-02-21T19:02:26.089+0000] {spark_submit.py:641} INFO - INFO:__main__:Coletando dados para 2020-05-08...
[2025-02-21T19:02:29.283+0000] {spark_submit.py:641} INFO - INFO:__main__:Coletando dados para 2020-05-09...
[2025-02-21T19:02:31.062+0000] {spark_submit.py:641} INFO - INFO:__main__:Coletando dados para 2020-05-10...
[2025-02-21T19:02:32.774+0000] {spark_submit.py:641} INFO - INFO:__main__:Coletando dados para 2020-05-11...
[2025-02-21T19:02:34.419+0000] {spark_submit.py:641} INFO - INFO:__main__:Coletando dados para 2020-05-12...
[2025-02-21T19:02:36.811+0000] {spark_submit.py:641} INFO - INFO:__main__:Coletando dados para 2020-05-13...
[2025-02-21T19:02:39.170+0000] {spark_submit.py:641} INFO - INFO:__main__:Coletando dados para 2020-05-14...
[2025-02-21T19:02:41.626+0000] {spark_submit.py:641} INFO - INFO:__main__:Coletando dados para 2020-05-15...
[2025-02-21T19:02:45.565+0000] {spark_submit.py:641} INFO - INFO:__main__:Coletando dados para 2020-05-16...
[2025-02-21T19:02:48.656+0000] {spark_submit.py:641} INFO - INFO:__main__:Coletando dados para 2020-05-17...
[2025-02-21T19:02:49.855+0000] {spark_submit.py:641} INFO - INFO:__main__:Coletando dados para 2020-05-18...
[2025-02-21T19:02:51.489+0000] {spark_submit.py:641} INFO - INFO:__main__:Coletando dados para 2020-05-19...
[2025-02-21T19:02:55.961+0000] {spark_submit.py:641} INFO - INFO:__main__:Coletando dados para 2020-05-20...
[2025-02-21T19:02:58.326+0000] {spark_submit.py:641} INFO - INFO:__main__:Coletando dados para 2020-05-21...
[2025-02-21T19:03:00.132+0000] {spark_submit.py:641} INFO - INFO:__main__:Coletando dados para 2020-05-22...
[2025-02-21T19:03:03.406+0000] {spark_submit.py:641} INFO - INFO:__main__:Coletando dados para 2020-05-23...
[2025-02-21T19:03:04.575+0000] {spark_submit.py:641} INFO - INFO:__main__:Coletando dados para 2020-05-24...
[2025-02-21T19:03:05.583+0000] {spark_submit.py:641} INFO - INFO:__main__:Coletando dados para 2020-05-25...
[2025-02-21T19:03:08.200+0000] {spark_submit.py:641} INFO - INFO:__main__:Coletando dados para 2020-05-26...
[2025-02-21T19:03:09.928+0000] {spark_submit.py:641} INFO - INFO:__main__:Coletando dados para 2020-05-27...
[2025-02-21T19:03:12.357+0000] {spark_submit.py:641} INFO - INFO:__main__:Coletando dados para 2020-05-28...
[2025-02-21T19:03:16.886+0000] {spark_submit.py:641} INFO - INFO:__main__:Coletando dados para 2020-05-29...
[2025-02-21T19:03:20.449+0000] {spark_submit.py:641} INFO - INFO:__main__:Coletando dados para 2020-05-30...
[2025-02-21T19:03:22.169+0000] {spark_submit.py:641} INFO - INFO:__main__:Coletando dados para 2020-05-31...
[2025-02-21T19:03:24.488+0000] {spark_submit.py:641} INFO - INFO:__main__:Coletando dados para 2020-06-01...
[2025-02-21T19:03:32.425+0000] {spark_submit.py:641} INFO - INFO:__main__:Coletando dados para 2020-06-02...
[2025-02-21T19:03:34.240+0000] {spark_submit.py:641} INFO - INFO:__main__:Coletando dados para 2020-06-03...
[2025-02-21T19:03:35.982+0000] {spark_submit.py:641} INFO - INFO:__main__:Coletando dados para 2020-06-04...
[2025-02-21T19:03:37.867+0000] {spark_submit.py:641} INFO - INFO:__main__:Coletando dados para 2020-06-05...
[2025-02-21T19:03:40.351+0000] {spark_submit.py:641} INFO - INFO:__main__:Coletando dados para 2020-06-06...
[2025-02-21T19:03:42.717+0000] {spark_submit.py:641} INFO - INFO:__main__:Coletando dados para 2020-06-07...
[2025-02-21T19:03:44.763+0000] {spark_submit.py:641} INFO - INFO:__main__:Coletando dados para 2020-06-08...
[2025-02-21T19:03:46.497+0000] {spark_submit.py:641} INFO - INFO:__main__:Coletando dados para 2020-06-09...
[2025-02-21T19:03:48.888+0000] {spark_submit.py:641} INFO - INFO:__main__:Coletando dados para 2020-06-10...
[2025-02-21T19:03:54.257+0000] {spark_submit.py:641} INFO - INFO:__main__:Coletando dados para 2020-06-11...
[2025-02-21T19:03:57.386+0000] {spark_submit.py:641} INFO - INFO:__main__:Coletando dados para 2020-06-12...
[2025-02-21T19:04:00.398+0000] {spark_submit.py:641} INFO - INFO:__main__:Coletando dados para 2020-06-13...
[2025-02-21T19:04:02.108+0000] {spark_submit.py:641} INFO - INFO:__main__:Coletando dados para 2020-06-14...
[2025-02-21T19:04:03.242+0000] {spark_submit.py:641} INFO - INFO:__main__:Coletando dados para 2020-06-15...
[2025-02-21T19:04:07.188+0000] {spark_submit.py:641} INFO - INFO:__main__:Coletando dados para 2020-06-16...
[2025-02-21T19:04:11.020+0000] {spark_submit.py:641} INFO - INFO:__main__:Coletando dados para 2020-06-17...
[2025-02-21T19:04:13.454+0000] {spark_submit.py:641} INFO - INFO:__main__:Coletando dados para 2020-06-18...
[2025-02-21T19:04:16.811+0000] {spark_submit.py:641} INFO - INFO:__main__:Coletando dados para 2020-06-19...
[2025-02-21T19:04:20.698+0000] {spark_submit.py:641} INFO - INFO:__main__:Coletando dados para 2020-06-20...
[2025-02-21T19:04:23.213+0000] {spark_submit.py:641} INFO - INFO:__main__:Coletando dados para 2020-06-21...
[2025-02-21T19:04:24.938+0000] {spark_submit.py:641} INFO - INFO:__main__:Coletando dados para 2020-06-22...
[2025-02-21T19:04:26.586+0000] {spark_submit.py:641} INFO - INFO:__main__:Coletando dados para 2020-06-23...
[2025-02-21T19:04:28.482+0000] {spark_submit.py:641} INFO - INFO:__main__:Coletando dados para 2020-06-24...
[2025-02-21T19:04:30.302+0000] {spark_submit.py:641} INFO - INFO:__main__:Coletando dados para 2020-06-25...
[2025-02-21T19:04:33.836+0000] {spark_submit.py:641} INFO - INFO:__main__:Coletando dados para 2020-06-26...
[2025-02-21T19:04:36.919+0000] {spark_submit.py:641} INFO - INFO:__main__:Coletando dados para 2020-06-27...
[2025-02-21T19:04:38.149+0000] {spark_submit.py:641} INFO - INFO:__main__:Coletando dados para 2020-06-28...
[2025-02-21T19:04:39.986+0000] {spark_submit.py:641} INFO - INFO:__main__:Coletando dados para 2020-06-29...
[2025-02-21T19:04:41.150+0000] {spark_submit.py:641} INFO - INFO:__main__:Coletando dados para 2020-06-30...
[2025-02-21T19:04:43.622+0000] {spark_submit.py:641} INFO - INFO:__main__:Coletando dados para 2020-07-01...
[2025-02-21T19:04:49.628+0000] {spark_submit.py:641} INFO - INFO:__main__:Coletando dados para 2020-07-02...
[2025-02-21T19:04:51.515+0000] {spark_submit.py:641} INFO - INFO:__main__:Coletando dados para 2020-07-03...
[2025-02-21T19:04:54.838+0000] {spark_submit.py:641} INFO - INFO:__main__:Coletando dados para 2020-07-04...
[2025-02-21T19:04:56.485+0000] {spark_submit.py:641} INFO - INFO:__main__:Coletando dados para 2020-07-05...
[2025-02-21T19:04:57.590+0000] {spark_submit.py:641} INFO - INFO:__main__:Coletando dados para 2020-07-06...
[2025-02-21T19:04:59.349+0000] {spark_submit.py:641} INFO - INFO:__main__:Coletando dados para 2020-07-07...
[2025-02-21T19:05:02.145+0000] {spark_submit.py:641} INFO - INFO:__main__:Coletando dados para 2020-07-08...
[2025-02-21T19:05:03.782+0000] {spark_submit.py:641} INFO - INFO:__main__:Coletando dados para 2020-07-09...
[2025-02-21T19:05:07.008+0000] {spark_submit.py:641} INFO - INFO:__main__:Coletando dados para 2020-07-10...
[2025-02-21T19:05:10.781+0000] {spark_submit.py:641} INFO - INFO:__main__:Coletando dados para 2020-07-11...
[2025-02-21T19:05:12.571+0000] {spark_submit.py:641} INFO - INFO:__main__:Coletando dados para 2020-07-12...
[2025-02-21T19:05:13.594+0000] {spark_submit.py:641} INFO - INFO:__main__:Coletando dados para 2020-07-13...
[2025-02-21T19:05:15.411+0000] {spark_submit.py:641} INFO - INFO:__main__:Coletando dados para 2020-07-14...
[2025-02-21T19:05:17.145+0000] {spark_submit.py:641} INFO - INFO:__main__:Coletando dados para 2020-07-15...
[2025-02-21T19:05:20.412+0000] {spark_submit.py:641} INFO - INFO:__main__:Coletando dados para 2020-07-16...
[2025-02-21T19:05:22.831+0000] {spark_submit.py:641} INFO - INFO:__main__:Coletando dados para 2020-07-17...
[2025-02-21T19:05:25.968+0000] {spark_submit.py:641} INFO - INFO:__main__:Coletando dados para 2020-07-18...
[2025-02-21T19:05:27.602+0000] {spark_submit.py:641} INFO - INFO:__main__:Coletando dados para 2020-07-19...
[2025-02-21T19:05:28.678+0000] {spark_submit.py:641} INFO - INFO:__main__:Coletando dados para 2020-07-20...
[2025-02-21T19:05:31.196+0000] {spark_submit.py:641} INFO - INFO:__main__:Coletando dados para 2020-07-21...
[2025-02-21T19:05:32.965+0000] {spark_submit.py:641} INFO - INFO:__main__:Coletando dados para 2020-07-22...
[2025-02-21T19:05:34.771+0000] {spark_submit.py:641} INFO - INFO:__main__:Coletando dados para 2020-07-23...
[2025-02-21T19:05:37.180+0000] {spark_submit.py:641} INFO - INFO:__main__:Coletando dados para 2020-07-24...
[2025-02-21T19:05:40.142+0000] {spark_submit.py:641} INFO - INFO:__main__:Coletando dados para 2020-07-25...
[2025-02-21T19:05:41.948+0000] {spark_submit.py:641} INFO - INFO:__main__:Coletando dados para 2020-07-26...
[2025-02-21T19:05:43.161+0000] {spark_submit.py:641} INFO - INFO:__main__:Coletando dados para 2020-07-27...
[2025-02-21T19:05:45.126+0000] {spark_submit.py:641} INFO - INFO:__main__:Coletando dados para 2020-07-28...
[2025-02-21T19:05:47.010+0000] {spark_submit.py:641} INFO - INFO:__main__:Coletando dados para 2020-07-29...
[2025-02-21T19:05:48.819+0000] {spark_submit.py:641} INFO - INFO:__main__:Coletando dados para 2020-07-30...
[2025-02-21T19:05:52.017+0000] {spark_submit.py:641} INFO - INFO:__main__:Coletando dados para 2020-07-31...
[2025-02-21T19:05:59.382+0000] {spark_submit.py:641} INFO - INFO:__main__:Coletando dados para 2020-08-01...
[2025-02-21T19:06:11.860+0000] {spark_submit.py:641} INFO - INFO:__main__:Coletando dados para 2020-08-02...
[2025-02-21T19:06:14.460+0000] {spark_submit.py:641} INFO - INFO:__main__:Coletando dados para 2020-08-03...
[2025-02-21T19:06:18.402+0000] {spark_submit.py:641} INFO - INFO:__main__:Coletando dados para 2020-08-04...
[2025-02-21T19:06:24.064+0000] {spark_submit.py:641} INFO - INFO:__main__:Coletando dados para 2020-08-05...
[2025-02-21T19:06:28.392+0000] {spark_submit.py:641} INFO - INFO:__main__:Coletando dados para 2020-08-06...
[2025-02-21T19:06:34.631+0000] {spark_submit.py:641} INFO - INFO:__main__:Coletando dados para 2020-08-07...
[2025-02-21T19:06:46.150+0000] {spark_submit.py:641} INFO - INFO:__main__:Coletando dados para 2020-08-08...
[2025-02-21T19:06:51.861+0000] {spark_submit.py:641} INFO - INFO:__main__:Coletando dados para 2020-08-09...
[2025-02-21T19:06:54.026+0000] {spark_submit.py:641} INFO - INFO:__main__:Coletando dados para 2020-08-10...
[2025-02-21T19:06:55.979+0000] {spark_submit.py:641} INFO - INFO:__main__:Coletando dados para 2020-08-11...
[2025-02-21T19:06:57.756+0000] {spark_submit.py:641} INFO - INFO:__main__:Coletando dados para 2020-08-12...
[2025-02-21T19:06:59.525+0000] {spark_submit.py:641} INFO - INFO:__main__:Coletando dados para 2020-08-13...
[2025-02-21T19:07:03.624+0000] {spark_submit.py:641} INFO - INFO:__main__:Coletando dados para 2020-08-14...
[2025-02-21T19:07:08.175+0000] {spark_submit.py:641} INFO - INFO:__main__:Coletando dados para 2020-08-15...
[2025-02-21T19:07:11.288+0000] {spark_submit.py:641} INFO - INFO:__main__:Coletando dados para 2020-08-16...
[2025-02-21T19:07:13.180+0000] {spark_submit.py:641} INFO - INFO:__main__:Coletando dados para 2020-08-17...
[2025-02-21T19:07:14.952+0000] {spark_submit.py:641} INFO - INFO:__main__:Coletando dados para 2020-08-18...
[2025-02-21T19:07:16.681+0000] {spark_submit.py:641} INFO - INFO:__main__:Coletando dados para 2020-08-19...
[2025-02-21T19:07:19.217+0000] {spark_submit.py:641} INFO - INFO:__main__:Coletando dados para 2020-08-20...
[2025-02-21T19:07:25.723+0000] {spark_submit.py:641} INFO - INFO:__main__:Coletando dados para 2020-08-21...
[2025-02-21T19:07:30.752+0000] {spark_submit.py:641} INFO - INFO:__main__:Coletando dados para 2020-08-22...
[2025-02-21T19:07:34.384+0000] {spark_submit.py:641} INFO - INFO:__main__:Coletando dados para 2020-08-23...
[2025-02-21T19:07:36.080+0000] {spark_submit.py:641} INFO - INFO:__main__:Coletando dados para 2020-08-24...
[2025-02-21T19:07:38.722+0000] {spark_submit.py:641} INFO - INFO:__main__:Coletando dados para 2020-08-25...
[2025-02-21T19:07:41.879+0000] {spark_submit.py:641} INFO - INFO:__main__:Coletando dados para 2020-08-26...
[2025-02-21T19:07:43.779+0000] {spark_submit.py:641} INFO - INFO:__main__:Coletando dados para 2020-08-27...
[2025-02-21T19:07:46.828+0000] {spark_submit.py:641} INFO - INFO:__main__:Coletando dados para 2020-08-28...
[2025-02-21T19:07:51.558+0000] {spark_submit.py:641} INFO - INFO:__main__:Coletando dados para 2020-08-29...
[2025-02-21T19:07:53.829+0000] {spark_submit.py:641} INFO - INFO:__main__:Coletando dados para 2020-08-30...
[2025-02-21T19:07:56.184+0000] {spark_submit.py:641} INFO - INFO:__main__:Coletando dados para 2020-08-31...
[2025-02-21T19:07:58.450+0000] {spark_submit.py:641} INFO - INFO:__main__:Coletando dados para 2020-09-01...
[2025-02-21T19:08:07.022+0000] {spark_submit.py:641} INFO - INFO:__main__:Coletando dados para 2020-09-02...
[2025-02-21T19:08:10.969+0000] {spark_submit.py:641} INFO - INFO:__main__:Coletando dados para 2020-09-03...
[2025-02-21T19:08:14.705+0000] {spark_submit.py:641} INFO - INFO:__main__:Coletando dados para 2020-09-04...
[2025-02-21T19:08:19.234+0000] {spark_submit.py:641} INFO - INFO:__main__:Coletando dados para 2020-09-05...
[2025-02-21T19:08:22.309+0000] {spark_submit.py:641} INFO - INFO:__main__:Coletando dados para 2020-09-06...
[2025-02-21T19:08:24.052+0000] {spark_submit.py:641} INFO - INFO:__main__:Coletando dados para 2020-09-07...
[2025-02-21T19:08:27.299+0000] {spark_submit.py:641} INFO - INFO:__main__:Coletando dados para 2020-09-08...
[2025-02-21T19:08:30.381+0000] {spark_submit.py:641} INFO - INFO:__main__:Coletando dados para 2020-09-09...
[2025-02-21T19:08:34.259+0000] {spark_submit.py:641} INFO - INFO:__main__:Coletando dados para 2020-09-10...
[2025-02-21T19:08:40.241+0000] {spark_submit.py:641} INFO - INFO:__main__:Coletando dados para 2020-09-11...
[2025-02-21T19:08:44.447+0000] {spark_submit.py:641} INFO - INFO:__main__:Coletando dados para 2020-09-12...
[2025-02-21T19:08:46.876+0000] {spark_submit.py:641} INFO - INFO:__main__:Coletando dados para 2020-09-13...
[2025-02-21T19:08:49.239+0000] {spark_submit.py:641} INFO - INFO:__main__:Coletando dados para 2020-09-14...
[2025-02-21T19:08:52.535+0000] {spark_submit.py:641} INFO - INFO:__main__:Coletando dados para 2020-09-15...
[2025-02-21T19:08:56.307+0000] {spark_submit.py:641} INFO - INFO:__main__:Coletando dados para 2020-09-16...
[2025-02-21T19:08:59.878+0000] {spark_submit.py:641} INFO - INFO:__main__:Coletando dados para 2020-09-17...
[2025-02-21T19:09:05.863+0000] {spark_submit.py:641} INFO - INFO:__main__:Coletando dados para 2020-09-18...
[2025-02-21T19:09:12.484+0000] {spark_submit.py:641} INFO - INFO:__main__:Coletando dados para 2020-09-19...
[2025-02-21T19:09:15.454+0000] {spark_submit.py:641} INFO - INFO:__main__:Coletando dados para 2020-09-20...
[2025-02-21T19:09:18.615+0000] {spark_submit.py:641} INFO - INFO:__main__:Coletando dados para 2020-09-21...
[2025-02-21T19:09:21.692+0000] {spark_submit.py:641} INFO - INFO:__main__:Coletando dados para 2020-09-22...
[2025-02-21T19:09:24.668+0000] {spark_submit.py:641} INFO - INFO:__main__:Coletando dados para 2020-09-23...
[2025-02-21T19:09:27.838+0000] {spark_submit.py:641} INFO - INFO:__main__:Coletando dados para 2020-09-24...
[2025-02-21T19:09:36.524+0000] {spark_submit.py:641} INFO - INFO:__main__:Coletando dados para 2020-09-25...
[2025-02-21T19:09:54.521+0000] {spark_submit.py:641} INFO - INFO:__main__:Coletando dados para 2020-09-26...
[2025-02-21T19:10:01.355+0000] {spark_submit.py:641} INFO - INFO:__main__:Coletando dados para 2020-09-27...
[2025-02-21T19:10:09.000+0000] {spark_submit.py:641} INFO - INFO:__main__:Coletando dados para 2020-09-28...
[2025-02-21T19:10:16.346+0000] {spark_submit.py:641} INFO - INFO:__main__:Coletando dados para 2020-09-29...
[2025-02-21T19:10:21.990+0000] {spark_submit.py:641} INFO - INFO:__main__:Coletando dados para 2020-09-30...
[2025-02-21T19:10:31.868+0000] {spark_submit.py:641} INFO - INFO:__main__:Coletando dados para 2020-10-01...
[2025-02-21T19:11:02.977+0000] {spark_submit.py:641} INFO - INFO:__main__:Coletando dados para 2020-10-02...
[2025-02-21T19:11:15.606+0000] {spark_submit.py:641} INFO - INFO:__main__:Coletando dados para 2020-10-03...
[2025-02-21T19:11:23.173+0000] {spark_submit.py:641} INFO - INFO:__main__:Coletando dados para 2020-10-04...
[2025-02-21T19:11:29.413+0000] {spark_submit.py:641} INFO - INFO:__main__:Coletando dados para 2020-10-05...
[2025-02-21T19:11:39.125+0000] {spark_submit.py:641} INFO - INFO:__main__:Coletando dados para 2020-10-06...
[2025-02-21T19:11:50.289+0000] {spark_submit.py:641} INFO - INFO:__main__:Coletando dados para 2020-10-07...
[2025-02-21T19:12:04.205+0000] {spark_submit.py:641} INFO - INFO:__main__:Coletando dados para 2020-10-08...
[2025-02-21T19:12:17.216+0000] {spark_submit.py:641} INFO - INFO:__main__:Coletando dados para 2020-10-09...
[2025-02-21T19:12:31.387+0000] {spark_submit.py:641} INFO - INFO:__main__:Coletando dados para 2020-10-10...
[2025-02-21T19:12:42.138+0000] {spark_submit.py:641} INFO - INFO:__main__:Coletando dados para 2020-10-11...
[2025-02-21T19:12:50.104+0000] {spark_submit.py:641} INFO - INFO:__main__:Coletando dados para 2020-10-12...
[2025-02-21T19:12:55.923+0000] {spark_submit.py:641} INFO - INFO:__main__:Coletando dados para 2020-10-13...
[2025-02-21T19:13:02.712+0000] {spark_submit.py:641} INFO - INFO:__main__:Coletando dados para 2020-10-14...
[2025-02-21T19:13:11.538+0000] {spark_submit.py:641} INFO - INFO:__main__:Coletando dados para 2020-10-15...
[2025-02-21T19:13:26.101+0000] {spark_submit.py:641} INFO - INFO:__main__:Coletando dados para 2020-10-16...
[2025-02-21T19:13:41.281+0000] {spark_submit.py:641} INFO - INFO:__main__:Coletando dados para 2020-10-17...
[2025-02-21T19:13:48.933+0000] {spark_submit.py:641} INFO - INFO:__main__:Coletando dados para 2020-10-18...
[2025-02-21T19:13:54.802+0000] {spark_submit.py:641} INFO - INFO:__main__:Coletando dados para 2020-10-19...
[2025-02-21T19:14:02.361+0000] {spark_submit.py:641} INFO - INFO:__main__:Coletando dados para 2020-10-20...
[2025-02-21T19:14:12.953+0000] {spark_submit.py:641} INFO - INFO:__main__:Coletando dados para 2020-10-21...
[2025-02-21T19:14:22.938+0000] {spark_submit.py:641} INFO - INFO:__main__:Coletando dados para 2020-10-22...
[2025-02-21T19:14:38.000+0000] {spark_submit.py:641} INFO - INFO:__main__:Coletando dados para 2020-10-23...
[2025-02-21T19:14:54.929+0000] {spark_submit.py:641} INFO - INFO:__main__:Coletando dados para 2020-10-24...
[2025-02-21T19:15:05.478+0000] {spark_submit.py:641} INFO - INFO:__main__:Coletando dados para 2020-10-25...
[2025-02-21T19:15:14.973+0000] {spark_submit.py:641} INFO - INFO:__main__:Coletando dados para 2020-10-26...
[2025-02-21T19:15:24.377+0000] {spark_submit.py:641} INFO - INFO:__main__:Coletando dados para 2020-10-27...
[2025-02-21T19:15:34.934+0000] {spark_submit.py:641} INFO - INFO:__main__:Coletando dados para 2020-10-28...
[2025-02-21T19:15:49.485+0000] {spark_submit.py:641} INFO - INFO:__main__:Coletando dados para 2020-10-29...
[2025-02-21T19:16:06.464+0000] {spark_submit.py:641} INFO - INFO:__main__:Coletando dados para 2020-10-30...
[2025-02-21T19:16:22.560+0000] {spark_submit.py:641} INFO - INFO:__main__:Coletando dados para 2020-10-31...
[2025-02-21T19:16:41.550+0000] {spark_submit.py:641} INFO - INFO:__main__:Coletando dados para 2020-11-01...
[2025-02-21T19:17:00.199+0000] {spark_submit.py:641} INFO - INFO:__main__:Coletando dados para 2020-11-02...
[2025-02-21T19:17:09.105+0000] {spark_submit.py:641} INFO - INFO:__main__:Coletando dados para 2020-11-03...
[2025-02-21T19:17:18.442+0000] {spark_submit.py:641} INFO - INFO:__main__:Coletando dados para 2020-11-04...
[2025-02-21T19:17:27.810+0000] {spark_submit.py:641} INFO - INFO:__main__:Coletando dados para 2020-11-05...
[2025-02-21T19:17:37.848+0000] {spark_submit.py:641} INFO - INFO:__main__:Coletando dados para 2020-11-06...
[2025-02-21T19:17:43.025+0000] {spark_submit.py:641} INFO - INFO:__main__:Coletando dados para 2020-11-07...
[2025-02-21T19:17:45.565+0000] {spark_submit.py:641} INFO - INFO:__main__:Coletando dados para 2020-11-08...
[2025-02-21T19:17:48.079+0000] {spark_submit.py:641} INFO - INFO:__main__:Coletando dados para 2020-11-09...
[2025-02-21T19:17:51.192+0000] {spark_submit.py:641} INFO - INFO:__main__:Coletando dados para 2020-11-10...
[2025-02-21T19:17:54.319+0000] {spark_submit.py:641} INFO - INFO:__main__:Coletando dados para 2020-11-11...
[2025-02-21T19:17:58.721+0000] {spark_submit.py:641} INFO - INFO:__main__:Coletando dados para 2020-11-12...
[2025-02-21T19:18:03.348+0000] {spark_submit.py:641} INFO - INFO:__main__:Coletando dados para 2020-11-13...
[2025-02-21T19:18:17.002+0000] {spark_submit.py:641} INFO - INFO:__main__:Coletando dados para 2020-11-14...
[2025-02-21T19:18:25.393+0000] {spark_submit.py:641} INFO - INFO:__main__:Coletando dados para 2020-11-15...
[2025-02-21T19:18:32.868+0000] {spark_submit.py:641} INFO - INFO:__main__:Coletando dados para 2020-11-16...
[2025-02-21T19:18:38.513+0000] {spark_submit.py:641} INFO - INFO:__main__:Coletando dados para 2020-11-17...
[2025-02-21T19:18:43.985+0000] {spark_submit.py:641} INFO - INFO:__main__:Coletando dados para 2020-11-18...
[2025-02-21T19:18:51.913+0000] {spark_submit.py:641} INFO - INFO:__main__:Coletando dados para 2020-11-19...
[2025-02-21T19:19:04.444+0000] {spark_submit.py:641} INFO - INFO:__main__:Coletando dados para 2020-11-20...
[2025-02-21T19:19:23.495+0000] {spark_submit.py:641} INFO - INFO:__main__:Coletando dados para 2020-11-21...
[2025-02-21T19:19:33.656+0000] {spark_submit.py:641} INFO - INFO:__main__:Coletando dados para 2020-11-22...
[2025-02-21T19:19:40.096+0000] {spark_submit.py:641} INFO - INFO:__main__:Coletando dados para 2020-11-23...
[2025-02-21T19:19:50.264+0000] {spark_submit.py:641} INFO - INFO:__main__:Coletando dados para 2020-11-24...
[2025-02-21T19:20:00.362+0000] {spark_submit.py:641} INFO - INFO:__main__:Coletando dados para 2020-11-25...
[2025-02-21T19:20:07.639+0000] {spark_submit.py:641} INFO - INFO:__main__:Coletando dados para 2020-11-26...
[2025-02-21T19:20:12.221+0000] {spark_submit.py:641} INFO - INFO:__main__:Coletando dados para 2020-11-27...
[2025-02-21T19:20:17.939+0000] {spark_submit.py:641} INFO - INFO:__main__:Coletando dados para 2020-11-28...
[2025-02-21T19:20:20.923+0000] {spark_submit.py:641} INFO - INFO:__main__:Coletando dados para 2020-11-29...
[2025-02-21T19:20:22.749+0000] {spark_submit.py:641} INFO - INFO:__main__:Coletando dados para 2020-11-30...
[2025-02-21T19:20:25.769+0000] {spark_submit.py:641} INFO - INFO:__main__:Coletando dados para 2020-12-01...
[2025-02-21T19:20:39.248+0000] {spark_submit.py:641} INFO - INFO:__main__:Coletando dados para 2020-12-02...
[2025-02-21T19:20:43.234+0000] {spark_submit.py:641} INFO - INFO:__main__:Coletando dados para 2020-12-03...
[2025-02-21T19:20:48.941+0000] {spark_submit.py:641} INFO - INFO:__main__:Coletando dados para 2020-12-04...
[2025-02-21T19:20:54.776+0000] {spark_submit.py:641} INFO - INFO:__main__:Coletando dados para 2020-12-05...
[2025-02-21T19:20:58.528+0000] {spark_submit.py:641} INFO - INFO:__main__:Coletando dados para 2020-12-06...
[2025-02-21T19:21:01.690+0000] {spark_submit.py:641} INFO - INFO:__main__:Coletando dados para 2020-12-07...
[2025-02-21T19:21:04.611+0000] {spark_submit.py:641} INFO - INFO:__main__:Coletando dados para 2020-12-08...
[2025-02-21T19:21:07.910+0000] {spark_submit.py:641} INFO - INFO:__main__:Coletando dados para 2020-12-09...
[2025-02-21T19:21:11.112+0000] {spark_submit.py:641} INFO - INFO:__main__:Coletando dados para 2020-12-10...
[2025-02-21T19:21:15.967+0000] {spark_submit.py:641} INFO - INFO:__main__:Coletando dados para 2020-12-11...
[2025-02-21T19:21:21.914+0000] {spark_submit.py:641} INFO - INFO:__main__:Coletando dados para 2020-12-12...
[2025-02-21T19:21:27.120+0000] {spark_submit.py:641} INFO - INFO:__main__:Coletando dados para 2020-12-13...
[2025-02-21T19:21:29.589+0000] {spark_submit.py:641} INFO - INFO:__main__:Coletando dados para 2020-12-14...
[2025-02-21T19:21:32.159+0000] {spark_submit.py:641} INFO - INFO:__main__:Coletando dados para 2020-12-15...
[2025-02-21T19:21:36.356+0000] {spark_submit.py:641} INFO - INFO:__main__:Coletando dados para 2020-12-16...
[2025-02-21T19:21:38.772+0000] {spark_submit.py:641} INFO - INFO:__main__:Coletando dados para 2020-12-17...
[2025-02-21T19:21:42.501+0000] {spark_submit.py:641} INFO - INFO:__main__:Coletando dados para 2020-12-18...
[2025-02-21T19:21:47.615+0000] {spark_submit.py:641} INFO - INFO:__main__:Coletando dados para 2020-12-19...
[2025-02-21T19:21:50.096+0000] {spark_submit.py:641} INFO - INFO:__main__:Coletando dados para 2020-12-20...
[2025-02-21T19:21:53.092+0000] {spark_submit.py:641} INFO - INFO:__main__:Coletando dados para 2020-12-21...
[2025-02-21T19:21:55.593+0000] {spark_submit.py:641} INFO - INFO:__main__:Coletando dados para 2020-12-22...
[2025-02-21T19:21:57.424+0000] {spark_submit.py:641} INFO - INFO:__main__:Coletando dados para 2020-12-23...
[2025-02-21T19:21:59.877+0000] {spark_submit.py:641} INFO - INFO:__main__:Coletando dados para 2020-12-24...
[2025-02-21T19:22:03.144+0000] {spark_submit.py:641} INFO - INFO:__main__:Coletando dados para 2020-12-25...
[2025-02-21T19:22:07.492+0000] {spark_submit.py:641} INFO - INFO:__main__:Coletando dados para 2020-12-26...
[2025-02-21T19:22:09.240+0000] {spark_submit.py:641} INFO - INFO:__main__:Coletando dados para 2020-12-27...
[2025-02-21T19:22:11.045+0000] {spark_submit.py:641} INFO - INFO:__main__:Coletando dados para 2020-12-28...
[2025-02-21T19:22:12.895+0000] {spark_submit.py:641} INFO - INFO:__main__:Coletando dados para 2020-12-29...
[2025-02-21T19:22:14.874+0000] {spark_submit.py:641} INFO - INFO:__main__:Coletando dados para 2020-12-30...
[2025-02-21T19:22:17.222+0000] {spark_submit.py:641} INFO - INFO:__main__:Coletando dados para 2020-12-31...
[2025-02-21T19:22:28.516+0000] {spark_submit.py:641} INFO - INFO:__main__:Total de filmes coletados: 34946
[2025-02-21T19:22:29.297+0000] {spark_submit.py:641} INFO - 25/02/21 19:22:29 INFO SharedState: Setting hive.metastore.warehouse.dir ('null') to the value of spark.sql.warehouse.dir.
[2025-02-21T19:22:29.299+0000] {spark_submit.py:641} INFO - 25/02/21 19:22:29 INFO SharedState: Warehouse path is 'file:/opt/***/spark-warehouse'.
[2025-02-21T19:22:30.398+0000] {spark_submit.py:641} INFO - 25/02/21 19:22:30 WARN MetricsConfig: Cannot locate configuration: tried hadoop-metrics2-s3a-file-system.properties,hadoop-metrics2.properties
[2025-02-21T19:22:30.409+0000] {spark_submit.py:641} INFO - 25/02/21 19:22:30 INFO MetricsSystemImpl: Scheduled Metric snapshot period at 10 second(s).
[2025-02-21T19:22:30.409+0000] {spark_submit.py:641} INFO - 25/02/21 19:22:30 INFO MetricsSystemImpl: s3a-file-system metrics system started
[2025-02-21T19:22:31.561+0000] {spark_submit.py:641} INFO - 25/02/21 19:22:31 INFO ParquetUtils: Using default output committer for Parquet: org.apache.parquet.hadoop.ParquetOutputCommitter
[2025-02-21T19:22:31.591+0000] {spark_submit.py:641} INFO - 25/02/21 19:22:31 INFO FileOutputCommitter: File Output Committer Algorithm version is 1
[2025-02-21T19:22:31.591+0000] {spark_submit.py:641} INFO - 25/02/21 19:22:31 INFO FileOutputCommitter: FileOutputCommitter skip cleanup _temporary folders under output directory:false, ignore cleanup failures: false
[2025-02-21T19:22:31.592+0000] {spark_submit.py:641} INFO - 25/02/21 19:22:31 INFO SQLHadoopMapReduceCommitProtocol: Using user defined output committer class org.apache.parquet.hadoop.ParquetOutputCommitter
[2025-02-21T19:22:31.592+0000] {spark_submit.py:641} INFO - 25/02/21 19:22:31 INFO FileOutputCommitter: File Output Committer Algorithm version is 1
[2025-02-21T19:22:31.593+0000] {spark_submit.py:641} INFO - 25/02/21 19:22:31 INFO FileOutputCommitter: FileOutputCommitter skip cleanup _temporary folders under output directory:false, ignore cleanup failures: false
[2025-02-21T19:22:31.593+0000] {spark_submit.py:641} INFO - 25/02/21 19:22:31 INFO SQLHadoopMapReduceCommitProtocol: Using output committer class org.apache.parquet.hadoop.ParquetOutputCommitter
[2025-02-21T19:22:31.850+0000] {spark_submit.py:641} INFO - 25/02/21 19:22:31 INFO CodeGenerator: Code generated in 131.472783 ms
[2025-02-21T19:22:31.874+0000] {spark_submit.py:641} INFO - 25/02/21 19:22:31 INFO SparkContext: Starting job: save at NativeMethodAccessorImpl.java:0
[2025-02-21T19:22:31.885+0000] {spark_submit.py:641} INFO - 25/02/21 19:22:31 INFO DAGScheduler: Got job 0 (save at NativeMethodAccessorImpl.java:0) with 2 output partitions
[2025-02-21T19:22:31.886+0000] {spark_submit.py:641} INFO - 25/02/21 19:22:31 INFO DAGScheduler: Final stage: ResultStage 0 (save at NativeMethodAccessorImpl.java:0)
[2025-02-21T19:22:31.886+0000] {spark_submit.py:641} INFO - 25/02/21 19:22:31 INFO DAGScheduler: Parents of final stage: List()
[2025-02-21T19:22:31.887+0000] {spark_submit.py:641} INFO - 25/02/21 19:22:31 INFO DAGScheduler: Missing parents: List()
[2025-02-21T19:22:31.890+0000] {spark_submit.py:641} INFO - 25/02/21 19:22:31 INFO DAGScheduler: Submitting ResultStage 0 (MapPartitionsRDD[6] at save at NativeMethodAccessorImpl.java:0), which has no missing parents
[2025-02-21T19:22:31.974+0000] {spark_submit.py:641} INFO - 25/02/21 19:22:31 INFO MemoryStore: Block broadcast_0 stored as values in memory (estimated size 223.4 KiB, free 2.2 GiB)
[2025-02-21T19:22:32.009+0000] {spark_submit.py:641} INFO - 25/02/21 19:22:32 INFO MemoryStore: Block broadcast_0_piece0 stored as bytes in memory (estimated size 81.3 KiB, free 2.2 GiB)
[2025-02-21T19:22:32.013+0000] {spark_submit.py:641} INFO - 25/02/21 19:22:32 INFO BlockManagerInfo: Added broadcast_0_piece0 in memory on 984eb1a04f7d:33995 (size: 81.3 KiB, free: 2.2 GiB)
[2025-02-21T19:22:32.016+0000] {spark_submit.py:641} INFO - 25/02/21 19:22:32 INFO SparkContext: Created broadcast 0 from broadcast at DAGScheduler.scala:1585
[2025-02-21T19:22:32.030+0000] {spark_submit.py:641} INFO - 25/02/21 19:22:32 INFO DAGScheduler: Submitting 2 missing tasks from ResultStage 0 (MapPartitionsRDD[6] at save at NativeMethodAccessorImpl.java:0) (first 15 tasks are for partitions Vector(0, 1))
[2025-02-21T19:22:32.030+0000] {spark_submit.py:641} INFO - 25/02/21 19:22:32 INFO TaskSchedulerImpl: Adding task set 0.0 with 2 tasks resource profile 0
[2025-02-21T19:22:32.068+0000] {spark_submit.py:641} INFO - 25/02/21 19:22:32 WARN TaskSetManager: Stage 0 contains a task of very large size (4781 KiB). The maximum recommended task size is 1000 KiB.
[2025-02-21T19:22:32.069+0000] {spark_submit.py:641} INFO - 25/02/21 19:22:32 INFO TaskSetManager: Starting task 0.0 in stage 0.0 (TID 0) (172.18.0.4, executor 1, partition 0, PROCESS_LOCAL, 4896757 bytes)
[2025-02-21T19:22:32.083+0000] {spark_submit.py:641} INFO - 25/02/21 19:22:32 INFO TaskSetManager: Starting task 1.0 in stage 0.0 (TID 1) (172.18.0.3, executor 0, partition 1, PROCESS_LOCAL, 5095861 bytes)
[2025-02-21T19:22:32.383+0000] {spark_submit.py:641} INFO - 25/02/21 19:22:32 INFO BlockManagerInfo: Added broadcast_0_piece0 in memory on 172.18.0.3:35223 (size: 81.3 KiB, free: 4.6 GiB)
[2025-02-21T19:22:32.386+0000] {spark_submit.py:641} INFO - 25/02/21 19:22:32 INFO BlockManagerInfo: Added broadcast_0_piece0 in memory on 172.18.0.4:45219 (size: 81.3 KiB, free: 4.6 GiB)
[2025-02-21T19:22:36.842+0000] {spark_submit.py:641} INFO - 25/02/21 19:22:36 INFO TaskSetManager: Finished task 0.0 in stage 0.0 (TID 0) in 4792 ms on 172.18.0.4 (executor 1) (1/2)
[2025-02-21T19:22:36.846+0000] {spark_submit.py:641} INFO - 25/02/21 19:22:36 INFO PythonAccumulatorV2: Connected to AccumulatorServer at host: 127.0.0.1 port: 42301
[2025-02-21T19:22:36.885+0000] {spark_submit.py:641} INFO - 25/02/21 19:22:36 INFO TaskSetManager: Finished task 1.0 in stage 0.0 (TID 1) in 4805 ms on 172.18.0.3 (executor 0) (2/2)
[2025-02-21T19:22:36.887+0000] {spark_submit.py:641} INFO - 25/02/21 19:22:36 INFO TaskSchedulerImpl: Removed TaskSet 0.0, whose tasks have all completed, from pool
[2025-02-21T19:22:36.887+0000] {spark_submit.py:641} INFO - 25/02/21 19:22:36 INFO DAGScheduler: ResultStage 0 (save at NativeMethodAccessorImpl.java:0) finished in 4.989 s
[2025-02-21T19:22:36.889+0000] {spark_submit.py:641} INFO - 25/02/21 19:22:36 INFO DAGScheduler: Job 0 is finished. Cancelling potential speculative or zombie tasks for this job
[2025-02-21T19:22:36.890+0000] {spark_submit.py:641} INFO - 25/02/21 19:22:36 INFO TaskSchedulerImpl: Killing all running tasks in stage 0: Stage finished
[2025-02-21T19:22:36.891+0000] {spark_submit.py:641} INFO - 25/02/21 19:22:36 INFO DAGScheduler: Job 0 finished: save at NativeMethodAccessorImpl.java:0, took 5.018243 s
[2025-02-21T19:22:36.894+0000] {spark_submit.py:641} INFO - 25/02/21 19:22:36 INFO FileFormatWriter: Start to commit write Job 0d883948-efc2-433e-aec7-058a0a623ab3.
[2025-02-21T19:22:37.633+0000] {spark_submit.py:641} INFO - 25/02/21 19:22:37 INFO FileFormatWriter: Write Job 0d883948-efc2-433e-aec7-058a0a623ab3 committed. Elapsed time: 738 ms.
[2025-02-21T19:22:37.636+0000] {spark_submit.py:641} INFO - 25/02/21 19:22:37 INFO FileFormatWriter: Finished processing stats for write job 0d883948-efc2-433e-aec7-058a0a623ab3.
[2025-02-21T19:22:37.639+0000] {spark_submit.py:641} INFO - 25/02/21 19:22:37 INFO SparkContext: SparkContext is stopping with exitCode 0.
[2025-02-21T19:22:37.646+0000] {spark_submit.py:641} INFO - 25/02/21 19:22:37 INFO SparkUI: Stopped Spark web UI at http://984eb1a04f7d:4040
[2025-02-21T19:22:37.650+0000] {spark_submit.py:641} INFO - 25/02/21 19:22:37 INFO StandaloneSchedulerBackend: Shutting down all executors
[2025-02-21T19:22:37.650+0000] {spark_submit.py:641} INFO - 25/02/21 19:22:37 INFO StandaloneSchedulerBackend$StandaloneDriverEndpoint: Asking each executor to shut down
[2025-02-21T19:22:37.675+0000] {spark_submit.py:641} INFO - 25/02/21 19:22:37 INFO MapOutputTrackerMasterEndpoint: MapOutputTrackerMasterEndpoint stopped!
[2025-02-21T19:22:37.737+0000] {spark_submit.py:641} INFO - 25/02/21 19:22:37 INFO MemoryStore: MemoryStore cleared
[2025-02-21T19:22:37.742+0000] {spark_submit.py:641} INFO - 25/02/21 19:22:37 INFO BlockManager: BlockManager stopped
[2025-02-21T19:22:37.745+0000] {spark_submit.py:641} INFO - 25/02/21 19:22:37 INFO BlockManagerMaster: BlockManagerMaster stopped
[2025-02-21T19:22:37.749+0000] {spark_submit.py:641} INFO - 25/02/21 19:22:37 INFO OutputCommitCoordinator$OutputCommitCoordinatorEndpoint: OutputCommitCoordinator stopped!
[2025-02-21T19:22:37.782+0000] {spark_submit.py:641} INFO - 25/02/21 19:22:37 INFO SparkContext: Successfully stopped SparkContext
[2025-02-21T19:22:37.891+0000] {spark_submit.py:641} INFO - INFO:py4j.clientserver:Closing down clientserver connection
[2025-02-21T19:22:38.751+0000] {spark_submit.py:641} INFO - 25/02/21 19:22:38 INFO ShutdownHookManager: Shutdown hook called
[2025-02-21T19:22:38.752+0000] {spark_submit.py:641} INFO - 25/02/21 19:22:38 INFO ShutdownHookManager: Deleting directory /tmp/spark-13b21cbb-ce84-4408-809a-ddaadf19cc50
[2025-02-21T19:22:38.758+0000] {spark_submit.py:641} INFO - 25/02/21 19:22:38 INFO ShutdownHookManager: Deleting directory /tmp/spark-19ba6f3d-4ce7-48f7-b98a-24d284e563c9
[2025-02-21T19:22:38.763+0000] {spark_submit.py:641} INFO - 25/02/21 19:22:38 INFO ShutdownHookManager: Deleting directory /tmp/spark-19ba6f3d-4ce7-48f7-b98a-24d284e563c9/pyspark-733b970f-4d09-4675-beb9-38d43c3dbd60
[2025-02-21T19:22:38.771+0000] {spark_submit.py:641} INFO - 25/02/21 19:22:38 INFO MetricsSystemImpl: Stopping s3a-file-system metrics system...
[2025-02-21T19:22:38.772+0000] {spark_submit.py:641} INFO - 25/02/21 19:22:38 INFO MetricsSystemImpl: s3a-file-system metrics system stopped.
[2025-02-21T19:22:38.773+0000] {spark_submit.py:641} INFO - 25/02/21 19:22:38 INFO MetricsSystemImpl: s3a-file-system metrics system shutdown complete.
[2025-02-21T19:22:38.822+0000] {taskinstance.py:341} INFO - ::group::Post task execution logs
[2025-02-21T19:22:38.823+0000] {taskinstance.py:353} INFO - Marking task as SUCCESS. dag_id=ing_mov_20_21, task_id=run_spark_script, run_id=manual__2025-02-21T18:39:47.790872+00:00, execution_date=20250221T183947, start_date=20250221T183949, end_date=20250221T192238
[2025-02-21T19:22:38.894+0000] {local_task_job_runner.py:266} INFO - Task exited with return code 0
[2025-02-21T19:22:38.909+0000] {taskinstance.py:3901} INFO - 0 downstream tasks scheduled from follow-on schedule check
[2025-02-21T19:22:38.911+0000] {local_task_job_runner.py:245} INFO - ::endgroup::
