[2025-02-13T17:50:15.864+0000] {local_task_job_runner.py:123} INFO - ::group::Pre task execution logs
[2025-02-13T17:50:15.943+0000] {taskinstance.py:2614} INFO - Dependencies all met for dep_context=non-requeueable deps ti=<TaskInstance: ing_mov_20_21.run_spark_script manual__2025-02-13T17:50:11.841817+00:00 [queued]>
[2025-02-13T17:50:15.974+0000] {taskinstance.py:2614} INFO - Dependencies all met for dep_context=requeueable deps ti=<TaskInstance: ing_mov_20_21.run_spark_script manual__2025-02-13T17:50:11.841817+00:00 [queued]>
[2025-02-13T17:50:15.977+0000] {taskinstance.py:2867} INFO - Starting attempt 1 of 2
[2025-02-13T17:50:16.034+0000] {taskinstance.py:2890} INFO - Executing <Task(BashOperator): run_spark_script> on 2025-02-13 17:50:11.841817+00:00
[2025-02-13T17:50:16.046+0000] {warnings.py:112} WARNING - /home/***/.local/lib/python3.12/site-packages/***/task/task_runner/standard_task_runner.py:70: DeprecationWarning: This process (pid=87) is multi-threaded, use of fork() may lead to deadlocks in the child.
  pid = os.fork()

[2025-02-13T17:50:16.049+0000] {standard_task_runner.py:72} INFO - Started process 88 to run task
[2025-02-13T17:50:16.059+0000] {standard_task_runner.py:104} INFO - Running: ['***', 'tasks', 'run', 'ing_mov_20_21', 'run_spark_script', 'manual__2025-02-13T17:50:11.841817+00:00', '--job-id', '3', '--raw', '--subdir', 'DAGS_FOLDER/scriptteste.py', '--cfg-path', '/tmp/tmpascci_jt']
[2025-02-13T17:50:16.062+0000] {standard_task_runner.py:105} INFO - Job 3: Subtask run_spark_script
[2025-02-13T17:50:16.172+0000] {task_command.py:467} INFO - Running <TaskInstance: ing_mov_20_21.run_spark_script manual__2025-02-13T17:50:11.841817+00:00 [running]> on host 61e67732f9c4
[2025-02-13T17:50:16.354+0000] {taskinstance.py:3134} INFO - Exporting env vars: AIRFLOW_CTX_DAG_OWNER='***' AIRFLOW_CTX_DAG_ID='ing_mov_20_21' AIRFLOW_CTX_TASK_ID='run_spark_script' AIRFLOW_CTX_EXECUTION_DATE='2025-02-13T17:50:11.841817+00:00' AIRFLOW_CTX_TRY_NUMBER='1' AIRFLOW_CTX_DAG_RUN_ID='manual__2025-02-13T17:50:11.841817+00:00'
[2025-02-13T17:50:16.356+0000] {taskinstance.py:732} INFO - ::endgroup::
[2025-02-13T17:50:16.434+0000] {subprocess.py:78} INFO - Tmp dir root location: /tmp
[2025-02-13T17:50:16.436+0000] {subprocess.py:88} INFO - Running command: ['/usr/bin/bash', '-c', 'spark-submit /opt/bitnami/spark/scripts/ing_mov_20_21.py']
[2025-02-13T17:50:16.454+0000] {subprocess.py:99} INFO - Output:
[2025-02-13T17:50:23.966+0000] {subprocess.py:106} INFO - 25/02/13 17:50:23 INFO SparkContext: Running Spark version 3.5.4
[2025-02-13T17:50:23.970+0000] {subprocess.py:106} INFO - 25/02/13 17:50:23 INFO SparkContext: OS info Linux, 5.15.167.4-microsoft-standard-WSL2, amd64
[2025-02-13T17:50:23.972+0000] {subprocess.py:106} INFO - 25/02/13 17:50:23 INFO SparkContext: Java version 17.0.14
[2025-02-13T17:50:24.215+0000] {subprocess.py:106} INFO - 25/02/13 17:50:24 WARN NativeCodeLoader: Unable to load native-hadoop library for your platform... using builtin-java classes where applicable
[2025-02-13T17:50:24.517+0000] {subprocess.py:106} INFO - 25/02/13 17:50:24 INFO ResourceUtils: ==============================================================
[2025-02-13T17:50:24.518+0000] {subprocess.py:106} INFO - 25/02/13 17:50:24 INFO ResourceUtils: No custom resources configured for spark.driver.
[2025-02-13T17:50:24.518+0000] {subprocess.py:106} INFO - 25/02/13 17:50:24 INFO ResourceUtils: ==============================================================
[2025-02-13T17:50:24.519+0000] {subprocess.py:106} INFO - 25/02/13 17:50:24 INFO SparkContext: Submitted application: Movies_20_21
[2025-02-13T17:50:24.548+0000] {subprocess.py:106} INFO - 25/02/13 17:50:24 INFO ResourceProfile: Default ResourceProfile created, executor resources: Map(cores -> name: cores, amount: 2, script: , vendor: , memory -> name: memory, amount: 12288, script: , vendor: , offHeap -> name: offHeap, amount: 0, script: , vendor: ), task resources: Map(cpus -> name: cpus, amount: 1.0)
[2025-02-13T17:50:24.558+0000] {subprocess.py:106} INFO - 25/02/13 17:50:24 INFO ResourceProfile: Limiting resource is cpus at 2 tasks per executor
[2025-02-13T17:50:24.560+0000] {subprocess.py:106} INFO - 25/02/13 17:50:24 INFO ResourceProfileManager: Added ResourceProfile id: 0
[2025-02-13T17:50:24.673+0000] {subprocess.py:106} INFO - 25/02/13 17:50:24 INFO SecurityManager: Changing view acls to: ***
[2025-02-13T17:50:24.675+0000] {subprocess.py:106} INFO - 25/02/13 17:50:24 INFO SecurityManager: Changing modify acls to: ***
[2025-02-13T17:50:24.676+0000] {subprocess.py:106} INFO - 25/02/13 17:50:24 INFO SecurityManager: Changing view acls groups to:
[2025-02-13T17:50:24.678+0000] {subprocess.py:106} INFO - 25/02/13 17:50:24 INFO SecurityManager: Changing modify acls groups to:
[2025-02-13T17:50:24.679+0000] {subprocess.py:106} INFO - 25/02/13 17:50:24 INFO SecurityManager: SecurityManager: authentication disabled; ui acls disabled; users with view permissions: ***; groups with view permissions: EMPTY; users with modify permissions: ***; groups with modify permissions: EMPTY
[2025-02-13T17:50:25.086+0000] {subprocess.py:106} INFO - 25/02/13 17:50:25 INFO Utils: Successfully started service 'sparkDriver' on port 45923.
[2025-02-13T17:50:25.152+0000] {subprocess.py:106} INFO - 25/02/13 17:50:25 INFO SparkEnv: Registering MapOutputTracker
[2025-02-13T17:50:25.233+0000] {subprocess.py:106} INFO - 25/02/13 17:50:25 INFO SparkEnv: Registering BlockManagerMaster
[2025-02-13T17:50:25.274+0000] {subprocess.py:106} INFO - 25/02/13 17:50:25 INFO BlockManagerMasterEndpoint: Using org.apache.spark.storage.DefaultTopologyMapper for getting topology information
[2025-02-13T17:50:25.275+0000] {subprocess.py:106} INFO - 25/02/13 17:50:25 INFO BlockManagerMasterEndpoint: BlockManagerMasterEndpoint up
[2025-02-13T17:50:25.283+0000] {subprocess.py:106} INFO - 25/02/13 17:50:25 INFO SparkEnv: Registering BlockManagerMasterHeartbeat
[2025-02-13T17:50:25.336+0000] {subprocess.py:106} INFO - 25/02/13 17:50:25 INFO DiskBlockManager: Created local directory at /tmp/blockmgr-f94665e9-16c0-41df-93ab-562d03ec0bf7
[2025-02-13T17:50:25.363+0000] {subprocess.py:106} INFO - 25/02/13 17:50:25 INFO MemoryStore: MemoryStore started with capacity 434.4 MiB
[2025-02-13T17:50:25.392+0000] {subprocess.py:106} INFO - 25/02/13 17:50:25 INFO SparkEnv: Registering OutputCommitCoordinator
[2025-02-13T17:50:25.817+0000] {subprocess.py:106} INFO - 25/02/13 17:50:25 INFO JettyUtils: Start Jetty 0.0.0.0:4040 for SparkUI
[2025-02-13T17:50:25.935+0000] {subprocess.py:106} INFO - 25/02/13 17:50:25 INFO Utils: Successfully started service 'SparkUI' on port 4040.
[2025-02-13T17:50:26.255+0000] {subprocess.py:106} INFO - 25/02/13 17:50:26 INFO StandaloneAppClient$ClientEndpoint: Connecting to master spark://spark:7077...
[2025-02-13T17:50:26.362+0000] {subprocess.py:106} INFO - 25/02/13 17:50:26 INFO TransportClientFactory: Successfully created connection to spark/172.18.0.6:7077 after 56 ms (0 ms spent in bootstraps)
[2025-02-13T17:50:26.634+0000] {subprocess.py:106} INFO - 25/02/13 17:50:26 INFO StandaloneSchedulerBackend: Connected to Spark cluster with app ID app-20250213175026-0000
[2025-02-13T17:50:26.655+0000] {subprocess.py:106} INFO - 25/02/13 17:50:26 INFO Utils: Successfully started service 'org.apache.spark.network.netty.NettyBlockTransferService' on port 36477.
[2025-02-13T17:50:26.659+0000] {subprocess.py:106} INFO - 25/02/13 17:50:26 INFO NettyBlockTransferService: Server created on 61e67732f9c4:36477
[2025-02-13T17:50:26.671+0000] {subprocess.py:106} INFO - 25/02/13 17:50:26 INFO BlockManager: Using org.apache.spark.storage.RandomBlockReplicationPolicy for block replication policy
[2025-02-13T17:50:26.689+0000] {subprocess.py:106} INFO - 25/02/13 17:50:26 INFO StandaloneAppClient$ClientEndpoint: Executor added: app-20250213175026-0000/0 on worker-20250213174710-172.18.0.7-45575 (172.18.0.7:45575) with 2 core(s)
[2025-02-13T17:50:26.720+0000] {subprocess.py:106} INFO - 25/02/13 17:50:26 INFO StandaloneSchedulerBackend: Granted executor ID app-20250213175026-0000/0 on hostPort 172.18.0.7:45575 with 2 core(s), 12.0 GiB RAM
[2025-02-13T17:50:26.723+0000] {subprocess.py:106} INFO - 25/02/13 17:50:26 INFO StandaloneAppClient$ClientEndpoint: Executor added: app-20250213175026-0000/1 on worker-20250213174710-172.18.0.4-38387 (172.18.0.4:38387) with 2 core(s)
[2025-02-13T17:50:26.728+0000] {subprocess.py:106} INFO - 25/02/13 17:50:26 INFO StandaloneSchedulerBackend: Granted executor ID app-20250213175026-0000/1 on hostPort 172.18.0.4:38387 with 2 core(s), 12.0 GiB RAM
[2025-02-13T17:50:26.731+0000] {subprocess.py:106} INFO - 25/02/13 17:50:26 INFO BlockManagerMaster: Registering BlockManager BlockManagerId(driver, 61e67732f9c4, 36477, None)
[2025-02-13T17:50:26.741+0000] {subprocess.py:106} INFO - 25/02/13 17:50:26 INFO BlockManagerMasterEndpoint: Registering block manager 61e67732f9c4:36477 with 434.4 MiB RAM, BlockManagerId(driver, 61e67732f9c4, 36477, None)
[2025-02-13T17:50:26.755+0000] {subprocess.py:106} INFO - 25/02/13 17:50:26 INFO BlockManagerMaster: Registered BlockManager BlockManagerId(driver, 61e67732f9c4, 36477, None)
[2025-02-13T17:50:26.764+0000] {subprocess.py:106} INFO - 25/02/13 17:50:26 INFO BlockManager: Initialized BlockManager: BlockManagerId(driver, 61e67732f9c4, 36477, None)
[2025-02-13T17:50:27.226+0000] {subprocess.py:106} INFO - 25/02/13 17:50:27 INFO StandaloneAppClient$ClientEndpoint: Executor updated: app-20250213175026-0000/1 is now RUNNING
[2025-02-13T17:50:27.228+0000] {subprocess.py:106} INFO - 25/02/13 17:50:27 INFO StandaloneAppClient$ClientEndpoint: Executor updated: app-20250213175026-0000/0 is now RUNNING
[2025-02-13T17:50:27.805+0000] {subprocess.py:106} INFO - 25/02/13 17:50:27 INFO StandaloneSchedulerBackend: SchedulerBackend is ready for scheduling beginning after reached minRegisteredResourcesRatio: 0.0
[2025-02-13T17:50:33.572+0000] {subprocess.py:106} INFO - 25/02/13 17:50:33 INFO StandaloneSchedulerBackend$StandaloneDriverEndpoint: Registered executor NettyRpcEndpointRef(spark-client://Executor) (172.18.0.4:33926) with ID 1,  ResourceProfileId 0
[2025-02-13T17:50:33.596+0000] {subprocess.py:106} INFO - 25/02/13 17:50:33 INFO StandaloneSchedulerBackend$StandaloneDriverEndpoint: Registered executor NettyRpcEndpointRef(spark-client://Executor) (172.18.0.7:57766) with ID 0,  ResourceProfileId 0
[2025-02-13T17:50:33.769+0000] {subprocess.py:106} INFO - 25/02/13 17:50:33 INFO BlockManagerMasterEndpoint: Registering block manager 172.18.0.7:37285 with 7.0 GiB RAM, BlockManagerId(0, 172.18.0.7, 37285, None)
[2025-02-13T17:50:33.773+0000] {subprocess.py:106} INFO - 25/02/13 17:50:33 INFO BlockManagerMasterEndpoint: Registering block manager 172.18.0.4:40601 with 7.0 GiB RAM, BlockManagerId(1, 172.18.0.4, 40601, None)
[2025-02-13T17:54:39.980+0000] {subprocess.py:106} INFO - 25/02/13 17:54:39 ERROR StandaloneSchedulerBackend: Application has been killed. Reason: Master removed our application: KILLED
[2025-02-13T17:54:41.255+0000] {subprocess.py:106} INFO - 25/02/13 17:54:41 ERROR Inbox: Ignoring error
[2025-02-13T17:54:41.256+0000] {subprocess.py:106} INFO - org.apache.spark.SparkException: Exiting due to error from cluster scheduler: Master removed our application: KILLED
[2025-02-13T17:54:41.257+0000] {subprocess.py:106} INFO - 	at org.apache.spark.errors.SparkCoreErrors$.clusterSchedulerError(SparkCoreErrors.scala:291)
[2025-02-13T17:54:41.258+0000] {subprocess.py:106} INFO - 	at org.apache.spark.scheduler.TaskSchedulerImpl.error(TaskSchedulerImpl.scala:981)
[2025-02-13T17:54:41.259+0000] {subprocess.py:106} INFO - 	at org.apache.spark.scheduler.cluster.StandaloneSchedulerBackend.dead(StandaloneSchedulerBackend.scala:165)
[2025-02-13T17:54:41.259+0000] {subprocess.py:106} INFO - 	at org.apache.spark.deploy.client.StandaloneAppClient$ClientEndpoint.markDead(StandaloneAppClient.scala:263)
[2025-02-13T17:54:41.260+0000] {subprocess.py:106} INFO - 	at org.apache.spark.deploy.client.StandaloneAppClient$ClientEndpoint$$anonfun$receive$1.applyOrElse(StandaloneAppClient.scala:170)
[2025-02-13T17:54:41.261+0000] {subprocess.py:106} INFO - 	at org.apache.spark.rpc.netty.Inbox.$anonfun$process$1(Inbox.scala:115)
[2025-02-13T17:54:41.261+0000] {subprocess.py:106} INFO - 	at org.apache.spark.rpc.netty.Inbox.safelyCall(Inbox.scala:213)
[2025-02-13T17:54:41.262+0000] {subprocess.py:106} INFO - 	at org.apache.spark.rpc.netty.Inbox.process(Inbox.scala:100)
[2025-02-13T17:54:41.263+0000] {subprocess.py:106} INFO - 	at org.apache.spark.rpc.netty.MessageLoop.org$apache$spark$rpc$netty$MessageLoop$$receiveLoop(MessageLoop.scala:75)
[2025-02-13T17:54:41.264+0000] {subprocess.py:106} INFO - 	at org.apache.spark.rpc.netty.MessageLoop$$anon$1.run(MessageLoop.scala:41)
[2025-02-13T17:54:41.276+0000] {subprocess.py:106} INFO - 	at java.base/java.util.concurrent.ThreadPoolExecutor.runWorker(ThreadPoolExecutor.java:1136)
[2025-02-13T17:54:41.278+0000] {subprocess.py:106} INFO - 	at java.base/java.util.concurrent.ThreadPoolExecutor$Worker.run(ThreadPoolExecutor.java:635)
[2025-02-13T17:54:41.285+0000] {subprocess.py:106} INFO - 	at java.base/java.lang.Thread.run(Thread.java:840)
[2025-02-13T17:54:41.292+0000] {subprocess.py:106} INFO - 25/02/13 17:54:41 INFO SparkContext: SparkContext is stopping with exitCode 0.
[2025-02-13T17:54:41.320+0000] {subprocess.py:106} INFO - 25/02/13 17:54:41 INFO SparkUI: Stopped Spark web UI at http://61e67732f9c4:4040
[2025-02-13T17:54:41.327+0000] {subprocess.py:106} INFO - 25/02/13 17:54:41 INFO StandaloneSchedulerBackend: Shutting down all executors
[2025-02-13T17:54:41.330+0000] {subprocess.py:106} INFO - 25/02/13 17:54:41 INFO StandaloneSchedulerBackend$StandaloneDriverEndpoint: Asking each executor to shut down
[2025-02-13T17:54:41.368+0000] {subprocess.py:106} INFO - 25/02/13 17:54:41 INFO MapOutputTrackerMasterEndpoint: MapOutputTrackerMasterEndpoint stopped!
[2025-02-13T17:54:41.391+0000] {subprocess.py:106} INFO - 25/02/13 17:54:41 INFO MemoryStore: MemoryStore cleared
[2025-02-13T17:54:41.392+0000] {subprocess.py:106} INFO - 25/02/13 17:54:41 INFO BlockManager: BlockManager stopped
[2025-02-13T17:54:41.407+0000] {subprocess.py:106} INFO - 25/02/13 17:54:41 INFO BlockManagerMaster: BlockManagerMaster stopped
[2025-02-13T17:54:41.409+0000] {subprocess.py:106} INFO - 25/02/13 17:54:41 INFO OutputCommitCoordinator$OutputCommitCoordinatorEndpoint: OutputCommitCoordinator stopped!
[2025-02-13T17:54:41.432+0000] {subprocess.py:106} INFO - 25/02/13 17:54:41 INFO SparkContext: Successfully stopped SparkContext
[2025-02-13T18:08:29.953+0000] {subprocess.py:106} INFO - Erro na execução: HTTPSConnectionPool(host='api.themoviedb.org', port=443): Max retries exceeded with url: /3/discover/movie?include_adult=false&include_video=false&language=en-US&page=4&sort_by=popularity.desc&primary_release_date.gte=2020-02-06&primary_release_date.lte=2020-02-06 (Caused by NewConnectionError('<urllib3.connection.HTTPSConnection object at 0x7fb91fc7bef0>: Failed to establish a new connection: [Errno 101] Network is unreachable'))
[2025-02-13T18:08:30.099+0000] {subprocess.py:106} INFO - 25/02/13 18:08:30 INFO ShutdownHookManager: Shutdown hook called
[2025-02-13T18:08:30.101+0000] {subprocess.py:106} INFO - 25/02/13 18:08:30 INFO ShutdownHookManager: Deleting directory /tmp/spark-fcc25eef-bebc-4b49-8d2d-b3c844a92c52/pyspark-560ce3ee-4918-42af-8dd7-fd128228c5df
[2025-02-13T18:08:30.105+0000] {subprocess.py:106} INFO - 25/02/13 18:08:30 INFO ShutdownHookManager: Deleting directory /tmp/spark-60401c10-ab32-4ba2-88f0-40b7fa4e7342
[2025-02-13T18:08:30.110+0000] {subprocess.py:106} INFO - 25/02/13 18:08:30 INFO ShutdownHookManager: Deleting directory /tmp/spark-fcc25eef-bebc-4b49-8d2d-b3c844a92c52
[2025-02-13T18:08:30.157+0000] {subprocess.py:110} INFO - Command exited with return code 0
[2025-02-13T18:08:30.205+0000] {taskinstance.py:341} INFO - ::group::Post task execution logs
[2025-02-13T18:08:30.206+0000] {taskinstance.py:353} INFO - Marking task as SUCCESS. dag_id=ing_mov_20_21, task_id=run_spark_script, run_id=manual__2025-02-13T17:50:11.841817+00:00, execution_date=20250213T175011, start_date=20250213T175015, end_date=20250213T180830
[2025-02-13T18:08:30.292+0000] {local_task_job_runner.py:266} INFO - Task exited with return code 0
[2025-02-13T18:08:30.327+0000] {taskinstance.py:3901} INFO - 0 downstream tasks scheduled from follow-on schedule check
[2025-02-13T18:08:30.330+0000] {local_task_job_runner.py:245} INFO - ::endgroup::
