[2025-02-13T20:41:42.325+0000] {local_task_job_runner.py:123} INFO - ::group::Pre task execution logs
[2025-02-13T20:41:42.354+0000] {taskinstance.py:2614} INFO - Dependencies all met for dep_context=non-requeueable deps ti=<TaskInstance: ing_mov_20_21.run_spark_script manual__2025-02-13T20:20:14.307501+00:00 [queued]>
[2025-02-13T20:41:42.370+0000] {taskinstance.py:2614} INFO - Dependencies all met for dep_context=requeueable deps ti=<TaskInstance: ing_mov_20_21.run_spark_script manual__2025-02-13T20:20:14.307501+00:00 [queued]>
[2025-02-13T20:41:42.372+0000] {taskinstance.py:2867} INFO - Starting attempt 2 of 2
[2025-02-13T20:41:42.396+0000] {taskinstance.py:2890} INFO - Executing <Task(BashOperator): run_spark_script> on 2025-02-13 20:20:14.307501+00:00
[2025-02-13T20:41:42.404+0000] {warnings.py:112} WARNING - /home/***/.local/lib/python3.12/site-packages/***/task/task_runner/standard_task_runner.py:70: DeprecationWarning: This process (pid=601) is multi-threaded, use of fork() may lead to deadlocks in the child.
  pid = os.fork()

[2025-02-13T20:41:42.406+0000] {standard_task_runner.py:72} INFO - Started process 602 to run task
[2025-02-13T20:41:42.406+0000] {standard_task_runner.py:104} INFO - Running: ['***', 'tasks', 'run', 'ing_mov_20_21', 'run_spark_script', 'manual__2025-02-13T20:20:14.307501+00:00', '--job-id', '9', '--raw', '--subdir', 'DAGS_FOLDER/scriptteste.py', '--cfg-path', '/tmp/tmpdvo2zb62']
[2025-02-13T20:41:42.408+0000] {standard_task_runner.py:105} INFO - Job 9: Subtask run_spark_script
[2025-02-13T20:41:42.488+0000] {task_command.py:467} INFO - Running <TaskInstance: ing_mov_20_21.run_spark_script manual__2025-02-13T20:20:14.307501+00:00 [running]> on host 4dbe8526a981
[2025-02-13T20:41:42.634+0000] {taskinstance.py:3134} INFO - Exporting env vars: AIRFLOW_CTX_DAG_OWNER='***' AIRFLOW_CTX_DAG_ID='ing_mov_20_21' AIRFLOW_CTX_TASK_ID='run_spark_script' AIRFLOW_CTX_EXECUTION_DATE='2025-02-13T20:20:14.307501+00:00' AIRFLOW_CTX_TRY_NUMBER='2' AIRFLOW_CTX_DAG_RUN_ID='manual__2025-02-13T20:20:14.307501+00:00'
[2025-02-13T20:41:42.635+0000] {taskinstance.py:732} INFO - ::endgroup::
[2025-02-13T20:41:42.661+0000] {subprocess.py:78} INFO - Tmp dir root location: /tmp
[2025-02-13T20:41:42.663+0000] {subprocess.py:88} INFO - Running command: ['/usr/bin/bash', '-c', 'spark-submit --packages org.apache.hadoop:hadoop-aws:3.3.6,com.amazonaws:aws-java-sdk-bundle:1.12.720 /opt/bitnami/spark/scripts/ing_mov_20_21.py']
[2025-02-13T20:41:42.678+0000] {subprocess.py:99} INFO - Output:
[2025-02-13T20:41:45.384+0000] {subprocess.py:106} INFO - :: loading settings :: url = jar:file:/home/***/.local/lib/python3.12/site-packages/pyspark/jars/ivy-2.5.1.jar!/org/apache/ivy/core/settings/ivysettings.xml
[2025-02-13T20:41:45.557+0000] {subprocess.py:106} INFO - Ivy Default Cache set to: /home/***/.ivy2/cache
[2025-02-13T20:41:45.558+0000] {subprocess.py:106} INFO - The jars for the packages stored in: /home/***/.ivy2/jars
[2025-02-13T20:41:45.565+0000] {subprocess.py:106} INFO - org.apache.hadoop#hadoop-aws added as a dependency
[2025-02-13T20:41:45.567+0000] {subprocess.py:106} INFO - com.amazonaws#aws-java-sdk-bundle added as a dependency
[2025-02-13T20:41:45.570+0000] {subprocess.py:106} INFO - :: resolving dependencies :: org.apache.spark#spark-submit-parent-8d4fe803-3bd6-4429-b1c5-172428d37d50;1.0
[2025-02-13T20:41:45.571+0000] {subprocess.py:106} INFO - 	confs: [default]
[2025-02-13T20:41:45.923+0000] {subprocess.py:106} INFO - 	found org.apache.hadoop#hadoop-aws;3.3.6 in central
[2025-02-13T20:41:46.016+0000] {subprocess.py:106} INFO - 	found org.wildfly.openssl#wildfly-openssl;1.1.3.Final in central
[2025-02-13T20:41:46.058+0000] {subprocess.py:106} INFO - 	found com.amazonaws#aws-java-sdk-bundle;1.12.720 in central
[2025-02-13T20:41:46.111+0000] {subprocess.py:106} INFO - :: resolution report :: resolve 515ms :: artifacts dl 26ms
[2025-02-13T20:41:46.112+0000] {subprocess.py:106} INFO - 	:: modules in use:
[2025-02-13T20:41:46.113+0000] {subprocess.py:106} INFO - 	com.amazonaws#aws-java-sdk-bundle;1.12.720 from central in [default]
[2025-02-13T20:41:46.113+0000] {subprocess.py:106} INFO - 	org.apache.hadoop#hadoop-aws;3.3.6 from central in [default]
[2025-02-13T20:41:46.114+0000] {subprocess.py:106} INFO - 	org.wildfly.openssl#wildfly-openssl;1.1.3.Final from central in [default]
[2025-02-13T20:41:46.115+0000] {subprocess.py:106} INFO - 	:: evicted modules:
[2025-02-13T20:41:46.116+0000] {subprocess.py:106} INFO - 	com.amazonaws#aws-java-sdk-bundle;1.12.367 by [com.amazonaws#aws-java-sdk-bundle;1.12.720] in [default]
[2025-02-13T20:41:46.117+0000] {subprocess.py:106} INFO - 	---------------------------------------------------------------------
[2025-02-13T20:41:46.118+0000] {subprocess.py:106} INFO - 	|                  |            modules            ||   artifacts   |
[2025-02-13T20:41:46.121+0000] {subprocess.py:106} INFO - 	|       conf       | number| search|dwnlded|evicted|| number|dwnlded|
[2025-02-13T20:41:46.123+0000] {subprocess.py:106} INFO - 	---------------------------------------------------------------------
[2025-02-13T20:41:46.124+0000] {subprocess.py:106} INFO - 	|      default     |   4   |   0   |   0   |   1   ||   3   |   0   |
[2025-02-13T20:41:46.125+0000] {subprocess.py:106} INFO - 	---------------------------------------------------------------------
[2025-02-13T20:41:46.126+0000] {subprocess.py:106} INFO - :: retrieving :: org.apache.spark#spark-submit-parent-8d4fe803-3bd6-4429-b1c5-172428d37d50
[2025-02-13T20:41:46.127+0000] {subprocess.py:106} INFO - 	confs: [default]
[2025-02-13T20:41:46.626+0000] {subprocess.py:106} INFO - 	1 artifacts copied, 2 already retrieved (371468kB/509ms)
[2025-02-13T20:41:46.924+0000] {subprocess.py:106} INFO - 25/02/13 20:41:46 WARN NativeCodeLoader: Unable to load native-hadoop library for your platform... using builtin-java classes where applicable
[2025-02-13T20:41:50.104+0000] {subprocess.py:106} INFO - 25/02/13 20:41:50 INFO SparkContext: Running Spark version 3.5.4
[2025-02-13T20:41:50.105+0000] {subprocess.py:106} INFO - 25/02/13 20:41:50 INFO SparkContext: OS info Linux, 5.15.167.4-microsoft-standard-WSL2, amd64
[2025-02-13T20:41:50.107+0000] {subprocess.py:106} INFO - 25/02/13 20:41:50 INFO SparkContext: Java version 17.0.14
[2025-02-13T20:41:50.147+0000] {subprocess.py:106} INFO - 25/02/13 20:41:50 INFO ResourceUtils: ==============================================================
[2025-02-13T20:41:50.148+0000] {subprocess.py:106} INFO - 25/02/13 20:41:50 INFO ResourceUtils: No custom resources configured for spark.driver.
[2025-02-13T20:41:50.149+0000] {subprocess.py:106} INFO - 25/02/13 20:41:50 INFO ResourceUtils: ==============================================================
[2025-02-13T20:41:50.150+0000] {subprocess.py:106} INFO - 25/02/13 20:41:50 INFO SparkContext: Submitted application: Movies_20_21
[2025-02-13T20:41:50.194+0000] {subprocess.py:106} INFO - 25/02/13 20:41:50 INFO ResourceProfile: Default ResourceProfile created, executor resources: Map(cores -> name: cores, amount: 2, script: , vendor: , memory -> name: memory, amount: 12288, script: , vendor: , offHeap -> name: offHeap, amount: 0, script: , vendor: ), task resources: Map(cpus -> name: cpus, amount: 1.0)
[2025-02-13T20:41:50.211+0000] {subprocess.py:106} INFO - 25/02/13 20:41:50 INFO ResourceProfile: Limiting resource is cpus at 2 tasks per executor
[2025-02-13T20:41:50.214+0000] {subprocess.py:106} INFO - 25/02/13 20:41:50 INFO ResourceProfileManager: Added ResourceProfile id: 0
[2025-02-13T20:41:50.298+0000] {subprocess.py:106} INFO - 25/02/13 20:41:50 INFO SecurityManager: Changing view acls to: ***
[2025-02-13T20:41:50.299+0000] {subprocess.py:106} INFO - 25/02/13 20:41:50 INFO SecurityManager: Changing modify acls to: ***
[2025-02-13T20:41:50.300+0000] {subprocess.py:106} INFO - 25/02/13 20:41:50 INFO SecurityManager: Changing view acls groups to:
[2025-02-13T20:41:50.301+0000] {subprocess.py:106} INFO - 25/02/13 20:41:50 INFO SecurityManager: Changing modify acls groups to:
[2025-02-13T20:41:50.302+0000] {subprocess.py:106} INFO - 25/02/13 20:41:50 INFO SecurityManager: SecurityManager: authentication disabled; ui acls disabled; users with view permissions: ***; groups with view permissions: EMPTY; users with modify permissions: ***; groups with modify permissions: EMPTY
[2025-02-13T20:41:50.706+0000] {subprocess.py:106} INFO - 25/02/13 20:41:50 INFO Utils: Successfully started service 'sparkDriver' on port 46519.
[2025-02-13T20:41:50.769+0000] {subprocess.py:106} INFO - 25/02/13 20:41:50 INFO SparkEnv: Registering MapOutputTracker
[2025-02-13T20:41:50.845+0000] {subprocess.py:106} INFO - 25/02/13 20:41:50 INFO SparkEnv: Registering BlockManagerMaster
[2025-02-13T20:41:50.878+0000] {subprocess.py:106} INFO - 25/02/13 20:41:50 INFO BlockManagerMasterEndpoint: Using org.apache.spark.storage.DefaultTopologyMapper for getting topology information
[2025-02-13T20:41:50.879+0000] {subprocess.py:106} INFO - 25/02/13 20:41:50 INFO BlockManagerMasterEndpoint: BlockManagerMasterEndpoint up
[2025-02-13T20:41:50.889+0000] {subprocess.py:106} INFO - 25/02/13 20:41:50 INFO SparkEnv: Registering BlockManagerMasterHeartbeat
[2025-02-13T20:41:50.929+0000] {subprocess.py:106} INFO - 25/02/13 20:41:50 INFO DiskBlockManager: Created local directory at /tmp/blockmgr-07a4e0f0-8c62-4781-a82a-876928f5d3db
[2025-02-13T20:41:50.961+0000] {subprocess.py:106} INFO - 25/02/13 20:41:50 INFO MemoryStore: MemoryStore started with capacity 434.4 MiB
[2025-02-13T20:41:50.992+0000] {subprocess.py:106} INFO - 25/02/13 20:41:50 INFO SparkEnv: Registering OutputCommitCoordinator
[2025-02-13T20:41:53.330+0000] {subprocess.py:106} INFO - 25/02/13 20:41:53 INFO JettyUtils: Start Jetty 0.0.0.0:4040 for SparkUI
[2025-02-13T20:41:53.478+0000] {subprocess.py:106} INFO - 25/02/13 20:41:53 INFO Utils: Successfully started service 'SparkUI' on port 4040.
[2025-02-13T20:41:53.570+0000] {subprocess.py:106} INFO - 25/02/13 20:41:53 INFO SparkContext: Added JAR file:///home/***/.ivy2/jars/org.apache.hadoop_hadoop-aws-3.3.6.jar at spark://4dbe8526a981:46519/jars/org.apache.hadoop_hadoop-aws-3.3.6.jar with timestamp 1739479310093
[2025-02-13T20:41:53.571+0000] {subprocess.py:106} INFO - 25/02/13 20:41:53 INFO SparkContext: Added JAR file:///home/***/.ivy2/jars/com.amazonaws_aws-java-sdk-bundle-1.12.720.jar at spark://4dbe8526a981:46519/jars/com.amazonaws_aws-java-sdk-bundle-1.12.720.jar with timestamp 1739479310093
[2025-02-13T20:41:53.573+0000] {subprocess.py:106} INFO - 25/02/13 20:41:53 INFO SparkContext: Added JAR file:///home/***/.ivy2/jars/org.wildfly.openssl_wildfly-openssl-1.1.3.Final.jar at spark://4dbe8526a981:46519/jars/org.wildfly.openssl_wildfly-openssl-1.1.3.Final.jar with timestamp 1739479310093
[2025-02-13T20:41:53.578+0000] {subprocess.py:106} INFO - 25/02/13 20:41:53 INFO SparkContext: Added file file:///home/***/.ivy2/jars/org.apache.hadoop_hadoop-aws-3.3.6.jar at spark://4dbe8526a981:46519/files/org.apache.hadoop_hadoop-aws-3.3.6.jar with timestamp 1739479310093
[2025-02-13T20:41:53.588+0000] {subprocess.py:106} INFO - 25/02/13 20:41:53 INFO Utils: Copying /home/***/.ivy2/jars/org.apache.hadoop_hadoop-aws-3.3.6.jar to /tmp/spark-031633cd-1e7a-4f85-92e0-5f8d823435da/userFiles-800fe87b-201d-4fdc-ab85-4e309f25448e/org.apache.hadoop_hadoop-aws-3.3.6.jar
[2025-02-13T20:41:53.603+0000] {subprocess.py:106} INFO - 25/02/13 20:41:53 INFO SparkContext: Added file file:///home/***/.ivy2/jars/com.amazonaws_aws-java-sdk-bundle-1.12.720.jar at spark://4dbe8526a981:46519/files/com.amazonaws_aws-java-sdk-bundle-1.12.720.jar with timestamp 1739479310093
[2025-02-13T20:41:53.604+0000] {subprocess.py:106} INFO - 25/02/13 20:41:53 INFO Utils: Copying /home/***/.ivy2/jars/com.amazonaws_aws-java-sdk-bundle-1.12.720.jar to /tmp/spark-031633cd-1e7a-4f85-92e0-5f8d823435da/userFiles-800fe87b-201d-4fdc-ab85-4e309f25448e/com.amazonaws_aws-java-sdk-bundle-1.12.720.jar
[2025-02-13T20:41:53.962+0000] {subprocess.py:106} INFO - 25/02/13 20:41:53 INFO SparkContext: Added file file:///home/***/.ivy2/jars/org.wildfly.openssl_wildfly-openssl-1.1.3.Final.jar at spark://4dbe8526a981:46519/files/org.wildfly.openssl_wildfly-openssl-1.1.3.Final.jar with timestamp 1739479310093
[2025-02-13T20:41:53.963+0000] {subprocess.py:106} INFO - 25/02/13 20:41:53 INFO Utils: Copying /home/***/.ivy2/jars/org.wildfly.openssl_wildfly-openssl-1.1.3.Final.jar to /tmp/spark-031633cd-1e7a-4f85-92e0-5f8d823435da/userFiles-800fe87b-201d-4fdc-ab85-4e309f25448e/org.wildfly.openssl_wildfly-openssl-1.1.3.Final.jar
[2025-02-13T20:41:54.114+0000] {subprocess.py:106} INFO - 25/02/13 20:41:54 INFO StandaloneAppClient$ClientEndpoint: Connecting to master spark://spark:7077...
[2025-02-13T20:41:54.192+0000] {subprocess.py:106} INFO - 25/02/13 20:41:54 INFO TransportClientFactory: Successfully created connection to spark/172.18.0.5:7077 after 49 ms (0 ms spent in bootstraps)
[2025-02-13T20:41:54.364+0000] {subprocess.py:106} INFO - 25/02/13 20:41:54 INFO StandaloneSchedulerBackend: Connected to Spark cluster with app ID app-20250213204154-0001
[2025-02-13T20:41:54.368+0000] {subprocess.py:106} INFO - 25/02/13 20:41:54 INFO StandaloneAppClient$ClientEndpoint: Executor added: app-20250213204154-0001/0 on worker-20250213201706-172.18.0.2-33497 (172.18.0.2:33497) with 2 core(s)
[2025-02-13T20:41:54.386+0000] {subprocess.py:106} INFO - 25/02/13 20:41:54 INFO StandaloneSchedulerBackend: Granted executor ID app-20250213204154-0001/0 on hostPort 172.18.0.2:33497 with 2 core(s), 12.0 GiB RAM
[2025-02-13T20:41:54.388+0000] {subprocess.py:106} INFO - 25/02/13 20:41:54 INFO StandaloneAppClient$ClientEndpoint: Executor added: app-20250213204154-0001/1 on worker-20250213201707-172.18.0.4-34091 (172.18.0.4:34091) with 2 core(s)
[2025-02-13T20:41:54.391+0000] {subprocess.py:106} INFO - 25/02/13 20:41:54 INFO StandaloneSchedulerBackend: Granted executor ID app-20250213204154-0001/1 on hostPort 172.18.0.4:34091 with 2 core(s), 12.0 GiB RAM
[2025-02-13T20:41:54.393+0000] {subprocess.py:106} INFO - 25/02/13 20:41:54 INFO Utils: Successfully started service 'org.apache.spark.network.netty.NettyBlockTransferService' on port 46773.
[2025-02-13T20:41:54.394+0000] {subprocess.py:106} INFO - 25/02/13 20:41:54 INFO NettyBlockTransferService: Server created on 4dbe8526a981:46773
[2025-02-13T20:41:54.401+0000] {subprocess.py:106} INFO - 25/02/13 20:41:54 INFO BlockManager: Using org.apache.spark.storage.RandomBlockReplicationPolicy for block replication policy
[2025-02-13T20:41:54.405+0000] {subprocess.py:106} INFO - 25/02/13 20:41:54 INFO BlockManagerMaster: Registering BlockManager BlockManagerId(driver, 4dbe8526a981, 46773, None)
[2025-02-13T20:41:54.426+0000] {subprocess.py:106} INFO - 25/02/13 20:41:54 INFO BlockManagerMasterEndpoint: Registering block manager 4dbe8526a981:46773 with 434.4 MiB RAM, BlockManagerId(driver, 4dbe8526a981, 46773, None)
[2025-02-13T20:41:54.433+0000] {subprocess.py:106} INFO - 25/02/13 20:41:54 INFO BlockManagerMaster: Registered BlockManager BlockManagerId(driver, 4dbe8526a981, 46773, None)
[2025-02-13T20:41:54.445+0000] {subprocess.py:106} INFO - 25/02/13 20:41:54 INFO BlockManager: Initialized BlockManager: BlockManagerId(driver, 4dbe8526a981, 46773, None)
[2025-02-13T20:41:54.490+0000] {subprocess.py:106} INFO - 25/02/13 20:41:54 INFO StandaloneAppClient$ClientEndpoint: Executor updated: app-20250213204154-0001/0 is now RUNNING
[2025-02-13T20:41:54.503+0000] {subprocess.py:106} INFO - 25/02/13 20:41:54 INFO StandaloneAppClient$ClientEndpoint: Executor updated: app-20250213204154-0001/1 is now RUNNING
[2025-02-13T20:41:55.129+0000] {subprocess.py:106} INFO - 25/02/13 20:41:55 INFO StandaloneSchedulerBackend: SchedulerBackend is ready for scheduling beginning after reached minRegisteredResourcesRatio: 0.0
[2025-02-13T20:42:01.546+0000] {subprocess.py:106} INFO - 25/02/13 20:42:01 INFO StandaloneSchedulerBackend$StandaloneDriverEndpoint: Registered executor NettyRpcEndpointRef(spark-client://Executor) (172.18.0.4:39156) with ID 1,  ResourceProfileId 0
[2025-02-13T20:42:01.673+0000] {subprocess.py:106} INFO - 25/02/13 20:42:01 INFO StandaloneSchedulerBackend$StandaloneDriverEndpoint: Registered executor NettyRpcEndpointRef(spark-client://Executor) (172.18.0.2:44908) with ID 0,  ResourceProfileId 0
[2025-02-13T20:42:01.809+0000] {subprocess.py:106} INFO - 25/02/13 20:42:01 INFO BlockManagerMasterEndpoint: Registering block manager 172.18.0.4:33113 with 7.0 GiB RAM, BlockManagerId(1, 172.18.0.4, 33113, None)
[2025-02-13T20:42:01.844+0000] {subprocess.py:106} INFO - 25/02/13 20:42:01 INFO BlockManagerMasterEndpoint: Registering block manager 172.18.0.2:45553 with 7.0 GiB RAM, BlockManagerId(0, 172.18.0.2, 45553, None)
[2025-02-13T20:42:43.671+0000] {job.py:229} INFO - Heartbeat recovered after 38.55 seconds
[2025-02-13T20:43:29.400+0000] {job.py:229} INFO - Heartbeat recovered after 76.85 seconds
[2025-02-13T20:44:11.786+0000] {job.py:229} INFO - Heartbeat recovered after 83.05 seconds
[2025-02-13T20:44:16.852+0000] {job.py:229} INFO - Heartbeat recovered after 42.39 seconds
[2025-02-13T20:52:27.158+0000] {job.py:229} INFO - Heartbeat recovered after 39.38 seconds
[2025-02-13T20:52:34.888+0000] {job.py:229} INFO - Heartbeat recovered after 42.05 seconds
[2025-02-13T20:52:52.861+0000] {subprocess.py:106} INFO - 25/02/13 20:52:52 INFO StandaloneAppClient$ClientEndpoint: Executor updated: app-20250213204154-0001/1 is now LOST (worker lost: 172.18.0.4:34091 got disassociated)
[2025-02-13T20:52:52.862+0000] {subprocess.py:106} INFO - 25/02/13 20:52:52 INFO StandaloneSchedulerBackend: Executor app-20250213204154-0001/1 removed: worker lost: 172.18.0.4:34091 got disassociated
