[2025-02-21T14:49:00.086+0000] {local_task_job_runner.py:123} INFO - ::group::Pre task execution logs
[2025-02-21T14:49:00.108+0000] {taskinstance.py:2614} INFO - Dependencies all met for dep_context=non-requeueable deps ti=<TaskInstance: ing_mov_20_21.run_spark_script manual__2025-02-21T14:48:59.214868+00:00 [queued]>
[2025-02-21T14:49:00.116+0000] {taskinstance.py:2614} INFO - Dependencies all met for dep_context=requeueable deps ti=<TaskInstance: ing_mov_20_21.run_spark_script manual__2025-02-21T14:48:59.214868+00:00 [queued]>
[2025-02-21T14:49:00.117+0000] {taskinstance.py:2867} INFO - Starting attempt 1 of 2
[2025-02-21T14:49:00.131+0000] {taskinstance.py:2890} INFO - Executing <Task(SparkSubmitOperator): run_spark_script> on 2025-02-21 14:48:59.214868+00:00
[2025-02-21T14:49:00.136+0000] {warnings.py:112} WARNING - /home/***/.local/lib/python3.12/site-packages/***/task/task_runner/standard_task_runner.py:70: DeprecationWarning: This process (pid=164) is multi-threaded, use of fork() may lead to deadlocks in the child.
  pid = os.fork()

[2025-02-21T14:49:00.137+0000] {standard_task_runner.py:72} INFO - Started process 165 to run task
[2025-02-21T14:49:00.137+0000] {standard_task_runner.py:104} INFO - Running: ['***', 'tasks', 'run', 'ing_mov_20_21', 'run_spark_script', 'manual__2025-02-21T14:48:59.214868+00:00', '--job-id', '4', '--raw', '--subdir', 'DAGS_FOLDER/scriptteste.py', '--cfg-path', '/tmp/tmph9_2a640']
[2025-02-21T14:49:00.138+0000] {standard_task_runner.py:105} INFO - Job 4: Subtask run_spark_script
[2025-02-21T14:49:00.189+0000] {task_command.py:467} INFO - Running <TaskInstance: ing_mov_20_21.run_spark_script manual__2025-02-21T14:48:59.214868+00:00 [running]> on host 807a91bedaaf
[2025-02-21T14:49:00.272+0000] {taskinstance.py:3134} INFO - Exporting env vars: AIRFLOW_CTX_DAG_OWNER='***' AIRFLOW_CTX_DAG_ID='ing_mov_20_21' AIRFLOW_CTX_TASK_ID='run_spark_script' AIRFLOW_CTX_EXECUTION_DATE='2025-02-21T14:48:59.214868+00:00' AIRFLOW_CTX_TRY_NUMBER='1' AIRFLOW_CTX_DAG_RUN_ID='manual__2025-02-21T14:48:59.214868+00:00'
[2025-02-21T14:49:00.273+0000] {taskinstance.py:732} INFO - ::endgroup::
[2025-02-21T14:49:00.298+0000] {base.py:84} INFO - Retrieving connection 'spark_default'
[2025-02-21T14:49:00.299+0000] {spark_submit.py:328} ERROR - Failed to decode base64 keytab: Invalid base64-encoded string: number of data characters (5) cannot be 1 more than a multiple of 4
[2025-02-21T14:49:00.301+0000] {spark_submit.py:305} INFO - Could not load connection string spark_default, defaulting to local[*]
[2025-02-21T14:49:00.303+0000] {spark_submit.py:474} INFO - Spark-Submit cmd: spark-submit --master local[*] --driver-memory 4g --principal admin --name arrow-spark --verbose --queue root.default --deploy-mode client /opt/bitnami/spark/scripts/ing_mov_20_21.py
[2025-02-21T14:49:01.585+0000] {spark_submit.py:641} INFO - Using properties file: null
[2025-02-21T14:49:01.699+0000] {spark_submit.py:641} INFO - Parsed arguments:
[2025-02-21T14:49:01.700+0000] {spark_submit.py:641} INFO - master                  local[*]
[2025-02-21T14:49:01.700+0000] {spark_submit.py:641} INFO - remote                  null
[2025-02-21T14:49:01.701+0000] {spark_submit.py:641} INFO - deployMode              client
[2025-02-21T14:49:01.701+0000] {spark_submit.py:641} INFO - executorMemory          null
[2025-02-21T14:49:01.703+0000] {spark_submit.py:641} INFO - executorCores           null
[2025-02-21T14:49:01.704+0000] {spark_submit.py:641} INFO - totalExecutorCores      null
[2025-02-21T14:49:01.705+0000] {spark_submit.py:641} INFO - propertiesFile          null
[2025-02-21T14:49:01.705+0000] {spark_submit.py:641} INFO - driverMemory            4g
[2025-02-21T14:49:01.706+0000] {spark_submit.py:641} INFO - driverCores             null
[2025-02-21T14:49:01.706+0000] {spark_submit.py:641} INFO - driverExtraClassPath    null
[2025-02-21T14:49:01.707+0000] {spark_submit.py:641} INFO - driverExtraLibraryPath  null
[2025-02-21T14:49:01.707+0000] {spark_submit.py:641} INFO - driverExtraJavaOptions  null
[2025-02-21T14:49:01.708+0000] {spark_submit.py:641} INFO - supervise               false
[2025-02-21T14:49:01.708+0000] {spark_submit.py:641} INFO - queue                   root.default
[2025-02-21T14:49:01.713+0000] {spark_submit.py:641} INFO - numExecutors            null
[2025-02-21T14:49:01.714+0000] {spark_submit.py:641} INFO - files                   null
[2025-02-21T14:49:01.715+0000] {spark_submit.py:641} INFO - pyFiles                 null
[2025-02-21T14:49:01.718+0000] {spark_submit.py:641} INFO - archives                null
[2025-02-21T14:49:01.719+0000] {spark_submit.py:641} INFO - mainClass               null
[2025-02-21T14:49:01.719+0000] {spark_submit.py:641} INFO - primaryResource         file:/opt/bitnami/spark/scripts/ing_mov_20_21.py
[2025-02-21T14:49:01.720+0000] {spark_submit.py:641} INFO - name                    arrow-spark
[2025-02-21T14:49:01.720+0000] {spark_submit.py:641} INFO - childArgs               []
[2025-02-21T14:49:01.721+0000] {spark_submit.py:641} INFO - jars                    null
[2025-02-21T14:49:01.721+0000] {spark_submit.py:641} INFO - packages                null
[2025-02-21T14:49:01.721+0000] {spark_submit.py:641} INFO - packagesExclusions      null
[2025-02-21T14:49:01.722+0000] {spark_submit.py:641} INFO - repositories            null
[2025-02-21T14:49:01.722+0000] {spark_submit.py:641} INFO - verbose                 true
[2025-02-21T14:49:01.724+0000] {spark_submit.py:641} INFO - 
[2025-02-21T14:49:01.724+0000] {spark_submit.py:641} INFO - Spark properties used, including those specified through
[2025-02-21T14:49:01.725+0000] {spark_submit.py:641} INFO - --conf and those from the properties file null:
[2025-02-21T14:49:01.725+0000] {spark_submit.py:641} INFO - (spark.driver.memory,4g)
[2025-02-21T14:49:01.726+0000] {spark_submit.py:641} INFO - 
[2025-02-21T14:49:01.727+0000] {spark_submit.py:641} INFO - 
[2025-02-21T14:49:01.930+0000] {spark_submit.py:641} INFO - Main class:
[2025-02-21T14:49:01.931+0000] {spark_submit.py:641} INFO - org.apache.spark.deploy.PythonRunner
[2025-02-21T14:49:01.932+0000] {spark_submit.py:641} INFO - Arguments:
[2025-02-21T14:49:01.934+0000] {spark_submit.py:641} INFO - file:/opt/bitnami/spark/scripts/ing_mov_20_21.py
[2025-02-21T14:49:01.934+0000] {spark_submit.py:641} INFO - null
[2025-02-21T14:49:01.935+0000] {spark_submit.py:641} INFO - Spark config:
[2025-02-21T14:49:01.935+0000] {spark_submit.py:641} INFO - (spark.app.name,arrow-spark)
[2025-02-21T14:49:01.936+0000] {spark_submit.py:641} INFO - (spark.app.submitTime,1740149341913)
[2025-02-21T14:49:01.936+0000] {spark_submit.py:641} INFO - (spark.driver.memory,4g)
[2025-02-21T14:49:01.937+0000] {spark_submit.py:641} INFO - (spark.kerberos.principal,admin)
[2025-02-21T14:49:01.937+0000] {spark_submit.py:641} INFO - (spark.master,local[*])
[2025-02-21T14:49:01.937+0000] {spark_submit.py:641} INFO - (spark.submit.deployMode,client)
[2025-02-21T14:49:01.938+0000] {spark_submit.py:641} INFO - (spark.submit.pyFiles,)
[2025-02-21T14:49:01.939+0000] {spark_submit.py:641} INFO - Classpath elements:
[2025-02-21T14:49:01.940+0000] {spark_submit.py:641} INFO - 
[2025-02-21T14:49:01.941+0000] {spark_submit.py:641} INFO - 
[2025-02-21T14:49:01.941+0000] {spark_submit.py:641} INFO - 
[2025-02-21T14:49:03.293+0000] {spark_submit.py:641} INFO - 25/02/21 14:49:03 INFO SparkContext: Running Spark version 3.5.4
[2025-02-21T14:49:03.295+0000] {spark_submit.py:641} INFO - 25/02/21 14:49:03 INFO SparkContext: OS info Linux, 5.15.167.4-microsoft-standard-WSL2, amd64
[2025-02-21T14:49:03.296+0000] {spark_submit.py:641} INFO - 25/02/21 14:49:03 INFO SparkContext: Java version 17.0.14
[2025-02-21T14:49:03.350+0000] {spark_submit.py:641} INFO - 25/02/21 14:49:03 WARN NativeCodeLoader: Unable to load native-hadoop library for your platform... using builtin-java classes where applicable
[2025-02-21T14:49:03.444+0000] {spark_submit.py:641} INFO - 25/02/21 14:49:03 INFO ResourceUtils: ==============================================================
[2025-02-21T14:49:03.445+0000] {spark_submit.py:641} INFO - 25/02/21 14:49:03 INFO ResourceUtils: No custom resources configured for spark.driver.
[2025-02-21T14:49:03.446+0000] {spark_submit.py:641} INFO - 25/02/21 14:49:03 INFO ResourceUtils: ==============================================================
[2025-02-21T14:49:03.447+0000] {spark_submit.py:641} INFO - 25/02/21 14:49:03 INFO SparkContext: Submitted application: Movies_20_21
[2025-02-21T14:49:03.466+0000] {spark_submit.py:641} INFO - 25/02/21 14:49:03 INFO ResourceProfile: Default ResourceProfile created, executor resources: Map(cores -> name: cores, amount: 1, script: , vendor: , memory -> name: memory, amount: 8192, script: , vendor: , offHeap -> name: offHeap, amount: 0, script: , vendor: ), task resources: Map(cpus -> name: cpus, amount: 1.0)
[2025-02-21T14:49:03.476+0000] {spark_submit.py:641} INFO - 25/02/21 14:49:03 INFO ResourceProfile: Limiting resource is cpus at 1 tasks per executor
[2025-02-21T14:49:03.478+0000] {spark_submit.py:641} INFO - 25/02/21 14:49:03 INFO ResourceProfileManager: Added ResourceProfile id: 0
[2025-02-21T14:49:03.524+0000] {spark_submit.py:641} INFO - 25/02/21 14:49:03 INFO SecurityManager: Changing view acls to: ***
[2025-02-21T14:49:03.524+0000] {spark_submit.py:641} INFO - 25/02/21 14:49:03 INFO SecurityManager: Changing modify acls to: ***
[2025-02-21T14:49:03.525+0000] {spark_submit.py:641} INFO - 25/02/21 14:49:03 INFO SecurityManager: Changing view acls groups to:
[2025-02-21T14:49:03.525+0000] {spark_submit.py:641} INFO - 25/02/21 14:49:03 INFO SecurityManager: Changing modify acls groups to:
[2025-02-21T14:49:03.526+0000] {spark_submit.py:641} INFO - 25/02/21 14:49:03 INFO SecurityManager: SecurityManager: authentication disabled; ui acls disabled; users with view permissions: ***; groups with view permissions: EMPTY; users with modify permissions: ***; groups with modify permissions: EMPTY
[2025-02-21T14:49:03.720+0000] {spark_submit.py:641} INFO - 25/02/21 14:49:03 INFO Utils: Successfully started service 'sparkDriver' on port 45655.
[2025-02-21T14:49:03.740+0000] {spark_submit.py:641} INFO - 25/02/21 14:49:03 INFO SparkEnv: Registering MapOutputTracker
[2025-02-21T14:49:03.769+0000] {spark_submit.py:641} INFO - 25/02/21 14:49:03 INFO SparkEnv: Registering BlockManagerMaster
[2025-02-21T14:49:03.782+0000] {spark_submit.py:641} INFO - 25/02/21 14:49:03 INFO BlockManagerMasterEndpoint: Using org.apache.spark.storage.DefaultTopologyMapper for getting topology information
[2025-02-21T14:49:03.783+0000] {spark_submit.py:641} INFO - 25/02/21 14:49:03 INFO BlockManagerMasterEndpoint: BlockManagerMasterEndpoint up
[2025-02-21T14:49:03.788+0000] {spark_submit.py:641} INFO - 25/02/21 14:49:03 INFO SparkEnv: Registering BlockManagerMasterHeartbeat
[2025-02-21T14:49:03.807+0000] {spark_submit.py:641} INFO - 25/02/21 14:49:03 INFO DiskBlockManager: Created local directory at /tmp/blockmgr-0e051b06-96b4-4b65-bf43-df39a6093ac1
[2025-02-21T14:49:03.820+0000] {spark_submit.py:641} INFO - 25/02/21 14:49:03 INFO MemoryStore: MemoryStore started with capacity 2.2 GiB
[2025-02-21T14:49:03.836+0000] {spark_submit.py:641} INFO - 25/02/21 14:49:03 INFO SparkEnv: Registering OutputCommitCoordinator
[2025-02-21T14:49:03.954+0000] {spark_submit.py:641} INFO - 25/02/21 14:49:03 INFO JettyUtils: Start Jetty 0.0.0.0:4040 for SparkUI
[2025-02-21T14:49:04.010+0000] {spark_submit.py:641} INFO - 25/02/21 14:49:04 INFO Utils: Successfully started service 'SparkUI' on port 4040.
[2025-02-21T14:49:04.156+0000] {spark_submit.py:641} INFO - 25/02/21 14:49:04 INFO StandaloneAppClient$ClientEndpoint: Connecting to master spark://spark:7077...
[2025-02-21T14:49:04.200+0000] {spark_submit.py:641} INFO - 25/02/21 14:49:04 INFO TransportClientFactory: Successfully created connection to spark/172.18.0.5:7077 after 27 ms (0 ms spent in bootstraps)
[2025-02-21T14:49:04.332+0000] {spark_submit.py:641} INFO - 25/02/21 14:49:04 INFO StandaloneSchedulerBackend: Connected to Spark cluster with app ID app-20250221144904-0000
[2025-02-21T14:49:04.340+0000] {spark_submit.py:641} INFO - 25/02/21 14:49:04 INFO Utils: Successfully started service 'org.apache.spark.network.netty.NettyBlockTransferService' on port 35507.
[2025-02-21T14:49:04.342+0000] {spark_submit.py:641} INFO - 25/02/21 14:49:04 INFO NettyBlockTransferService: Server created on 807a91bedaaf:35507
[2025-02-21T14:49:04.344+0000] {spark_submit.py:641} INFO - 25/02/21 14:49:04 INFO BlockManager: Using org.apache.spark.storage.RandomBlockReplicationPolicy for block replication policy
[2025-02-21T14:49:04.352+0000] {spark_submit.py:641} INFO - 25/02/21 14:49:04 INFO BlockManagerMaster: Registering BlockManager BlockManagerId(driver, 807a91bedaaf, 35507, None)
[2025-02-21T14:49:04.356+0000] {spark_submit.py:641} INFO - 25/02/21 14:49:04 INFO BlockManagerMasterEndpoint: Registering block manager 807a91bedaaf:35507 with 2.2 GiB RAM, BlockManagerId(driver, 807a91bedaaf, 35507, None)
[2025-02-21T14:49:04.363+0000] {spark_submit.py:641} INFO - 25/02/21 14:49:04 INFO BlockManagerMaster: Registered BlockManager BlockManagerId(driver, 807a91bedaaf, 35507, None)
[2025-02-21T14:49:04.375+0000] {spark_submit.py:641} INFO - 25/02/21 14:49:04 INFO StandaloneAppClient$ClientEndpoint: Executor added: app-20250221144904-0000/0 on worker-20250221144450-172.18.0.6-36133 (172.18.0.6:36133) with 1 core(s)
[2025-02-21T14:49:04.385+0000] {spark_submit.py:641} INFO - 25/02/21 14:49:04 INFO StandaloneSchedulerBackend: Granted executor ID app-20250221144904-0000/0 on hostPort 172.18.0.6:36133 with 1 core(s), 8.0 GiB RAM
[2025-02-21T14:49:04.385+0000] {spark_submit.py:641} INFO - 25/02/21 14:49:04 INFO StandaloneAppClient$ClientEndpoint: Executor added: app-20250221144904-0000/1 on worker-20250221144450-172.18.0.3-34853 (172.18.0.3:34853) with 1 core(s)
[2025-02-21T14:49:04.386+0000] {spark_submit.py:641} INFO - 25/02/21 14:49:04 INFO StandaloneSchedulerBackend: Granted executor ID app-20250221144904-0000/1 on hostPort 172.18.0.3:34853 with 1 core(s), 8.0 GiB RAM
[2025-02-21T14:49:04.386+0000] {spark_submit.py:641} INFO - 25/02/21 14:49:04 INFO BlockManager: Initialized BlockManager: BlockManagerId(driver, 807a91bedaaf, 35507, None)
[2025-02-21T14:49:04.580+0000] {spark_submit.py:641} INFO - 25/02/21 14:49:04 INFO StandaloneAppClient$ClientEndpoint: Executor updated: app-20250221144904-0000/0 is now RUNNING
[2025-02-21T14:49:04.644+0000] {spark_submit.py:641} INFO - 25/02/21 14:49:04 INFO StandaloneAppClient$ClientEndpoint: Executor updated: app-20250221144904-0000/1 is now RUNNING
[2025-02-21T14:49:04.728+0000] {spark_submit.py:641} INFO - 25/02/21 14:49:04 INFO StandaloneSchedulerBackend: SchedulerBackend is ready for scheduling beginning after reached minRegisteredResourcesRatio: 0.0
[2025-02-21T14:49:05.605+0000] {spark_submit.py:641} INFO - INFO:__main__:Coletando dados para 2020-01-01...
[2025-02-21T14:49:08.200+0000] {spark_submit.py:641} INFO - 25/02/21 14:49:08 INFO StandaloneSchedulerBackend$StandaloneDriverEndpoint: Registered executor NettyRpcEndpointRef(spark-client://Executor) (172.18.0.3:44640) with ID 1,  ResourceProfileId 0
[2025-02-21T14:49:08.314+0000] {spark_submit.py:641} INFO - 25/02/21 14:49:08 INFO BlockManagerMasterEndpoint: Registering block manager 172.18.0.3:43713 with 4.6 GiB RAM, BlockManagerId(1, 172.18.0.3, 43713, None)
[2025-02-21T14:49:08.378+0000] {spark_submit.py:641} INFO - 25/02/21 14:49:08 INFO StandaloneSchedulerBackend$StandaloneDriverEndpoint: Registered executor NettyRpcEndpointRef(spark-client://Executor) (172.18.0.6:58488) with ID 0,  ResourceProfileId 0
[2025-02-21T14:49:08.451+0000] {spark_submit.py:641} INFO - 25/02/21 14:49:08 INFO BlockManagerMasterEndpoint: Registering block manager 172.18.0.6:44019 with 4.6 GiB RAM, BlockManagerId(0, 172.18.0.6, 44019, None)
[2025-02-21T14:50:04.562+0000] {spark_submit.py:641} INFO - INFO:__main__:Coletando dados para 2020-01-02...
[2025-02-21T14:50:06.841+0000] {spark_submit.py:641} INFO - INFO:__main__:Coletando dados para 2020-01-03...
[2025-02-21T14:50:09.223+0000] {spark_submit.py:641} INFO - INFO:__main__:Coletando dados para 2020-01-04...
[2025-02-21T14:50:10.237+0000] {spark_submit.py:641} INFO - INFO:__main__:Coletando dados para 2020-01-05...
[2025-02-21T14:50:11.252+0000] {spark_submit.py:641} INFO - INFO:__main__:Coletando dados para 2020-01-06...
[2025-02-21T14:50:12.890+0000] {spark_submit.py:641} INFO - INFO:__main__:Coletando dados para 2020-01-07...
[2025-02-21T14:50:14.630+0000] {spark_submit.py:641} INFO - INFO:__main__:Coletando dados para 2020-01-08...
[2025-02-21T14:50:16.288+0000] {spark_submit.py:641} INFO - INFO:__main__:Coletando dados para 2020-01-09...
[2025-02-21T14:50:18.557+0000] {spark_submit.py:641} INFO - INFO:__main__:Coletando dados para 2020-01-10...
[2025-02-21T14:50:22.240+0000] {spark_submit.py:641} INFO - INFO:__main__:Coletando dados para 2020-01-11...
[2025-02-21T14:50:23.882+0000] {spark_submit.py:641} INFO - INFO:__main__:Coletando dados para 2020-01-12...
[2025-02-21T14:50:25.528+0000] {spark_submit.py:641} INFO - INFO:__main__:Coletando dados para 2020-01-13...
[2025-02-21T14:50:26.583+0000] {spark_submit.py:641} INFO - INFO:__main__:Coletando dados para 2020-01-14...
[2025-02-21T14:50:28.221+0000] {spark_submit.py:641} INFO - INFO:__main__:Coletando dados para 2020-01-15...
[2025-02-21T14:50:30.500+0000] {spark_submit.py:641} INFO - INFO:__main__:Coletando dados para 2020-01-16...
[2025-02-21T14:50:33.045+0000] {spark_submit.py:641} INFO - INFO:__main__:Coletando dados para 2020-01-17...
[2025-02-21T14:50:36.028+0000] {spark_submit.py:641} INFO - INFO:__main__:Coletando dados para 2020-01-18...
[2025-02-21T14:50:38.328+0000] {spark_submit.py:641} INFO - INFO:__main__:Coletando dados para 2020-01-19...
[2025-02-21T14:50:39.341+0000] {spark_submit.py:641} INFO - INFO:__main__:Coletando dados para 2020-01-20...
[2025-02-21T14:50:41.045+0000] {spark_submit.py:641} INFO - INFO:__main__:Coletando dados para 2020-01-21...
[2025-02-21T14:50:42.682+0000] {spark_submit.py:641} INFO - INFO:__main__:Coletando dados para 2020-01-22...
[2025-02-21T14:50:45.658+0000] {spark_submit.py:641} INFO - INFO:__main__:Coletando dados para 2020-01-23...
[2025-02-21T14:50:49.278+0000] {spark_submit.py:641} INFO - INFO:__main__:Coletando dados para 2020-01-24...
[2025-02-21T14:50:54.193+0000] {spark_submit.py:641} INFO - INFO:__main__:Coletando dados para 2020-01-25...
[2025-02-21T14:50:58.521+0000] {spark_submit.py:641} INFO - INFO:__main__:Coletando dados para 2020-01-26...
[2025-02-21T14:51:00.822+0000] {spark_submit.py:641} INFO - INFO:__main__:Coletando dados para 2020-01-27...
[2025-02-21T14:51:03.088+0000] {spark_submit.py:641} INFO - INFO:__main__:Coletando dados para 2020-01-28...
[2025-02-21T14:51:05.451+0000] {spark_submit.py:641} INFO - INFO:__main__:Coletando dados para 2020-01-29...
[2025-02-21T14:51:07.730+0000] {spark_submit.py:641} INFO - INFO:__main__:Coletando dados para 2020-01-30...
[2025-02-21T14:51:10.691+0000] {spark_submit.py:641} INFO - INFO:__main__:Coletando dados para 2020-01-31...
[2025-02-21T14:51:14.930+0000] {spark_submit.py:641} INFO - INFO:__main__:Coletando dados para 2020-02-01...
[2025-02-21T14:51:20.451+0000] {spark_submit.py:641} INFO - INFO:__main__:Coletando dados para 2020-02-02...
[2025-02-21T14:51:22.082+0000] {spark_submit.py:641} INFO - INFO:__main__:Coletando dados para 2020-02-03...
[2025-02-21T14:51:23.132+0000] {spark_submit.py:641} INFO - INFO:__main__:Coletando dados para 2020-02-04...
[2025-02-21T14:51:24.816+0000] {spark_submit.py:641} INFO - INFO:__main__:Coletando dados para 2020-02-05...
[2025-02-21T14:51:27.104+0000] {spark_submit.py:641} INFO - INFO:__main__:Coletando dados para 2020-02-06...
[2025-02-21T14:51:29.496+0000] {spark_submit.py:641} INFO - INFO:__main__:Coletando dados para 2020-02-07...
[2025-02-21T14:51:33.692+0000] {spark_submit.py:641} INFO - INFO:__main__:Coletando dados para 2020-02-08...
[2025-02-21T14:51:35.409+0000] {spark_submit.py:641} INFO - INFO:__main__:Coletando dados para 2020-02-09...
[2025-02-21T14:51:37.711+0000] {spark_submit.py:641} INFO - INFO:__main__:Coletando dados para 2020-02-10...
[2025-02-21T14:51:39.352+0000] {spark_submit.py:641} INFO - INFO:__main__:Coletando dados para 2020-02-11...
[2025-02-21T14:51:40.989+0000] {spark_submit.py:641} INFO - INFO:__main__:Coletando dados para 2020-02-12...
[2025-02-21T14:51:43.413+0000] {spark_submit.py:641} INFO - INFO:__main__:Coletando dados para 2020-02-13...
[2025-02-21T14:51:45.704+0000] {spark_submit.py:641} INFO - INFO:__main__:Coletando dados para 2020-02-14...
[2025-02-21T14:51:51.335+0000] {spark_submit.py:641} INFO - INFO:__main__:Coletando dados para 2020-02-15...
[2025-02-21T14:51:53.609+0000] {spark_submit.py:641} INFO - INFO:__main__:Coletando dados para 2020-02-16...
[2025-02-21T14:51:54.629+0000] {spark_submit.py:641} INFO - INFO:__main__:Coletando dados para 2020-02-17...
[2025-02-21T14:51:56.291+0000] {spark_submit.py:641} INFO - INFO:__main__:Coletando dados para 2020-02-18...
[2025-02-21T14:51:57.296+0000] {spark_submit.py:641} INFO - INFO:__main__:Coletando dados para 2020-02-19...
[2025-02-21T14:51:58.932+0000] {spark_submit.py:641} INFO - INFO:__main__:Coletando dados para 2020-02-20...
[2025-02-21T14:52:01.935+0000] {spark_submit.py:641} INFO - INFO:__main__:Coletando dados para 2020-02-21...
[2025-02-21T14:52:06.785+0000] {spark_submit.py:641} INFO - INFO:__main__:Coletando dados para 2020-02-22...
[2025-02-21T14:52:09.248+0000] {spark_submit.py:641} INFO - INFO:__main__:Coletando dados para 2020-02-23...
[2025-02-21T14:52:10.889+0000] {spark_submit.py:641} INFO - INFO:__main__:Coletando dados para 2020-02-24...
[2025-02-21T14:52:12.540+0000] {spark_submit.py:641} INFO - INFO:__main__:Coletando dados para 2020-02-25...
[2025-02-21T14:52:14.292+0000] {spark_submit.py:641} INFO - INFO:__main__:Coletando dados para 2020-02-26...
[2025-02-21T14:52:15.935+0000] {spark_submit.py:641} INFO - INFO:__main__:Coletando dados para 2020-02-27...
[2025-02-21T14:52:18.835+0000] {spark_submit.py:641} INFO - INFO:__main__:Coletando dados para 2020-02-28...
[2025-02-21T14:52:26.301+0000] {spark_submit.py:641} INFO - INFO:__main__:Coletando dados para 2020-02-29...
[2025-02-21T14:52:32.579+0000] {spark_submit.py:641} INFO - INFO:__main__:Coletando dados para 2020-03-01...
[2025-02-21T14:52:48.623+0000] {spark_submit.py:641} INFO - INFO:__main__:Coletando dados para 2020-03-02...
[2025-02-21T14:52:51.800+0000] {spark_submit.py:641} INFO - INFO:__main__:Coletando dados para 2020-03-03...
[2025-02-21T14:52:58.219+0000] {spark_submit.py:641} INFO - INFO:__main__:Coletando dados para 2020-03-04...
[2025-02-21T14:53:04.470+0000] {spark_submit.py:641} INFO - INFO:__main__:Coletando dados para 2020-03-05...
[2025-02-21T14:53:24.652+0000] {spark_submit.py:641} INFO - INFO:__main__:Coletando dados para 2020-03-06...
[2025-02-21T14:53:41.274+0000] {spark_submit.py:641} INFO - INFO:__main__:Coletando dados para 2020-03-07...
[2025-02-21T14:53:49.895+0000] {spark_submit.py:641} INFO - INFO:__main__:Coletando dados para 2020-03-08...
[2025-02-21T14:53:56.544+0000] {spark_submit.py:641} INFO - INFO:__main__:Coletando dados para 2020-03-09...
[2025-02-21T14:54:01.573+0000] {spark_submit.py:641} INFO - INFO:__main__:Coletando dados para 2020-03-10...
[2025-02-21T14:54:06.432+0000] {spark_submit.py:641} INFO - INFO:__main__:Coletando dados para 2020-03-11...
[2025-02-21T14:54:14.748+0000] {spark_submit.py:641} INFO - INFO:__main__:Coletando dados para 2020-03-12...
[2025-02-21T14:54:22.878+0000] {spark_submit.py:641} INFO - INFO:__main__:Coletando dados para 2020-03-13...
[2025-02-21T14:54:32.667+0000] {spark_submit.py:641} INFO - INFO:__main__:Coletando dados para 2020-03-14...
[2025-02-21T14:54:39.007+0000] {spark_submit.py:641} INFO - INFO:__main__:Coletando dados para 2020-03-15...
[2025-02-21T14:54:45.448+0000] {spark_submit.py:641} INFO - INFO:__main__:Coletando dados para 2020-03-16...
[2025-02-21T14:54:50.265+0000] {spark_submit.py:641} INFO - INFO:__main__:Coletando dados para 2020-03-17...
[2025-02-21T14:54:56.674+0000] {spark_submit.py:641} INFO - INFO:__main__:Coletando dados para 2020-03-18...
[2025-02-21T14:55:04.777+0000] {spark_submit.py:641} INFO - INFO:__main__:Coletando dados para 2020-03-19...
[2025-02-21T14:55:11.260+0000] {spark_submit.py:641} INFO - INFO:__main__:Coletando dados para 2020-03-20...
[2025-02-21T14:55:20.991+0000] {spark_submit.py:641} INFO - INFO:__main__:Coletando dados para 2020-03-21...
[2025-02-21T14:55:25.861+0000] {spark_submit.py:641} INFO - INFO:__main__:Coletando dados para 2020-03-22...
[2025-02-21T14:55:30.744+0000] {spark_submit.py:641} INFO - INFO:__main__:Coletando dados para 2020-03-23...
[2025-02-21T14:55:35.451+0000] {spark_submit.py:641} INFO - INFO:__main__:Coletando dados para 2020-03-24...
[2025-02-21T14:55:40.274+0000] {spark_submit.py:641} INFO - INFO:__main__:Coletando dados para 2020-03-25...
[2025-02-21T14:55:48.315+0000] {spark_submit.py:641} INFO - INFO:__main__:Coletando dados para 2020-03-26...
[2025-02-21T14:55:53.379+0000] {spark_submit.py:641} INFO - INFO:__main__:Coletando dados para 2020-03-27...
[2025-02-21T14:56:01.405+0000] {spark_submit.py:641} INFO - INFO:__main__:Coletando dados para 2020-03-28...
[2025-02-21T14:56:07.881+0000] {spark_submit.py:641} INFO - INFO:__main__:Coletando dados para 2020-03-29...
[2025-02-21T14:56:12.677+0000] {spark_submit.py:641} INFO - INFO:__main__:Coletando dados para 2020-03-30...
[2025-02-21T14:56:17.378+0000] {spark_submit.py:641} INFO - INFO:__main__:Coletando dados para 2020-03-31...
[2025-02-21T14:56:22.207+0000] {spark_submit.py:641} INFO - INFO:__main__:Coletando dados para 2020-04-01...
[2025-02-21T14:56:27.235+0000] {spark_submit.py:641} INFO - INFO:__main__:Coletando dados para 2020-04-02...
[2025-02-21T14:56:29.501+0000] {spark_submit.py:641} INFO - INFO:__main__:Coletando dados para 2020-04-03...
[2025-02-21T14:56:33.183+0000] {spark_submit.py:641} INFO - INFO:__main__:Coletando dados para 2020-04-04...
[2025-02-21T14:56:34.812+0000] {spark_submit.py:641} INFO - INFO:__main__:Coletando dados para 2020-04-05...
[2025-02-21T14:56:37.232+0000] {spark_submit.py:641} INFO - INFO:__main__:Coletando dados para 2020-04-06...
[2025-02-21T14:56:38.862+0000] {spark_submit.py:641} INFO - INFO:__main__:Coletando dados para 2020-04-07...
[2025-02-21T14:56:41.251+0000] {spark_submit.py:641} INFO - INFO:__main__:Coletando dados para 2020-04-08...
[2025-02-21T14:56:42.990+0000] {spark_submit.py:641} INFO - INFO:__main__:Coletando dados para 2020-04-09...
[2025-02-21T14:56:45.330+0000] {spark_submit.py:641} INFO - INFO:__main__:Coletando dados para 2020-04-10...
[2025-02-21T14:56:48.237+0000] {spark_submit.py:641} INFO - INFO:__main__:Coletando dados para 2020-04-11...
[2025-02-21T14:56:49.908+0000] {spark_submit.py:641} INFO - INFO:__main__:Coletando dados para 2020-04-12...
[2025-02-21T14:56:51.539+0000] {spark_submit.py:641} INFO - INFO:__main__:Coletando dados para 2020-04-13...
[2025-02-21T14:56:52.537+0000] {spark_submit.py:641} INFO - INFO:__main__:Coletando dados para 2020-04-14...
[2025-02-21T14:56:54.176+0000] {spark_submit.py:641} INFO - INFO:__main__:Coletando dados para 2020-04-15...
[2025-02-21T14:56:57.213+0000] {spark_submit.py:641} INFO - INFO:__main__:Coletando dados para 2020-04-16...
[2025-02-21T14:56:59.028+0000] {spark_submit.py:641} INFO - INFO:__main__:Coletando dados para 2020-04-17...
[2025-02-21T14:57:02.805+0000] {spark_submit.py:641} INFO - INFO:__main__:Coletando dados para 2020-04-18...
[2025-02-21T14:57:04.439+0000] {spark_submit.py:641} INFO - INFO:__main__:Coletando dados para 2020-04-19...
[2025-02-21T14:57:06.073+0000] {spark_submit.py:641} INFO - INFO:__main__:Coletando dados para 2020-04-20...
[2025-02-21T14:57:08.407+0000] {spark_submit.py:641} INFO - INFO:__main__:Coletando dados para 2020-04-21...
[2025-02-21T14:57:10.057+0000] {spark_submit.py:641} INFO - INFO:__main__:Coletando dados para 2020-04-22...
[2025-02-21T14:57:12.321+0000] {spark_submit.py:641} INFO - INFO:__main__:Coletando dados para 2020-04-23...
[2025-02-21T14:57:14.703+0000] {spark_submit.py:641} INFO - INFO:__main__:Coletando dados para 2020-04-24...
[2025-02-21T14:57:17.676+0000] {spark_submit.py:641} INFO - INFO:__main__:Coletando dados para 2020-04-25...
[2025-02-21T14:57:19.957+0000] {spark_submit.py:641} INFO - INFO:__main__:Coletando dados para 2020-04-26...
[2025-02-21T14:57:21.150+0000] {spark_submit.py:641} INFO - INFO:__main__:Coletando dados para 2020-04-27...
[2025-02-21T14:57:22.817+0000] {spark_submit.py:641} INFO - INFO:__main__:Coletando dados para 2020-04-28...
[2025-02-21T14:57:24.449+0000] {spark_submit.py:641} INFO - INFO:__main__:Coletando dados para 2020-04-29...
[2025-02-21T14:57:25.456+0000] {spark_submit.py:641} INFO - INFO:__main__:Coletando dados para 2020-04-30...
[2025-02-21T14:57:28.498+0000] {spark_submit.py:641} INFO - INFO:__main__:Coletando dados para 2020-05-01...
[2025-02-21T14:57:35.299+0000] {spark_submit.py:641} INFO - INFO:__main__:Coletando dados para 2020-05-02...
[2025-02-21T14:57:38.207+0000] {spark_submit.py:641} INFO - INFO:__main__:Coletando dados para 2020-05-03...
[2025-02-21T14:57:40.008+0000] {spark_submit.py:641} INFO - INFO:__main__:Coletando dados para 2020-05-04...
[2025-02-21T14:57:42.276+0000] {spark_submit.py:641} INFO - INFO:__main__:Coletando dados para 2020-05-05...
[2025-02-21T14:57:45.224+0000] {spark_submit.py:641} INFO - INFO:__main__:Coletando dados para 2020-05-06...
[2025-02-21T14:57:47.050+0000] {spark_submit.py:641} INFO - INFO:__main__:Coletando dados para 2020-05-07...
[2025-02-21T14:57:49.315+0000] {spark_submit.py:641} INFO - INFO:__main__:Coletando dados para 2020-05-08...
[2025-02-21T14:57:52.316+0000] {spark_submit.py:641} INFO - INFO:__main__:Coletando dados para 2020-05-09...
[2025-02-21T14:57:54.017+0000] {spark_submit.py:641} INFO - INFO:__main__:Coletando dados para 2020-05-10...
[2025-02-21T14:57:55.651+0000] {spark_submit.py:641} INFO - INFO:__main__:Coletando dados para 2020-05-11...
[2025-02-21T14:57:57.293+0000] {spark_submit.py:641} INFO - INFO:__main__:Coletando dados para 2020-05-12...
[2025-02-21T14:57:59.642+0000] {spark_submit.py:641} INFO - INFO:__main__:Coletando dados para 2020-05-13...
[2025-02-21T14:58:01.900+0000] {spark_submit.py:641} INFO - INFO:__main__:Coletando dados para 2020-05-14...
[2025-02-21T14:58:04.205+0000] {spark_submit.py:641} INFO - INFO:__main__:Coletando dados para 2020-05-15...
[2025-02-21T14:58:11.355+0000] {spark_submit.py:641} INFO - INFO:__main__:Coletando dados para 2020-05-16...
[2025-02-21T14:58:19.111+0000] {spark_submit.py:641} INFO - INFO:__main__:Coletando dados para 2020-05-17...
[2025-02-21T14:58:21.894+0000] {spark_submit.py:641} INFO - INFO:__main__:Coletando dados para 2020-05-18...
[2025-02-21T14:58:26.240+0000] {spark_submit.py:641} INFO - INFO:__main__:Coletando dados para 2020-05-19...
[2025-02-21T14:58:36.975+0000] {spark_submit.py:641} INFO - INFO:__main__:Coletando dados para 2020-05-20...
[2025-02-21T14:58:43.133+0000] {spark_submit.py:641} INFO - INFO:__main__:Coletando dados para 2020-05-21...
[2025-02-21T14:58:47.799+0000] {spark_submit.py:641} INFO - INFO:__main__:Coletando dados para 2020-05-22...
[2025-02-21T14:58:55.872+0000] {spark_submit.py:641} INFO - INFO:__main__:Coletando dados para 2020-05-23...
[2025-02-21T14:58:58.872+0000] {spark_submit.py:641} INFO - INFO:__main__:Coletando dados para 2020-05-24...
[2025-02-21T14:59:01.938+0000] {spark_submit.py:641} INFO - INFO:__main__:Coletando dados para 2020-05-25...
[2025-02-21T14:59:08.538+0000] {spark_submit.py:641} INFO - INFO:__main__:Coletando dados para 2020-05-26...
[2025-02-21T14:59:13.321+0000] {spark_submit.py:641} INFO - INFO:__main__:Coletando dados para 2020-05-27...
[2025-02-21T14:59:19.785+0000] {spark_submit.py:641} INFO - INFO:__main__:Coletando dados para 2020-05-28...
[2025-02-21T14:59:32.131+0000] {spark_submit.py:641} INFO - INFO:__main__:Coletando dados para 2020-05-29...
[2025-02-21T14:59:41.858+0000] {spark_submit.py:641} INFO - INFO:__main__:Coletando dados para 2020-05-30...
[2025-02-21T14:59:46.670+0000] {spark_submit.py:641} INFO - INFO:__main__:Coletando dados para 2020-05-31...
[2025-02-21T14:59:53.101+0000] {spark_submit.py:641} INFO - INFO:__main__:Coletando dados para 2020-06-01...
[2025-02-21T15:00:12.685+0000] {spark_submit.py:641} INFO - INFO:__main__:Coletando dados para 2020-06-02...
[2025-02-21T15:00:17.351+0000] {spark_submit.py:641} INFO - INFO:__main__:Coletando dados para 2020-06-03...
[2025-02-21T15:00:22.046+0000] {spark_submit.py:641} INFO - INFO:__main__:Coletando dados para 2020-06-04...
[2025-02-21T15:00:27.084+0000] {spark_submit.py:641} INFO - INFO:__main__:Coletando dados para 2020-06-05...
[2025-02-21T15:00:33.412+0000] {spark_submit.py:641} INFO - INFO:__main__:Coletando dados para 2020-06-06...
[2025-02-21T15:00:39.666+0000] {spark_submit.py:641} INFO - INFO:__main__:Coletando dados para 2020-06-07...
[2025-02-21T15:00:44.337+0000] {spark_submit.py:641} INFO - INFO:__main__:Coletando dados para 2020-06-08...
[2025-02-21T15:00:49.624+0000] {spark_submit.py:641} INFO - INFO:__main__:Coletando dados para 2020-06-09...
[2025-02-21T15:00:56.011+0000] {spark_submit.py:641} INFO - INFO:__main__:Coletando dados para 2020-06-10...
[2025-02-21T15:01:08.403+0000] {spark_submit.py:641} INFO - INFO:__main__:Coletando dados para 2020-06-11...
[2025-02-21T15:01:15.828+0000] {spark_submit.py:641} INFO - INFO:__main__:Coletando dados para 2020-06-12...
[2025-02-21T15:01:23.246+0000] {spark_submit.py:641} INFO - INFO:__main__:Coletando dados para 2020-06-13...
[2025-02-21T15:01:27.713+0000] {spark_submit.py:641} INFO - INFO:__main__:Coletando dados para 2020-06-14...
[2025-02-21T15:01:30.480+0000] {spark_submit.py:641} INFO - INFO:__main__:Coletando dados para 2020-06-15...
[2025-02-21T15:01:39.704+0000] {spark_submit.py:641} INFO - INFO:__main__:Coletando dados para 2020-06-16...
[2025-02-21T15:01:48.637+0000] {spark_submit.py:641} INFO - INFO:__main__:Coletando dados para 2020-06-17...
[2025-02-21T15:01:54.454+0000] {spark_submit.py:641} INFO - INFO:__main__:Coletando dados para 2020-06-18...
[2025-02-21T15:02:02.030+0000] {spark_submit.py:641} INFO - INFO:__main__:Coletando dados para 2020-06-19...
[2025-02-21T15:02:08.313+0000] {spark_submit.py:641} INFO - INFO:__main__:Coletando dados para 2020-06-20...
[2025-02-21T15:02:10.725+0000] {spark_submit.py:641} INFO - INFO:__main__:Coletando dados para 2020-06-21...
[2025-02-21T15:02:12.376+0000] {spark_submit.py:641} INFO - INFO:__main__:Coletando dados para 2020-06-22...
[2025-02-21T15:02:14.026+0000] {spark_submit.py:641} INFO - INFO:__main__:Coletando dados para 2020-06-23...
[2025-02-21T15:02:15.770+0000] {spark_submit.py:641} INFO - INFO:__main__:Coletando dados para 2020-06-24...
[2025-02-21T15:02:17.478+0000] {spark_submit.py:641} INFO - INFO:__main__:Coletando dados para 2020-06-25...
[2025-02-21T15:02:21.011+0000] {spark_submit.py:641} INFO - INFO:__main__:Coletando dados para 2020-06-26...
[2025-02-21T15:02:24.029+0000] {spark_submit.py:641} INFO - INFO:__main__:Coletando dados para 2020-06-27...
[2025-02-21T15:02:25.038+0000] {spark_submit.py:641} INFO - INFO:__main__:Coletando dados para 2020-06-28...
[2025-02-21T15:02:26.703+0000] {spark_submit.py:641} INFO - INFO:__main__:Coletando dados para 2020-06-29...
[2025-02-21T15:02:27.729+0000] {spark_submit.py:641} INFO - INFO:__main__:Coletando dados para 2020-06-30...
[2025-02-21T15:02:30.125+0000] {spark_submit.py:641} INFO - INFO:__main__:Coletando dados para 2020-07-01...
[2025-02-21T15:02:35.580+0000] {spark_submit.py:641} INFO - INFO:__main__:Coletando dados para 2020-07-02...
[2025-02-21T15:02:37.220+0000] {spark_submit.py:641} INFO - INFO:__main__:Coletando dados para 2020-07-03...
[2025-02-21T15:02:40.354+0000] {spark_submit.py:641} INFO - INFO:__main__:Coletando dados para 2020-07-04...
[2025-02-21T15:02:42.049+0000] {spark_submit.py:641} INFO - INFO:__main__:Coletando dados para 2020-07-05...
[2025-02-21T15:02:43.061+0000] {spark_submit.py:641} INFO - INFO:__main__:Coletando dados para 2020-07-06...
[2025-02-21T15:02:44.710+0000] {spark_submit.py:641} INFO - INFO:__main__:Coletando dados para 2020-07-07...
[2025-02-21T15:02:47.048+0000] {spark_submit.py:641} INFO - INFO:__main__:Coletando dados para 2020-07-08...
[2025-02-21T15:02:48.760+0000] {spark_submit.py:641} INFO - INFO:__main__:Coletando dados para 2020-07-09...
[2025-02-21T15:02:51.653+0000] {spark_submit.py:641} INFO - INFO:__main__:Coletando dados para 2020-07-10...
[2025-02-21T15:02:55.185+0000] {spark_submit.py:641} INFO - INFO:__main__:Coletando dados para 2020-07-11...
[2025-02-21T15:02:56.823+0000] {spark_submit.py:641} INFO - INFO:__main__:Coletando dados para 2020-07-12...
[2025-02-21T15:02:57.837+0000] {spark_submit.py:641} INFO - INFO:__main__:Coletando dados para 2020-07-13...
[2025-02-21T15:02:59.543+0000] {spark_submit.py:641} INFO - INFO:__main__:Coletando dados para 2020-07-14...
[2025-02-21T15:03:01.353+0000] {spark_submit.py:641} INFO - INFO:__main__:Coletando dados para 2020-07-15...
[2025-02-21T15:03:04.349+0000] {spark_submit.py:641} INFO - INFO:__main__:Coletando dados para 2020-07-16...
[2025-02-21T15:03:06.756+0000] {spark_submit.py:641} INFO - INFO:__main__:Coletando dados para 2020-07-17...
[2025-02-21T15:03:09.669+0000] {spark_submit.py:641} INFO - INFO:__main__:Coletando dados para 2020-07-18...
[2025-02-21T15:03:11.340+0000] {spark_submit.py:641} INFO - INFO:__main__:Coletando dados para 2020-07-19...
[2025-02-21T15:03:13.090+0000] {spark_submit.py:641} INFO - INFO:__main__:Coletando dados para 2020-07-20...
[2025-02-21T15:03:15.367+0000] {spark_submit.py:641} INFO - INFO:__main__:Coletando dados para 2020-07-21...
[2025-02-21T15:03:17.011+0000] {spark_submit.py:641} INFO - INFO:__main__:Coletando dados para 2020-07-22...
[2025-02-21T15:03:18.776+0000] {spark_submit.py:641} INFO - INFO:__main__:Coletando dados para 2020-07-23...
[2025-02-21T15:03:21.062+0000] {spark_submit.py:641} INFO - INFO:__main__:Coletando dados para 2020-07-24...
[2025-02-21T15:03:23.948+0000] {spark_submit.py:641} INFO - INFO:__main__:Coletando dados para 2020-07-25...
[2025-02-21T15:03:25.721+0000] {spark_submit.py:641} INFO - INFO:__main__:Coletando dados para 2020-07-26...
[2025-02-21T15:03:26.733+0000] {spark_submit.py:641} INFO - INFO:__main__:Coletando dados para 2020-07-27...
[2025-02-21T15:03:28.396+0000] {spark_submit.py:641} INFO - INFO:__main__:Coletando dados para 2020-07-28...
[2025-02-21T15:03:30.040+0000] {spark_submit.py:641} INFO - INFO:__main__:Coletando dados para 2020-07-29...
[2025-02-21T15:03:31.763+0000] {spark_submit.py:641} INFO - INFO:__main__:Coletando dados para 2020-07-30...
[2025-02-21T15:03:34.676+0000] {spark_submit.py:641} INFO - INFO:__main__:Coletando dados para 2020-07-31...
[2025-02-21T15:03:38.320+0000] {spark_submit.py:641} INFO - INFO:__main__:Coletando dados para 2020-08-01...
[2025-02-21T15:03:43.192+0000] {spark_submit.py:641} INFO - INFO:__main__:Coletando dados para 2020-08-02...
[2025-02-21T15:03:44.248+0000] {spark_submit.py:641} INFO - INFO:__main__:Coletando dados para 2020-08-03...
[2025-02-21T15:03:45.887+0000] {spark_submit.py:641} INFO - INFO:__main__:Coletando dados para 2020-08-04...
[2025-02-21T15:03:48.200+0000] {spark_submit.py:641} INFO - INFO:__main__:Coletando dados para 2020-08-05...
[2025-02-21T15:03:49.954+0000] {spark_submit.py:641} INFO - INFO:__main__:Coletando dados para 2020-08-06...
[2025-02-21T15:03:52.237+0000] {spark_submit.py:641} INFO - INFO:__main__:Coletando dados para 2020-08-07...
[2025-02-21T15:03:57.208+0000] {spark_submit.py:641} INFO - INFO:__main__:Coletando dados para 2020-08-08...
[2025-02-21T15:03:59.468+0000] {spark_submit.py:641} INFO - INFO:__main__:Coletando dados para 2020-08-09...
[2025-02-21T15:04:00.494+0000] {spark_submit.py:641} INFO - INFO:__main__:Coletando dados para 2020-08-10...
[2025-02-21T15:04:02.185+0000] {spark_submit.py:641} INFO - INFO:__main__:Coletando dados para 2020-08-11...
[2025-02-21T15:04:03.829+0000] {spark_submit.py:641} INFO - INFO:__main__:Coletando dados para 2020-08-12...
[2025-02-21T15:04:05.477+0000] {spark_submit.py:641} INFO - INFO:__main__:Coletando dados para 2020-08-13...
[2025-02-21T15:04:08.529+0000] {spark_submit.py:641} INFO - INFO:__main__:Coletando dados para 2020-08-14...
[2025-02-21T15:04:12.931+0000] {spark_submit.py:641} INFO - INFO:__main__:Coletando dados para 2020-08-15...
[2025-02-21T15:04:16.000+0000] {spark_submit.py:641} INFO - INFO:__main__:Coletando dados para 2020-08-16...
[2025-02-21T15:04:17.648+0000] {spark_submit.py:641} INFO - INFO:__main__:Coletando dados para 2020-08-17...
[2025-02-21T15:04:19.289+0000] {spark_submit.py:641} INFO - INFO:__main__:Coletando dados para 2020-08-18...
[2025-02-21T15:04:21.002+0000] {spark_submit.py:641} INFO - INFO:__main__:Coletando dados para 2020-08-19...
[2025-02-21T15:04:23.363+0000] {spark_submit.py:641} INFO - INFO:__main__:Coletando dados para 2020-08-20...
[2025-02-21T15:04:29.530+0000] {spark_submit.py:641} INFO - INFO:__main__:Coletando dados para 2020-08-21...
[2025-02-21T15:04:33.776+0000] {spark_submit.py:641} INFO - INFO:__main__:Coletando dados para 2020-08-22...
[2025-02-21T15:04:37.343+0000] {spark_submit.py:641} INFO - INFO:__main__:Coletando dados para 2020-08-23...
[2025-02-21T15:04:38.981+0000] {spark_submit.py:641} INFO - INFO:__main__:Coletando dados para 2020-08-24...
[2025-02-21T15:04:41.367+0000] {spark_submit.py:641} INFO - INFO:__main__:Coletando dados para 2020-08-25...
[2025-02-21T15:04:44.268+0000] {spark_submit.py:641} INFO - INFO:__main__:Coletando dados para 2020-08-26...
[2025-02-21T15:04:45.968+0000] {spark_submit.py:641} INFO - INFO:__main__:Coletando dados para 2020-08-27...
[2025-02-21T15:04:48.885+0000] {spark_submit.py:641} INFO - INFO:__main__:Coletando dados para 2020-08-28...
[2025-02-21T15:04:53.190+0000] {spark_submit.py:641} INFO - INFO:__main__:Coletando dados para 2020-08-29...
[2025-02-21T15:04:55.480+0000] {spark_submit.py:641} INFO - INFO:__main__:Coletando dados para 2020-08-30...
[2025-02-21T15:04:57.758+0000] {spark_submit.py:641} INFO - INFO:__main__:Coletando dados para 2020-08-31...
[2025-02-21T15:05:00.087+0000] {spark_submit.py:641} INFO - INFO:__main__:Coletando dados para 2020-09-01...
[2025-02-21T15:05:08.122+0000] {spark_submit.py:641} INFO - INFO:__main__:Coletando dados para 2020-09-02...
[2025-02-21T15:05:11.741+0000] {spark_submit.py:641} INFO - INFO:__main__:Coletando dados para 2020-09-03...
[2025-02-21T15:05:15.279+0000] {spark_submit.py:641} INFO - INFO:__main__:Coletando dados para 2020-09-04...
[2025-02-21T15:05:19.512+0000] {spark_submit.py:641} INFO - INFO:__main__:Coletando dados para 2020-09-05...
[2025-02-21T15:05:22.564+0000] {spark_submit.py:641} INFO - INFO:__main__:Coletando dados para 2020-09-06...
[2025-02-21T15:05:24.254+0000] {spark_submit.py:641} INFO - INFO:__main__:Coletando dados para 2020-09-07...
[2025-02-21T15:05:27.156+0000] {spark_submit.py:641} INFO - INFO:__main__:Coletando dados para 2020-09-08...
[2025-02-21T15:05:30.178+0000] {spark_submit.py:641} INFO - INFO:__main__:Coletando dados para 2020-09-09...
[2025-02-21T15:05:33.745+0000] {spark_submit.py:641} INFO - INFO:__main__:Coletando dados para 2020-09-10...
[2025-02-21T15:05:39.271+0000] {spark_submit.py:641} INFO - INFO:__main__:Coletando dados para 2020-09-11...
[2025-02-21T15:05:44.158+0000] {spark_submit.py:641} INFO - INFO:__main__:Coletando dados para 2020-09-12...
[2025-02-21T15:05:46.444+0000] {spark_submit.py:641} INFO - INFO:__main__:Coletando dados para 2020-09-13...
[2025-02-21T15:05:48.818+0000] {spark_submit.py:641} INFO - INFO:__main__:Coletando dados para 2020-09-14...
[2025-02-21T15:05:51.810+0000] {spark_submit.py:641} INFO - INFO:__main__:Coletando dados para 2020-09-15...
[2025-02-21T15:05:55.613+0000] {spark_submit.py:641} INFO - INFO:__main__:Coletando dados para 2020-09-16...
[2025-02-21T15:05:58.519+0000] {spark_submit.py:641} INFO - INFO:__main__:Coletando dados para 2020-09-17...
[2025-02-21T15:06:03.985+0000] {spark_submit.py:641} INFO - INFO:__main__:Coletando dados para 2020-09-18...
[2025-02-21T15:06:10.173+0000] {spark_submit.py:641} INFO - INFO:__main__:Coletando dados para 2020-09-19...
[2025-02-21T15:06:13.070+0000] {spark_submit.py:641} INFO - INFO:__main__:Coletando dados para 2020-09-20...
[2025-02-21T15:06:16.096+0000] {spark_submit.py:641} INFO - INFO:__main__:Coletando dados para 2020-09-21...
[2025-02-21T15:06:19.016+0000] {spark_submit.py:641} INFO - INFO:__main__:Coletando dados para 2020-09-22...
[2025-02-21T15:06:22.120+0000] {spark_submit.py:641} INFO - INFO:__main__:Coletando dados para 2020-09-23...
[2025-02-21T15:06:27.310+0000] {spark_submit.py:641} INFO - INFO:__main__:Coletando dados para 2020-09-24...
[2025-02-21T15:06:42.326+0000] {spark_submit.py:641} INFO - INFO:__main__:Coletando dados para 2020-09-25...
[2025-02-21T15:07:02.243+0000] {spark_submit.py:641} INFO - INFO:__main__:Coletando dados para 2020-09-26...
[2025-02-21T15:07:10.364+0000] {spark_submit.py:641} INFO - INFO:__main__:Coletando dados para 2020-09-27...
[2025-02-21T15:07:18.411+0000] {spark_submit.py:641} INFO - INFO:__main__:Coletando dados para 2020-09-28...
[2025-02-21T15:07:26.423+0000] {spark_submit.py:641} INFO - INFO:__main__:Coletando dados para 2020-09-29...
[2025-02-21T15:07:33.186+0000] {spark_submit.py:641} INFO - INFO:__main__:Coletando dados para 2020-09-30...
[2025-02-21T15:07:44.520+0000] {spark_submit.py:641} INFO - INFO:__main__:Coletando dados para 2020-10-01...
[2025-02-21T15:08:17.992+0000] {spark_submit.py:641} INFO - INFO:__main__:Coletando dados para 2020-10-02...
[2025-02-21T15:08:27.612+0000] {spark_submit.py:641} INFO - INFO:__main__:Coletando dados para 2020-10-03...
[2025-02-21T15:08:30.511+0000] {spark_submit.py:641} INFO - INFO:__main__:Coletando dados para 2020-10-04...
[2025-02-21T15:08:32.834+0000] {spark_submit.py:641} INFO - INFO:__main__:Coletando dados para 2020-10-05...
[2025-02-21T15:08:36.382+0000] {spark_submit.py:641} INFO - INFO:__main__:Coletando dados para 2020-10-06...
[2025-02-21T15:08:40.626+0000] {spark_submit.py:641} INFO - INFO:__main__:Coletando dados para 2020-10-07...
[2025-02-21T15:08:46.181+0000] {spark_submit.py:641} INFO - INFO:__main__:Coletando dados para 2020-10-08...
[2025-02-21T15:08:51.777+0000] {spark_submit.py:641} INFO - INFO:__main__:Coletando dados para 2020-10-09...
[2025-02-21T15:08:57.217+0000] {spark_submit.py:641} INFO - INFO:__main__:Coletando dados para 2020-10-10...
[2025-02-21T15:09:07.505+0000] {spark_submit.py:641} INFO - INFO:__main__:Coletando dados para 2020-10-11...
[2025-02-21T15:09:15.815+0000] {spark_submit.py:641} INFO - INFO:__main__:Coletando dados para 2020-10-12...
[2025-02-21T15:09:22.145+0000] {spark_submit.py:641} INFO - INFO:__main__:Coletando dados para 2020-10-13...
[2025-02-21T15:09:30.154+0000] {spark_submit.py:641} INFO - INFO:__main__:Coletando dados para 2020-10-14...
[2025-02-21T15:09:38.502+0000] {spark_submit.py:641} INFO - INFO:__main__:Coletando dados para 2020-10-15...
[2025-02-21T15:09:52.306+0000] {spark_submit.py:641} INFO - INFO:__main__:Coletando dados para 2020-10-16...
[2025-02-21T15:10:01.439+0000] {spark_submit.py:641} INFO - INFO:__main__:Coletando dados para 2020-10-17...
[2025-02-21T15:10:04.390+0000] {spark_submit.py:641} INFO - INFO:__main__:Coletando dados para 2020-10-18...
[2025-02-21T15:10:06.800+0000] {spark_submit.py:641} INFO - INFO:__main__:Coletando dados para 2020-10-19...
[2025-02-21T15:10:09.739+0000] {spark_submit.py:641} INFO - INFO:__main__:Coletando dados para 2020-10-20...
[2025-02-21T15:10:14.083+0000] {spark_submit.py:641} INFO - INFO:__main__:Coletando dados para 2020-10-21...
[2025-02-21T15:10:18.400+0000] {spark_submit.py:641} INFO - INFO:__main__:Coletando dados para 2020-10-22...
[2025-02-21T15:10:24.712+0000] {spark_submit.py:641} INFO - INFO:__main__:Coletando dados para 2020-10-23...
[2025-02-21T15:10:31.920+0000] {spark_submit.py:641} INFO - INFO:__main__:Coletando dados para 2020-10-24...
[2025-02-21T15:10:36.202+0000] {spark_submit.py:641} INFO - INFO:__main__:Coletando dados para 2020-10-25...
[2025-02-21T15:10:39.886+0000] {spark_submit.py:641} INFO - INFO:__main__:Coletando dados para 2020-10-26...
[2025-02-21T15:10:43.541+0000] {spark_submit.py:641} INFO - INFO:__main__:Coletando dados para 2020-10-27...
[2025-02-21T15:10:47.934+0000] {spark_submit.py:641} INFO - INFO:__main__:Coletando dados para 2020-10-28...
[2025-02-21T15:10:53.486+0000] {spark_submit.py:641} INFO - INFO:__main__:Coletando dados para 2020-10-29...
[2025-02-21T15:11:00.320+0000] {spark_submit.py:641} INFO - INFO:__main__:Coletando dados para 2020-10-30...
[2025-02-21T15:11:07.069+0000] {spark_submit.py:641} INFO - INFO:__main__:Coletando dados para 2020-10-31...
[2025-02-21T15:11:14.975+0000] {spark_submit.py:641} INFO - INFO:__main__:Coletando dados para 2020-11-01...
[2025-02-21T15:11:23.454+0000] {spark_submit.py:641} INFO - INFO:__main__:Coletando dados para 2020-11-02...
[2025-02-21T15:11:27.618+0000] {spark_submit.py:641} INFO - INFO:__main__:Coletando dados para 2020-11-03...
[2025-02-21T15:11:31.612+0000] {spark_submit.py:641} INFO - INFO:__main__:Coletando dados para 2020-11-04...
[2025-02-21T15:11:35.699+0000] {spark_submit.py:641} INFO - INFO:__main__:Coletando dados para 2020-11-05...
[2025-02-21T15:11:41.234+0000] {spark_submit.py:641} INFO - INFO:__main__:Coletando dados para 2020-11-06...
[2025-02-21T15:11:50.036+0000] {spark_submit.py:641} INFO - INFO:__main__:Coletando dados para 2020-11-07...
[2025-02-21T15:11:55.340+0000] {spark_submit.py:641} INFO - INFO:__main__:Coletando dados para 2020-11-08...
[2025-02-21T15:12:01.198+0000] {spark_submit.py:641} INFO - INFO:__main__:Coletando dados para 2020-11-09...
[2025-02-21T15:12:07.854+0000] {spark_submit.py:641} INFO - INFO:__main__:Coletando dados para 2020-11-10...
[2025-02-21T15:12:14.544+0000] {spark_submit.py:641} INFO - INFO:__main__:Coletando dados para 2020-11-11...
[2025-02-21T15:12:24.278+0000] {spark_submit.py:641} INFO - INFO:__main__:Coletando dados para 2020-11-12...
[2025-02-21T15:12:33.788+0000] {spark_submit.py:641} INFO - INFO:__main__:Coletando dados para 2020-11-13...
[2025-02-21T15:12:45.671+0000] {spark_submit.py:641} INFO - INFO:__main__:Coletando dados para 2020-11-14...
[2025-02-21T15:12:49.730+0000] {spark_submit.py:641} INFO - INFO:__main__:Coletando dados para 2020-11-15...
[2025-02-21T15:12:53.331+0000] {spark_submit.py:641} INFO - INFO:__main__:Coletando dados para 2020-11-16...
[2025-02-21T15:12:55.997+0000] {spark_submit.py:641} INFO - INFO:__main__:Coletando dados para 2020-11-17...
[2025-02-21T15:12:58.642+0000] {spark_submit.py:641} INFO - INFO:__main__:Coletando dados para 2020-11-18...
[2025-02-21T15:13:01.626+0000] {spark_submit.py:641} INFO - INFO:__main__:Coletando dados para 2020-11-19...
[2025-02-21T15:13:06.561+0000] {spark_submit.py:641} INFO - INFO:__main__:Coletando dados para 2020-11-20...
[2025-02-21T15:13:13.448+0000] {spark_submit.py:641} INFO - INFO:__main__:Coletando dados para 2020-11-21...
[2025-02-21T15:13:17.005+0000] {spark_submit.py:641} INFO - INFO:__main__:Coletando dados para 2020-11-22...
[2025-02-21T15:13:19.263+0000] {spark_submit.py:641} INFO - INFO:__main__:Coletando dados para 2020-11-23...
[2025-02-21T15:13:22.851+0000] {spark_submit.py:641} INFO - INFO:__main__:Coletando dados para 2020-11-24...
[2025-02-21T15:13:26.411+0000] {spark_submit.py:641} INFO - INFO:__main__:Coletando dados para 2020-11-25...
[2025-02-21T15:13:30.198+0000] {spark_submit.py:641} INFO - INFO:__main__:Coletando dados para 2020-11-26...
[2025-02-21T15:13:34.403+0000] {spark_submit.py:641} INFO - INFO:__main__:Coletando dados para 2020-11-27...
[2025-02-21T15:13:40.033+0000] {spark_submit.py:641} INFO - INFO:__main__:Coletando dados para 2020-11-28...
[2025-02-21T15:13:42.915+0000] {spark_submit.py:641} INFO - INFO:__main__:Coletando dados para 2020-11-29...
[2025-02-21T15:13:44.562+0000] {spark_submit.py:641} INFO - INFO:__main__:Coletando dados para 2020-11-30...
[2025-02-21T15:13:47.561+0000] {spark_submit.py:641} INFO - INFO:__main__:Coletando dados para 2020-12-01...
[2025-02-21T15:14:00.189+0000] {spark_submit.py:641} INFO - INFO:__main__:Coletando dados para 2020-12-02...
[2025-02-21T15:14:03.720+0000] {spark_submit.py:641} INFO - INFO:__main__:Coletando dados para 2020-12-03...
[2025-02-21T15:14:09.314+0000] {spark_submit.py:641} INFO - INFO:__main__:Coletando dados para 2020-12-04...
[2025-02-21T15:14:14.787+0000] {spark_submit.py:641} INFO - INFO:__main__:Coletando dados para 2020-12-05...
[2025-02-21T15:14:18.423+0000] {spark_submit.py:641} INFO - INFO:__main__:Coletando dados para 2020-12-06...
[2025-02-21T15:14:21.308+0000] {spark_submit.py:641} INFO - INFO:__main__:Coletando dados para 2020-12-07...
[2025-02-21T15:14:24.246+0000] {spark_submit.py:641} INFO - INFO:__main__:Coletando dados para 2020-12-08...
[2025-02-21T15:14:27.156+0000] {spark_submit.py:641} INFO - INFO:__main__:Coletando dados para 2020-12-09...
[2025-02-21T15:14:30.189+0000] {spark_submit.py:641} INFO - INFO:__main__:Coletando dados para 2020-12-10...
[2025-02-21T15:14:34.398+0000] {spark_submit.py:641} INFO - INFO:__main__:Coletando dados para 2020-12-11...
[2025-02-21T15:14:39.915+0000] {spark_submit.py:641} INFO - INFO:__main__:Coletando dados para 2020-12-12...
[2025-02-21T15:14:44.912+0000] {spark_submit.py:641} INFO - INFO:__main__:Coletando dados para 2020-12-13...
[2025-02-21T15:14:47.171+0000] {spark_submit.py:641} INFO - INFO:__main__:Coletando dados para 2020-12-14...
[2025-02-21T15:14:49.482+0000] {spark_submit.py:641} INFO - INFO:__main__:Coletando dados para 2020-12-15...
[2025-02-21T15:14:53.627+0000] {spark_submit.py:641} INFO - INFO:__main__:Coletando dados para 2020-12-16...
[2025-02-21T15:14:56.084+0000] {spark_submit.py:641} INFO - INFO:__main__:Coletando dados para 2020-12-17...
[2025-02-21T15:14:59.618+0000] {spark_submit.py:641} INFO - INFO:__main__:Coletando dados para 2020-12-18...
[2025-02-21T15:15:04.516+0000] {spark_submit.py:641} INFO - INFO:__main__:Coletando dados para 2020-12-19...
[2025-02-21T15:15:06.785+0000] {spark_submit.py:641} INFO - INFO:__main__:Coletando dados para 2020-12-20...
[2025-02-21T15:15:09.806+0000] {spark_submit.py:641} INFO - INFO:__main__:Coletando dados para 2020-12-21...
[2025-02-21T15:15:12.077+0000] {spark_submit.py:641} INFO - INFO:__main__:Coletando dados para 2020-12-22...
[2025-02-21T15:15:13.809+0000] {spark_submit.py:641} INFO - INFO:__main__:Coletando dados para 2020-12-23...
[2025-02-21T15:15:16.106+0000] {spark_submit.py:641} INFO - INFO:__main__:Coletando dados para 2020-12-24...
[2025-02-21T15:15:19.018+0000] {spark_submit.py:641} INFO - INFO:__main__:Coletando dados para 2020-12-25...
[2025-02-21T15:15:23.297+0000] {spark_submit.py:641} INFO - INFO:__main__:Coletando dados para 2020-12-26...
[2025-02-21T15:15:24.938+0000] {spark_submit.py:641} INFO - INFO:__main__:Coletando dados para 2020-12-27...
[2025-02-21T15:15:26.675+0000] {spark_submit.py:641} INFO - INFO:__main__:Coletando dados para 2020-12-28...
[2025-02-21T15:15:28.316+0000] {spark_submit.py:641} INFO - INFO:__main__:Coletando dados para 2020-12-29...
[2025-02-21T15:15:29.956+0000] {spark_submit.py:641} INFO - INFO:__main__:Coletando dados para 2020-12-30...
[2025-02-21T15:15:32.300+0000] {spark_submit.py:641} INFO - INFO:__main__:Coletando dados para 2020-12-31...
[2025-02-21T15:15:42.857+0000] {spark_submit.py:641} INFO - INFO:__main__:Total de filmes coletados: 34942
[2025-02-21T15:15:44.514+0000] {spark_submit.py:641} INFO - 25/02/21 15:15:44 INFO SharedState: Setting hive.metastore.warehouse.dir ('null') to the value of spark.sql.warehouse.dir.
[2025-02-21T15:15:44.522+0000] {spark_submit.py:641} INFO - 25/02/21 15:15:44 INFO SharedState: Warehouse path is 'file:/opt/***/spark-warehouse'.
[2025-02-21T15:15:45.608+0000] {spark_submit.py:641} INFO - Traceback (most recent call last):
[2025-02-21T15:15:45.608+0000] {spark_submit.py:641} INFO - File "/opt/bitnami/spark/scripts/ing_mov_20_21.py", line 139, in <module>
[2025-02-21T15:15:45.610+0000] {spark_submit.py:641} INFO - .save("s3a://bronze/movie_20_21/")
[2025-02-21T15:15:45.610+0000] {spark_submit.py:641} INFO - ^^^^^^^^^^^^^^^^^^^^^^^^^^^^^^^^^
[2025-02-21T15:15:45.610+0000] {spark_submit.py:641} INFO - File "/home/***/.local/lib/python3.12/site-packages/pyspark/python/lib/pyspark.zip/pyspark/sql/readwriter.py", line 1463, in save
[2025-02-21T15:15:45.611+0000] {spark_submit.py:641} INFO - File "/home/***/.local/lib/python3.12/site-packages/pyspark/python/lib/py4j-0.10.9.7-src.zip/py4j/java_gateway.py", line 1322, in __call__
[2025-02-21T15:15:45.611+0000] {spark_submit.py:641} INFO - File "/home/***/.local/lib/python3.12/site-packages/pyspark/python/lib/pyspark.zip/pyspark/errors/exceptions/captured.py", line 179, in deco
[2025-02-21T15:15:45.612+0000] {spark_submit.py:641} INFO - File "/home/***/.local/lib/python3.12/site-packages/pyspark/python/lib/py4j-0.10.9.7-src.zip/py4j/protocol.py", line 326, in get_return_value
[2025-02-21T15:15:45.612+0000] {spark_submit.py:641} INFO - py4j.protocol.Py4JJavaError: An error occurred while calling o59.save.
[2025-02-21T15:15:45.613+0000] {spark_submit.py:641} INFO - : java.lang.RuntimeException: java.lang.ClassNotFoundException: Class org.apache.hadoop.fs.s3a.S3AFileSystem not found
[2025-02-21T15:15:45.613+0000] {spark_submit.py:641} INFO - at org.apache.hadoop.conf.Configuration.getClass(Configuration.java:2688)
[2025-02-21T15:15:45.613+0000] {spark_submit.py:641} INFO - at org.apache.hadoop.fs.FileSystem.getFileSystemClass(FileSystem.java:3431)
[2025-02-21T15:15:45.613+0000] {spark_submit.py:641} INFO - at org.apache.hadoop.fs.FileSystem.createFileSystem(FileSystem.java:3466)
[2025-02-21T15:15:45.614+0000] {spark_submit.py:641} INFO - at org.apache.hadoop.fs.FileSystem.access$300(FileSystem.java:174)
[2025-02-21T15:15:45.614+0000] {spark_submit.py:641} INFO - at org.apache.hadoop.fs.FileSystem$Cache.getInternal(FileSystem.java:3574)
[2025-02-21T15:15:45.615+0000] {spark_submit.py:641} INFO - at org.apache.hadoop.fs.FileSystem$Cache.get(FileSystem.java:3521)
[2025-02-21T15:15:45.615+0000] {spark_submit.py:641} INFO - at org.apache.hadoop.fs.FileSystem.get(FileSystem.java:540)
[2025-02-21T15:15:45.616+0000] {spark_submit.py:641} INFO - at org.apache.hadoop.fs.Path.getFileSystem(Path.java:365)
[2025-02-21T15:15:45.616+0000] {spark_submit.py:641} INFO - at org.apache.spark.sql.execution.datasources.DataSource.planForWritingFileFormat(DataSource.scala:454)
[2025-02-21T15:15:45.616+0000] {spark_submit.py:641} INFO - at org.apache.spark.sql.execution.datasources.DataSource.planForWriting(DataSource.scala:530)
[2025-02-21T15:15:45.617+0000] {spark_submit.py:641} INFO - at org.apache.spark.sql.DataFrameWriter.saveToV1Source(DataFrameWriter.scala:391)
[2025-02-21T15:15:45.617+0000] {spark_submit.py:641} INFO - at org.apache.spark.sql.DataFrameWriter.saveInternal(DataFrameWriter.scala:364)
[2025-02-21T15:15:45.617+0000] {spark_submit.py:641} INFO - at org.apache.spark.sql.DataFrameWriter.save(DataFrameWriter.scala:243)
[2025-02-21T15:15:45.618+0000] {spark_submit.py:641} INFO - at java.base/jdk.internal.reflect.NativeMethodAccessorImpl.invoke0(Native Method)
[2025-02-21T15:15:45.618+0000] {spark_submit.py:641} INFO - at java.base/jdk.internal.reflect.NativeMethodAccessorImpl.invoke(NativeMethodAccessorImpl.java:77)
[2025-02-21T15:15:45.618+0000] {spark_submit.py:641} INFO - at java.base/jdk.internal.reflect.DelegatingMethodAccessorImpl.invoke(DelegatingMethodAccessorImpl.java:43)
[2025-02-21T15:15:45.618+0000] {spark_submit.py:641} INFO - at java.base/java.lang.reflect.Method.invoke(Method.java:569)
[2025-02-21T15:15:45.619+0000] {spark_submit.py:641} INFO - at py4j.reflection.MethodInvoker.invoke(MethodInvoker.java:244)
[2025-02-21T15:15:45.619+0000] {spark_submit.py:641} INFO - at py4j.reflection.ReflectionEngine.invoke(ReflectionEngine.java:374)
[2025-02-21T15:15:45.619+0000] {spark_submit.py:641} INFO - at py4j.Gateway.invoke(Gateway.java:282)
[2025-02-21T15:15:45.619+0000] {spark_submit.py:641} INFO - at py4j.commands.AbstractCommand.invokeMethod(AbstractCommand.java:132)
[2025-02-21T15:15:45.620+0000] {spark_submit.py:641} INFO - at py4j.commands.CallCommand.execute(CallCommand.java:79)
[2025-02-21T15:15:45.620+0000] {spark_submit.py:641} INFO - at py4j.ClientServerConnection.waitForCommands(ClientServerConnection.java:182)
[2025-02-21T15:15:45.620+0000] {spark_submit.py:641} INFO - at py4j.ClientServerConnection.run(ClientServerConnection.java:106)
[2025-02-21T15:15:45.621+0000] {spark_submit.py:641} INFO - at java.base/java.lang.Thread.run(Thread.java:840)
[2025-02-21T15:15:45.621+0000] {spark_submit.py:641} INFO - Caused by: java.lang.ClassNotFoundException: Class org.apache.hadoop.fs.s3a.S3AFileSystem not found
[2025-02-21T15:15:45.621+0000] {spark_submit.py:641} INFO - at org.apache.hadoop.conf.Configuration.getClassByName(Configuration.java:2592)
[2025-02-21T15:15:45.622+0000] {spark_submit.py:641} INFO - at org.apache.hadoop.conf.Configuration.getClass(Configuration.java:2686)
[2025-02-21T15:15:45.623+0000] {spark_submit.py:641} INFO - ... 24 more
[2025-02-21T15:15:45.623+0000] {spark_submit.py:641} INFO - 
[2025-02-21T15:15:45.623+0000] {spark_submit.py:641} INFO - INFO:py4j.clientserver:Closing down clientserver connection
[2025-02-21T15:15:45.764+0000] {spark_submit.py:641} INFO - 25/02/21 15:15:45 INFO SparkContext: Invoking stop() from shutdown hook
[2025-02-21T15:15:45.765+0000] {spark_submit.py:641} INFO - 25/02/21 15:15:45 INFO SparkContext: SparkContext is stopping with exitCode 0.
[2025-02-21T15:15:45.771+0000] {spark_submit.py:641} INFO - 25/02/21 15:15:45 INFO SparkUI: Stopped Spark web UI at http://807a91bedaaf:4040
[2025-02-21T15:15:45.774+0000] {spark_submit.py:641} INFO - 25/02/21 15:15:45 INFO StandaloneSchedulerBackend: Shutting down all executors
[2025-02-21T15:15:45.775+0000] {spark_submit.py:641} INFO - 25/02/21 15:15:45 INFO StandaloneSchedulerBackend$StandaloneDriverEndpoint: Asking each executor to shut down
[2025-02-21T15:15:45.792+0000] {spark_submit.py:641} INFO - 25/02/21 15:15:45 INFO MapOutputTrackerMasterEndpoint: MapOutputTrackerMasterEndpoint stopped!
[2025-02-21T15:15:45.847+0000] {spark_submit.py:641} INFO - 25/02/21 15:15:45 INFO MemoryStore: MemoryStore cleared
[2025-02-21T15:15:45.849+0000] {spark_submit.py:641} INFO - 25/02/21 15:15:45 INFO BlockManager: BlockManager stopped
[2025-02-21T15:15:45.859+0000] {spark_submit.py:641} INFO - 25/02/21 15:15:45 INFO BlockManagerMaster: BlockManagerMaster stopped
[2025-02-21T15:15:45.859+0000] {spark_submit.py:641} INFO - 25/02/21 15:15:45 INFO OutputCommitCoordinator$OutputCommitCoordinatorEndpoint: OutputCommitCoordinator stopped!
[2025-02-21T15:15:45.872+0000] {spark_submit.py:641} INFO - 25/02/21 15:15:45 INFO SparkContext: Successfully stopped SparkContext
[2025-02-21T15:15:45.874+0000] {spark_submit.py:641} INFO - 25/02/21 15:15:45 INFO ShutdownHookManager: Shutdown hook called
[2025-02-21T15:15:45.874+0000] {spark_submit.py:641} INFO - 25/02/21 15:15:45 INFO ShutdownHookManager: Deleting directory /tmp/spark-09fc4a68-cfd9-4b6c-bf57-b30579132c18/pyspark-500e7549-0d6f-46bc-9a98-0e67c39a6f86
[2025-02-21T15:15:45.888+0000] {spark_submit.py:641} INFO - 25/02/21 15:15:45 INFO ShutdownHookManager: Deleting directory /tmp/spark-2085d734-eab2-4a86-b0e2-d33a52763e92
[2025-02-21T15:15:45.904+0000] {spark_submit.py:641} INFO - 25/02/21 15:15:45 INFO ShutdownHookManager: Deleting directory /tmp/spark-09fc4a68-cfd9-4b6c-bf57-b30579132c18
[2025-02-21T15:15:45.949+0000] {taskinstance.py:3313} ERROR - Task failed with exception
Traceback (most recent call last):
  File "/home/airflow/.local/lib/python3.12/site-packages/airflow/models/taskinstance.py", line 768, in _execute_task
    result = _execute_callable(context=context, **execute_callable_kwargs)
             ^^^^^^^^^^^^^^^^^^^^^^^^^^^^^^^^^^^^^^^^^^^^^^^^^^^^^^^^^^^^^
  File "/home/airflow/.local/lib/python3.12/site-packages/airflow/models/taskinstance.py", line 734, in _execute_callable
    return ExecutionCallableRunner(
           ^^^^^^^^^^^^^^^^^^^^^^^^
  File "/home/airflow/.local/lib/python3.12/site-packages/airflow/utils/operator_helpers.py", line 252, in run
    return self.func(*args, **kwargs)
           ^^^^^^^^^^^^^^^^^^^^^^^^^^
  File "/home/airflow/.local/lib/python3.12/site-packages/airflow/models/baseoperator.py", line 424, in wrapper
    return func(self, *args, **kwargs)
           ^^^^^^^^^^^^^^^^^^^^^^^^^^^
  File "/home/airflow/.local/lib/python3.12/site-packages/airflow/providers/apache/spark/operators/spark_submit.py", line 177, in execute
    self._hook.submit(self.application)
  File "/home/airflow/.local/lib/python3.12/site-packages/airflow/providers/apache/spark/hooks/spark_submit.py", line 567, in submit
    raise AirflowException(
airflow.exceptions.AirflowException: Cannot execute: spark-submit --master local[*] --driver-memory 4g --principal admin --name arrow-spark --verbose --queue root.default --deploy-mode client /opt/bitnami/spark/scripts/ing_mov_20_21.py. Error code is: 1.
[2025-02-21T15:15:45.958+0000] {taskinstance.py:1226} INFO - Marking task as UP_FOR_RETRY. dag_id=ing_mov_20_21, task_id=run_spark_script, run_id=manual__2025-02-21T14:48:59.214868+00:00, execution_date=20250221T144859, start_date=20250221T144900, end_date=20250221T151545
[2025-02-21T15:15:45.998+0000] {taskinstance.py:341} INFO - ::group::Post task execution logs
[2025-02-21T15:15:45.999+0000] {standard_task_runner.py:124} ERROR - Failed to execute job 4 for task run_spark_script (Cannot execute: spark-submit --master local[*] --driver-memory 4g --principal admin --name arrow-spark --verbose --queue root.default --deploy-mode client /opt/bitnami/spark/scripts/ing_mov_20_21.py. Error code is: 1.; 165)
Traceback (most recent call last):
  File "/home/airflow/.local/lib/python3.12/site-packages/airflow/task/task_runner/standard_task_runner.py", line 117, in _start_by_fork
    ret = args.func(args, dag=self.dag)
          ^^^^^^^^^^^^^^^^^^^^^^^^^^^^^
  File "/home/airflow/.local/lib/python3.12/site-packages/airflow/cli/cli_config.py", line 49, in command
    return func(*args, **kwargs)
           ^^^^^^^^^^^^^^^^^^^^^
  File "/home/airflow/.local/lib/python3.12/site-packages/airflow/utils/cli.py", line 116, in wrapper
    return f(*args, **kwargs)
           ^^^^^^^^^^^^^^^^^^
  File "/home/airflow/.local/lib/python3.12/site-packages/airflow/cli/commands/task_command.py", line 483, in task_run
    task_return_code = _run_task_by_selected_method(args, _dag, ti)
                       ^^^^^^^^^^^^^^^^^^^^^^^^^^^^^^^^^^^^^^^^^^^^
  File "/home/airflow/.local/lib/python3.12/site-packages/airflow/cli/commands/task_command.py", line 256, in _run_task_by_selected_method
    return _run_raw_task(args, ti)
           ^^^^^^^^^^^^^^^^^^^^^^^
  File "/home/airflow/.local/lib/python3.12/site-packages/airflow/cli/commands/task_command.py", line 341, in _run_raw_task
    return ti._run_raw_task(
           ^^^^^^^^^^^^^^^^^
  File "/home/airflow/.local/lib/python3.12/site-packages/airflow/utils/session.py", line 97, in wrapper
    return func(*args, session=session, **kwargs)
           ^^^^^^^^^^^^^^^^^^^^^^^^^^^^^^^^^^^^^^
  File "/home/airflow/.local/lib/python3.12/site-packages/airflow/models/taskinstance.py", line 3006, in _run_raw_task
    return _run_raw_task(
           ^^^^^^^^^^^^^^
  File "/home/airflow/.local/lib/python3.12/site-packages/airflow/models/taskinstance.py", line 274, in _run_raw_task
    TaskInstance._execute_task_with_callbacks(
  File "/home/airflow/.local/lib/python3.12/site-packages/airflow/models/taskinstance.py", line 3161, in _execute_task_with_callbacks
    result = self._execute_task(context, task_orig)
             ^^^^^^^^^^^^^^^^^^^^^^^^^^^^^^^^^^^^^^
  File "/home/airflow/.local/lib/python3.12/site-packages/airflow/models/taskinstance.py", line 3185, in _execute_task
    return _execute_task(self, context, task_orig)
           ^^^^^^^^^^^^^^^^^^^^^^^^^^^^^^^^^^^^^^^
  File "/home/airflow/.local/lib/python3.12/site-packages/airflow/models/taskinstance.py", line 768, in _execute_task
    result = _execute_callable(context=context, **execute_callable_kwargs)
             ^^^^^^^^^^^^^^^^^^^^^^^^^^^^^^^^^^^^^^^^^^^^^^^^^^^^^^^^^^^^^
  File "/home/airflow/.local/lib/python3.12/site-packages/airflow/models/taskinstance.py", line 734, in _execute_callable
    return ExecutionCallableRunner(
           ^^^^^^^^^^^^^^^^^^^^^^^^
  File "/home/airflow/.local/lib/python3.12/site-packages/airflow/utils/operator_helpers.py", line 252, in run
    return self.func(*args, **kwargs)
           ^^^^^^^^^^^^^^^^^^^^^^^^^^
  File "/home/airflow/.local/lib/python3.12/site-packages/airflow/models/baseoperator.py", line 424, in wrapper
    return func(self, *args, **kwargs)
           ^^^^^^^^^^^^^^^^^^^^^^^^^^^
  File "/home/airflow/.local/lib/python3.12/site-packages/airflow/providers/apache/spark/operators/spark_submit.py", line 177, in execute
    self._hook.submit(self.application)
  File "/home/airflow/.local/lib/python3.12/site-packages/airflow/providers/apache/spark/hooks/spark_submit.py", line 567, in submit
    raise AirflowException(
airflow.exceptions.AirflowException: Cannot execute: spark-submit --master local[*] --driver-memory 4g --principal admin --name arrow-spark --verbose --queue root.default --deploy-mode client /opt/bitnami/spark/scripts/ing_mov_20_21.py. Error code is: 1.
[2025-02-21T15:15:46.038+0000] {local_task_job_runner.py:266} INFO - Task exited with return code 1
[2025-02-21T15:15:46.061+0000] {taskinstance.py:3901} INFO - 0 downstream tasks scheduled from follow-on schedule check
[2025-02-21T15:15:46.063+0000] {local_task_job_runner.py:245} INFO - ::endgroup::
