[2025-02-21T15:20:46.594+0000] {local_task_job_runner.py:123} INFO - ::group::Pre task execution logs
[2025-02-21T15:20:46.615+0000] {taskinstance.py:2614} INFO - Dependencies all met for dep_context=non-requeueable deps ti=<TaskInstance: ing_mov_20_21.run_spark_script manual__2025-02-21T14:48:59.214868+00:00 [queued]>
[2025-02-21T15:20:46.625+0000] {taskinstance.py:2614} INFO - Dependencies all met for dep_context=requeueable deps ti=<TaskInstance: ing_mov_20_21.run_spark_script manual__2025-02-21T14:48:59.214868+00:00 [queued]>
[2025-02-21T15:20:46.625+0000] {taskinstance.py:2867} INFO - Starting attempt 2 of 2
[2025-02-21T15:20:46.639+0000] {taskinstance.py:2890} INFO - Executing <Task(SparkSubmitOperator): run_spark_script> on 2025-02-21 14:48:59.214868+00:00
[2025-02-21T15:20:46.643+0000] {warnings.py:112} WARNING - /home/***/.local/lib/python3.12/site-packages/***/task/task_runner/standard_task_runner.py:70: DeprecationWarning: This process (pid=894) is multi-threaded, use of fork() may lead to deadlocks in the child.
  pid = os.fork()

[2025-02-21T15:20:46.645+0000] {standard_task_runner.py:72} INFO - Started process 895 to run task
[2025-02-21T15:20:46.645+0000] {standard_task_runner.py:104} INFO - Running: ['***', 'tasks', 'run', 'ing_mov_20_21', 'run_spark_script', 'manual__2025-02-21T14:48:59.214868+00:00', '--job-id', '6', '--raw', '--subdir', 'DAGS_FOLDER/scriptteste.py', '--cfg-path', '/tmp/tmp6kw26xf0']
[2025-02-21T15:20:46.646+0000] {standard_task_runner.py:105} INFO - Job 6: Subtask run_spark_script
[2025-02-21T15:20:46.700+0000] {task_command.py:467} INFO - Running <TaskInstance: ing_mov_20_21.run_spark_script manual__2025-02-21T14:48:59.214868+00:00 [running]> on host 807a91bedaaf
[2025-02-21T15:20:46.785+0000] {taskinstance.py:3134} INFO - Exporting env vars: AIRFLOW_CTX_DAG_OWNER='***' AIRFLOW_CTX_DAG_ID='ing_mov_20_21' AIRFLOW_CTX_TASK_ID='run_spark_script' AIRFLOW_CTX_EXECUTION_DATE='2025-02-21T14:48:59.214868+00:00' AIRFLOW_CTX_TRY_NUMBER='2' AIRFLOW_CTX_DAG_RUN_ID='manual__2025-02-21T14:48:59.214868+00:00'
[2025-02-21T15:20:46.787+0000] {taskinstance.py:732} INFO - ::endgroup::
[2025-02-21T15:20:46.813+0000] {base.py:84} INFO - Retrieving connection 'spark_default'
[2025-02-21T15:20:46.814+0000] {spark_submit.py:328} ERROR - Failed to decode base64 keytab: Invalid base64-encoded string: number of data characters (5) cannot be 1 more than a multiple of 4
[2025-02-21T15:20:46.815+0000] {spark_submit.py:305} INFO - Could not load connection string spark_default, defaulting to local[*]
[2025-02-21T15:20:46.816+0000] {spark_submit.py:474} INFO - Spark-Submit cmd: spark-submit --master local[*] --driver-memory 4g --principal admin --name arrow-spark --verbose --queue root.default --deploy-mode client /opt/bitnami/spark/scripts/ing_mov_20_21.py
[2025-02-21T15:20:48.054+0000] {spark_submit.py:641} INFO - Using properties file: null
[2025-02-21T15:20:48.149+0000] {spark_submit.py:641} INFO - Parsed arguments:
[2025-02-21T15:20:48.150+0000] {spark_submit.py:641} INFO - master                  local[*]
[2025-02-21T15:20:48.150+0000] {spark_submit.py:641} INFO - remote                  null
[2025-02-21T15:20:48.151+0000] {spark_submit.py:641} INFO - deployMode              client
[2025-02-21T15:20:48.151+0000] {spark_submit.py:641} INFO - executorMemory          null
[2025-02-21T15:20:48.152+0000] {spark_submit.py:641} INFO - executorCores           null
[2025-02-21T15:20:48.152+0000] {spark_submit.py:641} INFO - totalExecutorCores      null
[2025-02-21T15:20:48.153+0000] {spark_submit.py:641} INFO - propertiesFile          null
[2025-02-21T15:20:48.153+0000] {spark_submit.py:641} INFO - driverMemory            4g
[2025-02-21T15:20:48.154+0000] {spark_submit.py:641} INFO - driverCores             null
[2025-02-21T15:20:48.154+0000] {spark_submit.py:641} INFO - driverExtraClassPath    null
[2025-02-21T15:20:48.155+0000] {spark_submit.py:641} INFO - driverExtraLibraryPath  null
[2025-02-21T15:20:48.156+0000] {spark_submit.py:641} INFO - driverExtraJavaOptions  null
[2025-02-21T15:20:48.156+0000] {spark_submit.py:641} INFO - supervise               false
[2025-02-21T15:20:48.157+0000] {spark_submit.py:641} INFO - queue                   root.default
[2025-02-21T15:20:48.157+0000] {spark_submit.py:641} INFO - numExecutors            null
[2025-02-21T15:20:48.157+0000] {spark_submit.py:641} INFO - files                   null
[2025-02-21T15:20:48.158+0000] {spark_submit.py:641} INFO - pyFiles                 null
[2025-02-21T15:20:48.158+0000] {spark_submit.py:641} INFO - archives                null
[2025-02-21T15:20:48.159+0000] {spark_submit.py:641} INFO - mainClass               null
[2025-02-21T15:20:48.159+0000] {spark_submit.py:641} INFO - primaryResource         file:/opt/bitnami/spark/scripts/ing_mov_20_21.py
[2025-02-21T15:20:48.160+0000] {spark_submit.py:641} INFO - name                    arrow-spark
[2025-02-21T15:20:48.160+0000] {spark_submit.py:641} INFO - childArgs               []
[2025-02-21T15:20:48.162+0000] {spark_submit.py:641} INFO - jars                    null
[2025-02-21T15:20:48.163+0000] {spark_submit.py:641} INFO - packages                null
[2025-02-21T15:20:48.163+0000] {spark_submit.py:641} INFO - packagesExclusions      null
[2025-02-21T15:20:48.164+0000] {spark_submit.py:641} INFO - repositories            null
[2025-02-21T15:20:48.164+0000] {spark_submit.py:641} INFO - verbose                 true
[2025-02-21T15:20:48.165+0000] {spark_submit.py:641} INFO - 
[2025-02-21T15:20:48.165+0000] {spark_submit.py:641} INFO - Spark properties used, including those specified through
[2025-02-21T15:20:48.166+0000] {spark_submit.py:641} INFO - --conf and those from the properties file null:
[2025-02-21T15:20:48.166+0000] {spark_submit.py:641} INFO - (spark.driver.memory,4g)
[2025-02-21T15:20:48.167+0000] {spark_submit.py:641} INFO - 
[2025-02-21T15:20:48.167+0000] {spark_submit.py:641} INFO - 
[2025-02-21T15:20:48.375+0000] {spark_submit.py:641} INFO - Main class:
[2025-02-21T15:20:48.377+0000] {spark_submit.py:641} INFO - org.apache.spark.deploy.PythonRunner
[2025-02-21T15:20:48.377+0000] {spark_submit.py:641} INFO - Arguments:
[2025-02-21T15:20:48.378+0000] {spark_submit.py:641} INFO - file:/opt/bitnami/spark/scripts/ing_mov_20_21.py
[2025-02-21T15:20:48.378+0000] {spark_submit.py:641} INFO - null
[2025-02-21T15:20:48.379+0000] {spark_submit.py:641} INFO - Spark config:
[2025-02-21T15:20:48.380+0000] {spark_submit.py:641} INFO - (spark.app.name,arrow-spark)
[2025-02-21T15:20:48.380+0000] {spark_submit.py:641} INFO - (spark.app.submitTime,1740151248360)
[2025-02-21T15:20:48.380+0000] {spark_submit.py:641} INFO - (spark.driver.memory,4g)
[2025-02-21T15:20:48.381+0000] {spark_submit.py:641} INFO - (spark.kerberos.principal,admin)
[2025-02-21T15:20:48.381+0000] {spark_submit.py:641} INFO - (spark.master,local[*])
[2025-02-21T15:20:48.381+0000] {spark_submit.py:641} INFO - (spark.submit.deployMode,client)
[2025-02-21T15:20:48.382+0000] {spark_submit.py:641} INFO - (spark.submit.pyFiles,)
[2025-02-21T15:20:48.382+0000] {spark_submit.py:641} INFO - Classpath elements:
[2025-02-21T15:20:48.382+0000] {spark_submit.py:641} INFO - 
[2025-02-21T15:20:48.383+0000] {spark_submit.py:641} INFO - 
[2025-02-21T15:20:48.383+0000] {spark_submit.py:641} INFO - 
[2025-02-21T15:20:49.748+0000] {spark_submit.py:641} INFO - 25/02/21 15:20:49 INFO SparkContext: Running Spark version 3.5.4
[2025-02-21T15:20:49.750+0000] {spark_submit.py:641} INFO - 25/02/21 15:20:49 INFO SparkContext: OS info Linux, 5.15.167.4-microsoft-standard-WSL2, amd64
[2025-02-21T15:20:49.750+0000] {spark_submit.py:641} INFO - 25/02/21 15:20:49 INFO SparkContext: Java version 17.0.14
[2025-02-21T15:20:49.794+0000] {spark_submit.py:641} INFO - 25/02/21 15:20:49 WARN NativeCodeLoader: Unable to load native-hadoop library for your platform... using builtin-java classes where applicable
[2025-02-21T15:20:49.868+0000] {spark_submit.py:641} INFO - 25/02/21 15:20:49 INFO ResourceUtils: ==============================================================
[2025-02-21T15:20:49.870+0000] {spark_submit.py:641} INFO - 25/02/21 15:20:49 INFO ResourceUtils: No custom resources configured for spark.driver.
[2025-02-21T15:20:49.871+0000] {spark_submit.py:641} INFO - 25/02/21 15:20:49 INFO ResourceUtils: ==============================================================
[2025-02-21T15:20:49.872+0000] {spark_submit.py:641} INFO - 25/02/21 15:20:49 INFO SparkContext: Submitted application: Movies_20_21
[2025-02-21T15:20:49.893+0000] {spark_submit.py:641} INFO - 25/02/21 15:20:49 INFO ResourceProfile: Default ResourceProfile created, executor resources: Map(cores -> name: cores, amount: 1, script: , vendor: , memory -> name: memory, amount: 8192, script: , vendor: , offHeap -> name: offHeap, amount: 0, script: , vendor: ), task resources: Map(cpus -> name: cpus, amount: 1.0)
[2025-02-21T15:20:49.902+0000] {spark_submit.py:641} INFO - 25/02/21 15:20:49 INFO ResourceProfile: Limiting resource is cpus at 1 tasks per executor
[2025-02-21T15:20:49.905+0000] {spark_submit.py:641} INFO - 25/02/21 15:20:49 INFO ResourceProfileManager: Added ResourceProfile id: 0
[2025-02-21T15:20:49.946+0000] {spark_submit.py:641} INFO - 25/02/21 15:20:49 INFO SecurityManager: Changing view acls to: ***
[2025-02-21T15:20:49.947+0000] {spark_submit.py:641} INFO - 25/02/21 15:20:49 INFO SecurityManager: Changing modify acls to: ***
[2025-02-21T15:20:49.947+0000] {spark_submit.py:641} INFO - 25/02/21 15:20:49 INFO SecurityManager: Changing view acls groups to:
[2025-02-21T15:20:49.948+0000] {spark_submit.py:641} INFO - 25/02/21 15:20:49 INFO SecurityManager: Changing modify acls groups to:
[2025-02-21T15:20:49.948+0000] {spark_submit.py:641} INFO - 25/02/21 15:20:49 INFO SecurityManager: SecurityManager: authentication disabled; ui acls disabled; users with view permissions: ***; groups with view permissions: EMPTY; users with modify permissions: ***; groups with modify permissions: EMPTY
[2025-02-21T15:20:50.117+0000] {spark_submit.py:641} INFO - 25/02/21 15:20:50 INFO Utils: Successfully started service 'sparkDriver' on port 42715.
[2025-02-21T15:20:50.140+0000] {spark_submit.py:641} INFO - 25/02/21 15:20:50 INFO SparkEnv: Registering MapOutputTracker
[2025-02-21T15:20:50.169+0000] {spark_submit.py:641} INFO - 25/02/21 15:20:50 INFO SparkEnv: Registering BlockManagerMaster
[2025-02-21T15:20:50.181+0000] {spark_submit.py:641} INFO - 25/02/21 15:20:50 INFO BlockManagerMasterEndpoint: Using org.apache.spark.storage.DefaultTopologyMapper for getting topology information
[2025-02-21T15:20:50.182+0000] {spark_submit.py:641} INFO - 25/02/21 15:20:50 INFO BlockManagerMasterEndpoint: BlockManagerMasterEndpoint up
[2025-02-21T15:20:50.186+0000] {spark_submit.py:641} INFO - 25/02/21 15:20:50 INFO SparkEnv: Registering BlockManagerMasterHeartbeat
[2025-02-21T15:20:50.202+0000] {spark_submit.py:641} INFO - 25/02/21 15:20:50 INFO DiskBlockManager: Created local directory at /tmp/blockmgr-7449a251-e1b4-44bf-bff9-af8f711a5680
[2025-02-21T15:20:50.213+0000] {spark_submit.py:641} INFO - 25/02/21 15:20:50 INFO MemoryStore: MemoryStore started with capacity 2.2 GiB
[2025-02-21T15:20:50.228+0000] {spark_submit.py:641} INFO - 25/02/21 15:20:50 INFO SparkEnv: Registering OutputCommitCoordinator
[2025-02-21T15:20:50.360+0000] {spark_submit.py:641} INFO - 25/02/21 15:20:50 INFO JettyUtils: Start Jetty 0.0.0.0:4040 for SparkUI
[2025-02-21T15:20:50.409+0000] {spark_submit.py:641} INFO - 25/02/21 15:20:50 INFO Utils: Successfully started service 'SparkUI' on port 4040.
[2025-02-21T15:20:50.525+0000] {spark_submit.py:641} INFO - 25/02/21 15:20:50 INFO StandaloneAppClient$ClientEndpoint: Connecting to master spark://spark:7077...
[2025-02-21T15:20:50.560+0000] {spark_submit.py:641} INFO - 25/02/21 15:20:50 INFO TransportClientFactory: Successfully created connection to spark/172.18.0.5:7077 after 19 ms (0 ms spent in bootstraps)
[2025-02-21T15:20:50.640+0000] {spark_submit.py:641} INFO - 25/02/21 15:20:50 INFO StandaloneSchedulerBackend: Connected to Spark cluster with app ID app-20250221152050-0002
[2025-02-21T15:20:50.659+0000] {spark_submit.py:641} INFO - 25/02/21 15:20:50 INFO Utils: Successfully started service 'org.apache.spark.network.netty.NettyBlockTransferService' on port 36757.
[2025-02-21T15:20:50.660+0000] {spark_submit.py:641} INFO - 25/02/21 15:20:50 INFO NettyBlockTransferService: Server created on 807a91bedaaf:36757
[2025-02-21T15:20:50.664+0000] {spark_submit.py:641} INFO - 25/02/21 15:20:50 INFO BlockManager: Using org.apache.spark.storage.RandomBlockReplicationPolicy for block replication policy
[2025-02-21T15:20:50.664+0000] {spark_submit.py:641} INFO - 25/02/21 15:20:50 INFO StandaloneAppClient$ClientEndpoint: Executor added: app-20250221152050-0002/0 on worker-20250221144450-172.18.0.6-36133 (172.18.0.6:36133) with 1 core(s)
[2025-02-21T15:20:50.665+0000] {spark_submit.py:641} INFO - 25/02/21 15:20:50 INFO StandaloneSchedulerBackend: Granted executor ID app-20250221152050-0002/0 on hostPort 172.18.0.6:36133 with 1 core(s), 8.0 GiB RAM
[2025-02-21T15:20:50.670+0000] {spark_submit.py:641} INFO - 25/02/21 15:20:50 INFO StandaloneAppClient$ClientEndpoint: Executor added: app-20250221152050-0002/1 on worker-20250221144450-172.18.0.3-34853 (172.18.0.3:34853) with 1 core(s)
[2025-02-21T15:20:50.672+0000] {spark_submit.py:641} INFO - 25/02/21 15:20:50 INFO StandaloneSchedulerBackend: Granted executor ID app-20250221152050-0002/1 on hostPort 172.18.0.3:34853 with 1 core(s), 8.0 GiB RAM
[2025-02-21T15:20:50.675+0000] {spark_submit.py:641} INFO - 25/02/21 15:20:50 INFO BlockManagerMaster: Registering BlockManager BlockManagerId(driver, 807a91bedaaf, 36757, None)
[2025-02-21T15:20:50.681+0000] {spark_submit.py:641} INFO - 25/02/21 15:20:50 INFO BlockManagerMasterEndpoint: Registering block manager 807a91bedaaf:36757 with 2.2 GiB RAM, BlockManagerId(driver, 807a91bedaaf, 36757, None)
[2025-02-21T15:20:50.687+0000] {spark_submit.py:641} INFO - 25/02/21 15:20:50 INFO BlockManagerMaster: Registered BlockManager BlockManagerId(driver, 807a91bedaaf, 36757, None)
[2025-02-21T15:20:50.690+0000] {spark_submit.py:641} INFO - 25/02/21 15:20:50 INFO BlockManager: Initialized BlockManager: BlockManagerId(driver, 807a91bedaaf, 36757, None)
[2025-02-21T15:20:50.716+0000] {spark_submit.py:641} INFO - 25/02/21 15:20:50 INFO StandaloneAppClient$ClientEndpoint: Executor updated: app-20250221152050-0002/1 is now RUNNING
[2025-02-21T15:20:50.722+0000] {spark_submit.py:641} INFO - 25/02/21 15:20:50 INFO StandaloneAppClient$ClientEndpoint: Executor updated: app-20250221152050-0002/0 is now RUNNING
[2025-02-21T15:20:50.934+0000] {spark_submit.py:641} INFO - 25/02/21 15:20:50 INFO StandaloneSchedulerBackend: SchedulerBackend is ready for scheduling beginning after reached minRegisteredResourcesRatio: 0.0
[2025-02-21T15:20:52.643+0000] {spark_submit.py:641} INFO - INFO:__main__:Coletando dados para 2020-01-01...
[2025-02-21T15:20:53.527+0000] {spark_submit.py:641} INFO - 25/02/21 15:20:53 INFO StandaloneSchedulerBackend$StandaloneDriverEndpoint: Registered executor NettyRpcEndpointRef(spark-client://Executor) (172.18.0.3:40064) with ID 1,  ResourceProfileId 0
[2025-02-21T15:20:53.541+0000] {spark_submit.py:641} INFO - 25/02/21 15:20:53 INFO StandaloneSchedulerBackend$StandaloneDriverEndpoint: Registered executor NettyRpcEndpointRef(spark-client://Executor) (172.18.0.6:38560) with ID 0,  ResourceProfileId 0
[2025-02-21T15:20:53.619+0000] {spark_submit.py:641} INFO - 25/02/21 15:20:53 INFO BlockManagerMasterEndpoint: Registering block manager 172.18.0.3:41995 with 4.6 GiB RAM, BlockManagerId(1, 172.18.0.3, 41995, None)
[2025-02-21T15:20:53.620+0000] {spark_submit.py:641} INFO - 25/02/21 15:20:53 INFO BlockManagerMasterEndpoint: Registering block manager 172.18.0.6:37009 with 4.6 GiB RAM, BlockManagerId(0, 172.18.0.6, 37009, None)
[2025-02-21T15:22:59.449+0000] {spark_submit.py:641} INFO - INFO:__main__:Coletando dados para 2020-01-02...
[2025-02-21T15:23:04.799+0000] {spark_submit.py:641} INFO - INFO:__main__:Coletando dados para 2020-01-03...
[2025-02-21T15:23:10.051+0000] {spark_submit.py:641} INFO - INFO:__main__:Coletando dados para 2020-01-04...
[2025-02-21T15:23:12.606+0000] {spark_submit.py:641} INFO - INFO:__main__:Coletando dados para 2020-01-05...
[2025-02-21T15:23:15.069+0000] {spark_submit.py:641} INFO - INFO:__main__:Coletando dados para 2020-01-06...
[2025-02-21T15:23:19.058+0000] {spark_submit.py:641} INFO - INFO:__main__:Coletando dados para 2020-01-07...
[2025-02-21T15:23:23.081+0000] {spark_submit.py:641} INFO - INFO:__main__:Coletando dados para 2020-01-08...
[2025-02-21T15:23:26.948+0000] {spark_submit.py:641} INFO - INFO:__main__:Coletando dados para 2020-01-09...
[2025-02-21T15:23:32.340+0000] {spark_submit.py:641} INFO - INFO:__main__:Coletando dados para 2020-01-10...
[2025-02-21T15:23:40.658+0000] {spark_submit.py:641} INFO - INFO:__main__:Coletando dados para 2020-01-11...
[2025-02-21T15:23:44.532+0000] {spark_submit.py:641} INFO - INFO:__main__:Coletando dados para 2020-01-12...
[2025-02-21T15:23:48.516+0000] {spark_submit.py:641} INFO - INFO:__main__:Coletando dados para 2020-01-13...
[2025-02-21T15:23:51.084+0000] {spark_submit.py:641} INFO - INFO:__main__:Coletando dados para 2020-01-14...
[2025-02-21T15:23:55.206+0000] {spark_submit.py:641} INFO - INFO:__main__:Coletando dados para 2020-01-15...
[2025-02-21T15:24:00.509+0000] {spark_submit.py:641} INFO - INFO:__main__:Coletando dados para 2020-01-16...
[2025-02-21T15:24:05.857+0000] {spark_submit.py:641} INFO - INFO:__main__:Coletando dados para 2020-01-17...
[2025-02-21T15:24:12.552+0000] {spark_submit.py:641} INFO - INFO:__main__:Coletando dados para 2020-01-18...
[2025-02-21T15:24:17.893+0000] {spark_submit.py:641} INFO - INFO:__main__:Coletando dados para 2020-01-19...
[2025-02-21T15:24:20.407+0000] {spark_submit.py:641} INFO - INFO:__main__:Coletando dados para 2020-01-20...
[2025-02-21T15:24:24.425+0000] {spark_submit.py:641} INFO - INFO:__main__:Coletando dados para 2020-01-21...
[2025-02-21T15:24:28.430+0000] {spark_submit.py:641} INFO - INFO:__main__:Coletando dados para 2020-01-22...
[2025-02-21T15:24:36.469+0000] {spark_submit.py:641} INFO - INFO:__main__:Coletando dados para 2020-01-23...
[2025-02-21T15:24:45.290+0000] {spark_submit.py:641} INFO - INFO:__main__:Coletando dados para 2020-01-24...
[2025-02-21T15:24:56.312+0000] {spark_submit.py:641} INFO - INFO:__main__:Coletando dados para 2020-01-25...
[2025-02-21T15:25:05.881+0000] {spark_submit.py:641} INFO - INFO:__main__:Coletando dados para 2020-01-26...
[2025-02-21T15:25:11.280+0000] {spark_submit.py:641} INFO - INFO:__main__:Coletando dados para 2020-01-27...
[2025-02-21T15:25:16.520+0000] {spark_submit.py:641} INFO - INFO:__main__:Coletando dados para 2020-01-28...
[2025-02-21T15:25:22.273+0000] {spark_submit.py:641} INFO - INFO:__main__:Coletando dados para 2020-01-29...
[2025-02-21T15:25:28.125+0000] {spark_submit.py:641} INFO - INFO:__main__:Coletando dados para 2020-01-30...
[2025-02-21T15:25:35.961+0000] {spark_submit.py:641} INFO - INFO:__main__:Coletando dados para 2020-01-31...
[2025-02-21T15:25:47.096+0000] {spark_submit.py:641} INFO - INFO:__main__:Coletando dados para 2020-02-01...
[2025-02-21T15:26:00.979+0000] {spark_submit.py:641} INFO - INFO:__main__:Coletando dados para 2020-02-02...
[2025-02-21T15:26:05.342+0000] {spark_submit.py:641} INFO - INFO:__main__:Coletando dados para 2020-02-03...
[2025-02-21T15:26:08.298+0000] {spark_submit.py:641} INFO - INFO:__main__:Coletando dados para 2020-02-04...
[2025-02-21T15:26:12.710+0000] {spark_submit.py:641} INFO - INFO:__main__:Coletando dados para 2020-02-05...
[2025-02-21T15:26:18.563+0000] {spark_submit.py:641} INFO - INFO:__main__:Coletando dados para 2020-02-06...
[2025-02-21T15:26:24.649+0000] {spark_submit.py:641} INFO - INFO:__main__:Coletando dados para 2020-02-07...
[2025-02-21T15:26:35.130+0000] {spark_submit.py:641} INFO - INFO:__main__:Coletando dados para 2020-02-08...
[2025-02-21T15:26:39.679+0000] {spark_submit.py:641} INFO - INFO:__main__:Coletando dados para 2020-02-09...
[2025-02-21T15:26:45.652+0000] {spark_submit.py:641} INFO - INFO:__main__:Coletando dados para 2020-02-10...
[2025-02-21T15:26:49.988+0000] {spark_submit.py:641} INFO - INFO:__main__:Coletando dados para 2020-02-11...
[2025-02-21T15:26:54.347+0000] {spark_submit.py:641} INFO - INFO:__main__:Coletando dados para 2020-02-12...
[2025-02-21T15:27:00.312+0000] {spark_submit.py:641} INFO - INFO:__main__:Coletando dados para 2020-02-13...
[2025-02-21T15:27:06.550+0000] {spark_submit.py:641} INFO - INFO:__main__:Coletando dados para 2020-02-14...
[2025-02-21T15:27:20.169+0000] {spark_submit.py:641} INFO - INFO:__main__:Coletando dados para 2020-02-15...
[2025-02-21T15:27:26.444+0000] {spark_submit.py:641} INFO - INFO:__main__:Coletando dados para 2020-02-16...
[2025-02-21T15:27:29.408+0000] {spark_submit.py:641} INFO - INFO:__main__:Coletando dados para 2020-02-17...
[2025-02-21T15:27:33.710+0000] {spark_submit.py:641} INFO - INFO:__main__:Coletando dados para 2020-02-18...
[2025-02-21T15:27:36.820+0000] {spark_submit.py:641} INFO - INFO:__main__:Coletando dados para 2020-02-19...
[2025-02-21T15:27:41.201+0000] {spark_submit.py:641} INFO - INFO:__main__:Coletando dados para 2020-02-20...
[2025-02-21T15:27:48.820+0000] {spark_submit.py:641} INFO - INFO:__main__:Coletando dados para 2020-02-21...
[2025-02-21T15:27:57.502+0000] {spark_submit.py:641} INFO - INFO:__main__:Coletando dados para 2020-02-22...
[2025-02-21T15:27:59.860+0000] {spark_submit.py:641} INFO - INFO:__main__:Coletando dados para 2020-02-23...
[2025-02-21T15:28:01.497+0000] {spark_submit.py:641} INFO - INFO:__main__:Coletando dados para 2020-02-24...
[2025-02-21T15:28:03.146+0000] {spark_submit.py:641} INFO - INFO:__main__:Coletando dados para 2020-02-25...
[2025-02-21T15:28:04.882+0000] {spark_submit.py:641} INFO - INFO:__main__:Coletando dados para 2020-02-26...
[2025-02-21T15:28:06.663+0000] {spark_submit.py:641} INFO - INFO:__main__:Coletando dados para 2020-02-27...
[2025-02-21T15:28:09.596+0000] {spark_submit.py:641} INFO - INFO:__main__:Coletando dados para 2020-02-28...
[2025-02-21T15:28:13.957+0000] {spark_submit.py:641} INFO - INFO:__main__:Coletando dados para 2020-02-29...
[2025-02-21T15:28:16.238+0000] {spark_submit.py:641} INFO - INFO:__main__:Coletando dados para 2020-03-01...
[2025-02-21T15:28:21.827+0000] {spark_submit.py:641} INFO - INFO:__main__:Coletando dados para 2020-03-02...
[2025-02-21T15:28:22.884+0000] {spark_submit.py:641} INFO - INFO:__main__:Coletando dados para 2020-03-03...
[2025-02-21T15:28:25.310+0000] {spark_submit.py:641} INFO - INFO:__main__:Coletando dados para 2020-03-04...
[2025-02-21T15:28:27.641+0000] {spark_submit.py:641} INFO - INFO:__main__:Coletando dados para 2020-03-05...
[2025-02-21T15:28:35.121+0000] {spark_submit.py:641} INFO - INFO:__main__:Coletando dados para 2020-03-06...
[2025-02-21T15:28:41.357+0000] {spark_submit.py:641} INFO - INFO:__main__:Coletando dados para 2020-03-07...
[2025-02-21T15:28:44.379+0000] {spark_submit.py:641} INFO - INFO:__main__:Coletando dados para 2020-03-08...
[2025-02-21T15:28:46.675+0000] {spark_submit.py:641} INFO - INFO:__main__:Coletando dados para 2020-03-09...
[2025-02-21T15:28:48.355+0000] {spark_submit.py:641} INFO - INFO:__main__:Coletando dados para 2020-03-10...
[2025-02-21T15:28:50.149+0000] {spark_submit.py:641} INFO - INFO:__main__:Coletando dados para 2020-03-11...
[2025-02-21T15:28:53.057+0000] {spark_submit.py:641} INFO - INFO:__main__:Coletando dados para 2020-03-12...
[2025-02-21T15:28:56.109+0000] {spark_submit.py:641} INFO - INFO:__main__:Coletando dados para 2020-03-13...
[2025-02-21T15:28:59.697+0000] {spark_submit.py:641} INFO - INFO:__main__:Coletando dados para 2020-03-14...
[2025-02-21T15:29:02.279+0000] {spark_submit.py:641} INFO - INFO:__main__:Coletando dados para 2020-03-15...
[2025-02-21T15:29:04.561+0000] {spark_submit.py:641} INFO - INFO:__main__:Coletando dados para 2020-03-16...
[2025-02-21T15:29:06.198+0000] {spark_submit.py:641} INFO - INFO:__main__:Coletando dados para 2020-03-17...
[2025-02-21T15:29:08.617+0000] {spark_submit.py:641} INFO - INFO:__main__:Coletando dados para 2020-03-18...
[2025-02-21T15:29:11.592+0000] {spark_submit.py:641} INFO - INFO:__main__:Coletando dados para 2020-03-19...
[2025-02-21T15:29:13.953+0000] {spark_submit.py:641} INFO - INFO:__main__:Coletando dados para 2020-03-20...
[2025-02-21T15:29:17.634+0000] {spark_submit.py:641} INFO - INFO:__main__:Coletando dados para 2020-03-21...
[2025-02-21T15:29:19.310+0000] {spark_submit.py:641} INFO - INFO:__main__:Coletando dados para 2020-03-22...
[2025-02-21T15:29:21.139+0000] {spark_submit.py:641} INFO - INFO:__main__:Coletando dados para 2020-03-23...
[2025-02-21T15:29:22.818+0000] {spark_submit.py:641} INFO - INFO:__main__:Coletando dados para 2020-03-24...
[2025-02-21T15:29:24.456+0000] {spark_submit.py:641} INFO - INFO:__main__:Coletando dados para 2020-03-25...
[2025-02-21T15:29:27.444+0000] {spark_submit.py:641} INFO - INFO:__main__:Coletando dados para 2020-03-26...
[2025-02-21T15:29:29.105+0000] {spark_submit.py:641} INFO - INFO:__main__:Coletando dados para 2020-03-27...
[2025-02-21T15:29:32.046+0000] {spark_submit.py:641} INFO - INFO:__main__:Coletando dados para 2020-03-28...
[2025-02-21T15:29:34.547+0000] {spark_submit.py:641} INFO - INFO:__main__:Coletando dados para 2020-03-29...
[2025-02-21T15:29:36.213+0000] {spark_submit.py:641} INFO - INFO:__main__:Coletando dados para 2020-03-30...
[2025-02-21T15:29:37.860+0000] {spark_submit.py:641} INFO - INFO:__main__:Coletando dados para 2020-03-31...
[2025-02-21T15:29:39.678+0000] {spark_submit.py:641} INFO - INFO:__main__:Coletando dados para 2020-04-01...
[2025-02-21T15:29:44.713+0000] {spark_submit.py:641} INFO - INFO:__main__:Coletando dados para 2020-04-02...
[2025-02-21T15:29:47.153+0000] {spark_submit.py:641} INFO - INFO:__main__:Coletando dados para 2020-04-03...
[2025-02-21T15:29:50.724+0000] {spark_submit.py:641} INFO - INFO:__main__:Coletando dados para 2020-04-04...
[2025-02-21T15:29:52.550+0000] {spark_submit.py:641} INFO - INFO:__main__:Coletando dados para 2020-04-05...
[2025-02-21T15:29:54.879+0000] {spark_submit.py:641} INFO - INFO:__main__:Coletando dados para 2020-04-06...
[2025-02-21T15:29:56.545+0000] {spark_submit.py:641} INFO - INFO:__main__:Coletando dados para 2020-04-07...
[2025-02-21T15:29:58.901+0000] {spark_submit.py:641} INFO - INFO:__main__:Coletando dados para 2020-04-08...
[2025-02-21T15:30:00.574+0000] {spark_submit.py:641} INFO - INFO:__main__:Coletando dados para 2020-04-09...
[2025-02-21T15:30:02.908+0000] {spark_submit.py:641} INFO - INFO:__main__:Coletando dados para 2020-04-10...
[2025-02-21T15:30:05.994+0000] {spark_submit.py:641} INFO - INFO:__main__:Coletando dados para 2020-04-11...
[2025-02-21T15:30:07.675+0000] {spark_submit.py:641} INFO - INFO:__main__:Coletando dados para 2020-04-12...
[2025-02-21T15:30:09.316+0000] {spark_submit.py:641} INFO - INFO:__main__:Coletando dados para 2020-04-13...
[2025-02-21T15:30:10.357+0000] {spark_submit.py:641} INFO - INFO:__main__:Coletando dados para 2020-04-14...
[2025-02-21T15:30:12.116+0000] {spark_submit.py:641} INFO - INFO:__main__:Coletando dados para 2020-04-15...
[2025-02-21T15:30:15.037+0000] {spark_submit.py:641} INFO - INFO:__main__:Coletando dados para 2020-04-16...
[2025-02-21T15:30:16.778+0000] {spark_submit.py:641} INFO - INFO:__main__:Coletando dados para 2020-04-17...
[2025-02-21T15:30:20.426+0000] {spark_submit.py:641} INFO - INFO:__main__:Coletando dados para 2020-04-18...
[2025-02-21T15:30:22.078+0000] {spark_submit.py:641} INFO - INFO:__main__:Coletando dados para 2020-04-19...
[2025-02-21T15:30:23.901+0000] {spark_submit.py:641} INFO - INFO:__main__:Coletando dados para 2020-04-20...
[2025-02-21T15:30:26.224+0000] {spark_submit.py:641} INFO - INFO:__main__:Coletando dados para 2020-04-21...
[2025-02-21T15:30:27.894+0000] {spark_submit.py:641} INFO - INFO:__main__:Coletando dados para 2020-04-22...
[2025-02-21T15:30:30.232+0000] {spark_submit.py:641} INFO - INFO:__main__:Coletando dados para 2020-04-23...
[2025-02-21T15:30:32.544+0000] {spark_submit.py:641} INFO - INFO:__main__:Coletando dados para 2020-04-24...
[2025-02-21T15:30:35.555+0000] {spark_submit.py:641} INFO - INFO:__main__:Coletando dados para 2020-04-25...
[2025-02-21T15:30:38.800+0000] {spark_submit.py:641} INFO - INFO:__main__:Coletando dados para 2020-04-26...
[2025-02-21T15:30:41.406+0000] {spark_submit.py:641} INFO - INFO:__main__:Coletando dados para 2020-04-27...
[2025-02-21T15:30:45.737+0000] {spark_submit.py:641} INFO - INFO:__main__:Coletando dados para 2020-04-28...
[2025-02-21T15:30:49.562+0000] {spark_submit.py:641} INFO - INFO:__main__:Coletando dados para 2020-04-29...
[2025-02-21T15:30:52.122+0000] {spark_submit.py:641} INFO - INFO:__main__:Coletando dados para 2020-04-30...
[2025-02-21T15:30:58.985+0000] {spark_submit.py:641} INFO - INFO:__main__:Coletando dados para 2020-05-01...
[2025-02-21T15:31:14.299+0000] {spark_submit.py:641} INFO - INFO:__main__:Coletando dados para 2020-05-02...
[2025-02-21T15:31:20.946+0000] {spark_submit.py:641} INFO - INFO:__main__:Coletando dados para 2020-05-03...
[2025-02-21T15:31:24.800+0000] {spark_submit.py:641} INFO - INFO:__main__:Coletando dados para 2020-05-04...
[2025-02-21T15:31:30.083+0000] {spark_submit.py:641} INFO - INFO:__main__:Coletando dados para 2020-05-05...
[2025-02-21T15:31:36.804+0000] {spark_submit.py:641} INFO - INFO:__main__:Coletando dados para 2020-05-06...
[2025-02-21T15:31:40.820+0000] {spark_submit.py:641} INFO - INFO:__main__:Coletando dados para 2020-05-07...
[2025-02-21T15:31:46.186+0000] {spark_submit.py:641} INFO - INFO:__main__:Coletando dados para 2020-05-08...
[2025-02-21T15:31:52.988+0000] {spark_submit.py:641} INFO - INFO:__main__:Coletando dados para 2020-05-09...
[2025-02-21T15:31:56.964+0000] {spark_submit.py:641} INFO - INFO:__main__:Coletando dados para 2020-05-10...
[2025-02-21T15:32:00.942+0000] {spark_submit.py:641} INFO - INFO:__main__:Coletando dados para 2020-05-11...
[2025-02-21T15:32:04.892+0000] {spark_submit.py:641} INFO - INFO:__main__:Coletando dados para 2020-05-12...
[2025-02-21T15:32:10.275+0000] {spark_submit.py:641} INFO - INFO:__main__:Coletando dados para 2020-05-13...
[2025-02-21T15:32:15.592+0000] {spark_submit.py:641} INFO - INFO:__main__:Coletando dados para 2020-05-14...
[2025-02-21T15:32:21.097+0000] {spark_submit.py:641} INFO - INFO:__main__:Coletando dados para 2020-05-15...
[2025-02-21T15:32:29.537+0000] {spark_submit.py:641} INFO - INFO:__main__:Coletando dados para 2020-05-16...
[2025-02-21T15:32:36.240+0000] {spark_submit.py:641} INFO - INFO:__main__:Coletando dados para 2020-05-17...
[2025-02-21T15:32:38.054+0000] {spark_submit.py:641} INFO - INFO:__main__:Coletando dados para 2020-05-18...
[2025-02-21T15:32:39.707+0000] {spark_submit.py:641} INFO - INFO:__main__:Coletando dados para 2020-05-19...
[2025-02-21T15:32:44.008+0000] {spark_submit.py:641} INFO - INFO:__main__:Coletando dados para 2020-05-20...
[2025-02-21T15:32:46.315+0000] {spark_submit.py:641} INFO - INFO:__main__:Coletando dados para 2020-05-21...
[2025-02-21T15:32:48.086+0000] {spark_submit.py:641} INFO - INFO:__main__:Coletando dados para 2020-05-22...
[2025-02-21T15:32:51.007+0000] {spark_submit.py:641} INFO - INFO:__main__:Coletando dados para 2020-05-23...
[2025-02-21T15:32:52.018+0000] {spark_submit.py:641} INFO - INFO:__main__:Coletando dados para 2020-05-24...
[2025-02-21T15:32:53.023+0000] {spark_submit.py:641} INFO - INFO:__main__:Coletando dados para 2020-05-25...
[2025-02-21T15:32:55.508+0000] {spark_submit.py:641} INFO - INFO:__main__:Coletando dados para 2020-05-26...
[2025-02-21T15:32:57.168+0000] {spark_submit.py:641} INFO - INFO:__main__:Coletando dados para 2020-05-27...
[2025-02-21T15:32:59.501+0000] {spark_submit.py:641} INFO - INFO:__main__:Coletando dados para 2020-05-28...
[2025-02-21T15:33:03.810+0000] {spark_submit.py:641} INFO - INFO:__main__:Coletando dados para 2020-05-29...
[2025-02-21T15:33:11.973+0000] {spark_submit.py:641} INFO - INFO:__main__:Coletando dados para 2020-05-30...
[2025-02-21T15:33:16.410+0000] {spark_submit.py:641} INFO - INFO:__main__:Coletando dados para 2020-05-31...
[2025-02-21T15:33:22.334+0000] {spark_submit.py:641} INFO - INFO:__main__:Coletando dados para 2020-06-01...
[2025-02-21T15:33:41.159+0000] {spark_submit.py:641} INFO - INFO:__main__:Coletando dados para 2020-06-02...
[2025-02-21T15:33:45.633+0000] {spark_submit.py:641} INFO - INFO:__main__:Coletando dados para 2020-06-03...
[2025-02-21T15:33:49.857+0000] {spark_submit.py:641} INFO - INFO:__main__:Coletando dados para 2020-06-04...
[2025-02-21T15:33:54.429+0000] {spark_submit.py:641} INFO - INFO:__main__:Coletando dados para 2020-06-05...
[2025-02-21T15:34:00.321+0000] {spark_submit.py:641} INFO - INFO:__main__:Coletando dados para 2020-06-06...
[2025-02-21T15:34:06.135+0000] {spark_submit.py:641} INFO - INFO:__main__:Coletando dados para 2020-06-07...
[2025-02-21T15:34:10.557+0000] {spark_submit.py:641} INFO - INFO:__main__:Coletando dados para 2020-06-08...
[2025-02-21T15:34:15.291+0000] {spark_submit.py:641} INFO - INFO:__main__:Coletando dados para 2020-06-09...
[2025-02-21T15:34:21.177+0000] {spark_submit.py:641} INFO - INFO:__main__:Coletando dados para 2020-06-10...
[2025-02-21T15:34:32.296+0000] {spark_submit.py:641} INFO - INFO:__main__:Coletando dados para 2020-06-11...
[2025-02-21T15:34:39.041+0000] {spark_submit.py:641} INFO - INFO:__main__:Coletando dados para 2020-06-12...
[2025-02-21T15:34:45.688+0000] {spark_submit.py:641} INFO - INFO:__main__:Coletando dados para 2020-06-13...
[2025-02-21T15:34:49.568+0000] {spark_submit.py:641} INFO - INFO:__main__:Coletando dados para 2020-06-14...
[2025-02-21T15:34:52.083+0000] {spark_submit.py:641} INFO - INFO:__main__:Coletando dados para 2020-06-15...
[2025-02-21T15:35:00.218+0000] {spark_submit.py:641} INFO - INFO:__main__:Coletando dados para 2020-06-16...
[2025-02-21T15:35:06.230+0000] {spark_submit.py:641} INFO - INFO:__main__:Coletando dados para 2020-06-17...
[2025-02-21T15:35:08.515+0000] {spark_submit.py:641} INFO - INFO:__main__:Coletando dados para 2020-06-18...
[2025-02-21T15:35:11.544+0000] {spark_submit.py:641} INFO - INFO:__main__:Coletando dados para 2020-06-19...
[2025-02-21T15:35:15.168+0000] {spark_submit.py:641} INFO - INFO:__main__:Coletando dados para 2020-06-20...
[2025-02-21T15:35:17.491+0000] {spark_submit.py:641} INFO - INFO:__main__:Coletando dados para 2020-06-21...
[2025-02-21T15:35:19.260+0000] {spark_submit.py:641} INFO - INFO:__main__:Coletando dados para 2020-06-22...
[2025-02-21T15:35:20.923+0000] {spark_submit.py:641} INFO - INFO:__main__:Coletando dados para 2020-06-23...
[2025-02-21T15:35:22.561+0000] {spark_submit.py:641} INFO - INFO:__main__:Coletando dados para 2020-06-24...
[2025-02-21T15:35:24.310+0000] {spark_submit.py:641} INFO - INFO:__main__:Coletando dados para 2020-06-25...
[2025-02-21T15:35:28.184+0000] {spark_submit.py:641} INFO - INFO:__main__:Coletando dados para 2020-06-26...
[2025-02-21T15:35:31.232+0000] {spark_submit.py:641} INFO - INFO:__main__:Coletando dados para 2020-06-27...
[2025-02-21T15:35:32.276+0000] {spark_submit.py:641} INFO - INFO:__main__:Coletando dados para 2020-06-28...
[2025-02-21T15:35:33.927+0000] {spark_submit.py:641} INFO - INFO:__main__:Coletando dados para 2020-06-29...
[2025-02-21T15:35:34.931+0000] {spark_submit.py:641} INFO - INFO:__main__:Coletando dados para 2020-06-30...
[2025-02-21T15:35:37.324+0000] {spark_submit.py:641} INFO - INFO:__main__:Coletando dados para 2020-07-01...
[2025-02-21T15:35:42.918+0000] {spark_submit.py:641} INFO - INFO:__main__:Coletando dados para 2020-07-02...
[2025-02-21T15:35:44.606+0000] {spark_submit.py:641} INFO - INFO:__main__:Coletando dados para 2020-07-03...
[2025-02-21T15:35:47.561+0000] {spark_submit.py:641} INFO - INFO:__main__:Coletando dados para 2020-07-04...
[2025-02-21T15:35:49.254+0000] {spark_submit.py:641} INFO - INFO:__main__:Coletando dados para 2020-07-05...
[2025-02-21T15:35:50.384+0000] {spark_submit.py:641} INFO - INFO:__main__:Coletando dados para 2020-07-06...
[2025-02-21T15:35:52.044+0000] {spark_submit.py:641} INFO - INFO:__main__:Coletando dados para 2020-07-07...
[2025-02-21T15:35:54.322+0000] {spark_submit.py:641} INFO - INFO:__main__:Coletando dados para 2020-07-08...
[2025-02-21T15:35:56.146+0000] {spark_submit.py:641} INFO - INFO:__main__:Coletando dados para 2020-07-09...
[2025-02-21T15:35:59.115+0000] {spark_submit.py:641} INFO - INFO:__main__:Coletando dados para 2020-07-10...
[2025-02-21T15:36:02.807+0000] {spark_submit.py:641} INFO - INFO:__main__:Coletando dados para 2020-07-11...
[2025-02-21T15:36:04.476+0000] {spark_submit.py:641} INFO - INFO:__main__:Coletando dados para 2020-07-12...
[2025-02-21T15:36:05.497+0000] {spark_submit.py:641} INFO - INFO:__main__:Coletando dados para 2020-07-13...
[2025-02-21T15:36:07.157+0000] {spark_submit.py:641} INFO - INFO:__main__:Coletando dados para 2020-07-14...
[2025-02-21T15:36:08.957+0000] {spark_submit.py:641} INFO - INFO:__main__:Coletando dados para 2020-07-15...
[2025-02-21T15:36:11.859+0000] {spark_submit.py:641} INFO - INFO:__main__:Coletando dados para 2020-07-16...
[2025-02-21T15:36:14.247+0000] {spark_submit.py:641} INFO - INFO:__main__:Coletando dados para 2020-07-17...
[2025-02-21T15:36:17.316+0000] {spark_submit.py:641} INFO - INFO:__main__:Coletando dados para 2020-07-18...
[2025-02-21T15:36:18.973+0000] {spark_submit.py:641} INFO - INFO:__main__:Coletando dados para 2020-07-19...
[2025-02-21T15:36:19.983+0000] {spark_submit.py:641} INFO - INFO:__main__:Coletando dados para 2020-07-20...
[2025-02-21T15:36:22.408+0000] {spark_submit.py:641} INFO - INFO:__main__:Coletando dados para 2020-07-21...
[2025-02-21T15:36:24.058+0000] {spark_submit.py:641} INFO - INFO:__main__:Coletando dados para 2020-07-22...
[2025-02-21T15:36:25.718+0000] {spark_submit.py:641} INFO - INFO:__main__:Coletando dados para 2020-07-23...
[2025-02-21T15:36:28.120+0000] {spark_submit.py:641} INFO - INFO:__main__:Coletando dados para 2020-07-24...
[2025-02-21T15:36:31.053+0000] {spark_submit.py:641} INFO - INFO:__main__:Coletando dados para 2020-07-25...
[2025-02-21T15:36:32.731+0000] {spark_submit.py:641} INFO - INFO:__main__:Coletando dados para 2020-07-26...
[2025-02-21T15:36:33.886+0000] {spark_submit.py:641} INFO - INFO:__main__:Coletando dados para 2020-07-27...
[2025-02-21T15:36:35.533+0000] {spark_submit.py:641} INFO - INFO:__main__:Coletando dados para 2020-07-28...
[2025-02-21T15:36:37.197+0000] {spark_submit.py:641} INFO - INFO:__main__:Coletando dados para 2020-07-29...
[2025-02-21T15:36:38.850+0000] {spark_submit.py:641} INFO - INFO:__main__:Coletando dados para 2020-07-30...
[2025-02-21T15:36:41.840+0000] {spark_submit.py:641} INFO - INFO:__main__:Coletando dados para 2020-07-31...
[2025-02-21T15:36:45.411+0000] {spark_submit.py:641} INFO - INFO:__main__:Coletando dados para 2020-08-01...
[2025-02-21T15:36:50.326+0000] {spark_submit.py:641} INFO - INFO:__main__:Coletando dados para 2020-08-02...
[2025-02-21T15:36:51.336+0000] {spark_submit.py:641} INFO - INFO:__main__:Coletando dados para 2020-08-03...
[2025-02-21T15:36:53.228+0000] {spark_submit.py:641} INFO - INFO:__main__:Coletando dados para 2020-08-04...
[2025-02-21T15:36:55.512+0000] {spark_submit.py:641} INFO - INFO:__main__:Coletando dados para 2020-08-05...
[2025-02-21T15:36:57.156+0000] {spark_submit.py:641} INFO - INFO:__main__:Coletando dados para 2020-08-06...
[2025-02-21T15:36:59.535+0000] {spark_submit.py:641} INFO - INFO:__main__:Coletando dados para 2020-08-07...
[2025-02-21T15:37:04.530+0000] {spark_submit.py:641} INFO - INFO:__main__:Coletando dados para 2020-08-08...
[2025-02-21T15:37:06.820+0000] {spark_submit.py:641} INFO - INFO:__main__:Coletando dados para 2020-08-09...
[2025-02-21T15:37:07.831+0000] {spark_submit.py:641} INFO - INFO:__main__:Coletando dados para 2020-08-10...
[2025-02-21T15:37:09.480+0000] {spark_submit.py:641} INFO - INFO:__main__:Coletando dados para 2020-08-11...
[2025-02-21T15:37:11.220+0000] {spark_submit.py:641} INFO - INFO:__main__:Coletando dados para 2020-08-12...
[2025-02-21T15:37:12.915+0000] {spark_submit.py:641} INFO - INFO:__main__:Coletando dados para 2020-08-13...
[2025-02-21T15:37:15.819+0000] {spark_submit.py:641} INFO - INFO:__main__:Coletando dados para 2020-08-14...
[2025-02-21T15:37:20.196+0000] {spark_submit.py:641} INFO - INFO:__main__:Coletando dados para 2020-08-15...
[2025-02-21T15:37:23.388+0000] {spark_submit.py:641} INFO - INFO:__main__:Coletando dados para 2020-08-16...
[2025-02-21T15:37:25.144+0000] {spark_submit.py:641} INFO - INFO:__main__:Coletando dados para 2020-08-17...
[2025-02-21T15:37:26.822+0000] {spark_submit.py:641} INFO - INFO:__main__:Coletando dados para 2020-08-18...
[2025-02-21T15:37:28.481+0000] {spark_submit.py:641} INFO - INFO:__main__:Coletando dados para 2020-08-19...
[2025-02-21T15:37:30.964+0000] {spark_submit.py:641} INFO - INFO:__main__:Coletando dados para 2020-08-20...
[2025-02-21T15:37:37.163+0000] {spark_submit.py:641} INFO - INFO:__main__:Coletando dados para 2020-08-21...
[2025-02-21T15:37:43.597+0000] {spark_submit.py:641} INFO - INFO:__main__:Coletando dados para 2020-08-22...
[2025-02-21T15:37:53.011+0000] {spark_submit.py:641} INFO - INFO:__main__:Coletando dados para 2020-08-23...
[2025-02-21T15:37:58.461+0000] {spark_submit.py:641} INFO - INFO:__main__:Coletando dados para 2020-08-24...
[2025-02-21T15:38:05.805+0000] {spark_submit.py:641} INFO - INFO:__main__:Coletando dados para 2020-08-25...
[2025-02-21T15:38:13.166+0000] {spark_submit.py:641} INFO - INFO:__main__:Coletando dados para 2020-08-26...
[2025-02-21T15:38:17.179+0000] {spark_submit.py:641} INFO - INFO:__main__:Coletando dados para 2020-08-27...
[2025-02-21T15:38:24.173+0000] {spark_submit.py:641} INFO - INFO:__main__:Coletando dados para 2020-08-28...
[2025-02-21T15:38:33.631+0000] {spark_submit.py:641} INFO - INFO:__main__:Coletando dados para 2020-08-29...
[2025-02-21T15:38:39.911+0000] {spark_submit.py:641} INFO - INFO:__main__:Coletando dados para 2020-08-30...
[2025-02-21T15:38:45.904+0000] {spark_submit.py:641} INFO - INFO:__main__:Coletando dados para 2020-08-31...
[2025-02-21T15:38:51.835+0000] {spark_submit.py:641} INFO - INFO:__main__:Coletando dados para 2020-09-01...
[2025-02-21T15:39:13.593+0000] {spark_submit.py:641} INFO - INFO:__main__:Coletando dados para 2020-09-02...
[2025-02-21T15:39:23.322+0000] {spark_submit.py:641} INFO - INFO:__main__:Coletando dados para 2020-09-03...
[2025-02-21T15:39:33.297+0000] {spark_submit.py:641} INFO - INFO:__main__:Coletando dados para 2020-09-04...
[2025-02-21T15:39:44.886+0000] {spark_submit.py:641} INFO - INFO:__main__:Coletando dados para 2020-09-05...
[2025-02-21T15:39:53.133+0000] {spark_submit.py:641} INFO - INFO:__main__:Coletando dados para 2020-09-06...
[2025-02-21T15:39:57.147+0000] {spark_submit.py:641} INFO - INFO:__main__:Coletando dados para 2020-09-07...
[2025-02-21T15:40:03.893+0000] {spark_submit.py:641} INFO - INFO:__main__:Coletando dados para 2020-09-08...
[2025-02-21T15:40:10.643+0000] {spark_submit.py:641} INFO - INFO:__main__:Coletando dados para 2020-09-09...
[2025-02-21T15:40:18.916+0000] {spark_submit.py:641} INFO - INFO:__main__:Coletando dados para 2020-09-10...
[2025-02-21T15:40:31.268+0000] {spark_submit.py:641} INFO - INFO:__main__:Coletando dados para 2020-09-11...
[2025-02-21T15:40:40.781+0000] {spark_submit.py:641} INFO - INFO:__main__:Coletando dados para 2020-09-12...
[2025-02-21T15:40:43.835+0000] {spark_submit.py:641} INFO - INFO:__main__:Coletando dados para 2020-09-13...
[2025-02-21T15:40:46.139+0000] {spark_submit.py:641} INFO - INFO:__main__:Coletando dados para 2020-09-14...
[2025-02-21T15:40:49.058+0000] {spark_submit.py:641} INFO - INFO:__main__:Coletando dados para 2020-09-15...
[2025-02-21T15:40:52.724+0000] {spark_submit.py:641} INFO - INFO:__main__:Coletando dados para 2020-09-16...
[2025-02-21T15:40:55.615+0000] {spark_submit.py:641} INFO - INFO:__main__:Coletando dados para 2020-09-17...
[2025-02-21T15:41:01.206+0000] {spark_submit.py:641} INFO - INFO:__main__:Coletando dados para 2020-09-18...
[2025-02-21T15:41:07.377+0000] {spark_submit.py:641} INFO - INFO:__main__:Coletando dados para 2020-09-19...
[2025-02-21T15:41:10.368+0000] {spark_submit.py:641} INFO - INFO:__main__:Coletando dados para 2020-09-20...
[2025-02-21T15:41:13.285+0000] {spark_submit.py:641} INFO - INFO:__main__:Coletando dados para 2020-09-21...
[2025-02-21T15:41:16.273+0000] {spark_submit.py:641} INFO - INFO:__main__:Coletando dados para 2020-09-22...
[2025-02-21T15:41:19.170+0000] {spark_submit.py:641} INFO - INFO:__main__:Coletando dados para 2020-09-23...
[2025-02-21T15:41:22.274+0000] {spark_submit.py:641} INFO - INFO:__main__:Coletando dados para 2020-09-24...
[2025-02-21T15:41:28.454+0000] {spark_submit.py:641} INFO - INFO:__main__:Coletando dados para 2020-09-25...
