[2025-02-12T20:59:43.037+0000] {local_task_job_runner.py:123} INFO - ::group::Pre task execution logs
[2025-02-12T20:59:43.078+0000] {taskinstance.py:2614} INFO - Dependencies all met for dep_context=non-requeueable deps ti=<TaskInstance: ing_mov_20_21.run_spark_script manual__2025-02-12T20:59:41.928915+00:00 [queued]>
[2025-02-12T20:59:43.109+0000] {taskinstance.py:2614} INFO - Dependencies all met for dep_context=requeueable deps ti=<TaskInstance: ing_mov_20_21.run_spark_script manual__2025-02-12T20:59:41.928915+00:00 [queued]>
[2025-02-12T20:59:43.110+0000] {taskinstance.py:2867} INFO - Starting attempt 1 of 2
[2025-02-12T20:59:43.149+0000] {taskinstance.py:2890} INFO - Executing <Task(BashOperator): run_spark_script> on 2025-02-12 20:59:41.928915+00:00
[2025-02-12T20:59:43.162+0000] {standard_task_runner.py:104} INFO - Running: ['***', 'tasks', 'run', 'ing_mov_20_21', 'run_spark_script', 'manual__2025-02-12T20:59:41.928915+00:00', '--job-id', '77', '--raw', '--subdir', 'DAGS_FOLDER/scriptteste.py', '--cfg-path', '/tmp/tmpzr5kd1ys']
[2025-02-12T20:59:43.159+0000] {warnings.py:112} WARNING - /home/***/.local/lib/python3.12/site-packages/***/task/task_runner/standard_task_runner.py:70: DeprecationWarning: This process (pid=175) is multi-threaded, use of fork() may lead to deadlocks in the child.
  pid = os.fork()

[2025-02-12T20:59:43.164+0000] {standard_task_runner.py:105} INFO - Job 77: Subtask run_spark_script
[2025-02-12T20:59:43.168+0000] {standard_task_runner.py:72} INFO - Started process 176 to run task
[2025-02-12T20:59:43.293+0000] {task_command.py:467} INFO - Running <TaskInstance: ing_mov_20_21.run_spark_script manual__2025-02-12T20:59:41.928915+00:00 [running]> on host 09fe6f7c9d8c
[2025-02-12T20:59:43.464+0000] {taskinstance.py:3134} INFO - Exporting env vars: AIRFLOW_CTX_DAG_OWNER='***' AIRFLOW_CTX_DAG_ID='ing_mov_20_21' AIRFLOW_CTX_TASK_ID='run_spark_script' AIRFLOW_CTX_EXECUTION_DATE='2025-02-12T20:59:41.928915+00:00' AIRFLOW_CTX_TRY_NUMBER='1' AIRFLOW_CTX_DAG_RUN_ID='manual__2025-02-12T20:59:41.928915+00:00'
[2025-02-12T20:59:43.466+0000] {taskinstance.py:732} INFO - ::endgroup::
[2025-02-12T20:59:43.493+0000] {subprocess.py:78} INFO - Tmp dir root location: /tmp
[2025-02-12T20:59:43.495+0000] {subprocess.py:88} INFO - Running command: ['/usr/bin/bash', '-c', 'spark-submit /opt/bitnami/spark/scripts/ing_mov_20_21.py']
[2025-02-12T20:59:43.511+0000] {subprocess.py:99} INFO - Output:
[2025-02-12T20:59:48.575+0000] {subprocess.py:106} INFO - 25/02/12 20:59:48 INFO SparkContext: Running Spark version 3.5.4
[2025-02-12T20:59:48.579+0000] {subprocess.py:106} INFO - 25/02/12 20:59:48 INFO SparkContext: OS info Linux, 5.15.167.4-microsoft-standard-WSL2, amd64
[2025-02-12T20:59:48.581+0000] {subprocess.py:106} INFO - 25/02/12 20:59:48 INFO SparkContext: Java version 17.0.14
[2025-02-12T20:59:48.659+0000] {subprocess.py:106} INFO - 25/02/12 20:59:48 WARN NativeCodeLoader: Unable to load native-hadoop library for your platform... using builtin-java classes where applicable
[2025-02-12T20:59:48.821+0000] {subprocess.py:106} INFO - 25/02/12 20:59:48 INFO ResourceUtils: ==============================================================
[2025-02-12T20:59:48.825+0000] {subprocess.py:106} INFO - 25/02/12 20:59:48 INFO ResourceUtils: No custom resources configured for spark.driver.
[2025-02-12T20:59:48.826+0000] {subprocess.py:106} INFO - 25/02/12 20:59:48 INFO ResourceUtils: ==============================================================
[2025-02-12T20:59:48.827+0000] {subprocess.py:106} INFO - 25/02/12 20:59:48 INFO SparkContext: Submitted application: Movies_20_21
[2025-02-12T20:59:48.858+0000] {subprocess.py:106} INFO - 25/02/12 20:59:48 INFO ResourceProfile: Default ResourceProfile created, executor resources: Map(memory -> name: memory, amount: 1024, script: , vendor: , offHeap -> name: offHeap, amount: 0, script: , vendor: ), task resources: Map(cpus -> name: cpus, amount: 1.0)
[2025-02-12T20:59:48.872+0000] {subprocess.py:106} INFO - 25/02/12 20:59:48 INFO ResourceProfile: Limiting resource is cpu
[2025-02-12T20:59:48.874+0000] {subprocess.py:106} INFO - 25/02/12 20:59:48 INFO ResourceProfileManager: Added ResourceProfile id: 0
[2025-02-12T20:59:48.943+0000] {subprocess.py:106} INFO - 25/02/12 20:59:48 INFO SecurityManager: Changing view acls to: ***
[2025-02-12T20:59:48.944+0000] {subprocess.py:106} INFO - 25/02/12 20:59:48 INFO SecurityManager: Changing modify acls to: ***
[2025-02-12T20:59:48.945+0000] {subprocess.py:106} INFO - 25/02/12 20:59:48 INFO SecurityManager: Changing view acls groups to:
[2025-02-12T20:59:48.946+0000] {subprocess.py:106} INFO - 25/02/12 20:59:48 INFO SecurityManager: Changing modify acls groups to:
[2025-02-12T20:59:48.947+0000] {subprocess.py:106} INFO - 25/02/12 20:59:48 INFO SecurityManager: SecurityManager: authentication disabled; ui acls disabled; users with view permissions: ***; groups with view permissions: EMPTY; users with modify permissions: ***; groups with modify permissions: EMPTY
[2025-02-12T20:59:49.333+0000] {subprocess.py:106} INFO - 25/02/12 20:59:49 INFO Utils: Successfully started service 'sparkDriver' on port 41839.
[2025-02-12T20:59:49.379+0000] {subprocess.py:106} INFO - 25/02/12 20:59:49 INFO SparkEnv: Registering MapOutputTracker
[2025-02-12T20:59:49.445+0000] {subprocess.py:106} INFO - 25/02/12 20:59:49 INFO SparkEnv: Registering BlockManagerMaster
[2025-02-12T20:59:49.467+0000] {subprocess.py:106} INFO - 25/02/12 20:59:49 INFO BlockManagerMasterEndpoint: Using org.apache.spark.storage.DefaultTopologyMapper for getting topology information
[2025-02-12T20:59:49.468+0000] {subprocess.py:106} INFO - 25/02/12 20:59:49 INFO BlockManagerMasterEndpoint: BlockManagerMasterEndpoint up
[2025-02-12T20:59:49.474+0000] {subprocess.py:106} INFO - 25/02/12 20:59:49 INFO SparkEnv: Registering BlockManagerMasterHeartbeat
[2025-02-12T20:59:49.505+0000] {subprocess.py:106} INFO - 25/02/12 20:59:49 INFO DiskBlockManager: Created local directory at /tmp/blockmgr-551dfea2-a939-4afd-961d-b3ef610c38b0
[2025-02-12T20:59:49.525+0000] {subprocess.py:106} INFO - 25/02/12 20:59:49 INFO MemoryStore: MemoryStore started with capacity 434.4 MiB
[2025-02-12T20:59:49.554+0000] {subprocess.py:106} INFO - 25/02/12 20:59:49 INFO SparkEnv: Registering OutputCommitCoordinator
[2025-02-12T20:59:49.757+0000] {subprocess.py:106} INFO - 25/02/12 20:59:49 INFO JettyUtils: Start Jetty 0.0.0.0:4040 for SparkUI
[2025-02-12T20:59:49.847+0000] {subprocess.py:106} INFO - 25/02/12 20:59:49 INFO Utils: Successfully started service 'SparkUI' on port 4040.
[2025-02-12T20:59:50.019+0000] {subprocess.py:106} INFO - 25/02/12 20:59:50 INFO StandaloneAppClient$ClientEndpoint: Connecting to master spark://spark:7077...
[2025-02-12T20:59:50.091+0000] {subprocess.py:106} INFO - 25/02/12 20:59:50 INFO TransportClientFactory: Successfully created connection to spark/172.18.0.4:7077 after 44 ms (0 ms spent in bootstraps)
[2025-02-12T20:59:50.428+0000] {subprocess.py:106} INFO - 25/02/12 20:59:50 INFO StandaloneSchedulerBackend: Connected to Spark cluster with app ID app-20250212205950-0000
[2025-02-12T20:59:50.446+0000] {subprocess.py:106} INFO - 25/02/12 20:59:50 INFO Utils: Successfully started service 'org.apache.spark.network.netty.NettyBlockTransferService' on port 34007.
[2025-02-12T20:59:50.461+0000] {subprocess.py:106} INFO - 25/02/12 20:59:50 INFO NettyBlockTransferService: Server created on 09fe6f7c9d8c:34007
[2025-02-12T20:59:50.469+0000] {subprocess.py:106} INFO - 25/02/12 20:59:50 INFO BlockManager: Using org.apache.spark.storage.RandomBlockReplicationPolicy for block replication policy
[2025-02-12T20:59:50.475+0000] {subprocess.py:106} INFO - 25/02/12 20:59:50 INFO BlockManagerMaster: Registering BlockManager BlockManagerId(driver, 09fe6f7c9d8c, 34007, None)
[2025-02-12T20:59:50.481+0000] {subprocess.py:106} INFO - 25/02/12 20:59:50 INFO BlockManagerMasterEndpoint: Registering block manager 09fe6f7c9d8c:34007 with 434.4 MiB RAM, BlockManagerId(driver, 09fe6f7c9d8c, 34007, None)
[2025-02-12T20:59:50.487+0000] {subprocess.py:106} INFO - 25/02/12 20:59:50 INFO BlockManagerMaster: Registered BlockManager BlockManagerId(driver, 09fe6f7c9d8c, 34007, None)
[2025-02-12T20:59:50.492+0000] {subprocess.py:106} INFO - 25/02/12 20:59:50 INFO BlockManager: Initialized BlockManager: BlockManagerId(driver, 09fe6f7c9d8c, 34007, None)
[2025-02-12T20:59:50.514+0000] {subprocess.py:106} INFO - 25/02/12 20:59:50 INFO StandaloneAppClient$ClientEndpoint: Executor added: app-20250212205950-0000/0 on worker-20250212205558-172.18.0.7-43787 (172.18.0.7:43787) with 3 core(s)
[2025-02-12T20:59:50.518+0000] {subprocess.py:106} INFO - 25/02/12 20:59:50 INFO StandaloneSchedulerBackend: Granted executor ID app-20250212205950-0000/0 on hostPort 172.18.0.7:43787 with 3 core(s), 1024.0 MiB RAM
[2025-02-12T20:59:50.520+0000] {subprocess.py:106} INFO - 25/02/12 20:59:50 INFO StandaloneAppClient$ClientEndpoint: Executor added: app-20250212205950-0000/1 on worker-20250212205558-172.18.0.2-46007 (172.18.0.2:46007) with 3 core(s)
[2025-02-12T20:59:50.521+0000] {subprocess.py:106} INFO - 25/02/12 20:59:50 INFO StandaloneSchedulerBackend: Granted executor ID app-20250212205950-0000/1 on hostPort 172.18.0.2:46007 with 3 core(s), 1024.0 MiB RAM
[2025-02-12T20:59:50.946+0000] {subprocess.py:106} INFO - 25/02/12 20:59:50 INFO StandaloneAppClient$ClientEndpoint: Executor updated: app-20250212205950-0000/1 is now RUNNING
[2025-02-12T20:59:50.949+0000] {subprocess.py:106} INFO - 25/02/12 20:59:50 INFO StandaloneAppClient$ClientEndpoint: Executor updated: app-20250212205950-0000/0 is now RUNNING
[2025-02-12T20:59:51.083+0000] {subprocess.py:106} INFO - 25/02/12 20:59:51 INFO StandaloneSchedulerBackend: SchedulerBackend is ready for scheduling beginning after reached minRegisteredResourcesRatio: 0.0
[2025-02-12T20:59:52.221+0000] {subprocess.py:106} INFO - Erro ao acessar API (2020-01-01): 401 {"status_code":7,"status_message":"Invalid API key: You must be granted a valid key.","success":false}
[2025-02-12T20:59:52.224+0000] {subprocess.py:106} INFO - 
[2025-02-12T20:59:52.700+0000] {subprocess.py:106} INFO - Erro ao acessar API (2020-01-02): 401 {"status_code":7,"status_message":"Invalid API key: You must be granted a valid key.","success":false}
[2025-02-12T20:59:52.705+0000] {subprocess.py:106} INFO - 
[2025-02-12T20:59:53.162+0000] {subprocess.py:106} INFO - Erro ao acessar API (2020-01-03): 401 {"status_code":7,"status_message":"Invalid API key: You must be granted a valid key.","success":false}
[2025-02-12T20:59:53.167+0000] {subprocess.py:106} INFO - 
[2025-02-12T20:59:53.633+0000] {subprocess.py:106} INFO - Erro ao acessar API (2020-01-04): 401 {"status_code":7,"status_message":"Invalid API key: You must be granted a valid key.","success":false}
[2025-02-12T20:59:53.634+0000] {subprocess.py:106} INFO - 
[2025-02-12T20:59:54.089+0000] {subprocess.py:106} INFO - Erro ao acessar API (2020-01-05): 401 {"status_code":7,"status_message":"Invalid API key: You must be granted a valid key.","success":false}
[2025-02-12T20:59:54.090+0000] {subprocess.py:106} INFO - 
[2025-02-12T20:59:54.549+0000] {subprocess.py:106} INFO - Erro ao acessar API (2020-01-06): 401 {"status_code":7,"status_message":"Invalid API key: You must be granted a valid key.","success":false}
[2025-02-12T20:59:54.560+0000] {subprocess.py:106} INFO - 
[2025-02-12T20:59:54.992+0000] {subprocess.py:106} INFO - Erro ao acessar API (2020-01-07): 401 {"status_code":7,"status_message":"Invalid API key: You must be granted a valid key.","success":false}
[2025-02-12T20:59:54.993+0000] {subprocess.py:106} INFO - 
[2025-02-12T20:59:55.511+0000] {subprocess.py:106} INFO - Erro ao acessar API (2020-01-08): 401 {"status_code":7,"status_message":"Invalid API key: You must be granted a valid key.","success":false}
[2025-02-12T20:59:55.514+0000] {subprocess.py:106} INFO - 
[2025-02-12T20:59:56.053+0000] {subprocess.py:106} INFO - Erro ao acessar API (2020-01-09): 401 {"status_code":7,"status_message":"Invalid API key: You must be granted a valid key.","success":false}
[2025-02-12T20:59:56.056+0000] {subprocess.py:106} INFO - 
[2025-02-12T20:59:56.509+0000] {subprocess.py:106} INFO - Erro ao acessar API (2020-01-10): 401 {"status_code":7,"status_message":"Invalid API key: You must be granted a valid key.","success":false}
[2025-02-12T20:59:56.512+0000] {subprocess.py:106} INFO - 
[2025-02-12T20:59:56.978+0000] {subprocess.py:106} INFO - Erro ao acessar API (2020-01-11): 401 {"status_code":7,"status_message":"Invalid API key: You must be granted a valid key.","success":false}
[2025-02-12T20:59:56.979+0000] {subprocess.py:106} INFO - 
[2025-02-12T20:59:56.988+0000] {subprocess.py:106} INFO - 25/02/12 20:59:56 INFO StandaloneSchedulerBackend$StandaloneDriverEndpoint: Registered executor NettyRpcEndpointRef(spark-client://Executor) (172.18.0.7:40636) with ID 0,  ResourceProfileId 0
[2025-02-12T20:59:57.035+0000] {subprocess.py:106} INFO - 25/02/12 20:59:57 INFO StandaloneSchedulerBackend$StandaloneDriverEndpoint: Registered executor NettyRpcEndpointRef(spark-client://Executor) (172.18.0.2:36214) with ID 1,  ResourceProfileId 0
[2025-02-12T20:59:57.177+0000] {subprocess.py:106} INFO - 25/02/12 20:59:57 INFO BlockManagerMasterEndpoint: Registering block manager 172.18.0.7:38115 with 434.4 MiB RAM, BlockManagerId(0, 172.18.0.7, 38115, None)
[2025-02-12T20:59:57.201+0000] {subprocess.py:106} INFO - 25/02/12 20:59:57 INFO BlockManagerMasterEndpoint: Registering block manager 172.18.0.2:41079 with 434.4 MiB RAM, BlockManagerId(1, 172.18.0.2, 41079, None)
[2025-02-12T20:59:57.434+0000] {subprocess.py:106} INFO - Erro ao acessar API (2020-01-12): 401 {"status_code":7,"status_message":"Invalid API key: You must be granted a valid key.","success":false}
[2025-02-12T20:59:57.436+0000] {subprocess.py:106} INFO - 
[2025-02-12T20:59:57.858+0000] {subprocess.py:106} INFO - Erro ao acessar API (2020-01-13): 401 {"status_code":7,"status_message":"Invalid API key: You must be granted a valid key.","success":false}
[2025-02-12T20:59:57.859+0000] {subprocess.py:106} INFO - 
[2025-02-12T20:59:58.268+0000] {subprocess.py:106} INFO - Erro ao acessar API (2020-01-14): 401 {"status_code":7,"status_message":"Invalid API key: You must be granted a valid key.","success":false}
[2025-02-12T20:59:58.269+0000] {subprocess.py:106} INFO - 
[2025-02-12T20:59:58.680+0000] {subprocess.py:106} INFO - Erro ao acessar API (2020-01-15): 401 {"status_code":7,"status_message":"Invalid API key: You must be granted a valid key.","success":false}
[2025-02-12T20:59:58.681+0000] {subprocess.py:106} INFO - 
[2025-02-12T20:59:59.103+0000] {subprocess.py:106} INFO - Erro ao acessar API (2020-01-16): 401 {"status_code":7,"status_message":"Invalid API key: You must be granted a valid key.","success":false}
[2025-02-12T20:59:59.104+0000] {subprocess.py:106} INFO - 
[2025-02-12T20:59:59.588+0000] {subprocess.py:106} INFO - Erro ao acessar API (2020-01-17): 401 {"status_code":7,"status_message":"Invalid API key: You must be granted a valid key.","success":false}
[2025-02-12T20:59:59.589+0000] {subprocess.py:106} INFO - 
[2025-02-12T21:00:00.104+0000] {subprocess.py:106} INFO - Erro ao acessar API (2020-01-18): 401 {"status_code":7,"status_message":"Invalid API key: You must be granted a valid key.","success":false}
[2025-02-12T21:00:00.105+0000] {subprocess.py:106} INFO - 
[2025-02-12T21:00:00.580+0000] {subprocess.py:106} INFO - Erro ao acessar API (2020-01-19): 401 {"status_code":7,"status_message":"Invalid API key: You must be granted a valid key.","success":false}
[2025-02-12T21:00:00.581+0000] {subprocess.py:106} INFO - 
[2025-02-12T21:00:00.993+0000] {subprocess.py:106} INFO - Erro ao acessar API (2020-01-20): 401 {"status_code":7,"status_message":"Invalid API key: You must be granted a valid key.","success":false}
[2025-02-12T21:00:00.994+0000] {subprocess.py:106} INFO - 
[2025-02-12T21:00:01.470+0000] {subprocess.py:106} INFO - Erro ao acessar API (2020-01-21): 401 {"status_code":7,"status_message":"Invalid API key: You must be granted a valid key.","success":false}
[2025-02-12T21:00:01.471+0000] {subprocess.py:106} INFO - 
[2025-02-12T21:00:01.909+0000] {subprocess.py:106} INFO - Erro ao acessar API (2020-01-22): 401 {"status_code":7,"status_message":"Invalid API key: You must be granted a valid key.","success":false}
[2025-02-12T21:00:01.911+0000] {subprocess.py:106} INFO - 
[2025-02-12T21:00:02.321+0000] {subprocess.py:106} INFO - Erro ao acessar API (2020-01-23): 401 {"status_code":7,"status_message":"Invalid API key: You must be granted a valid key.","success":false}
[2025-02-12T21:00:02.322+0000] {subprocess.py:106} INFO - 
[2025-02-12T21:00:02.743+0000] {subprocess.py:106} INFO - Erro ao acessar API (2020-01-24): 401 {"status_code":7,"status_message":"Invalid API key: You must be granted a valid key.","success":false}
[2025-02-12T21:00:02.744+0000] {subprocess.py:106} INFO - 
[2025-02-12T21:00:03.163+0000] {subprocess.py:106} INFO - Erro ao acessar API (2020-01-25): 401 {"status_code":7,"status_message":"Invalid API key: You must be granted a valid key.","success":false}
[2025-02-12T21:00:03.165+0000] {subprocess.py:106} INFO - 
[2025-02-12T21:00:03.577+0000] {subprocess.py:106} INFO - Erro ao acessar API (2020-01-26): 401 {"status_code":7,"status_message":"Invalid API key: You must be granted a valid key.","success":false}
[2025-02-12T21:00:03.578+0000] {subprocess.py:106} INFO - 
[2025-02-12T21:00:03.991+0000] {subprocess.py:106} INFO - Erro ao acessar API (2020-01-27): 401 {"status_code":7,"status_message":"Invalid API key: You must be granted a valid key.","success":false}
[2025-02-12T21:00:03.992+0000] {subprocess.py:106} INFO - 
[2025-02-12T21:00:04.465+0000] {subprocess.py:106} INFO - Erro ao acessar API (2020-01-28): 401 {"status_code":7,"status_message":"Invalid API key: You must be granted a valid key.","success":false}
[2025-02-12T21:00:04.466+0000] {subprocess.py:106} INFO - 
[2025-02-12T21:00:04.897+0000] {subprocess.py:106} INFO - Erro ao acessar API (2020-01-29): 401 {"status_code":7,"status_message":"Invalid API key: You must be granted a valid key.","success":false}
[2025-02-12T21:00:04.898+0000] {subprocess.py:106} INFO - 
[2025-02-12T21:00:05.307+0000] {subprocess.py:106} INFO - Erro ao acessar API (2020-01-30): 401 {"status_code":7,"status_message":"Invalid API key: You must be granted a valid key.","success":false}
[2025-02-12T21:00:05.308+0000] {subprocess.py:106} INFO - 
[2025-02-12T21:00:05.741+0000] {subprocess.py:106} INFO - Erro ao acessar API (2020-01-31): 401 {"status_code":7,"status_message":"Invalid API key: You must be granted a valid key.","success":false}
[2025-02-12T21:00:05.742+0000] {subprocess.py:106} INFO - 
[2025-02-12T21:00:06.192+0000] {subprocess.py:106} INFO - Erro ao acessar API (2020-02-01): 401 {"status_code":7,"status_message":"Invalid API key: You must be granted a valid key.","success":false}
[2025-02-12T21:00:06.193+0000] {subprocess.py:106} INFO - 
[2025-02-12T21:00:06.603+0000] {subprocess.py:106} INFO - Erro ao acessar API (2020-02-02): 401 {"status_code":7,"status_message":"Invalid API key: You must be granted a valid key.","success":false}
[2025-02-12T21:00:06.604+0000] {subprocess.py:106} INFO - 
[2025-02-12T21:00:07.020+0000] {subprocess.py:106} INFO - Erro ao acessar API (2020-02-03): 401 {"status_code":7,"status_message":"Invalid API key: You must be granted a valid key.","success":false}
[2025-02-12T21:00:07.021+0000] {subprocess.py:106} INFO - 
[2025-02-12T21:00:07.488+0000] {subprocess.py:106} INFO - Erro ao acessar API (2020-02-04): 401 {"status_code":7,"status_message":"Invalid API key: You must be granted a valid key.","success":false}
[2025-02-12T21:00:07.489+0000] {subprocess.py:106} INFO - 
[2025-02-12T21:00:07.966+0000] {subprocess.py:106} INFO - Erro ao acessar API (2020-02-05): 401 {"status_code":7,"status_message":"Invalid API key: You must be granted a valid key.","success":false}
[2025-02-12T21:00:07.967+0000] {subprocess.py:106} INFO - 
[2025-02-12T21:00:08.388+0000] {subprocess.py:106} INFO - Erro ao acessar API (2020-02-06): 401 {"status_code":7,"status_message":"Invalid API key: You must be granted a valid key.","success":false}
[2025-02-12T21:00:08.389+0000] {subprocess.py:106} INFO - 
[2025-02-12T21:00:08.825+0000] {subprocess.py:106} INFO - Erro ao acessar API (2020-02-07): 401 {"status_code":7,"status_message":"Invalid API key: You must be granted a valid key.","success":false}
[2025-02-12T21:00:08.826+0000] {subprocess.py:106} INFO - 
[2025-02-12T21:00:09.261+0000] {subprocess.py:106} INFO - Erro ao acessar API (2020-02-08): 401 {"status_code":7,"status_message":"Invalid API key: You must be granted a valid key.","success":false}
[2025-02-12T21:00:09.262+0000] {subprocess.py:106} INFO - 
[2025-02-12T21:00:09.676+0000] {subprocess.py:106} INFO - Erro ao acessar API (2020-02-09): 401 {"status_code":7,"status_message":"Invalid API key: You must be granted a valid key.","success":false}
[2025-02-12T21:00:09.676+0000] {subprocess.py:106} INFO - 
[2025-02-12T21:00:10.088+0000] {subprocess.py:106} INFO - Erro ao acessar API (2020-02-10): 401 {"status_code":7,"status_message":"Invalid API key: You must be granted a valid key.","success":false}
[2025-02-12T21:00:10.089+0000] {subprocess.py:106} INFO - 
[2025-02-12T21:00:10.529+0000] {subprocess.py:106} INFO - Erro ao acessar API (2020-02-11): 401 {"status_code":7,"status_message":"Invalid API key: You must be granted a valid key.","success":false}
[2025-02-12T21:00:10.530+0000] {subprocess.py:106} INFO - 
[2025-02-12T21:00:10.987+0000] {subprocess.py:106} INFO - Erro ao acessar API (2020-02-12): 401 {"status_code":7,"status_message":"Invalid API key: You must be granted a valid key.","success":false}
[2025-02-12T21:00:10.988+0000] {subprocess.py:106} INFO - 
[2025-02-12T21:00:11.401+0000] {subprocess.py:106} INFO - Erro ao acessar API (2020-02-13): 401 {"status_code":7,"status_message":"Invalid API key: You must be granted a valid key.","success":false}
[2025-02-12T21:00:11.401+0000] {subprocess.py:106} INFO - 
[2025-02-12T21:00:11.826+0000] {subprocess.py:106} INFO - Erro ao acessar API (2020-02-14): 401 {"status_code":7,"status_message":"Invalid API key: You must be granted a valid key.","success":false}
[2025-02-12T21:00:11.827+0000] {subprocess.py:106} INFO - 
[2025-02-12T21:00:12.323+0000] {subprocess.py:106} INFO - Erro ao acessar API (2020-02-15): 401 {"status_code":7,"status_message":"Invalid API key: You must be granted a valid key.","success":false}
[2025-02-12T21:00:12.324+0000] {subprocess.py:106} INFO - 
[2025-02-12T21:00:12.740+0000] {subprocess.py:106} INFO - Erro ao acessar API (2020-02-16): 401 {"status_code":7,"status_message":"Invalid API key: You must be granted a valid key.","success":false}
[2025-02-12T21:00:12.741+0000] {subprocess.py:106} INFO - 
[2025-02-12T21:00:13.227+0000] {subprocess.py:106} INFO - Erro ao acessar API (2020-02-17): 401 {"status_code":7,"status_message":"Invalid API key: You must be granted a valid key.","success":false}
[2025-02-12T21:00:13.228+0000] {subprocess.py:106} INFO - 
[2025-02-12T21:00:13.665+0000] {subprocess.py:106} INFO - Erro ao acessar API (2020-02-18): 401 {"status_code":7,"status_message":"Invalid API key: You must be granted a valid key.","success":false}
[2025-02-12T21:00:13.666+0000] {subprocess.py:106} INFO - 
[2025-02-12T21:00:14.078+0000] {subprocess.py:106} INFO - Erro ao acessar API (2020-02-19): 401 {"status_code":7,"status_message":"Invalid API key: You must be granted a valid key.","success":false}
[2025-02-12T21:00:14.079+0000] {subprocess.py:106} INFO - 
[2025-02-12T21:00:14.510+0000] {subprocess.py:106} INFO - Erro ao acessar API (2020-02-20): 401 {"status_code":7,"status_message":"Invalid API key: You must be granted a valid key.","success":false}
[2025-02-12T21:00:14.511+0000] {subprocess.py:106} INFO - 
[2025-02-12T21:00:14.947+0000] {subprocess.py:106} INFO - Erro ao acessar API (2020-02-21): 401 {"status_code":7,"status_message":"Invalid API key: You must be granted a valid key.","success":false}
[2025-02-12T21:00:14.948+0000] {subprocess.py:106} INFO - 
[2025-02-12T21:00:15.362+0000] {subprocess.py:106} INFO - Erro ao acessar API (2020-02-22): 401 {"status_code":7,"status_message":"Invalid API key: You must be granted a valid key.","success":false}
[2025-02-12T21:00:15.363+0000] {subprocess.py:106} INFO - 
[2025-02-12T21:00:15.837+0000] {subprocess.py:106} INFO - Erro ao acessar API (2020-02-23): 401 {"status_code":7,"status_message":"Invalid API key: You must be granted a valid key.","success":false}
[2025-02-12T21:00:15.838+0000] {subprocess.py:106} INFO - 
[2025-02-12T21:00:16.290+0000] {subprocess.py:106} INFO - Erro ao acessar API (2020-02-24): 401 {"status_code":7,"status_message":"Invalid API key: You must be granted a valid key.","success":false}
[2025-02-12T21:00:16.291+0000] {subprocess.py:106} INFO - 
[2025-02-12T21:00:16.777+0000] {subprocess.py:106} INFO - Erro ao acessar API (2020-02-25): 401 {"status_code":7,"status_message":"Invalid API key: You must be granted a valid key.","success":false}
[2025-02-12T21:00:16.778+0000] {subprocess.py:106} INFO - 
[2025-02-12T21:00:17.190+0000] {subprocess.py:106} INFO - Erro ao acessar API (2020-02-26): 401 {"status_code":7,"status_message":"Invalid API key: You must be granted a valid key.","success":false}
[2025-02-12T21:00:17.191+0000] {subprocess.py:106} INFO - 
[2025-02-12T21:00:17.663+0000] {subprocess.py:106} INFO - Erro ao acessar API (2020-02-27): 401 {"status_code":7,"status_message":"Invalid API key: You must be granted a valid key.","success":false}
[2025-02-12T21:00:17.663+0000] {subprocess.py:106} INFO - 
[2025-02-12T21:00:18.146+0000] {subprocess.py:106} INFO - Erro ao acessar API (2020-02-28): 401 {"status_code":7,"status_message":"Invalid API key: You must be granted a valid key.","success":false}
[2025-02-12T21:00:18.148+0000] {subprocess.py:106} INFO - 
[2025-02-12T21:00:18.560+0000] {subprocess.py:106} INFO - Erro ao acessar API (2020-02-29): 401 {"status_code":7,"status_message":"Invalid API key: You must be granted a valid key.","success":false}
[2025-02-12T21:00:18.561+0000] {subprocess.py:106} INFO - 
[2025-02-12T21:00:19.004+0000] {subprocess.py:106} INFO - Erro ao acessar API (2020-03-01): 401 {"status_code":7,"status_message":"Invalid API key: You must be granted a valid key.","success":false}
[2025-02-12T21:00:19.005+0000] {subprocess.py:106} INFO - 
[2025-02-12T21:00:19.454+0000] {subprocess.py:106} INFO - Erro ao acessar API (2020-03-02): 401 {"status_code":7,"status_message":"Invalid API key: You must be granted a valid key.","success":false}
[2025-02-12T21:00:19.455+0000] {subprocess.py:106} INFO - 
[2025-02-12T21:00:19.869+0000] {subprocess.py:106} INFO - Erro ao acessar API (2020-03-03): 401 {"status_code":7,"status_message":"Invalid API key: You must be granted a valid key.","success":false}
[2025-02-12T21:00:19.869+0000] {subprocess.py:106} INFO - 
[2025-02-12T21:00:20.332+0000] {subprocess.py:106} INFO - Erro ao acessar API (2020-03-04): 401 {"status_code":7,"status_message":"Invalid API key: You must be granted a valid key.","success":false}
[2025-02-12T21:00:20.333+0000] {subprocess.py:106} INFO - 
[2025-02-12T21:00:20.747+0000] {subprocess.py:106} INFO - Erro ao acessar API (2020-03-05): 401 {"status_code":7,"status_message":"Invalid API key: You must be granted a valid key.","success":false}
[2025-02-12T21:00:20.748+0000] {subprocess.py:106} INFO - 
[2025-02-12T21:00:21.206+0000] {subprocess.py:106} INFO - Erro ao acessar API (2020-03-06): 401 {"status_code":7,"status_message":"Invalid API key: You must be granted a valid key.","success":false}
[2025-02-12T21:00:21.207+0000] {subprocess.py:106} INFO - 
[2025-02-12T21:00:21.649+0000] {subprocess.py:106} INFO - Erro ao acessar API (2020-03-07): 401 {"status_code":7,"status_message":"Invalid API key: You must be granted a valid key.","success":false}
[2025-02-12T21:00:21.650+0000] {subprocess.py:106} INFO - 
[2025-02-12T21:00:22.087+0000] {subprocess.py:106} INFO - Erro ao acessar API (2020-03-08): 401 {"status_code":7,"status_message":"Invalid API key: You must be granted a valid key.","success":false}
[2025-02-12T21:00:22.088+0000] {subprocess.py:106} INFO - 
[2025-02-12T21:00:22.498+0000] {subprocess.py:106} INFO - Erro ao acessar API (2020-03-09): 401 {"status_code":7,"status_message":"Invalid API key: You must be granted a valid key.","success":false}
[2025-02-12T21:00:22.499+0000] {subprocess.py:106} INFO - 
[2025-02-12T21:00:22.907+0000] {subprocess.py:106} INFO - Erro ao acessar API (2020-03-10): 401 {"status_code":7,"status_message":"Invalid API key: You must be granted a valid key.","success":false}
[2025-02-12T21:00:22.908+0000] {subprocess.py:106} INFO - 
[2025-02-12T21:00:23.383+0000] {subprocess.py:106} INFO - Erro ao acessar API (2020-03-11): 401 {"status_code":7,"status_message":"Invalid API key: You must be granted a valid key.","success":false}
[2025-02-12T21:00:23.384+0000] {subprocess.py:106} INFO - 
[2025-02-12T21:00:23.872+0000] {subprocess.py:106} INFO - Erro ao acessar API (2020-03-12): 401 {"status_code":7,"status_message":"Invalid API key: You must be granted a valid key.","success":false}
[2025-02-12T21:00:23.873+0000] {subprocess.py:106} INFO - 
[2025-02-12T21:00:24.284+0000] {subprocess.py:106} INFO - Erro ao acessar API (2020-03-13): 401 {"status_code":7,"status_message":"Invalid API key: You must be granted a valid key.","success":false}
[2025-02-12T21:00:24.285+0000] {subprocess.py:106} INFO - 
[2025-02-12T21:00:24.769+0000] {subprocess.py:106} INFO - Erro ao acessar API (2020-03-14): 401 {"status_code":7,"status_message":"Invalid API key: You must be granted a valid key.","success":false}
[2025-02-12T21:00:24.770+0000] {subprocess.py:106} INFO - 
[2025-02-12T21:00:25.214+0000] {subprocess.py:106} INFO - Erro ao acessar API (2020-03-15): 401 {"status_code":7,"status_message":"Invalid API key: You must be granted a valid key.","success":false}
[2025-02-12T21:00:25.216+0000] {subprocess.py:106} INFO - 
[2025-02-12T21:00:25.669+0000] {subprocess.py:106} INFO - Erro ao acessar API (2020-03-16): 401 {"status_code":7,"status_message":"Invalid API key: You must be granted a valid key.","success":false}
[2025-02-12T21:00:25.670+0000] {subprocess.py:106} INFO - 
[2025-02-12T21:00:26.084+0000] {subprocess.py:106} INFO - Erro ao acessar API (2020-03-17): 401 {"status_code":7,"status_message":"Invalid API key: You must be granted a valid key.","success":false}
[2025-02-12T21:00:26.085+0000] {subprocess.py:106} INFO - 
[2025-02-12T21:00:26.586+0000] {subprocess.py:106} INFO - Erro ao acessar API (2020-03-18): 401 {"status_code":7,"status_message":"Invalid API key: You must be granted a valid key.","success":false}
[2025-02-12T21:00:26.587+0000] {subprocess.py:106} INFO - 
[2025-02-12T21:00:27.097+0000] {subprocess.py:106} INFO - Erro ao acessar API (2020-03-19): 401 {"status_code":7,"status_message":"Invalid API key: You must be granted a valid key.","success":false}
[2025-02-12T21:00:27.098+0000] {subprocess.py:106} INFO - 
[2025-02-12T21:00:27.552+0000] {subprocess.py:106} INFO - Erro ao acessar API (2020-03-20): 401 {"status_code":7,"status_message":"Invalid API key: You must be granted a valid key.","success":false}
[2025-02-12T21:00:27.552+0000] {subprocess.py:106} INFO - 
[2025-02-12T21:00:27.962+0000] {subprocess.py:106} INFO - Erro ao acessar API (2020-03-21): 401 {"status_code":7,"status_message":"Invalid API key: You must be granted a valid key.","success":false}
[2025-02-12T21:00:27.962+0000] {subprocess.py:106} INFO - 
[2025-02-12T21:00:28.447+0000] {subprocess.py:106} INFO - Erro ao acessar API (2020-03-22): 401 {"status_code":7,"status_message":"Invalid API key: You must be granted a valid key.","success":false}
[2025-02-12T21:00:28.448+0000] {subprocess.py:106} INFO - 
[2025-02-12T21:00:28.901+0000] {subprocess.py:106} INFO - Erro ao acessar API (2020-03-23): 401 {"status_code":7,"status_message":"Invalid API key: You must be granted a valid key.","success":false}
[2025-02-12T21:00:28.902+0000] {subprocess.py:106} INFO - 
[2025-02-12T21:00:29.323+0000] {subprocess.py:106} INFO - Erro ao acessar API (2020-03-24): 401 {"status_code":7,"status_message":"Invalid API key: You must be granted a valid key.","success":false}
[2025-02-12T21:00:29.326+0000] {subprocess.py:106} INFO - 
[2025-02-12T21:00:29.849+0000] {subprocess.py:106} INFO - Erro ao acessar API (2020-03-25): 401 {"status_code":7,"status_message":"Invalid API key: You must be granted a valid key.","success":false}
[2025-02-12T21:00:29.857+0000] {subprocess.py:106} INFO - 
[2025-02-12T21:00:30.449+0000] {subprocess.py:106} INFO - Erro ao acessar API (2020-03-26): 401 {"status_code":7,"status_message":"Invalid API key: You must be granted a valid key.","success":false}
[2025-02-12T21:00:30.477+0000] {subprocess.py:106} INFO - 
[2025-02-12T21:00:31.106+0000] {subprocess.py:106} INFO - Erro ao acessar API (2020-03-27): 401 {"status_code":7,"status_message":"Invalid API key: You must be granted a valid key.","success":false}
[2025-02-12T21:00:31.107+0000] {subprocess.py:106} INFO - 
[2025-02-12T21:00:31.613+0000] {subprocess.py:106} INFO - Erro ao acessar API (2020-03-28): 401 {"status_code":7,"status_message":"Invalid API key: You must be granted a valid key.","success":false}
[2025-02-12T21:00:31.615+0000] {subprocess.py:106} INFO - 
[2025-02-12T21:00:32.146+0000] {subprocess.py:106} INFO - Erro ao acessar API (2020-03-29): 401 {"status_code":7,"status_message":"Invalid API key: You must be granted a valid key.","success":false}
[2025-02-12T21:00:32.147+0000] {subprocess.py:106} INFO - 
[2025-02-12T21:00:32.576+0000] {subprocess.py:106} INFO - Erro ao acessar API (2020-03-30): 401 {"status_code":7,"status_message":"Invalid API key: You must be granted a valid key.","success":false}
[2025-02-12T21:00:32.578+0000] {subprocess.py:106} INFO - 
[2025-02-12T21:00:33.097+0000] {subprocess.py:106} INFO - Erro ao acessar API (2020-03-31): 401 {"status_code":7,"status_message":"Invalid API key: You must be granted a valid key.","success":false}
[2025-02-12T21:00:33.098+0000] {subprocess.py:106} INFO - 
[2025-02-12T21:00:33.618+0000] {subprocess.py:106} INFO - Erro ao acessar API (2020-04-01): 401 {"status_code":7,"status_message":"Invalid API key: You must be granted a valid key.","success":false}
[2025-02-12T21:00:33.620+0000] {subprocess.py:106} INFO - 
[2025-02-12T21:00:34.150+0000] {subprocess.py:106} INFO - Erro ao acessar API (2020-04-02): 401 {"status_code":7,"status_message":"Invalid API key: You must be granted a valid key.","success":false}
[2025-02-12T21:00:34.151+0000] {subprocess.py:106} INFO - 
[2025-02-12T21:00:34.669+0000] {subprocess.py:106} INFO - Erro ao acessar API (2020-04-03): 401 {"status_code":7,"status_message":"Invalid API key: You must be granted a valid key.","success":false}
[2025-02-12T21:00:34.670+0000] {subprocess.py:106} INFO - 
[2025-02-12T21:00:35.120+0000] {subprocess.py:106} INFO - Erro ao acessar API (2020-04-04): 401 {"status_code":7,"status_message":"Invalid API key: You must be granted a valid key.","success":false}
[2025-02-12T21:00:35.121+0000] {subprocess.py:106} INFO - 
[2025-02-12T21:00:35.643+0000] {subprocess.py:106} INFO - Erro ao acessar API (2020-04-05): 401 {"status_code":7,"status_message":"Invalid API key: You must be granted a valid key.","success":false}
[2025-02-12T21:00:35.644+0000] {subprocess.py:106} INFO - 
[2025-02-12T21:00:36.070+0000] {subprocess.py:106} INFO - Erro ao acessar API (2020-04-06): 401 {"status_code":7,"status_message":"Invalid API key: You must be granted a valid key.","success":false}
[2025-02-12T21:00:36.071+0000] {subprocess.py:106} INFO - 
[2025-02-12T21:00:36.486+0000] {subprocess.py:106} INFO - Erro ao acessar API (2020-04-07): 401 {"status_code":7,"status_message":"Invalid API key: You must be granted a valid key.","success":false}
[2025-02-12T21:00:36.487+0000] {subprocess.py:106} INFO - 
[2025-02-12T21:00:36.959+0000] {subprocess.py:106} INFO - Erro ao acessar API (2020-04-08): 401 {"status_code":7,"status_message":"Invalid API key: You must be granted a valid key.","success":false}
[2025-02-12T21:00:36.961+0000] {subprocess.py:106} INFO - 
[2025-02-12T21:00:37.457+0000] {subprocess.py:106} INFO - Erro ao acessar API (2020-04-09): 401 {"status_code":7,"status_message":"Invalid API key: You must be granted a valid key.","success":false}
[2025-02-12T21:00:37.461+0000] {subprocess.py:106} INFO - 
[2025-02-12T21:00:37.952+0000] {subprocess.py:106} INFO - Erro ao acessar API (2020-04-10): 401 {"status_code":7,"status_message":"Invalid API key: You must be granted a valid key.","success":false}
[2025-02-12T21:00:37.953+0000] {subprocess.py:106} INFO - 
[2025-02-12T21:00:38.446+0000] {subprocess.py:106} INFO - Erro ao acessar API (2020-04-11): 401 {"status_code":7,"status_message":"Invalid API key: You must be granted a valid key.","success":false}
[2025-02-12T21:00:38.448+0000] {subprocess.py:106} INFO - 
[2025-02-12T21:00:38.865+0000] {subprocess.py:106} INFO - Erro ao acessar API (2020-04-12): 401 {"status_code":7,"status_message":"Invalid API key: You must be granted a valid key.","success":false}
[2025-02-12T21:00:38.868+0000] {subprocess.py:106} INFO - 
[2025-02-12T21:00:39.335+0000] {subprocess.py:106} INFO - Erro ao acessar API (2020-04-13): 401 {"status_code":7,"status_message":"Invalid API key: You must be granted a valid key.","success":false}
[2025-02-12T21:00:39.336+0000] {subprocess.py:106} INFO - 
