[2025-02-13T13:59:25.034+0000] {local_task_job_runner.py:123} INFO - ::group::Pre task execution logs
[2025-02-13T13:59:25.059+0000] {taskinstance.py:2614} INFO - Dependencies all met for dep_context=non-requeueable deps ti=<TaskInstance: ing_mov_20_21.run_spark_script manual__2025-02-12T20:59:41.928915+00:00 [queued]>
[2025-02-13T13:59:25.072+0000] {taskinstance.py:2614} INFO - Dependencies all met for dep_context=requeueable deps ti=<TaskInstance: ing_mov_20_21.run_spark_script manual__2025-02-12T20:59:41.928915+00:00 [queued]>
[2025-02-13T13:59:25.073+0000] {taskinstance.py:2867} INFO - Starting attempt 2 of 2
[2025-02-13T13:59:25.095+0000] {taskinstance.py:2890} INFO - Executing <Task(BashOperator): run_spark_script> on 2025-02-12 20:59:41.928915+00:00
[2025-02-13T13:59:25.102+0000] {warnings.py:112} WARNING - /home/***/.local/lib/python3.12/site-packages/***/task/task_runner/standard_task_runner.py:70: DeprecationWarning: This process (pid=266) is multi-threaded, use of fork() may lead to deadlocks in the child.
  pid = os.fork()

[2025-02-13T13:59:25.104+0000] {standard_task_runner.py:72} INFO - Started process 267 to run task
[2025-02-13T13:59:25.104+0000] {standard_task_runner.py:104} INFO - Running: ['***', 'tasks', 'run', 'ing_mov_20_21', 'run_spark_script', 'manual__2025-02-12T20:59:41.928915+00:00', '--job-id', '81', '--raw', '--subdir', 'DAGS_FOLDER/scriptteste.py', '--cfg-path', '/tmp/tmpeip8i_0y']
[2025-02-13T13:59:25.105+0000] {standard_task_runner.py:105} INFO - Job 81: Subtask run_spark_script
[2025-02-13T13:59:25.176+0000] {task_command.py:467} INFO - Running <TaskInstance: ing_mov_20_21.run_spark_script manual__2025-02-12T20:59:41.928915+00:00 [running]> on host 9c50c45f72c4
[2025-02-13T13:59:25.301+0000] {taskinstance.py:3134} INFO - Exporting env vars: AIRFLOW_CTX_DAG_OWNER='***' AIRFLOW_CTX_DAG_ID='ing_mov_20_21' AIRFLOW_CTX_TASK_ID='run_spark_script' AIRFLOW_CTX_EXECUTION_DATE='2025-02-12T20:59:41.928915+00:00' AIRFLOW_CTX_TRY_NUMBER='2' AIRFLOW_CTX_DAG_RUN_ID='manual__2025-02-12T20:59:41.928915+00:00'
[2025-02-13T13:59:25.302+0000] {taskinstance.py:732} INFO - ::endgroup::
[2025-02-13T13:59:25.321+0000] {subprocess.py:78} INFO - Tmp dir root location: /tmp
[2025-02-13T13:59:25.323+0000] {subprocess.py:88} INFO - Running command: ['/usr/bin/bash', '-c', 'spark-submit /opt/bitnami/spark/scripts/ing_mov_20_21.py']
[2025-02-13T13:59:25.335+0000] {subprocess.py:99} INFO - Output:
[2025-02-13T13:59:30.674+0000] {subprocess.py:106} INFO - 25/02/13 13:59:30 INFO SparkContext: Running Spark version 3.5.4
[2025-02-13T13:59:30.677+0000] {subprocess.py:106} INFO - 25/02/13 13:59:30 INFO SparkContext: OS info Linux, 5.15.167.4-microsoft-standard-WSL2, amd64
[2025-02-13T13:59:30.678+0000] {subprocess.py:106} INFO - 25/02/13 13:59:30 INFO SparkContext: Java version 17.0.14
[2025-02-13T13:59:30.771+0000] {subprocess.py:106} INFO - 25/02/13 13:59:30 WARN NativeCodeLoader: Unable to load native-hadoop library for your platform... using builtin-java classes where applicable
[2025-02-13T13:59:30.928+0000] {subprocess.py:106} INFO - 25/02/13 13:59:30 INFO ResourceUtils: ==============================================================
[2025-02-13T13:59:30.931+0000] {subprocess.py:106} INFO - 25/02/13 13:59:30 INFO ResourceUtils: No custom resources configured for spark.driver.
[2025-02-13T13:59:30.932+0000] {subprocess.py:106} INFO - 25/02/13 13:59:30 INFO ResourceUtils: ==============================================================
[2025-02-13T13:59:30.933+0000] {subprocess.py:106} INFO - 25/02/13 13:59:30 INFO SparkContext: Submitted application: Movies_20_21
[2025-02-13T13:59:30.977+0000] {subprocess.py:106} INFO - 25/02/13 13:59:30 INFO ResourceProfile: Default ResourceProfile created, executor resources: Map(cores -> name: cores, amount: 2, script: , vendor: , memory -> name: memory, amount: 12288, script: , vendor: , offHeap -> name: offHeap, amount: 0, script: , vendor: ), task resources: Map(cpus -> name: cpus, amount: 1.0)
[2025-02-13T13:59:30.996+0000] {subprocess.py:106} INFO - 25/02/13 13:59:30 INFO ResourceProfile: Limiting resource is cpus at 2 tasks per executor
[2025-02-13T13:59:31.003+0000] {subprocess.py:106} INFO - 25/02/13 13:59:31 INFO ResourceProfileManager: Added ResourceProfile id: 0
[2025-02-13T13:59:31.140+0000] {subprocess.py:106} INFO - 25/02/13 13:59:31 INFO SecurityManager: Changing view acls to: ***
[2025-02-13T13:59:31.141+0000] {subprocess.py:106} INFO - 25/02/13 13:59:31 INFO SecurityManager: Changing modify acls to: ***
[2025-02-13T13:59:31.143+0000] {subprocess.py:106} INFO - 25/02/13 13:59:31 INFO SecurityManager: Changing view acls groups to:
[2025-02-13T13:59:31.143+0000] {subprocess.py:106} INFO - 25/02/13 13:59:31 INFO SecurityManager: Changing modify acls groups to:
[2025-02-13T13:59:31.144+0000] {subprocess.py:106} INFO - 25/02/13 13:59:31 INFO SecurityManager: SecurityManager: authentication disabled; ui acls disabled; users with view permissions: ***; groups with view permissions: EMPTY; users with modify permissions: ***; groups with modify permissions: EMPTY
[2025-02-13T13:59:31.542+0000] {subprocess.py:106} INFO - 25/02/13 13:59:31 INFO Utils: Successfully started service 'sparkDriver' on port 38083.
[2025-02-13T13:59:31.588+0000] {subprocess.py:106} INFO - 25/02/13 13:59:31 INFO SparkEnv: Registering MapOutputTracker
[2025-02-13T13:59:31.661+0000] {subprocess.py:106} INFO - 25/02/13 13:59:31 INFO SparkEnv: Registering BlockManagerMaster
[2025-02-13T13:59:31.697+0000] {subprocess.py:106} INFO - 25/02/13 13:59:31 INFO BlockManagerMasterEndpoint: Using org.apache.spark.storage.DefaultTopologyMapper for getting topology information
[2025-02-13T13:59:31.698+0000] {subprocess.py:106} INFO - 25/02/13 13:59:31 INFO BlockManagerMasterEndpoint: BlockManagerMasterEndpoint up
[2025-02-13T13:59:31.705+0000] {subprocess.py:106} INFO - 25/02/13 13:59:31 INFO SparkEnv: Registering BlockManagerMasterHeartbeat
[2025-02-13T13:59:31.751+0000] {subprocess.py:106} INFO - 25/02/13 13:59:31 INFO DiskBlockManager: Created local directory at /tmp/blockmgr-8bedc259-aa14-45c6-9045-ee45e4b738f7
[2025-02-13T13:59:31.778+0000] {subprocess.py:106} INFO - 25/02/13 13:59:31 INFO MemoryStore: MemoryStore started with capacity 434.4 MiB
[2025-02-13T13:59:31.813+0000] {subprocess.py:106} INFO - 25/02/13 13:59:31 INFO SparkEnv: Registering OutputCommitCoordinator
[2025-02-13T13:59:32.053+0000] {subprocess.py:106} INFO - 25/02/13 13:59:32 INFO JettyUtils: Start Jetty 0.0.0.0:4040 for SparkUI
[2025-02-13T13:59:32.160+0000] {subprocess.py:106} INFO - 25/02/13 13:59:32 WARN Utils: Service 'SparkUI' could not bind on port 4040. Attempting port 4041.
[2025-02-13T13:59:32.173+0000] {subprocess.py:106} INFO - 25/02/13 13:59:32 INFO Utils: Successfully started service 'SparkUI' on port 4041.
[2025-02-13T13:59:32.380+0000] {subprocess.py:106} INFO - 25/02/13 13:59:32 INFO StandaloneAppClient$ClientEndpoint: Connecting to master spark://spark:7077...
[2025-02-13T13:59:32.449+0000] {subprocess.py:106} INFO - 25/02/13 13:59:32 INFO TransportClientFactory: Successfully created connection to spark/172.18.0.6:7077 after 39 ms (0 ms spent in bootstraps)
[2025-02-13T13:59:32.567+0000] {subprocess.py:106} INFO - 25/02/13 13:59:32 INFO StandaloneSchedulerBackend: Connected to Spark cluster with app ID app-20250213135932-0001
[2025-02-13T13:59:32.579+0000] {subprocess.py:106} INFO - 25/02/13 13:59:32 INFO Utils: Successfully started service 'org.apache.spark.network.netty.NettyBlockTransferService' on port 36657.
[2025-02-13T13:59:32.580+0000] {subprocess.py:106} INFO - 25/02/13 13:59:32 INFO NettyBlockTransferService: Server created on 9c50c45f72c4:36657
[2025-02-13T13:59:32.583+0000] {subprocess.py:106} INFO - 25/02/13 13:59:32 INFO BlockManager: Using org.apache.spark.storage.RandomBlockReplicationPolicy for block replication policy
[2025-02-13T13:59:32.591+0000] {subprocess.py:106} INFO - 25/02/13 13:59:32 INFO BlockManagerMaster: Registering BlockManager BlockManagerId(driver, 9c50c45f72c4, 36657, None)
[2025-02-13T13:59:32.596+0000] {subprocess.py:106} INFO - 25/02/13 13:59:32 INFO BlockManagerMasterEndpoint: Registering block manager 9c50c45f72c4:36657 with 434.4 MiB RAM, BlockManagerId(driver, 9c50c45f72c4, 36657, None)
[2025-02-13T13:59:32.599+0000] {subprocess.py:106} INFO - 25/02/13 13:59:32 INFO BlockManagerMaster: Registered BlockManager BlockManagerId(driver, 9c50c45f72c4, 36657, None)
[2025-02-13T13:59:32.601+0000] {subprocess.py:106} INFO - 25/02/13 13:59:32 INFO BlockManager: Initialized BlockManager: BlockManagerId(driver, 9c50c45f72c4, 36657, None)
[2025-02-13T13:59:32.872+0000] {subprocess.py:106} INFO - 25/02/13 13:59:32 INFO StandaloneSchedulerBackend: SchedulerBackend is ready for scheduling beginning after reached minRegisteredResourcesRatio: 0.0
[2025-02-13T14:12:35.992+0000] {subprocess.py:106} INFO - 25/02/13 14:12:35 INFO StandaloneAppClient$ClientEndpoint: Executor added: app-20250213135932-0001/0 on worker-20250213135248-172.18.0.2-44821 (172.18.0.2:44821) with 2 core(s)
[2025-02-13T14:12:35.994+0000] {subprocess.py:106} INFO - 25/02/13 14:12:35 INFO StandaloneSchedulerBackend: Granted executor ID app-20250213135932-0001/0 on hostPort 172.18.0.2:44821 with 2 core(s), 12.0 GiB RAM
[2025-02-13T14:12:36.000+0000] {subprocess.py:106} INFO - 25/02/13 14:12:35 INFO StandaloneAppClient$ClientEndpoint: Executor added: app-20250213135932-0001/1 on worker-20250213135248-172.18.0.4-43149 (172.18.0.4:43149) with 2 core(s)
[2025-02-13T14:12:36.002+0000] {subprocess.py:106} INFO - 25/02/13 14:12:35 INFO StandaloneSchedulerBackend: Granted executor ID app-20250213135932-0001/1 on hostPort 172.18.0.4:43149 with 2 core(s), 12.0 GiB RAM
[2025-02-13T14:12:36.165+0000] {subprocess.py:106} INFO - 25/02/13 14:12:36 INFO StandaloneAppClient$ClientEndpoint: Executor updated: app-20250213135932-0001/1 is now RUNNING
[2025-02-13T14:12:36.224+0000] {subprocess.py:106} INFO - 25/02/13 14:12:36 INFO StandaloneAppClient$ClientEndpoint: Executor updated: app-20250213135932-0001/0 is now RUNNING
[2025-02-13T14:12:41.816+0000] {subprocess.py:106} INFO - 25/02/13 14:12:41 INFO StandaloneSchedulerBackend$StandaloneDriverEndpoint: Registered executor NettyRpcEndpointRef(spark-client://Executor) (172.18.0.4:41856) with ID 1,  ResourceProfileId 0
[2025-02-13T14:12:41.840+0000] {subprocess.py:106} INFO - 25/02/13 14:12:41 INFO StandaloneSchedulerBackend$StandaloneDriverEndpoint: Registered executor NettyRpcEndpointRef(spark-client://Executor) (172.18.0.2:60100) with ID 0,  ResourceProfileId 0
[2025-02-13T14:12:42.017+0000] {subprocess.py:106} INFO - 25/02/13 14:12:42 INFO BlockManagerMasterEndpoint: Registering block manager 172.18.0.2:33657 with 7.0 GiB RAM, BlockManagerId(0, 172.18.0.2, 33657, None)
[2025-02-13T14:12:42.019+0000] {subprocess.py:106} INFO - 25/02/13 14:12:42 INFO BlockManagerMasterEndpoint: Registering block manager 172.18.0.4:37325 with 7.0 GiB RAM, BlockManagerId(1, 172.18.0.4, 37325, None)
[2025-02-13T14:13:54.977+0000] {subprocess.py:106} INFO - Erro na execução: HTTPSConnectionPool(host='api.themoviedb.org', port=443): Max retries exceeded with url: /3/discover/movie?include_adult=false&include_video=false&language=en-US&page=86&sort_by=popularity.desc&primary_release_date.gte=2020-01-01&primary_release_date.lte=2020-01-01 (Caused by NewConnectionError('<urllib3.connection.HTTPSConnection object at 0x7fb17ceae480>: Failed to establish a new connection: [Errno 101] Network is unreachable'))
[2025-02-13T14:13:55.080+0000] {subprocess.py:106} INFO - 25/02/13 14:13:55 INFO SparkContext: Invoking stop() from shutdown hook
[2025-02-13T14:13:55.081+0000] {subprocess.py:106} INFO - 25/02/13 14:13:55 INFO SparkContext: SparkContext is stopping with exitCode 0.
[2025-02-13T14:13:55.093+0000] {subprocess.py:106} INFO - 25/02/13 14:13:55 INFO SparkUI: Stopped Spark web UI at http://9c50c45f72c4:4041
[2025-02-13T14:13:55.100+0000] {subprocess.py:106} INFO - 25/02/13 14:13:55 INFO StandaloneSchedulerBackend: Shutting down all executors
[2025-02-13T14:13:55.101+0000] {subprocess.py:106} INFO - 25/02/13 14:13:55 INFO StandaloneSchedulerBackend$StandaloneDriverEndpoint: Asking each executor to shut down
[2025-02-13T14:13:55.136+0000] {subprocess.py:106} INFO - 25/02/13 14:13:55 INFO MapOutputTrackerMasterEndpoint: MapOutputTrackerMasterEndpoint stopped!
[2025-02-13T14:13:55.172+0000] {subprocess.py:106} INFO - 25/02/13 14:13:55 INFO MemoryStore: MemoryStore cleared
[2025-02-13T14:13:55.174+0000] {subprocess.py:106} INFO - 25/02/13 14:13:55 INFO BlockManager: BlockManager stopped
[2025-02-13T14:13:55.182+0000] {subprocess.py:106} INFO - 25/02/13 14:13:55 INFO BlockManagerMaster: BlockManagerMaster stopped
[2025-02-13T14:13:55.186+0000] {subprocess.py:106} INFO - 25/02/13 14:13:55 INFO OutputCommitCoordinator$OutputCommitCoordinatorEndpoint: OutputCommitCoordinator stopped!
[2025-02-13T14:13:55.216+0000] {subprocess.py:106} INFO - 25/02/13 14:13:55 INFO SparkContext: Successfully stopped SparkContext
[2025-02-13T14:13:55.218+0000] {subprocess.py:106} INFO - 25/02/13 14:13:55 INFO ShutdownHookManager: Shutdown hook called
[2025-02-13T14:13:55.218+0000] {subprocess.py:106} INFO - 25/02/13 14:13:55 INFO ShutdownHookManager: Deleting directory /tmp/spark-8bca76e0-a11d-4845-93e5-de1e1ddb1fb8
[2025-02-13T14:13:55.224+0000] {subprocess.py:106} INFO - 25/02/13 14:13:55 INFO ShutdownHookManager: Deleting directory /tmp/spark-394578a2-ce3a-4dba-9a22-c5ae8055e983/pyspark-b38f894c-058f-4160-bcf9-8c3f62f54e40
[2025-02-13T14:13:55.229+0000] {subprocess.py:106} INFO - 25/02/13 14:13:55 INFO ShutdownHookManager: Deleting directory /tmp/spark-394578a2-ce3a-4dba-9a22-c5ae8055e983
[2025-02-13T14:13:55.272+0000] {subprocess.py:110} INFO - Command exited with return code 0
[2025-02-13T14:13:55.314+0000] {taskinstance.py:341} INFO - ::group::Post task execution logs
[2025-02-13T14:13:55.315+0000] {taskinstance.py:353} INFO - Marking task as SUCCESS. dag_id=ing_mov_20_21, task_id=run_spark_script, run_id=manual__2025-02-12T20:59:41.928915+00:00, execution_date=20250212T205941, start_date=20250213T135925, end_date=20250213T141355
[2025-02-13T14:13:55.366+0000] {local_task_job_runner.py:266} INFO - Task exited with return code 0
[2025-02-13T14:13:55.387+0000] {taskinstance.py:3901} INFO - 0 downstream tasks scheduled from follow-on schedule check
[2025-02-13T14:13:55.389+0000] {local_task_job_runner.py:245} INFO - ::endgroup::
