[2025-02-21T19:57:08.407+0000] {local_task_job_runner.py:123} INFO - ::group::Pre task execution logs
[2025-02-21T19:57:08.426+0000] {taskinstance.py:2614} INFO - Dependencies all met for dep_context=non-requeueable deps ti=<TaskInstance: ing_mov_20_21.run_spark_script manual__2025-02-21T19:57:06.721597+00:00 [queued]>
[2025-02-21T19:57:08.434+0000] {taskinstance.py:2614} INFO - Dependencies all met for dep_context=requeueable deps ti=<TaskInstance: ing_mov_20_21.run_spark_script manual__2025-02-21T19:57:06.721597+00:00 [queued]>
[2025-02-21T19:57:08.434+0000] {taskinstance.py:2867} INFO - Starting attempt 1 of 2
[2025-02-21T19:57:08.446+0000] {taskinstance.py:2890} INFO - Executing <Task(SparkSubmitOperator): run_spark_script> on 2025-02-21 19:57:06.721597+00:00
[2025-02-21T19:57:08.451+0000] {warnings.py:112} WARNING - /home/***/.local/lib/python3.12/site-packages/***/task/task_runner/standard_task_runner.py:70: DeprecationWarning: This process (pid=66) is multi-threaded, use of fork() may lead to deadlocks in the child.
  pid = os.fork()

[2025-02-21T19:57:08.452+0000] {standard_task_runner.py:72} INFO - Started process 67 to run task
[2025-02-21T19:57:08.452+0000] {standard_task_runner.py:104} INFO - Running: ['***', 'tasks', 'run', 'ing_mov_20_21', 'run_spark_script', 'manual__2025-02-21T19:57:06.721597+00:00', '--job-id', '5', '--raw', '--subdir', 'DAGS_FOLDER/scriptteste.py', '--cfg-path', '/tmp/tmpipsbb2z9']
[2025-02-21T19:57:08.453+0000] {standard_task_runner.py:105} INFO - Job 5: Subtask run_spark_script
[2025-02-21T19:57:08.504+0000] {task_command.py:467} INFO - Running <TaskInstance: ing_mov_20_21.run_spark_script manual__2025-02-21T19:57:06.721597+00:00 [running]> on host b8efbb21d1b8
[2025-02-21T19:57:08.585+0000] {taskinstance.py:3134} INFO - Exporting env vars: AIRFLOW_CTX_DAG_OWNER='***' AIRFLOW_CTX_DAG_ID='ing_mov_20_21' AIRFLOW_CTX_TASK_ID='run_spark_script' AIRFLOW_CTX_EXECUTION_DATE='2025-02-21T19:57:06.721597+00:00' AIRFLOW_CTX_TRY_NUMBER='1' AIRFLOW_CTX_DAG_RUN_ID='manual__2025-02-21T19:57:06.721597+00:00'
[2025-02-21T19:57:08.586+0000] {taskinstance.py:732} INFO - ::endgroup::
[2025-02-21T19:57:08.622+0000] {base.py:84} INFO - Retrieving connection 'spark_default'
[2025-02-21T19:57:08.623+0000] {spark_submit.py:328} ERROR - Failed to decode base64 keytab: Invalid base64-encoded string: number of data characters (5) cannot be 1 more than a multiple of 4
[2025-02-21T19:57:08.624+0000] {spark_submit.py:305} INFO - Could not load connection string spark_default, defaulting to local[*]
[2025-02-21T19:57:08.626+0000] {spark_submit.py:474} INFO - Spark-Submit cmd: spark-submit --master local[*] --conf spark.hadoop.fs.s3a.access.key=8xezyBo5KztAOP0KeRBN --conf spark.hadoop.fs.s3a.secret.key=****** --conf spark.hadoop.fs.s3a.endpoint=http://minio:9000 --conf spark.hadoop.fs.s3a.path.style.access=true --conf spark.hadoop.fs.s3a.impl=org.apache.hadoop.fs.s3a.S3AFileSystem --packages org.apache.hadoop:hadoop-aws:3.3.4,com.amazonaws:aws-java-sdk-bundle:1.12.262 --driver-memory 4g --principal admin --name arrow-spark --verbose --queue root.default --deploy-mode client /opt/bitnami/spark/scripts/ing_mov_20_21.py
[2025-02-21T19:57:09.946+0000] {spark_submit.py:641} INFO - Using properties file: null
[2025-02-21T19:57:10.062+0000] {spark_submit.py:641} INFO - Parsed arguments:
[2025-02-21T19:57:10.062+0000] {spark_submit.py:641} INFO - master                  local[*]
[2025-02-21T19:57:10.063+0000] {spark_submit.py:641} INFO - remote                  null
[2025-02-21T19:57:10.063+0000] {spark_submit.py:641} INFO - deployMode              client
[2025-02-21T19:57:10.064+0000] {spark_submit.py:641} INFO - executorMemory          null
[2025-02-21T19:57:10.064+0000] {spark_submit.py:641} INFO - executorCores           null
[2025-02-21T19:57:10.065+0000] {spark_submit.py:641} INFO - totalExecutorCores      null
[2025-02-21T19:57:10.066+0000] {spark_submit.py:641} INFO - propertiesFile          null
[2025-02-21T19:57:10.073+0000] {spark_submit.py:641} INFO - driverMemory            4g
[2025-02-21T19:57:10.074+0000] {spark_submit.py:641} INFO - driverCores             null
[2025-02-21T19:57:10.074+0000] {spark_submit.py:641} INFO - driverExtraClassPath    null
[2025-02-21T19:57:10.074+0000] {spark_submit.py:641} INFO - driverExtraLibraryPath  null
[2025-02-21T19:57:10.075+0000] {spark_submit.py:641} INFO - driverExtraJavaOptions  null
[2025-02-21T19:57:10.075+0000] {spark_submit.py:641} INFO - supervise               false
[2025-02-21T19:57:10.075+0000] {spark_submit.py:641} INFO - queue                   root.default
[2025-02-21T19:57:10.076+0000] {spark_submit.py:641} INFO - numExecutors            null
[2025-02-21T19:57:10.076+0000] {spark_submit.py:641} INFO - files                   null
[2025-02-21T19:57:10.076+0000] {spark_submit.py:641} INFO - pyFiles                 null
[2025-02-21T19:57:10.076+0000] {spark_submit.py:641} INFO - archives                null
[2025-02-21T19:57:10.077+0000] {spark_submit.py:641} INFO - mainClass               null
[2025-02-21T19:57:10.078+0000] {spark_submit.py:641} INFO - primaryResource         file:/opt/bitnami/spark/scripts/ing_mov_20_21.py
[2025-02-21T19:57:10.078+0000] {spark_submit.py:641} INFO - name                    arrow-spark
[2025-02-21T19:57:10.078+0000] {spark_submit.py:641} INFO - childArgs               []
[2025-02-21T19:57:10.078+0000] {spark_submit.py:641} INFO - jars                    null
[2025-02-21T19:57:10.079+0000] {spark_submit.py:641} INFO - packages                org.apache.hadoop:hadoop-aws:3.3.4,com.amazonaws:aws-java-sdk-bundle:1.12.262
[2025-02-21T19:57:10.080+0000] {spark_submit.py:641} INFO - packagesExclusions      null
[2025-02-21T19:57:10.080+0000] {spark_submit.py:641} INFO - repositories            null
[2025-02-21T19:57:10.084+0000] {spark_submit.py:641} INFO - verbose                 true
[2025-02-21T19:57:10.084+0000] {spark_submit.py:641} INFO - 
[2025-02-21T19:57:10.085+0000] {spark_submit.py:641} INFO - Spark properties used, including those specified through
[2025-02-21T19:57:10.087+0000] {spark_submit.py:641} INFO - --conf and those from the properties file null:
[2025-02-21T19:57:10.087+0000] {spark_submit.py:641} INFO - (spark.driver.memory,4g)
[2025-02-21T19:57:10.089+0000] {spark_submit.py:641} INFO - (spark.hadoop.fs.s3a.access.key,*********(redacted))
[2025-02-21T19:57:10.096+0000] {spark_submit.py:641} INFO - (spark.hadoop.fs.s3a.endpoint,http://minio:9000)
[2025-02-21T19:57:10.096+0000] {spark_submit.py:641} INFO - (spark.hadoop.fs.s3a.impl,org.apache.hadoop.fs.s3a.S3AFileSystem)
[2025-02-21T19:57:10.097+0000] {spark_submit.py:641} INFO - (spark.hadoop.fs.s3a.path.style.access,true)
[2025-02-21T19:57:10.097+0000] {spark_submit.py:641} INFO - (spark.hadoop.fs.s3a.secret.key,*********(redacted))
[2025-02-21T19:57:10.097+0000] {spark_submit.py:641} INFO - 
[2025-02-21T19:57:10.098+0000] {spark_submit.py:641} INFO - 
[2025-02-21T19:57:10.194+0000] {spark_submit.py:641} INFO - :: loading settings :: url = jar:file:/home/***/.local/lib/python3.12/site-packages/pyspark/jars/ivy-2.5.1.jar!/org/apache/ivy/core/settings/ivysettings.xml
[2025-02-21T19:57:10.250+0000] {spark_submit.py:641} INFO - Ivy Default Cache set to: /home/***/.ivy2/cache
[2025-02-21T19:57:10.251+0000] {spark_submit.py:641} INFO - The jars for the packages stored in: /home/***/.ivy2/jars
[2025-02-21T19:57:10.254+0000] {spark_submit.py:641} INFO - org.apache.hadoop#hadoop-aws added as a dependency
[2025-02-21T19:57:10.255+0000] {spark_submit.py:641} INFO - com.amazonaws#aws-java-sdk-bundle added as a dependency
[2025-02-21T19:57:10.255+0000] {spark_submit.py:641} INFO - :: resolving dependencies :: org.apache.spark#spark-submit-parent-594ce60d-fd7f-4ce5-8274-a49420e030f6;1.0
[2025-02-21T19:57:10.256+0000] {spark_submit.py:641} INFO - confs: [default]
[2025-02-21T19:57:13.908+0000] {spark_submit.py:641} INFO - found org.apache.hadoop#hadoop-aws;3.3.4 in central
[2025-02-21T19:57:15.167+0000] {spark_submit.py:641} INFO - found com.amazonaws#aws-java-sdk-bundle;1.12.262 in central
[2025-02-21T19:57:17.393+0000] {spark_submit.py:641} INFO - found org.wildfly.openssl#wildfly-openssl;1.0.7.Final in central
[2025-02-21T19:57:17.536+0000] {spark_submit.py:641} INFO - downloading https://repo1.maven.org/maven2/org/apache/hadoop/hadoop-aws/3.3.4/hadoop-aws-3.3.4.jar ...
[2025-02-21T19:57:18.241+0000] {spark_submit.py:641} INFO - [SUCCESSFUL ] org.apache.hadoop#hadoop-aws;3.3.4!hadoop-aws.jar (838ms)
[2025-02-21T19:57:18.379+0000] {spark_submit.py:641} INFO - downloading https://repo1.maven.org/maven2/com/amazonaws/aws-java-sdk-bundle/1.12.262/aws-java-sdk-bundle-1.12.262.jar ...
[2025-02-21T20:05:16.680+0000] {spark_submit.py:641} INFO - [SUCCESSFUL ] com.amazonaws#aws-java-sdk-bundle;1.12.262!aws-java-sdk-bundle.jar (478435ms)
[2025-02-21T20:05:16.806+0000] {spark_submit.py:641} INFO - downloading https://repo1.maven.org/maven2/org/wildfly/openssl/wildfly-openssl/1.0.7.Final/wildfly-openssl-1.0.7.Final.jar ...
[2025-02-21T20:05:17.964+0000] {spark_submit.py:641} INFO - [SUCCESSFUL ] org.wildfly.openssl#wildfly-openssl;1.0.7.Final!wildfly-openssl.jar (1282ms)
[2025-02-21T20:05:17.965+0000] {spark_submit.py:641} INFO - :: resolution report :: resolve 7146ms :: artifacts dl 480563ms
[2025-02-21T20:05:17.966+0000] {spark_submit.py:641} INFO - :: modules in use:
[2025-02-21T20:05:17.967+0000] {spark_submit.py:641} INFO - com.amazonaws#aws-java-sdk-bundle;1.12.262 from central in [default]
[2025-02-21T20:05:17.967+0000] {spark_submit.py:641} INFO - org.apache.hadoop#hadoop-aws;3.3.4 from central in [default]
[2025-02-21T20:05:17.967+0000] {spark_submit.py:641} INFO - org.wildfly.openssl#wildfly-openssl;1.0.7.Final from central in [default]
[2025-02-21T20:05:17.968+0000] {spark_submit.py:641} INFO - ---------------------------------------------------------------------
[2025-02-21T20:05:17.968+0000] {spark_submit.py:641} INFO - |                  |            modules            ||   artifacts   |
[2025-02-21T20:05:17.969+0000] {spark_submit.py:641} INFO - |       conf       | number| search|dwnlded|evicted|| number|dwnlded|
[2025-02-21T20:05:17.969+0000] {spark_submit.py:641} INFO - ---------------------------------------------------------------------
[2025-02-21T20:05:17.971+0000] {spark_submit.py:641} INFO - |      default     |   3   |   3   |   3   |   0   ||   3   |   3   |
[2025-02-21T20:05:17.972+0000] {spark_submit.py:641} INFO - ---------------------------------------------------------------------
[2025-02-21T20:05:17.972+0000] {spark_submit.py:641} INFO - :: retrieving :: org.apache.spark#spark-submit-parent-594ce60d-fd7f-4ce5-8274-a49420e030f6
[2025-02-21T20:05:17.973+0000] {spark_submit.py:641} INFO - confs: [default]
[2025-02-21T20:05:18.155+0000] {spark_submit.py:641} INFO - 3 artifacts copied, 0 already retrieved (275421kB/186ms)
[2025-02-21T20:05:18.300+0000] {spark_submit.py:641} INFO - 25/02/21 20:05:18 WARN NativeCodeLoader: Unable to load native-hadoop library for your platform... using builtin-java classes where applicable
[2025-02-21T20:05:18.440+0000] {spark_submit.py:641} INFO - Main class:
[2025-02-21T20:05:18.441+0000] {spark_submit.py:641} INFO - org.apache.spark.deploy.PythonRunner
[2025-02-21T20:05:18.442+0000] {spark_submit.py:641} INFO - Arguments:
[2025-02-21T20:05:18.443+0000] {spark_submit.py:641} INFO - file:/opt/bitnami/spark/scripts/ing_mov_20_21.py
[2025-02-21T20:05:18.443+0000] {spark_submit.py:641} INFO - file:///home/***/.ivy2/jars/org.apache.hadoop_hadoop-aws-3.3.4.jar,file:///home/***/.ivy2/jars/com.amazonaws_aws-java-sdk-bundle-1.12.262.jar,file:///home/***/.ivy2/jars/org.wildfly.openssl_wildfly-openssl-1.0.7.Final.jar
[2025-02-21T20:05:18.444+0000] {spark_submit.py:641} INFO - Spark config:
[2025-02-21T20:05:18.444+0000] {spark_submit.py:641} INFO - (spark.app.name,arrow-spark)
[2025-02-21T20:05:18.445+0000] {spark_submit.py:641} INFO - (spark.app.submitTime,1740168318429)
[2025-02-21T20:05:18.445+0000] {spark_submit.py:641} INFO - (spark.driver.memory,4g)
[2025-02-21T20:05:18.446+0000] {spark_submit.py:641} INFO - (spark.files,file:///home/***/.ivy2/jars/org.apache.hadoop_hadoop-aws-3.3.4.jar,file:///home/***/.ivy2/jars/com.amazonaws_aws-java-sdk-bundle-1.12.262.jar,file:///home/***/.ivy2/jars/org.wildfly.openssl_wildfly-openssl-1.0.7.Final.jar)
[2025-02-21T20:05:18.446+0000] {spark_submit.py:641} INFO - (spark.hadoop.fs.s3a.access.key,*********(redacted))
[2025-02-21T20:05:18.447+0000] {spark_submit.py:641} INFO - (spark.hadoop.fs.s3a.endpoint,http://minio:9000)
[2025-02-21T20:05:18.447+0000] {spark_submit.py:641} INFO - (spark.hadoop.fs.s3a.impl,org.apache.hadoop.fs.s3a.S3AFileSystem)
[2025-02-21T20:05:18.447+0000] {spark_submit.py:641} INFO - (spark.hadoop.fs.s3a.path.style.access,true)
[2025-02-21T20:05:18.448+0000] {spark_submit.py:641} INFO - (spark.hadoop.fs.s3a.secret.key,*********(redacted))
[2025-02-21T20:05:18.448+0000] {spark_submit.py:641} INFO - (spark.jars,file:///home/***/.ivy2/jars/org.apache.hadoop_hadoop-aws-3.3.4.jar,file:///home/***/.ivy2/jars/com.amazonaws_aws-java-sdk-bundle-1.12.262.jar,file:///home/***/.ivy2/jars/org.wildfly.openssl_wildfly-openssl-1.0.7.Final.jar)
[2025-02-21T20:05:18.449+0000] {spark_submit.py:641} INFO - (spark.kerberos.principal,admin)
[2025-02-21T20:05:18.450+0000] {spark_submit.py:641} INFO - (spark.master,local[*])
[2025-02-21T20:05:18.450+0000] {spark_submit.py:641} INFO - (spark.repl.local.jars,file:///home/***/.ivy2/jars/org.apache.hadoop_hadoop-aws-3.3.4.jar,file:///home/***/.ivy2/jars/com.amazonaws_aws-java-sdk-bundle-1.12.262.jar,file:///home/***/.ivy2/jars/org.wildfly.openssl_wildfly-openssl-1.0.7.Final.jar)
[2025-02-21T20:05:18.451+0000] {spark_submit.py:641} INFO - (spark.submit.deployMode,client)
[2025-02-21T20:05:18.451+0000] {spark_submit.py:641} INFO - (spark.submit.pyFiles,/home/***/.ivy2/jars/org.apache.hadoop_hadoop-aws-3.3.4.jar,/home/***/.ivy2/jars/com.amazonaws_aws-java-sdk-bundle-1.12.262.jar,/home/***/.ivy2/jars/org.wildfly.openssl_wildfly-openssl-1.0.7.Final.jar)
[2025-02-21T20:05:18.451+0000] {spark_submit.py:641} INFO - Classpath elements:
[2025-02-21T20:05:18.452+0000] {spark_submit.py:641} INFO - file:///home/***/.ivy2/jars/org.apache.hadoop_hadoop-aws-3.3.4.jar
[2025-02-21T20:05:18.452+0000] {spark_submit.py:641} INFO - file:///home/***/.ivy2/jars/com.amazonaws_aws-java-sdk-bundle-1.12.262.jar
[2025-02-21T20:05:18.452+0000] {spark_submit.py:641} INFO - file:///home/***/.ivy2/jars/org.wildfly.openssl_wildfly-openssl-1.0.7.Final.jar
[2025-02-21T20:05:18.453+0000] {spark_submit.py:641} INFO - 
[2025-02-21T20:05:18.455+0000] {spark_submit.py:641} INFO - 
[2025-02-21T20:05:19.757+0000] {spark_submit.py:641} INFO - 25/02/21 20:05:19 INFO SparkContext: Running Spark version 3.5.4
[2025-02-21T20:05:19.757+0000] {spark_submit.py:641} INFO - 25/02/21 20:05:19 INFO SparkContext: OS info Linux, 5.15.167.4-microsoft-standard-WSL2, amd64
[2025-02-21T20:05:19.758+0000] {spark_submit.py:641} INFO - 25/02/21 20:05:19 INFO SparkContext: Java version 17.0.14
[2025-02-21T20:05:19.774+0000] {spark_submit.py:641} INFO - 25/02/21 20:05:19 INFO ResourceUtils: ==============================================================
[2025-02-21T20:05:19.775+0000] {spark_submit.py:641} INFO - 25/02/21 20:05:19 INFO ResourceUtils: No custom resources configured for spark.driver.
[2025-02-21T20:05:19.775+0000] {spark_submit.py:641} INFO - 25/02/21 20:05:19 INFO ResourceUtils: ==============================================================
[2025-02-21T20:05:19.776+0000] {spark_submit.py:641} INFO - 25/02/21 20:05:19 INFO SparkContext: Submitted application: Movies_20_21
[2025-02-21T20:05:19.792+0000] {spark_submit.py:641} INFO - 25/02/21 20:05:19 INFO ResourceProfile: Default ResourceProfile created, executor resources: Map(cores -> name: cores, amount: 1, script: , vendor: , memory -> name: memory, amount: 8192, script: , vendor: , offHeap -> name: offHeap, amount: 0, script: , vendor: ), task resources: Map(cpus -> name: cpus, amount: 1.0)
[2025-02-21T20:05:19.801+0000] {spark_submit.py:641} INFO - 25/02/21 20:05:19 INFO ResourceProfile: Limiting resource is cpus at 1 tasks per executor
[2025-02-21T20:05:19.802+0000] {spark_submit.py:641} INFO - 25/02/21 20:05:19 INFO ResourceProfileManager: Added ResourceProfile id: 0
[2025-02-21T20:05:19.840+0000] {spark_submit.py:641} INFO - 25/02/21 20:05:19 INFO SecurityManager: Changing view acls to: ***
[2025-02-21T20:05:19.841+0000] {spark_submit.py:641} INFO - 25/02/21 20:05:19 INFO SecurityManager: Changing modify acls to: ***
[2025-02-21T20:05:19.841+0000] {spark_submit.py:641} INFO - 25/02/21 20:05:19 INFO SecurityManager: Changing view acls groups to:
[2025-02-21T20:05:19.842+0000] {spark_submit.py:641} INFO - 25/02/21 20:05:19 INFO SecurityManager: Changing modify acls groups to:
[2025-02-21T20:05:19.842+0000] {spark_submit.py:641} INFO - 25/02/21 20:05:19 INFO SecurityManager: SecurityManager: authentication disabled; ui acls disabled; users with view permissions: ***; groups with view permissions: EMPTY; users with modify permissions: ***; groups with modify permissions: EMPTY
[2025-02-21T20:05:19.999+0000] {spark_submit.py:641} INFO - 25/02/21 20:05:19 INFO Utils: Successfully started service 'sparkDriver' on port 42947.
[2025-02-21T20:05:20.020+0000] {spark_submit.py:641} INFO - 25/02/21 20:05:20 INFO SparkEnv: Registering MapOutputTracker
[2025-02-21T20:05:20.048+0000] {spark_submit.py:641} INFO - 25/02/21 20:05:20 INFO SparkEnv: Registering BlockManagerMaster
[2025-02-21T20:05:20.060+0000] {spark_submit.py:641} INFO - 25/02/21 20:05:20 INFO BlockManagerMasterEndpoint: Using org.apache.spark.storage.DefaultTopologyMapper for getting topology information
[2025-02-21T20:05:20.061+0000] {spark_submit.py:641} INFO - 25/02/21 20:05:20 INFO BlockManagerMasterEndpoint: BlockManagerMasterEndpoint up
[2025-02-21T20:05:20.064+0000] {spark_submit.py:641} INFO - 25/02/21 20:05:20 INFO SparkEnv: Registering BlockManagerMasterHeartbeat
[2025-02-21T20:05:20.080+0000] {spark_submit.py:641} INFO - 25/02/21 20:05:20 INFO DiskBlockManager: Created local directory at /tmp/blockmgr-ab4d4ef8-576b-44b7-a949-22ed863b8931
[2025-02-21T20:05:20.091+0000] {spark_submit.py:641} INFO - 25/02/21 20:05:20 INFO MemoryStore: MemoryStore started with capacity 2.2 GiB
[2025-02-21T20:05:20.101+0000] {spark_submit.py:641} INFO - 25/02/21 20:05:20 INFO SparkEnv: Registering OutputCommitCoordinator
[2025-02-21T20:05:20.212+0000] {spark_submit.py:641} INFO - 25/02/21 20:05:20 INFO JettyUtils: Start Jetty 0.0.0.0:4040 for SparkUI
[2025-02-21T20:05:20.266+0000] {spark_submit.py:641} INFO - 25/02/21 20:05:20 INFO Utils: Successfully started service 'SparkUI' on port 4040.
[2025-02-21T20:05:20.301+0000] {spark_submit.py:641} INFO - 25/02/21 20:05:20 INFO SparkContext: Added JAR file:///home/***/.ivy2/jars/org.apache.hadoop_hadoop-aws-3.3.4.jar at spark://b8efbb21d1b8:42947/jars/org.apache.hadoop_hadoop-aws-3.3.4.jar with timestamp 1740168319751
[2025-02-21T20:05:20.301+0000] {spark_submit.py:641} INFO - 25/02/21 20:05:20 INFO SparkContext: Added JAR file:///home/***/.ivy2/jars/com.amazonaws_aws-java-sdk-bundle-1.12.262.jar at spark://b8efbb21d1b8:42947/jars/com.amazonaws_aws-java-sdk-bundle-1.12.262.jar with timestamp 1740168319751
[2025-02-21T20:05:20.302+0000] {spark_submit.py:641} INFO - 25/02/21 20:05:20 INFO SparkContext: Added JAR file:///home/***/.ivy2/jars/org.wildfly.openssl_wildfly-openssl-1.0.7.Final.jar at spark://b8efbb21d1b8:42947/jars/org.wildfly.openssl_wildfly-openssl-1.0.7.Final.jar with timestamp 1740168319751
[2025-02-21T20:05:20.307+0000] {spark_submit.py:641} INFO - 25/02/21 20:05:20 INFO SparkContext: Added file file:///home/***/.ivy2/jars/org.apache.hadoop_hadoop-aws-3.3.4.jar at spark://b8efbb21d1b8:42947/files/org.apache.hadoop_hadoop-aws-3.3.4.jar with timestamp 1740168319751
[2025-02-21T20:05:20.308+0000] {spark_submit.py:641} INFO - 25/02/21 20:05:20 INFO Utils: Copying /home/***/.ivy2/jars/org.apache.hadoop_hadoop-aws-3.3.4.jar to /tmp/spark-19a0bf6d-273e-4b93-9376-88a2d1ce64ca/userFiles-01a3b7fe-7962-4a7e-92c9-dbdef590836c/org.apache.hadoop_hadoop-aws-3.3.4.jar
[2025-02-21T20:05:20.316+0000] {spark_submit.py:641} INFO - 25/02/21 20:05:20 INFO SparkContext: Added file file:///home/***/.ivy2/jars/com.amazonaws_aws-java-sdk-bundle-1.12.262.jar at spark://b8efbb21d1b8:42947/files/com.amazonaws_aws-java-sdk-bundle-1.12.262.jar with timestamp 1740168319751
[2025-02-21T20:05:20.316+0000] {spark_submit.py:641} INFO - 25/02/21 20:05:20 INFO Utils: Copying /home/***/.ivy2/jars/com.amazonaws_aws-java-sdk-bundle-1.12.262.jar to /tmp/spark-19a0bf6d-273e-4b93-9376-88a2d1ce64ca/userFiles-01a3b7fe-7962-4a7e-92c9-dbdef590836c/com.amazonaws_aws-java-sdk-bundle-1.12.262.jar
[2025-02-21T20:05:20.478+0000] {spark_submit.py:641} INFO - 25/02/21 20:05:20 INFO SparkContext: Added file file:///home/***/.ivy2/jars/org.wildfly.openssl_wildfly-openssl-1.0.7.Final.jar at spark://b8efbb21d1b8:42947/files/org.wildfly.openssl_wildfly-openssl-1.0.7.Final.jar with timestamp 1740168319751
[2025-02-21T20:05:20.479+0000] {spark_submit.py:641} INFO - 25/02/21 20:05:20 INFO Utils: Copying /home/***/.ivy2/jars/org.wildfly.openssl_wildfly-openssl-1.0.7.Final.jar to /tmp/spark-19a0bf6d-273e-4b93-9376-88a2d1ce64ca/userFiles-01a3b7fe-7962-4a7e-92c9-dbdef590836c/org.wildfly.openssl_wildfly-openssl-1.0.7.Final.jar
[2025-02-21T20:05:20.538+0000] {spark_submit.py:641} INFO - 25/02/21 20:05:20 INFO StandaloneAppClient$ClientEndpoint: Connecting to master spark://spark:7077...
[2025-02-21T20:05:20.570+0000] {spark_submit.py:641} INFO - 25/02/21 20:05:20 INFO TransportClientFactory: Successfully created connection to spark/172.18.0.2:7077 after 19 ms (0 ms spent in bootstraps)
[2025-02-21T20:05:20.695+0000] {spark_submit.py:641} INFO - 25/02/21 20:05:20 INFO StandaloneSchedulerBackend: Connected to Spark cluster with app ID app-20250221200520-0000
[2025-02-21T20:05:20.705+0000] {spark_submit.py:641} INFO - 25/02/21 20:05:20 INFO Utils: Successfully started service 'org.apache.spark.network.netty.NettyBlockTransferService' on port 42225.
[2025-02-21T20:05:20.705+0000] {spark_submit.py:641} INFO - 25/02/21 20:05:20 INFO NettyBlockTransferService: Server created on b8efbb21d1b8:42225
[2025-02-21T20:05:20.710+0000] {spark_submit.py:641} INFO - 25/02/21 20:05:20 INFO BlockManager: Using org.apache.spark.storage.RandomBlockReplicationPolicy for block replication policy
[2025-02-21T20:05:20.742+0000] {spark_submit.py:641} INFO - 25/02/21 20:05:20 INFO StandaloneAppClient$ClientEndpoint: Executor added: app-20250221200520-0000/0 on worker-20250221195607-172.18.0.3-35535 (172.18.0.3:35535) with 1 core(s)
[2025-02-21T20:05:20.742+0000] {spark_submit.py:641} INFO - 25/02/21 20:05:20 INFO BlockManagerMaster: Registering BlockManager BlockManagerId(driver, b8efbb21d1b8, 42225, None)
[2025-02-21T20:05:20.744+0000] {spark_submit.py:641} INFO - 25/02/21 20:05:20 INFO StandaloneSchedulerBackend: Granted executor ID app-20250221200520-0000/0 on hostPort 172.18.0.3:35535 with 1 core(s), 8.0 GiB RAM
[2025-02-21T20:05:20.747+0000] {spark_submit.py:641} INFO - 25/02/21 20:05:20 INFO StandaloneAppClient$ClientEndpoint: Executor added: app-20250221200520-0000/1 on worker-20250221195607-172.18.0.5-34259 (172.18.0.5:34259) with 1 core(s)
[2025-02-21T20:05:20.749+0000] {spark_submit.py:641} INFO - 25/02/21 20:05:20 INFO StandaloneSchedulerBackend: Granted executor ID app-20250221200520-0000/1 on hostPort 172.18.0.5:34259 with 1 core(s), 8.0 GiB RAM
[2025-02-21T20:05:20.749+0000] {spark_submit.py:641} INFO - 25/02/21 20:05:20 INFO BlockManagerMasterEndpoint: Registering block manager b8efbb21d1b8:42225 with 2.2 GiB RAM, BlockManagerId(driver, b8efbb21d1b8, 42225, None)
[2025-02-21T20:05:20.750+0000] {spark_submit.py:641} INFO - 25/02/21 20:05:20 INFO BlockManagerMaster: Registered BlockManager BlockManagerId(driver, b8efbb21d1b8, 42225, None)
[2025-02-21T20:05:20.751+0000] {spark_submit.py:641} INFO - 25/02/21 20:05:20 INFO BlockManager: Initialized BlockManager: BlockManagerId(driver, b8efbb21d1b8, 42225, None)
[2025-02-21T20:05:20.909+0000] {spark_submit.py:641} INFO - 25/02/21 20:05:20 INFO StandaloneAppClient$ClientEndpoint: Executor updated: app-20250221200520-0000/1 is now RUNNING
[2025-02-21T20:05:20.923+0000] {spark_submit.py:641} INFO - 25/02/21 20:05:20 INFO StandaloneAppClient$ClientEndpoint: Executor updated: app-20250221200520-0000/0 is now RUNNING
[2025-02-21T20:05:20.974+0000] {spark_submit.py:641} INFO - 25/02/21 20:05:20 INFO StandaloneSchedulerBackend: SchedulerBackend is ready for scheduling beginning after reached minRegisteredResourcesRatio: 0.0
[2025-02-21T20:05:22.597+0000] {spark_submit.py:641} INFO - INFO:__main__:Coletando dados para 2020-01-01...
[2025-02-21T20:05:23.332+0000] {spark_submit.py:641} INFO - 25/02/21 20:05:23 INFO StandaloneSchedulerBackend$StandaloneDriverEndpoint: Registered executor NettyRpcEndpointRef(spark-client://Executor) (172.18.0.3:49844) with ID 0,  ResourceProfileId 0
[2025-02-21T20:05:23.419+0000] {spark_submit.py:641} INFO - 25/02/21 20:05:23 INFO StandaloneSchedulerBackend$StandaloneDriverEndpoint: Registered executor NettyRpcEndpointRef(spark-client://Executor) (172.18.0.5:43722) with ID 1,  ResourceProfileId 0
[2025-02-21T20:05:23.438+0000] {spark_submit.py:641} INFO - 25/02/21 20:05:23 INFO BlockManagerMasterEndpoint: Registering block manager 172.18.0.3:33979 with 4.6 GiB RAM, BlockManagerId(0, 172.18.0.3, 33979, None)
[2025-02-21T20:05:23.514+0000] {spark_submit.py:641} INFO - 25/02/21 20:05:23 INFO BlockManagerMasterEndpoint: Registering block manager 172.18.0.5:36991 with 4.6 GiB RAM, BlockManagerId(1, 172.18.0.5, 36991, None)
[2025-02-21T20:07:45.997+0000] {spark_submit.py:641} INFO - INFO:__main__:Coletando dados para 2020-01-02...
[2025-02-21T20:07:52.713+0000] {spark_submit.py:641} INFO - INFO:__main__:Coletando dados para 2020-01-03...
[2025-02-21T20:07:59.047+0000] {spark_submit.py:641} INFO - INFO:__main__:Coletando dados para 2020-01-04...
[2025-02-21T20:08:01.790+0000] {spark_submit.py:641} INFO - INFO:__main__:Coletando dados para 2020-01-05...
[2025-02-21T20:08:04.614+0000] {spark_submit.py:641} INFO - INFO:__main__:Coletando dados para 2020-01-06...
[2025-02-21T20:08:09.022+0000] {spark_submit.py:641} INFO - INFO:__main__:Coletando dados para 2020-01-07...
[2025-02-21T20:08:13.519+0000] {spark_submit.py:641} INFO - INFO:__main__:Coletando dados para 2020-01-08...
[2025-02-21T20:08:17.665+0000] {spark_submit.py:641} INFO - INFO:__main__:Coletando dados para 2020-01-09...
[2025-02-21T20:08:23.249+0000] {spark_submit.py:641} INFO - INFO:__main__:Coletando dados para 2020-01-10...
[2025-02-21T20:08:27.458+0000] {spark_submit.py:641} INFO - INFO:__main__:Coletando dados para 2020-01-11...
[2025-02-21T20:08:29.360+0000] {spark_submit.py:641} INFO - INFO:__main__:Coletando dados para 2020-01-12...
[2025-02-21T20:08:31.351+0000] {spark_submit.py:641} INFO - INFO:__main__:Coletando dados para 2020-01-13...
[2025-02-21T20:08:32.564+0000] {spark_submit.py:641} INFO - INFO:__main__:Coletando dados para 2020-01-14...
[2025-02-21T20:08:34.426+0000] {spark_submit.py:641} INFO - INFO:__main__:Coletando dados para 2020-01-15...
[2025-02-21T20:08:37.032+0000] {spark_submit.py:641} INFO - INFO:__main__:Coletando dados para 2020-01-16...
[2025-02-21T20:08:39.860+0000] {spark_submit.py:641} INFO - INFO:__main__:Coletando dados para 2020-01-17...
[2025-02-21T20:08:43.282+0000] {spark_submit.py:641} INFO - INFO:__main__:Coletando dados para 2020-01-18...
[2025-02-21T20:08:45.910+0000] {spark_submit.py:641} INFO - INFO:__main__:Coletando dados para 2020-01-19...
[2025-02-21T20:08:47.070+0000] {spark_submit.py:641} INFO - INFO:__main__:Coletando dados para 2020-01-20...
[2025-02-21T20:08:48.979+0000] {spark_submit.py:641} INFO - INFO:__main__:Coletando dados para 2020-01-21...
[2025-02-21T20:08:50.905+0000] {spark_submit.py:641} INFO - INFO:__main__:Coletando dados para 2020-01-22...
[2025-02-21T20:08:54.248+0000] {spark_submit.py:641} INFO - INFO:__main__:Coletando dados para 2020-01-23...
[2025-02-21T20:08:58.372+0000] {spark_submit.py:641} INFO - INFO:__main__:Coletando dados para 2020-01-24...
[2025-02-21T20:09:03.935+0000] {spark_submit.py:641} INFO - INFO:__main__:Coletando dados para 2020-01-25...
[2025-02-21T20:09:08.683+0000] {spark_submit.py:641} INFO - INFO:__main__:Coletando dados para 2020-01-26...
[2025-02-21T20:09:11.465+0000] {spark_submit.py:641} INFO - INFO:__main__:Coletando dados para 2020-01-27...
[2025-02-21T20:09:14.073+0000] {spark_submit.py:641} INFO - INFO:__main__:Coletando dados para 2020-01-28...
[2025-02-21T20:09:16.791+0000] {spark_submit.py:641} INFO - INFO:__main__:Coletando dados para 2020-01-29...
[2025-02-21T20:09:19.386+0000] {spark_submit.py:641} INFO - INFO:__main__:Coletando dados para 2020-01-30...
[2025-02-21T20:09:22.852+0000] {spark_submit.py:641} INFO - INFO:__main__:Coletando dados para 2020-01-31...
[2025-02-21T20:09:27.644+0000] {spark_submit.py:641} INFO - INFO:__main__:Coletando dados para 2020-02-01...
[2025-02-21T20:09:33.971+0000] {spark_submit.py:641} INFO - INFO:__main__:Coletando dados para 2020-02-02...
[2025-02-21T20:09:35.921+0000] {spark_submit.py:641} INFO - INFO:__main__:Coletando dados para 2020-02-03...
[2025-02-21T20:09:37.623+0000] {spark_submit.py:641} INFO - INFO:__main__:Coletando dados para 2020-02-04...
[2025-02-21T20:09:39.498+0000] {spark_submit.py:641} INFO - INFO:__main__:Coletando dados para 2020-02-05...
[2025-02-21T20:09:42.314+0000] {spark_submit.py:641} INFO - INFO:__main__:Coletando dados para 2020-02-06...
[2025-02-21T20:09:44.881+0000] {spark_submit.py:641} INFO - INFO:__main__:Coletando dados para 2020-02-07...
[2025-02-21T20:09:49.669+0000] {spark_submit.py:641} INFO - INFO:__main__:Coletando dados para 2020-02-08...
[2025-02-21T20:09:51.652+0000] {spark_submit.py:641} INFO - INFO:__main__:Coletando dados para 2020-02-09...
[2025-02-21T20:09:54.396+0000] {spark_submit.py:641} INFO - INFO:__main__:Coletando dados para 2020-02-10...
[2025-02-21T20:09:56.326+0000] {spark_submit.py:641} INFO - INFO:__main__:Coletando dados para 2020-02-11...
[2025-02-21T20:09:58.210+0000] {spark_submit.py:641} INFO - INFO:__main__:Coletando dados para 2020-02-12...
[2025-02-21T20:10:00.947+0000] {spark_submit.py:641} INFO - INFO:__main__:Coletando dados para 2020-02-13...
[2025-02-21T20:10:03.539+0000] {spark_submit.py:641} INFO - INFO:__main__:Coletando dados para 2020-02-14...
[2025-02-21T20:10:09.902+0000] {spark_submit.py:641} INFO - INFO:__main__:Coletando dados para 2020-02-15...
[2025-02-21T20:10:12.629+0000] {spark_submit.py:641} INFO - INFO:__main__:Coletando dados para 2020-02-16...
[2025-02-21T20:10:13.977+0000] {spark_submit.py:641} INFO - INFO:__main__:Coletando dados para 2020-02-17...
[2025-02-21T20:10:15.905+0000] {spark_submit.py:641} INFO - INFO:__main__:Coletando dados para 2020-02-18...
[2025-02-21T20:10:17.067+0000] {spark_submit.py:641} INFO - INFO:__main__:Coletando dados para 2020-02-19...
[2025-02-21T20:10:20.082+0000] {spark_submit.py:641} INFO - INFO:__main__:Coletando dados para 2020-02-20...
[2025-02-21T20:10:27.938+0000] {spark_submit.py:641} INFO - INFO:__main__:Coletando dados para 2020-02-21...
[2025-02-21T20:10:40.457+0000] {spark_submit.py:641} INFO - INFO:__main__:Coletando dados para 2020-02-22...
[2025-02-21T20:10:46.086+0000] {spark_submit.py:641} INFO - INFO:__main__:Coletando dados para 2020-02-23...
[2025-02-21T20:10:50.700+0000] {spark_submit.py:641} INFO - INFO:__main__:Coletando dados para 2020-02-24...
[2025-02-21T20:10:54.871+0000] {spark_submit.py:641} INFO - INFO:__main__:Coletando dados para 2020-02-25...
[2025-02-21T20:10:59.007+0000] {spark_submit.py:641} INFO - INFO:__main__:Coletando dados para 2020-02-26...
[2025-02-21T20:11:03.701+0000] {spark_submit.py:641} INFO - INFO:__main__:Coletando dados para 2020-02-27...
[2025-02-21T20:11:11.008+0000] {spark_submit.py:641} INFO - INFO:__main__:Coletando dados para 2020-02-28...
[2025-02-21T20:11:22.824+0000] {spark_submit.py:641} INFO - INFO:__main__:Coletando dados para 2020-02-29...
[2025-02-21T20:11:29.294+0000] {spark_submit.py:641} INFO - INFO:__main__:Coletando dados para 2020-03-01...
[2025-02-21T20:11:44.102+0000] {spark_submit.py:641} INFO - INFO:__main__:Coletando dados para 2020-03-02...
[2025-02-21T20:11:47.217+0000] {spark_submit.py:641} INFO - INFO:__main__:Coletando dados para 2020-03-03...
[2025-02-21T20:11:53.942+0000] {spark_submit.py:641} INFO - INFO:__main__:Coletando dados para 2020-03-04...
[2025-02-21T20:12:00.616+0000] {spark_submit.py:641} INFO - INFO:__main__:Coletando dados para 2020-03-05...
[2025-02-21T20:12:19.012+0000] {spark_submit.py:641} INFO - INFO:__main__:Coletando dados para 2020-03-06...
[2025-02-21T20:12:34.932+0000] {spark_submit.py:641} INFO - INFO:__main__:Coletando dados para 2020-03-07...
[2025-02-21T20:12:41.941+0000] {spark_submit.py:641} INFO - INFO:__main__:Coletando dados para 2020-03-08...
[2025-02-21T20:12:47.624+0000] {spark_submit.py:641} INFO - INFO:__main__:Coletando dados para 2020-03-09...
[2025-02-21T20:12:51.788+0000] {spark_submit.py:641} INFO - INFO:__main__:Coletando dados para 2020-03-10...
[2025-02-21T20:12:56.138+0000] {spark_submit.py:641} INFO - INFO:__main__:Coletando dados para 2020-03-11...
[2025-02-21T20:12:26.147+0000] {spark_submit.py:641} INFO - INFO:__main__:Coletando dados para 2020-03-12...
[2025-02-21T20:12:33.894+0000] {spark_submit.py:641} INFO - INFO:__main__:Coletando dados para 2020-03-13...
[2025-02-21T20:12:42.974+0000] {spark_submit.py:641} INFO - INFO:__main__:Coletando dados para 2020-03-14...
[2025-02-21T20:12:45.793+0000] {spark_submit.py:641} INFO - INFO:__main__:Coletando dados para 2020-03-15...
[2025-02-21T20:12:48.409+0000] {spark_submit.py:641} INFO - INFO:__main__:Coletando dados para 2020-03-16...
[2025-02-21T20:12:50.408+0000] {spark_submit.py:641} INFO - INFO:__main__:Coletando dados para 2020-03-17...
[2025-02-21T20:12:52.996+0000] {spark_submit.py:641} INFO - INFO:__main__:Coletando dados para 2020-03-18...
[2025-02-21T20:12:56.371+0000] {spark_submit.py:641} INFO - INFO:__main__:Coletando dados para 2020-03-19...
[2025-02-21T20:12:58.957+0000] {spark_submit.py:641} INFO - INFO:__main__:Coletando dados para 2020-03-20...
[2025-02-21T20:13:03.098+0000] {spark_submit.py:641} INFO - INFO:__main__:Coletando dados para 2020-03-21...
[2025-02-21T20:13:04.967+0000] {spark_submit.py:641} INFO - INFO:__main__:Coletando dados para 2020-03-22...
[2025-02-21T20:13:06.843+0000] {spark_submit.py:641} INFO - INFO:__main__:Coletando dados para 2020-03-23...
[2025-02-21T20:13:08.846+0000] {spark_submit.py:641} INFO - INFO:__main__:Coletando dados para 2020-03-24...
[2025-02-21T20:13:10.743+0000] {spark_submit.py:641} INFO - INFO:__main__:Coletando dados para 2020-03-25...
[2025-02-21T20:13:14.139+0000] {spark_submit.py:641} INFO - INFO:__main__:Coletando dados para 2020-03-26...
[2025-02-21T20:13:16.027+0000] {spark_submit.py:641} INFO - INFO:__main__:Coletando dados para 2020-03-27...
[2025-02-21T20:13:19.319+0000] {spark_submit.py:641} INFO - INFO:__main__:Coletando dados para 2020-03-28...
[2025-02-21T20:13:22.054+0000] {spark_submit.py:641} INFO - INFO:__main__:Coletando dados para 2020-03-29...
[2025-02-21T20:13:23.942+0000] {spark_submit.py:641} INFO - INFO:__main__:Coletando dados para 2020-03-30...
[2025-02-21T20:13:25.810+0000] {spark_submit.py:641} INFO - INFO:__main__:Coletando dados para 2020-03-31...
[2025-02-21T20:13:27.839+0000] {spark_submit.py:641} INFO - INFO:__main__:Coletando dados para 2020-04-01...
[2025-02-21T20:13:33.374+0000] {spark_submit.py:641} INFO - INFO:__main__:Coletando dados para 2020-04-02...
[2025-02-21T20:13:35.953+0000] {spark_submit.py:641} INFO - INFO:__main__:Coletando dados para 2020-04-03...
[2025-02-21T20:13:40.076+0000] {spark_submit.py:641} INFO - INFO:__main__:Coletando dados para 2020-04-04...
[2025-02-21T20:13:41.928+0000] {spark_submit.py:641} INFO - INFO:__main__:Coletando dados para 2020-04-05...
[2025-02-21T20:13:44.538+0000] {spark_submit.py:641} INFO - INFO:__main__:Coletando dados para 2020-04-06...
[2025-02-21T20:13:46.516+0000] {spark_submit.py:641} INFO - INFO:__main__:Coletando dados para 2020-04-07...
[2025-02-21T20:13:49.089+0000] {spark_submit.py:641} INFO - INFO:__main__:Coletando dados para 2020-04-08...
[2025-02-21T20:13:50.969+0000] {spark_submit.py:641} INFO - INFO:__main__:Coletando dados para 2020-04-09...
[2025-02-21T20:13:53.762+0000] {spark_submit.py:641} INFO - INFO:__main__:Coletando dados para 2020-04-10...
[2025-02-21T20:13:57.038+0000] {spark_submit.py:641} INFO - INFO:__main__:Coletando dados para 2020-04-11...
[2025-02-21T20:13:59.079+0000] {spark_submit.py:641} INFO - INFO:__main__:Coletando dados para 2020-04-12...
[2025-02-21T20:14:01.004+0000] {spark_submit.py:641} INFO - INFO:__main__:Coletando dados para 2020-04-13...
[2025-02-21T20:14:02.169+0000] {spark_submit.py:641} INFO - INFO:__main__:Coletando dados para 2020-04-14...
[2025-02-21T20:14:04.058+0000] {spark_submit.py:641} INFO - INFO:__main__:Coletando dados para 2020-04-15...
[2025-02-21T20:14:07.497+0000] {spark_submit.py:641} INFO - INFO:__main__:Coletando dados para 2020-04-16...
[2025-02-21T20:14:09.459+0000] {spark_submit.py:641} INFO - INFO:__main__:Coletando dados para 2020-04-17...
[2025-02-21T20:14:13.700+0000] {spark_submit.py:641} INFO - INFO:__main__:Coletando dados para 2020-04-18...
[2025-02-21T20:14:15.629+0000] {spark_submit.py:641} INFO - INFO:__main__:Coletando dados para 2020-04-19...
[2025-02-21T20:14:17.631+0000] {spark_submit.py:641} INFO - INFO:__main__:Coletando dados para 2020-04-20...
[2025-02-21T20:14:20.221+0000] {spark_submit.py:641} INFO - INFO:__main__:Coletando dados para 2020-04-21...
[2025-02-21T20:14:22.011+0000] {spark_submit.py:641} INFO - INFO:__main__:Coletando dados para 2020-04-22...
[2025-02-21T20:14:24.584+0000] {spark_submit.py:641} INFO - INFO:__main__:Coletando dados para 2020-04-23...
[2025-02-21T20:14:26.986+0000] {spark_submit.py:641} INFO - INFO:__main__:Coletando dados para 2020-04-24...
[2025-02-21T20:14:30.384+0000] {spark_submit.py:641} INFO - INFO:__main__:Coletando dados para 2020-04-25...
[2025-02-21T20:14:32.821+0000] {spark_submit.py:641} INFO - INFO:__main__:Coletando dados para 2020-04-26...
[2025-02-21T20:14:33.957+0000] {spark_submit.py:641} INFO - INFO:__main__:Coletando dados para 2020-04-27...
[2025-02-21T20:14:35.793+0000] {spark_submit.py:641} INFO - INFO:__main__:Coletando dados para 2020-04-28...
[2025-02-21T20:14:37.754+0000] {spark_submit.py:641} INFO - INFO:__main__:Coletando dados para 2020-04-29...
[2025-02-21T20:14:38.839+0000] {spark_submit.py:641} INFO - INFO:__main__:Coletando dados para 2020-04-30...
[2025-02-21T20:14:42.064+0000] {spark_submit.py:641} INFO - INFO:__main__:Coletando dados para 2020-05-01...
[2025-02-21T20:14:49.391+0000] {spark_submit.py:641} INFO - INFO:__main__:Coletando dados para 2020-05-02...
[2025-02-21T20:14:52.595+0000] {spark_submit.py:641} INFO - INFO:__main__:Coletando dados para 2020-05-03...
[2025-02-21T20:14:54.564+0000] {spark_submit.py:641} INFO - INFO:__main__:Coletando dados para 2020-05-04...
[2025-02-21T20:14:57.120+0000] {spark_submit.py:641} INFO - INFO:__main__:Coletando dados para 2020-05-05...
[2025-02-21T20:15:00.259+0000] {spark_submit.py:641} INFO - INFO:__main__:Coletando dados para 2020-05-06...
[2025-02-21T20:15:02.180+0000] {spark_submit.py:641} INFO - INFO:__main__:Coletando dados para 2020-05-07...
[2025-02-21T20:15:04.872+0000] {spark_submit.py:641} INFO - INFO:__main__:Coletando dados para 2020-05-08...
[2025-02-21T20:15:08.455+0000] {spark_submit.py:641} INFO - INFO:__main__:Coletando dados para 2020-05-09...
[2025-02-21T20:15:10.409+0000] {spark_submit.py:641} INFO - INFO:__main__:Coletando dados para 2020-05-10...
[2025-02-21T20:15:12.198+0000] {spark_submit.py:641} INFO - INFO:__main__:Coletando dados para 2020-05-11...
[2025-02-21T20:15:14.171+0000] {spark_submit.py:641} INFO - INFO:__main__:Coletando dados para 2020-05-12...
[2025-02-21T20:15:16.757+0000] {spark_submit.py:641} INFO - INFO:__main__:Coletando dados para 2020-05-13...
[2025-02-21T20:15:19.274+0000] {spark_submit.py:641} INFO - INFO:__main__:Coletando dados para 2020-05-14...
[2025-02-21T20:15:21.918+0000] {spark_submit.py:641} INFO - INFO:__main__:Coletando dados para 2020-05-15...
[2025-02-21T20:15:25.694+0000] {spark_submit.py:641} INFO - INFO:__main__:Coletando dados para 2020-05-16...
[2025-02-21T20:15:29.026+0000] {spark_submit.py:641} INFO - INFO:__main__:Coletando dados para 2020-05-17...
[2025-02-21T20:15:30.040+0000] {spark_submit.py:641} INFO - INFO:__main__:Coletando dados para 2020-05-18...
[2025-02-21T20:15:31.930+0000] {spark_submit.py:641} INFO - INFO:__main__:Coletando dados para 2020-05-19...
[2025-02-21T20:15:36.800+0000] {spark_submit.py:641} INFO - INFO:__main__:Coletando dados para 2020-05-20...
[2025-02-21T20:15:39.418+0000] {spark_submit.py:641} INFO - INFO:__main__:Coletando dados para 2020-05-21...
[2025-02-21T20:15:41.216+0000] {spark_submit.py:641} INFO - INFO:__main__:Coletando dados para 2020-05-22...
[2025-02-21T20:15:44.336+0000] {spark_submit.py:641} INFO - INFO:__main__:Coletando dados para 2020-05-23...
[2025-02-21T20:15:45.428+0000] {spark_submit.py:641} INFO - INFO:__main__:Coletando dados para 2020-05-24...
[2025-02-21T20:15:46.597+0000] {spark_submit.py:641} INFO - INFO:__main__:Coletando dados para 2020-05-25...
[2025-02-21T20:15:48.983+0000] {spark_submit.py:641} INFO - INFO:__main__:Coletando dados para 2020-05-26...
[2025-02-21T20:15:50.776+0000] {spark_submit.py:641} INFO - INFO:__main__:Coletando dados para 2020-05-27...
[2025-02-21T20:15:53.350+0000] {spark_submit.py:641} INFO - INFO:__main__:Coletando dados para 2020-05-28...
[2025-02-21T20:15:57.840+0000] {spark_submit.py:641} INFO - INFO:__main__:Coletando dados para 2020-05-29...
[2025-02-21T20:16:01.945+0000] {spark_submit.py:641} INFO - INFO:__main__:Coletando dados para 2020-05-30...
[2025-02-21T20:16:03.817+0000] {spark_submit.py:641} INFO - INFO:__main__:Coletando dados para 2020-05-31...
[2025-02-21T20:16:06.466+0000] {spark_submit.py:641} INFO - INFO:__main__:Coletando dados para 2020-06-01...
[2025-02-21T20:16:25.847+0000] {spark_submit.py:641} INFO - INFO:__main__:Coletando dados para 2020-06-02...
[2025-02-21T20:16:30.630+0000] {spark_submit.py:641} INFO - INFO:__main__:Coletando dados para 2020-06-03...
[2025-02-21T20:16:35.264+0000] {spark_submit.py:641} INFO - INFO:__main__:Coletando dados para 2020-06-04...
[2025-02-21T20:16:40.124+0000] {spark_submit.py:641} INFO - INFO:__main__:Coletando dados para 2020-06-05...
[2025-02-21T20:16:46.599+0000] {spark_submit.py:641} INFO - INFO:__main__:Coletando dados para 2020-06-06...
[2025-02-21T20:16:52.913+0000] {spark_submit.py:641} INFO - INFO:__main__:Coletando dados para 2020-06-07...
[2025-02-21T20:16:57.567+0000] {spark_submit.py:641} INFO - INFO:__main__:Coletando dados para 2020-06-08...
[2025-02-21T20:17:02.190+0000] {spark_submit.py:641} INFO - INFO:__main__:Coletando dados para 2020-06-09...
[2025-02-21T20:17:08.607+0000] {spark_submit.py:641} INFO - INFO:__main__:Coletando dados para 2020-06-10...
[2025-02-21T20:17:21.735+0000] {spark_submit.py:641} INFO - INFO:__main__:Coletando dados para 2020-06-11...
[2025-02-21T20:17:29.842+0000] {spark_submit.py:641} INFO - INFO:__main__:Coletando dados para 2020-06-12...
[2025-02-21T20:17:37.889+0000] {spark_submit.py:641} INFO - INFO:__main__:Coletando dados para 2020-06-13...
[2025-02-21T20:17:42.665+0000] {spark_submit.py:641} INFO - INFO:__main__:Coletando dados para 2020-06-14...
[2025-02-21T20:17:45.769+0000] {spark_submit.py:641} INFO - INFO:__main__:Coletando dados para 2020-06-15...
[2025-02-21T20:17:55.817+0000] {spark_submit.py:641} INFO - INFO:__main__:Coletando dados para 2020-06-16...
[2025-02-21T20:18:05.972+0000] {spark_submit.py:641} INFO - INFO:__main__:Coletando dados para 2020-06-17...
[2025-02-21T20:18:09.487+0000] {spark_submit.py:641} INFO - INFO:__main__:Coletando dados para 2020-06-18...
[2025-02-21T20:18:12.529+0000] {spark_submit.py:641} INFO - INFO:__main__:Coletando dados para 2020-06-19...
[2025-02-21T20:18:16.521+0000] {spark_submit.py:641} INFO - INFO:__main__:Coletando dados para 2020-06-20...
[2025-02-21T20:18:18.977+0000] {spark_submit.py:641} INFO - INFO:__main__:Coletando dados para 2020-06-21...
[2025-02-21T20:18:21.016+0000] {spark_submit.py:641} INFO - INFO:__main__:Coletando dados para 2020-06-22...
[2025-02-21T20:18:23.008+0000] {spark_submit.py:641} INFO - INFO:__main__:Coletando dados para 2020-06-23...
[2025-02-21T20:18:24.721+0000] {spark_submit.py:641} INFO - INFO:__main__:Coletando dados para 2020-06-24...
[2025-02-21T20:18:26.544+0000] {spark_submit.py:641} INFO - INFO:__main__:Coletando dados para 2020-06-25...
[2025-02-21T20:18:30.622+0000] {spark_submit.py:641} INFO - INFO:__main__:Coletando dados para 2020-06-26...
[2025-02-21T20:18:33.834+0000] {spark_submit.py:641} INFO - INFO:__main__:Coletando dados para 2020-06-27...
[2025-02-21T20:18:35.109+0000] {spark_submit.py:641} INFO - INFO:__main__:Coletando dados para 2020-06-28...
[2025-02-21T20:18:36.854+0000] {spark_submit.py:641} INFO - INFO:__main__:Coletando dados para 2020-06-29...
[2025-02-21T20:18:38.065+0000] {spark_submit.py:641} INFO - INFO:__main__:Coletando dados para 2020-06-30...
[2025-02-21T20:18:40.619+0000] {spark_submit.py:641} INFO - INFO:__main__:Coletando dados para 2020-07-01...
[2025-02-21T20:18:46.785+0000] {spark_submit.py:641} INFO - INFO:__main__:Coletando dados para 2020-07-02...
[2025-02-21T20:18:48.700+0000] {spark_submit.py:641} INFO - INFO:__main__:Coletando dados para 2020-07-03...
[2025-02-21T20:18:51.848+0000] {spark_submit.py:641} INFO - INFO:__main__:Coletando dados para 2020-07-04...
[2025-02-21T20:18:53.851+0000] {spark_submit.py:641} INFO - INFO:__main__:Coletando dados para 2020-07-05...
[2025-02-21T20:18:54.935+0000] {spark_submit.py:641} INFO - INFO:__main__:Coletando dados para 2020-07-06...
[2025-02-21T20:18:56.729+0000] {spark_submit.py:641} INFO - INFO:__main__:Coletando dados para 2020-07-07...
[2025-02-21T20:18:59.396+0000] {spark_submit.py:641} INFO - INFO:__main__:Coletando dados para 2020-07-08...
[2025-02-21T20:19:01.286+0000] {spark_submit.py:641} INFO - INFO:__main__:Coletando dados para 2020-07-09...
[2025-02-21T20:19:04.458+0000] {spark_submit.py:641} INFO - INFO:__main__:Coletando dados para 2020-07-10...
[2025-02-21T20:19:08.365+0000] {spark_submit.py:641} INFO - INFO:__main__:Coletando dados para 2020-07-11...
[2025-02-21T20:19:10.229+0000] {spark_submit.py:641} INFO - INFO:__main__:Coletando dados para 2020-07-12...
[2025-02-21T20:19:11.443+0000] {spark_submit.py:641} INFO - INFO:__main__:Coletando dados para 2020-07-13...
[2025-02-21T20:19:13.351+0000] {spark_submit.py:641} INFO - INFO:__main__:Coletando dados para 2020-07-14...
[2025-02-21T20:19:15.155+0000] {spark_submit.py:641} INFO - INFO:__main__:Coletando dados para 2020-07-15...
[2025-02-21T20:19:18.275+0000] {spark_submit.py:641} INFO - INFO:__main__:Coletando dados para 2020-07-16...
[2025-02-21T20:19:20.922+0000] {spark_submit.py:641} INFO - INFO:__main__:Coletando dados para 2020-07-17...
[2025-02-21T20:19:24.078+0000] {spark_submit.py:641} INFO - INFO:__main__:Coletando dados para 2020-07-18...
[2025-02-21T20:19:26.086+0000] {spark_submit.py:641} INFO - INFO:__main__:Coletando dados para 2020-07-19...
[2025-02-21T20:19:27.168+0000] {spark_submit.py:641} INFO - INFO:__main__:Coletando dados para 2020-07-20...
[2025-02-21T20:19:29.649+0000] {spark_submit.py:641} INFO - INFO:__main__:Coletando dados para 2020-07-21...
[2025-02-21T20:19:31.572+0000] {spark_submit.py:641} INFO - INFO:__main__:Coletando dados para 2020-07-22...
[2025-02-21T20:19:33.287+0000] {spark_submit.py:641} INFO - INFO:__main__:Coletando dados para 2020-07-23...
[2025-02-21T20:19:35.769+0000] {spark_submit.py:641} INFO - INFO:__main__:Coletando dados para 2020-07-24...
[2025-02-21T20:19:39.201+0000] {spark_submit.py:641} INFO - INFO:__main__:Coletando dados para 2020-07-25...
[2025-02-21T20:19:40.918+0000] {spark_submit.py:641} INFO - INFO:__main__:Coletando dados para 2020-07-26...
[2025-02-21T20:19:41.938+0000] {spark_submit.py:641} INFO - INFO:__main__:Coletando dados para 2020-07-27...
[2025-02-21T20:19:43.800+0000] {spark_submit.py:641} INFO - INFO:__main__:Coletando dados para 2020-07-28...
[2025-02-21T20:19:45.533+0000] {spark_submit.py:641} INFO - INFO:__main__:Coletando dados para 2020-07-29...
[2025-02-21T20:19:47.263+0000] {spark_submit.py:641} INFO - INFO:__main__:Coletando dados para 2020-07-30...
[2025-02-21T20:19:54.682+0000] {spark_submit.py:641} INFO - INFO:__main__:Coletando dados para 2020-07-31...
[2025-02-21T20:20:03.915+0000] {spark_submit.py:641} INFO - INFO:__main__:Coletando dados para 2020-08-01...
[2025-02-21T20:20:15.769+0000] {spark_submit.py:641} INFO - INFO:__main__:Coletando dados para 2020-08-02...
[2025-02-21T20:20:19.115+0000] {spark_submit.py:641} INFO - INFO:__main__:Coletando dados para 2020-08-03...
[2025-02-21T20:20:23.836+0000] {spark_submit.py:641} INFO - INFO:__main__:Coletando dados para 2020-08-04...
[2025-02-21T20:20:29.996+0000] {spark_submit.py:641} INFO - INFO:__main__:Coletando dados para 2020-08-05...
[2025-02-21T20:20:34.481+0000] {spark_submit.py:641} INFO - INFO:__main__:Coletando dados para 2020-08-06...
[2025-02-21T20:20:39.996+0000] {spark_submit.py:641} INFO - INFO:__main__:Coletando dados para 2020-08-07...
[2025-02-21T20:20:52.330+0000] {spark_submit.py:641} INFO - INFO:__main__:Coletando dados para 2020-08-08...
[2025-02-21T20:20:58.698+0000] {spark_submit.py:641} INFO - INFO:__main__:Coletando dados para 2020-08-09...
[2025-02-21T20:21:01.517+0000] {spark_submit.py:641} INFO - INFO:__main__:Coletando dados para 2020-08-10...
[2025-02-21T20:21:06.266+0000] {spark_submit.py:641} INFO - INFO:__main__:Coletando dados para 2020-08-11...
[2025-02-21T20:21:10.854+0000] {spark_submit.py:641} INFO - INFO:__main__:Coletando dados para 2020-08-12...
[2025-02-21T20:21:15.863+0000] {spark_submit.py:641} INFO - INFO:__main__:Coletando dados para 2020-08-13...
[2025-02-21T20:21:24.049+0000] {spark_submit.py:641} INFO - INFO:__main__:Coletando dados para 2020-08-14...
[2025-02-21T20:21:35.654+0000] {spark_submit.py:641} INFO - INFO:__main__:Coletando dados para 2020-08-15...
[2025-02-21T20:21:43.923+0000] {spark_submit.py:641} INFO - INFO:__main__:Coletando dados para 2020-08-16...
[2025-02-21T20:21:48.720+0000] {spark_submit.py:641} INFO - INFO:__main__:Coletando dados para 2020-08-17...
[2025-02-21T20:21:51.860+0000] {spark_submit.py:641} INFO - INFO:__main__:Coletando dados para 2020-08-18...
[2025-02-21T20:21:53.655+0000] {spark_submit.py:641} INFO - INFO:__main__:Coletando dados para 2020-08-19...
[2025-02-21T20:21:56.202+0000] {spark_submit.py:641} INFO - INFO:__main__:Coletando dados para 2020-08-20...
[2025-02-21T20:22:02.928+0000] {spark_submit.py:641} INFO - INFO:__main__:Coletando dados para 2020-08-21...
[2025-02-21T20:22:07.824+0000] {spark_submit.py:641} INFO - INFO:__main__:Coletando dados para 2020-08-22...
[2025-02-21T20:22:11.869+0000] {spark_submit.py:641} INFO - INFO:__main__:Coletando dados para 2020-08-23...
[2025-02-21T20:22:13.862+0000] {spark_submit.py:641} INFO - INFO:__main__:Coletando dados para 2020-08-24...
[2025-02-21T20:22:16.274+0000] {spark_submit.py:641} INFO - INFO:__main__:Coletando dados para 2020-08-25...
[2025-02-21T20:22:19.369+0000] {spark_submit.py:641} INFO - INFO:__main__:Coletando dados para 2020-08-26...
[2025-02-21T20:22:21.211+0000] {spark_submit.py:641} INFO - INFO:__main__:Coletando dados para 2020-08-27...
[2025-02-21T20:22:24.382+0000] {spark_submit.py:641} INFO - INFO:__main__:Coletando dados para 2020-08-28...
[2025-02-21T20:22:29.047+0000] {spark_submit.py:641} INFO - INFO:__main__:Coletando dados para 2020-08-29...
[2025-02-21T20:22:31.682+0000] {spark_submit.py:641} INFO - INFO:__main__:Coletando dados para 2020-08-30...
[2025-02-21T20:22:34.288+0000] {spark_submit.py:641} INFO - INFO:__main__:Coletando dados para 2020-08-31...
[2025-02-21T20:22:36.867+0000] {spark_submit.py:641} INFO - INFO:__main__:Coletando dados para 2020-09-01...
[2025-02-21T20:22:45.821+0000] {spark_submit.py:641} INFO - INFO:__main__:Coletando dados para 2020-09-02...
[2025-02-21T20:22:49.511+0000] {spark_submit.py:641} INFO - INFO:__main__:Coletando dados para 2020-09-03...
[2025-02-21T20:22:53.528+0000] {spark_submit.py:641} INFO - INFO:__main__:Coletando dados para 2020-09-04...
[2025-02-21T20:22:58.039+0000] {spark_submit.py:641} INFO - INFO:__main__:Coletando dados para 2020-09-05...
[2025-02-21T20:23:01.612+0000] {spark_submit.py:641} INFO - INFO:__main__:Coletando dados para 2020-09-06...
[2025-02-21T20:23:03.447+0000] {spark_submit.py:641} INFO - INFO:__main__:Coletando dados para 2020-09-07...
[2025-02-21T20:23:06.704+0000] {spark_submit.py:641} INFO - INFO:__main__:Coletando dados para 2020-09-08...
[2025-02-21T20:23:09.855+0000] {spark_submit.py:641} INFO - INFO:__main__:Coletando dados para 2020-09-09...
[2025-02-21T20:23:13.993+0000] {spark_submit.py:641} INFO - INFO:__main__:Coletando dados para 2020-09-10...
[2025-02-21T20:23:20.016+0000] {spark_submit.py:641} INFO - INFO:__main__:Coletando dados para 2020-09-11...
[2025-02-21T20:23:24.876+0000] {spark_submit.py:641} INFO - INFO:__main__:Coletando dados para 2020-09-12...
[2025-02-21T20:23:28.405+0000] {spark_submit.py:641} INFO - INFO:__main__:Coletando dados para 2020-09-13...
[2025-02-21T20:23:34.749+0000] {spark_submit.py:641} INFO - INFO:__main__:Coletando dados para 2020-09-14...
[2025-02-21T20:23:42.856+0000] {spark_submit.py:641} INFO - INFO:__main__:Coletando dados para 2020-09-15...
[2025-02-21T20:23:53.195+0000] {spark_submit.py:641} INFO - INFO:__main__:Coletando dados para 2020-09-16...
[2025-02-21T20:24:01.555+0000] {spark_submit.py:641} INFO - INFO:__main__:Coletando dados para 2020-09-17...
[2025-02-21T20:24:16.472+0000] {spark_submit.py:641} INFO - INFO:__main__:Coletando dados para 2020-09-18...
[2025-02-21T20:24:30.504+0000] {spark_submit.py:641} INFO - INFO:__main__:Coletando dados para 2020-09-19...
[2025-02-21T20:24:33.797+0000] {spark_submit.py:641} INFO - INFO:__main__:Coletando dados para 2020-09-20...
[2025-02-21T20:24:37.022+0000] {spark_submit.py:641} INFO - INFO:__main__:Coletando dados para 2020-09-21...
[2025-02-21T20:24:40.464+0000] {spark_submit.py:641} INFO - INFO:__main__:Coletando dados para 2020-09-22...
[2025-02-21T20:24:43.748+0000] {spark_submit.py:641} INFO - INFO:__main__:Coletando dados para 2020-09-23...
[2025-02-21T20:24:47.042+0000] {spark_submit.py:641} INFO - INFO:__main__:Coletando dados para 2020-09-24...
[2025-02-21T20:24:53.855+0000] {spark_submit.py:641} INFO - INFO:__main__:Coletando dados para 2020-09-25...
[2025-02-21T20:25:02.297+0000] {spark_submit.py:641} INFO - INFO:__main__:Coletando dados para 2020-09-26...
[2025-02-21T20:25:05.759+0000] {spark_submit.py:641} INFO - INFO:__main__:Coletando dados para 2020-09-27...
[2025-02-21T20:25:09.062+0000] {spark_submit.py:641} INFO - INFO:__main__:Coletando dados para 2020-09-28...
[2025-02-21T20:25:12.419+0000] {spark_submit.py:641} INFO - INFO:__main__:Coletando dados para 2020-09-29...
[2025-02-21T20:25:15.175+0000] {spark_submit.py:641} INFO - INFO:__main__:Coletando dados para 2020-09-30...
[2025-02-21T20:25:23.825+0000] {spark_submit.py:641} INFO - INFO:__main__:Coletando dados para 2020-10-01...
[2025-02-21T20:25:54.823+0000] {spark_submit.py:641} INFO - INFO:__main__:Coletando dados para 2020-10-02...
[2025-02-21T20:26:09.405+0000] {spark_submit.py:641} INFO - INFO:__main__:Coletando dados para 2020-10-03...
[2025-02-21T20:26:16.739+0000] {spark_submit.py:641} INFO - INFO:__main__:Coletando dados para 2020-10-04...
[2025-02-21T20:26:22.985+0000] {spark_submit.py:641} INFO - INFO:__main__:Coletando dados para 2020-10-05...
[2025-02-21T20:26:32.396+0000] {spark_submit.py:641} INFO - INFO:__main__:Coletando dados para 2020-10-06...
[2025-02-21T20:26:43.625+0000] {spark_submit.py:641} INFO - INFO:__main__:Coletando dados para 2020-10-07...
[2025-02-21T20:26:57.980+0000] {spark_submit.py:641} INFO - INFO:__main__:Coletando dados para 2020-10-08...
[2025-02-21T20:27:13.094+0000] {spark_submit.py:641} INFO - INFO:__main__:Coletando dados para 2020-10-09...
[2025-02-21T20:27:22.256+0000] {spark_submit.py:641} INFO - INFO:__main__:Coletando dados para 2020-10-10...
[2025-02-21T20:27:27.065+0000] {spark_submit.py:641} INFO - INFO:__main__:Coletando dados para 2020-10-11...
[2025-02-21T20:27:30.581+0000] {spark_submit.py:641} INFO - INFO:__main__:Coletando dados para 2020-10-12...
[2025-02-21T20:27:33.192+0000] {spark_submit.py:641} INFO - INFO:__main__:Coletando dados para 2020-10-13...
[2025-02-21T20:27:36.514+0000] {spark_submit.py:641} INFO - INFO:__main__:Coletando dados para 2020-10-14...
[2025-02-21T20:27:40.592+0000] {spark_submit.py:641} INFO - INFO:__main__:Coletando dados para 2020-10-15...
[2025-02-21T20:27:47.910+0000] {spark_submit.py:641} INFO - INFO:__main__:Coletando dados para 2020-10-16...
[2025-02-21T20:27:54.843+0000] {spark_submit.py:641} INFO - INFO:__main__:Coletando dados para 2020-10-17...
[2025-02-21T20:27:58.174+0000] {spark_submit.py:641} INFO - INFO:__main__:Coletando dados para 2020-10-18...
[2025-02-21T20:28:00.872+0000] {spark_submit.py:641} INFO - INFO:__main__:Coletando dados para 2020-10-19...
[2025-02-21T20:28:04.382+0000] {spark_submit.py:641} INFO - INFO:__main__:Coletando dados para 2020-10-20...
[2025-02-21T20:28:09.293+0000] {spark_submit.py:641} INFO - INFO:__main__:Coletando dados para 2020-10-21...
[2025-02-21T20:28:14.149+0000] {spark_submit.py:641} INFO - INFO:__main__:Coletando dados para 2020-10-22...
[2025-02-21T20:28:21.173+0000] {spark_submit.py:641} INFO - INFO:__main__:Coletando dados para 2020-10-23...
[2025-02-21T20:28:28.880+0000] {spark_submit.py:641} INFO - INFO:__main__:Coletando dados para 2020-10-24...
[2025-02-21T20:28:33.740+0000] {spark_submit.py:641} INFO - INFO:__main__:Coletando dados para 2020-10-25...
[2025-02-21T20:28:37.912+0000] {spark_submit.py:641} INFO - INFO:__main__:Coletando dados para 2020-10-26...
[2025-02-21T20:28:43.060+0000] {spark_submit.py:641} INFO - INFO:__main__:Coletando dados para 2020-10-27...
[2025-02-21T20:28:47.942+0000] {spark_submit.py:641} INFO - INFO:__main__:Coletando dados para 2020-10-28...
[2025-02-21T20:28:54.243+0000] {spark_submit.py:641} INFO - INFO:__main__:Coletando dados para 2020-10-29...
[2025-02-21T20:29:04.685+0000] {spark_submit.py:641} INFO - INFO:__main__:Coletando dados para 2020-10-30...
[2025-02-21T20:29:22.174+0000] {spark_submit.py:641} INFO - INFO:__main__:Coletando dados para 2020-10-31...
[2025-02-21T20:29:40.990+0000] {spark_submit.py:641} INFO - INFO:__main__:Coletando dados para 2020-11-01...
[2025-02-21T20:29:59.486+0000] {spark_submit.py:641} INFO - INFO:__main__:Coletando dados para 2020-11-02...
[2025-02-21T20:30:08.710+0000] {spark_submit.py:641} INFO - INFO:__main__:Coletando dados para 2020-11-03...
[2025-02-21T20:30:18.133+0000] {spark_submit.py:641} INFO - INFO:__main__:Coletando dados para 2020-11-04...
[2025-02-21T20:30:27.128+0000] {spark_submit.py:641} INFO - INFO:__main__:Coletando dados para 2020-11-05...
[2025-02-21T20:30:40.206+0000] {spark_submit.py:641} INFO - INFO:__main__:Coletando dados para 2020-11-06...
[2025-02-21T20:30:53.234+0000] {spark_submit.py:641} INFO - INFO:__main__:Coletando dados para 2020-11-07...
[2025-02-21T20:30:59.816+0000] {spark_submit.py:641} INFO - INFO:__main__:Coletando dados para 2020-11-08...
[2025-02-21T20:31:06.398+0000] {spark_submit.py:641} INFO - INFO:__main__:Coletando dados para 2020-11-09...
[2025-02-21T20:31:14.605+0000] {spark_submit.py:641} INFO - INFO:__main__:Coletando dados para 2020-11-10...
[2025-02-21T20:31:22.969+0000] {spark_submit.py:641} INFO - INFO:__main__:Coletando dados para 2020-11-11...
[2025-02-21T20:31:34.409+0000] {spark_submit.py:641} INFO - INFO:__main__:Coletando dados para 2020-11-12...
[2025-02-21T20:31:46.055+0000] {spark_submit.py:641} INFO - INFO:__main__:Coletando dados para 2020-11-13...
[2025-02-21T20:32:01.391+0000] {spark_submit.py:641} INFO - INFO:__main__:Coletando dados para 2020-11-14...
[2025-02-21T20:32:11.167+0000] {spark_submit.py:641} INFO - INFO:__main__:Coletando dados para 2020-11-15...
[2025-02-21T20:32:18.564+0000] {spark_submit.py:641} INFO - INFO:__main__:Coletando dados para 2020-11-16...
[2025-02-21T20:32:24.524+0000] {spark_submit.py:641} INFO - INFO:__main__:Coletando dados para 2020-11-17...
[2025-02-21T20:32:30.913+0000] {spark_submit.py:641} INFO - INFO:__main__:Coletando dados para 2020-11-18...
[2025-02-21T20:32:37.788+0000] {spark_submit.py:641} INFO - INFO:__main__:Coletando dados para 2020-11-19...
[2025-02-21T20:32:49.690+0000] {spark_submit.py:641} INFO - INFO:__main__:Coletando dados para 2020-11-20...
[2025-02-21T20:33:07.798+0000] {spark_submit.py:641} INFO - INFO:__main__:Coletando dados para 2020-11-21...
[2025-02-21T20:33:17.777+0000] {spark_submit.py:641} INFO - INFO:__main__:Coletando dados para 2020-11-22...
[2025-02-21T20:33:24.247+0000] {spark_submit.py:641} INFO - INFO:__main__:Coletando dados para 2020-11-23...
[2025-02-21T20:33:33.934+0000] {spark_submit.py:641} INFO - INFO:__main__:Coletando dados para 2020-11-24...
[2025-02-21T20:33:43.372+0000] {spark_submit.py:641} INFO - INFO:__main__:Coletando dados para 2020-11-25...
[2025-02-21T20:33:55.701+0000] {spark_submit.py:641} INFO - INFO:__main__:Coletando dados para 2020-11-26...
[2025-02-21T20:34:04.490+0000] {spark_submit.py:641} INFO - INFO:__main__:Coletando dados para 2020-11-27...
[2025-02-21T20:34:10.519+0000] {spark_submit.py:641} INFO - INFO:__main__:Coletando dados para 2020-11-28...
[2025-02-21T20:34:13.751+0000] {spark_submit.py:641} INFO - INFO:__main__:Coletando dados para 2020-11-29...
[2025-02-21T20:34:15.679+0000] {spark_submit.py:641} INFO - INFO:__main__:Coletando dados para 2020-11-30...
[2025-02-21T20:34:18.908+0000] {spark_submit.py:641} INFO - INFO:__main__:Coletando dados para 2020-12-01...
[2025-02-21T20:34:32.791+0000] {spark_submit.py:641} INFO - INFO:__main__:Coletando dados para 2020-12-02...
[2025-02-21T20:34:36.640+0000] {spark_submit.py:641} INFO - INFO:__main__:Coletando dados para 2020-12-03...
[2025-02-21T20:34:42.822+0000] {spark_submit.py:641} INFO - INFO:__main__:Coletando dados para 2020-12-04...
[2025-02-21T20:34:48.835+0000] {spark_submit.py:641} INFO - INFO:__main__:Coletando dados para 2020-12-05...
[2025-02-21T20:34:52.743+0000] {spark_submit.py:641} INFO - INFO:__main__:Coletando dados para 2020-12-06...
[2025-02-21T20:34:56.085+0000] {spark_submit.py:641} INFO - INFO:__main__:Coletando dados para 2020-12-07...
[2025-02-21T20:34:59.442+0000] {spark_submit.py:641} INFO - INFO:__main__:Coletando dados para 2020-12-08...
[2025-02-21T20:35:02.566+0000] {spark_submit.py:641} INFO - INFO:__main__:Coletando dados para 2020-12-09...
[2025-02-21T20:35:05.854+0000] {spark_submit.py:641} INFO - INFO:__main__:Coletando dados para 2020-12-10...
[2025-02-21T20:35:10.252+0000] {spark_submit.py:641} INFO - INFO:__main__:Coletando dados para 2020-12-11...
[2025-02-21T20:35:16.251+0000] {spark_submit.py:641} INFO - INFO:__main__:Coletando dados para 2020-12-12...
[2025-02-21T20:35:21.552+0000] {spark_submit.py:641} INFO - INFO:__main__:Coletando dados para 2020-12-13...
[2025-02-21T20:35:24.068+0000] {spark_submit.py:641} INFO - INFO:__main__:Coletando dados para 2020-12-14...
[2025-02-21T20:35:26.612+0000] {spark_submit.py:641} INFO - INFO:__main__:Coletando dados para 2020-12-15...
[2025-02-21T20:35:31.430+0000] {spark_submit.py:641} INFO - INFO:__main__:Coletando dados para 2020-12-16...
[2025-02-21T20:35:34.017+0000] {spark_submit.py:641} INFO - INFO:__main__:Coletando dados para 2020-12-17...
[2025-02-21T20:35:37.999+0000] {spark_submit.py:641} INFO - INFO:__main__:Coletando dados para 2020-12-18...
[2025-02-21T20:35:43.396+0000] {spark_submit.py:641} INFO - INFO:__main__:Coletando dados para 2020-12-19...
[2025-02-21T20:35:45.899+0000] {spark_submit.py:641} INFO - INFO:__main__:Coletando dados para 2020-12-20...
[2025-02-21T20:35:49.269+0000] {spark_submit.py:641} INFO - INFO:__main__:Coletando dados para 2020-12-21...
[2025-02-21T20:35:51.810+0000] {spark_submit.py:641} INFO - INFO:__main__:Coletando dados para 2020-12-22...
[2025-02-21T20:35:53.535+0000] {spark_submit.py:641} INFO - INFO:__main__:Coletando dados para 2020-12-23...
[2025-02-21T20:35:56.085+0000] {spark_submit.py:641} INFO - INFO:__main__:Coletando dados para 2020-12-24...
[2025-02-21T20:36:01.260+0000] {spark_submit.py:641} INFO - INFO:__main__:Coletando dados para 2020-12-25...
[2025-02-21T20:36:13.000+0000] {spark_submit.py:641} INFO - INFO:__main__:Coletando dados para 2020-12-26...
[2025-02-21T20:36:17.870+0000] {spark_submit.py:641} INFO - INFO:__main__:Coletando dados para 2020-12-27...
[2025-02-21T20:36:22.578+0000] {spark_submit.py:641} INFO - INFO:__main__:Coletando dados para 2020-12-28...
[2025-02-21T20:36:27.545+0000] {spark_submit.py:641} INFO - INFO:__main__:Coletando dados para 2020-12-29...
[2025-02-21T20:36:32.172+0000] {spark_submit.py:641} INFO - INFO:__main__:Coletando dados para 2020-12-30...
[2025-02-21T20:36:38.535+0000] {spark_submit.py:641} INFO - INFO:__main__:Coletando dados para 2020-12-31...
[2025-02-21T20:37:02.456+0000] {spark_submit.py:641} INFO - INFO:__main__:Total de filmes coletados: 34949
[2025-02-21T20:37:04.158+0000] {spark_submit.py:641} INFO - 25/02/21 20:37:04 INFO SharedState: Setting hive.metastore.warehouse.dir ('null') to the value of spark.sql.warehouse.dir.
[2025-02-21T20:37:04.161+0000] {spark_submit.py:641} INFO - 25/02/21 20:37:04 INFO SharedState: Warehouse path is 'file:/opt/***/spark-warehouse'.
[2025-02-21T20:37:05.423+0000] {spark_submit.py:641} INFO - 25/02/21 20:37:05 WARN MetricsConfig: Cannot locate configuration: tried hadoop-metrics2-s3a-file-system.properties,hadoop-metrics2.properties
[2025-02-21T20:37:05.434+0000] {spark_submit.py:641} INFO - 25/02/21 20:37:05 INFO MetricsSystemImpl: Scheduled Metric snapshot period at 10 second(s).
[2025-02-21T20:37:05.434+0000] {spark_submit.py:641} INFO - 25/02/21 20:37:05 INFO MetricsSystemImpl: s3a-file-system metrics system started
[2025-02-21T20:37:06.499+0000] {spark_submit.py:641} INFO - 25/02/21 20:37:06 INFO ParquetUtils: Using default output committer for Parquet: org.apache.parquet.hadoop.ParquetOutputCommitter
[2025-02-21T20:37:06.520+0000] {spark_submit.py:641} INFO - 25/02/21 20:37:06 INFO FileOutputCommitter: File Output Committer Algorithm version is 1
[2025-02-21T20:37:06.521+0000] {spark_submit.py:641} INFO - 25/02/21 20:37:06 INFO FileOutputCommitter: FileOutputCommitter skip cleanup _temporary folders under output directory:false, ignore cleanup failures: false
[2025-02-21T20:37:06.522+0000] {spark_submit.py:641} INFO - 25/02/21 20:37:06 INFO SQLHadoopMapReduceCommitProtocol: Using user defined output committer class org.apache.parquet.hadoop.ParquetOutputCommitter
[2025-02-21T20:37:06.523+0000] {spark_submit.py:641} INFO - 25/02/21 20:37:06 INFO FileOutputCommitter: File Output Committer Algorithm version is 1
[2025-02-21T20:37:06.523+0000] {spark_submit.py:641} INFO - 25/02/21 20:37:06 INFO FileOutputCommitter: FileOutputCommitter skip cleanup _temporary folders under output directory:false, ignore cleanup failures: false
[2025-02-21T20:37:06.524+0000] {spark_submit.py:641} INFO - 25/02/21 20:37:06 INFO SQLHadoopMapReduceCommitProtocol: Using output committer class org.apache.parquet.hadoop.ParquetOutputCommitter
[2025-02-21T20:37:06.893+0000] {spark_submit.py:641} INFO - 25/02/21 20:37:06 INFO CodeGenerator: Code generated in 135.104305 ms
[2025-02-21T20:37:06.915+0000] {spark_submit.py:641} INFO - 25/02/21 20:37:06 INFO SparkContext: Starting job: save at NativeMethodAccessorImpl.java:0
[2025-02-21T20:37:06.927+0000] {spark_submit.py:641} INFO - 25/02/21 20:37:06 INFO DAGScheduler: Got job 0 (save at NativeMethodAccessorImpl.java:0) with 2 output partitions
[2025-02-21T20:37:06.928+0000] {spark_submit.py:641} INFO - 25/02/21 20:37:06 INFO DAGScheduler: Final stage: ResultStage 0 (save at NativeMethodAccessorImpl.java:0)
[2025-02-21T20:37:06.928+0000] {spark_submit.py:641} INFO - 25/02/21 20:37:06 INFO DAGScheduler: Parents of final stage: List()
[2025-02-21T20:37:06.929+0000] {spark_submit.py:641} INFO - 25/02/21 20:37:06 INFO DAGScheduler: Missing parents: List()
[2025-02-21T20:37:06.932+0000] {spark_submit.py:641} INFO - 25/02/21 20:37:06 INFO DAGScheduler: Submitting ResultStage 0 (MapPartitionsRDD[6] at save at NativeMethodAccessorImpl.java:0), which has no missing parents
[2025-02-21T20:37:07.018+0000] {spark_submit.py:641} INFO - 25/02/21 20:37:07 INFO MemoryStore: Block broadcast_0 stored as values in memory (estimated size 222.2 KiB, free 2.2 GiB)
[2025-02-21T20:37:07.052+0000] {spark_submit.py:641} INFO - 25/02/21 20:37:07 INFO MemoryStore: Block broadcast_0_piece0 stored as bytes in memory (estimated size 80.6 KiB, free 2.2 GiB)
[2025-02-21T20:37:07.057+0000] {spark_submit.py:641} INFO - 25/02/21 20:37:07 INFO BlockManagerInfo: Added broadcast_0_piece0 in memory on b8efbb21d1b8:42225 (size: 80.6 KiB, free: 2.2 GiB)
[2025-02-21T20:37:07.061+0000] {spark_submit.py:641} INFO - 25/02/21 20:37:07 INFO SparkContext: Created broadcast 0 from broadcast at DAGScheduler.scala:1585
[2025-02-21T20:37:07.084+0000] {spark_submit.py:641} INFO - 25/02/21 20:37:07 INFO DAGScheduler: Submitting 2 missing tasks from ResultStage 0 (MapPartitionsRDD[6] at save at NativeMethodAccessorImpl.java:0) (first 15 tasks are for partitions Vector(0, 1))
[2025-02-21T20:37:07.085+0000] {spark_submit.py:641} INFO - 25/02/21 20:37:07 INFO TaskSchedulerImpl: Adding task set 0.0 with 2 tasks resource profile 0
[2025-02-21T20:37:07.118+0000] {spark_submit.py:641} INFO - 25/02/21 20:37:07 WARN TaskSetManager: Stage 0 contains a task of very large size (4797 KiB). The maximum recommended task size is 1000 KiB.
[2025-02-21T20:37:07.120+0000] {spark_submit.py:641} INFO - 25/02/21 20:37:07 INFO TaskSetManager: Starting task 0.0 in stage 0.0 (TID 0) (172.18.0.3, executor 0, partition 0, PROCESS_LOCAL, 4913089 bytes)
[2025-02-21T20:37:07.127+0000] {spark_submit.py:641} INFO - 25/02/21 20:37:07 INFO TaskSetManager: Starting task 1.0 in stage 0.0 (TID 1) (172.18.0.5, executor 1, partition 1, PROCESS_LOCAL, 5092463 bytes)
[2025-02-21T20:37:07.510+0000] {spark_submit.py:641} INFO - 25/02/21 20:37:07 INFO BlockManagerInfo: Added broadcast_0_piece0 in memory on 172.18.0.3:33979 (size: 80.6 KiB, free: 4.6 GiB)
[2025-02-21T20:37:07.511+0000] {spark_submit.py:641} INFO - 25/02/21 20:37:07 INFO BlockManagerInfo: Added broadcast_0_piece0 in memory on 172.18.0.5:36991 (size: 80.6 KiB, free: 4.6 GiB)
[2025-02-21T20:37:12.128+0000] {spark_submit.py:641} INFO - 25/02/21 20:37:12 INFO TaskSetManager: Finished task 0.0 in stage 0.0 (TID 0) in 5027 ms on 172.18.0.3 (executor 0) (1/2)
[2025-02-21T20:37:12.132+0000] {spark_submit.py:641} INFO - 25/02/21 20:37:12 INFO PythonAccumulatorV2: Connected to AccumulatorServer at host: 127.0.0.1 port: 51853
[2025-02-21T20:37:12.232+0000] {spark_submit.py:641} INFO - 25/02/21 20:37:12 INFO TaskSetManager: Finished task 1.0 in stage 0.0 (TID 1) in 5108 ms on 172.18.0.5 (executor 1) (2/2)
[2025-02-21T20:37:12.232+0000] {spark_submit.py:641} INFO - 25/02/21 20:37:12 INFO TaskSchedulerImpl: Removed TaskSet 0.0, whose tasks have all completed, from pool
[2025-02-21T20:37:12.233+0000] {spark_submit.py:641} INFO - 25/02/21 20:37:12 INFO DAGScheduler: ResultStage 0 (save at NativeMethodAccessorImpl.java:0) finished in 5.291 s
[2025-02-21T20:37:12.236+0000] {spark_submit.py:641} INFO - 25/02/21 20:37:12 INFO DAGScheduler: Job 0 is finished. Cancelling potential speculative or zombie tasks for this job
[2025-02-21T20:37:12.237+0000] {spark_submit.py:641} INFO - 25/02/21 20:37:12 INFO TaskSchedulerImpl: Killing all running tasks in stage 0: Stage finished
[2025-02-21T20:37:12.238+0000] {spark_submit.py:641} INFO - 25/02/21 20:37:12 INFO DAGScheduler: Job 0 finished: save at NativeMethodAccessorImpl.java:0, took 5.321464 s
[2025-02-21T20:37:12.240+0000] {spark_submit.py:641} INFO - 25/02/21 20:37:12 INFO FileFormatWriter: Start to commit write Job a7bc3fc1-b782-481f-a237-465975429418.
[2025-02-21T20:37:13.064+0000] {spark_submit.py:641} INFO - 25/02/21 20:37:13 INFO FileFormatWriter: Write Job a7bc3fc1-b782-481f-a237-465975429418 committed. Elapsed time: 823 ms.
[2025-02-21T20:37:13.068+0000] {spark_submit.py:641} INFO - 25/02/21 20:37:13 INFO FileFormatWriter: Finished processing stats for write job a7bc3fc1-b782-481f-a237-465975429418.
[2025-02-21T20:37:13.071+0000] {spark_submit.py:641} INFO - 25/02/21 20:37:13 INFO SparkContext: SparkContext is stopping with exitCode 0.
[2025-02-21T20:37:13.079+0000] {spark_submit.py:641} INFO - 25/02/21 20:37:13 INFO SparkUI: Stopped Spark web UI at http://b8efbb21d1b8:4040
[2025-02-21T20:37:13.082+0000] {spark_submit.py:641} INFO - 25/02/21 20:37:13 INFO StandaloneSchedulerBackend: Shutting down all executors
[2025-02-21T20:37:13.082+0000] {spark_submit.py:641} INFO - 25/02/21 20:37:13 INFO StandaloneSchedulerBackend$StandaloneDriverEndpoint: Asking each executor to shut down
[2025-02-21T20:37:13.121+0000] {spark_submit.py:641} INFO - 25/02/21 20:37:13 INFO MapOutputTrackerMasterEndpoint: MapOutputTrackerMasterEndpoint stopped!
[2025-02-21T20:37:13.159+0000] {spark_submit.py:641} INFO - 25/02/21 20:37:13 INFO MemoryStore: MemoryStore cleared
[2025-02-21T20:37:13.160+0000] {spark_submit.py:641} INFO - 25/02/21 20:37:13 INFO BlockManager: BlockManager stopped
[2025-02-21T20:37:13.166+0000] {spark_submit.py:641} INFO - 25/02/21 20:37:13 INFO BlockManagerMaster: BlockManagerMaster stopped
[2025-02-21T20:37:13.171+0000] {spark_submit.py:641} INFO - 25/02/21 20:37:13 INFO OutputCommitCoordinator$OutputCommitCoordinatorEndpoint: OutputCommitCoordinator stopped!
[2025-02-21T20:37:13.204+0000] {spark_submit.py:641} INFO - 25/02/21 20:37:13 INFO SparkContext: Successfully stopped SparkContext
[2025-02-21T20:37:13.239+0000] {spark_submit.py:641} INFO - INFO:py4j.clientserver:Closing down clientserver connection
[2025-02-21T20:37:13.413+0000] {spark_submit.py:641} INFO - 25/02/21 20:37:13 INFO ShutdownHookManager: Shutdown hook called
[2025-02-21T20:37:13.414+0000] {spark_submit.py:641} INFO - 25/02/21 20:37:13 INFO ShutdownHookManager: Deleting directory /tmp/spark-19a0bf6d-273e-4b93-9376-88a2d1ce64ca/pyspark-77fdaca9-9799-415b-af3c-0dee8b34073f
[2025-02-21T20:37:13.416+0000] {spark_submit.py:641} INFO - 25/02/21 20:37:13 INFO ShutdownHookManager: Deleting directory /tmp/spark-b91a598e-372a-4a52-acc8-97907e78c79d
[2025-02-21T20:37:13.420+0000] {spark_submit.py:641} INFO - 25/02/21 20:37:13 INFO ShutdownHookManager: Deleting directory /tmp/spark-19a0bf6d-273e-4b93-9376-88a2d1ce64ca
[2025-02-21T20:37:13.425+0000] {spark_submit.py:641} INFO - 25/02/21 20:37:13 INFO MetricsSystemImpl: Stopping s3a-file-system metrics system...
[2025-02-21T20:37:13.425+0000] {spark_submit.py:641} INFO - 25/02/21 20:37:13 INFO MetricsSystemImpl: s3a-file-system metrics system stopped.
[2025-02-21T20:37:13.426+0000] {spark_submit.py:641} INFO - 25/02/21 20:37:13 INFO MetricsSystemImpl: s3a-file-system metrics system shutdown complete.
[2025-02-21T20:37:13.472+0000] {taskinstance.py:341} INFO - ::group::Post task execution logs
[2025-02-21T20:37:13.473+0000] {taskinstance.py:353} INFO - Marking task as SUCCESS. dag_id=ing_mov_20_21, task_id=run_spark_script, run_id=manual__2025-02-21T19:57:06.721597+00:00, execution_date=20250221T195706, start_date=20250221T195708, end_date=20250221T203713
[2025-02-21T20:37:13.511+0000] {local_task_job_runner.py:266} INFO - Task exited with return code 0
[2025-02-21T20:37:13.533+0000] {taskinstance.py:3901} INFO - 0 downstream tasks scheduled from follow-on schedule check
[2025-02-21T20:37:13.535+0000] {local_task_job_runner.py:245} INFO - ::endgroup::
