[2025-02-12T19:50:43.845+0000] {local_task_job_runner.py:123} INFO - ::group::Pre task execution logs
[2025-02-12T19:50:43.868+0000] {taskinstance.py:2614} INFO - Dependencies all met for dep_context=non-requeueable deps ti=<TaskInstance: ing_mov_20_21.run_spark_script manual__2025-02-12T19:50:42.879598+00:00 [queued]>
[2025-02-12T19:50:43.882+0000] {taskinstance.py:2614} INFO - Dependencies all met for dep_context=requeueable deps ti=<TaskInstance: ing_mov_20_21.run_spark_script manual__2025-02-12T19:50:42.879598+00:00 [queued]>
[2025-02-12T19:50:43.883+0000] {taskinstance.py:2867} INFO - Starting attempt 1 of 2
[2025-02-12T19:50:43.902+0000] {taskinstance.py:2890} INFO - Executing <Task(BashOperator): run_spark_script> on 2025-02-12 19:50:42.879598+00:00
[2025-02-12T19:50:43.908+0000] {warnings.py:112} WARNING - /home/***/.local/lib/python3.12/site-packages/***/task/task_runner/standard_task_runner.py:70: DeprecationWarning: This process (pid=248) is multi-threaded, use of fork() may lead to deadlocks in the child.
  pid = os.fork()

[2025-02-12T19:50:43.910+0000] {standard_task_runner.py:72} INFO - Started process 249 to run task
[2025-02-12T19:50:43.910+0000] {standard_task_runner.py:104} INFO - Running: ['***', 'tasks', 'run', 'ing_mov_20_21', 'run_spark_script', 'manual__2025-02-12T19:50:42.879598+00:00', '--job-id', '53', '--raw', '--subdir', 'DAGS_FOLDER/scriptteste.py', '--cfg-path', '/tmp/tmpz5b881nc']
[2025-02-12T19:50:43.912+0000] {standard_task_runner.py:105} INFO - Job 53: Subtask run_spark_script
[2025-02-12T19:50:43.973+0000] {task_command.py:467} INFO - Running <TaskInstance: ing_mov_20_21.run_spark_script manual__2025-02-12T19:50:42.879598+00:00 [running]> on host 01098cd3943f
[2025-02-12T19:50:44.128+0000] {taskinstance.py:3134} INFO - Exporting env vars: AIRFLOW_CTX_DAG_OWNER='***' AIRFLOW_CTX_DAG_ID='ing_mov_20_21' AIRFLOW_CTX_TASK_ID='run_spark_script' AIRFLOW_CTX_EXECUTION_DATE='2025-02-12T19:50:42.879598+00:00' AIRFLOW_CTX_TRY_NUMBER='1' AIRFLOW_CTX_DAG_RUN_ID='manual__2025-02-12T19:50:42.879598+00:00'
[2025-02-12T19:50:44.130+0000] {taskinstance.py:732} INFO - ::endgroup::
[2025-02-12T19:50:44.155+0000] {subprocess.py:78} INFO - Tmp dir root location: /tmp
[2025-02-12T19:50:44.157+0000] {subprocess.py:88} INFO - Running command: ['/usr/bin/bash', '-c', 'spark-submit /opt/bitnami/spark/scripts/ing_mov_20_21.py']
[2025-02-12T19:50:44.170+0000] {subprocess.py:99} INFO - Output:
[2025-02-12T19:50:49.325+0000] {subprocess.py:106} INFO - Erro na execução: ERRO: TMDB_API_TOKEN não encontrado. Verifique seu arquivo .env.
[2025-02-12T19:50:49.469+0000] {subprocess.py:106} INFO - 25/02/12 19:50:49 INFO ShutdownHookManager: Shutdown hook called
[2025-02-12T19:50:49.474+0000] {subprocess.py:106} INFO - 25/02/12 19:50:49 INFO ShutdownHookManager: Deleting directory /tmp/spark-675fe379-c3d3-4cf6-af10-6d6878ee0e6c
[2025-02-12T19:50:49.508+0000] {subprocess.py:110} INFO - Command exited with return code 0
[2025-02-12T19:50:49.552+0000] {taskinstance.py:341} INFO - ::group::Post task execution logs
[2025-02-12T19:50:49.555+0000] {taskinstance.py:353} INFO - Marking task as SUCCESS. dag_id=ing_mov_20_21, task_id=run_spark_script, run_id=manual__2025-02-12T19:50:42.879598+00:00, execution_date=20250212T195042, start_date=20250212T195043, end_date=20250212T195049
[2025-02-12T19:50:49.623+0000] {local_task_job_runner.py:266} INFO - Task exited with return code 0
[2025-02-12T19:50:49.649+0000] {taskinstance.py:3901} INFO - 0 downstream tasks scheduled from follow-on schedule check
[2025-02-12T19:50:49.653+0000] {local_task_job_runner.py:245} INFO - ::endgroup::
