[2025-02-13T16:04:14.893+0000] {local_task_job_runner.py:123} INFO - ::group::Pre task execution logs
[2025-02-13T16:04:14.935+0000] {taskinstance.py:2614} INFO - Dependencies all met for dep_context=non-requeueable deps ti=<TaskInstance: ing_mov_20_21.run_spark_script manual__2025-02-13T16:04:11.959165+00:00 [queued]>
[2025-02-13T16:04:14.960+0000] {taskinstance.py:2614} INFO - Dependencies all met for dep_context=requeueable deps ti=<TaskInstance: ing_mov_20_21.run_spark_script manual__2025-02-13T16:04:11.959165+00:00 [queued]>
[2025-02-13T16:04:14.963+0000] {taskinstance.py:2867} INFO - Starting attempt 1 of 2
[2025-02-13T16:04:15.000+0000] {taskinstance.py:2890} INFO - Executing <Task(BashOperator): run_spark_script> on 2025-02-13 16:04:11.959165+00:00
[2025-02-13T16:04:15.008+0000] {warnings.py:112} WARNING - /home/***/.local/lib/python3.12/site-packages/***/task/task_runner/standard_task_runner.py:70: DeprecationWarning: This process (pid=1981) is multi-threaded, use of fork() may lead to deadlocks in the child.
  pid = os.fork()

[2025-02-13T16:04:15.011+0000] {standard_task_runner.py:104} INFO - Running: ['***', 'tasks', 'run', 'ing_mov_20_21', 'run_spark_script', 'manual__2025-02-13T16:04:11.959165+00:00', '--job-id', '82', '--raw', '--subdir', 'DAGS_FOLDER/scriptteste.py', '--cfg-path', '/tmp/tmpkz9toe97']
[2025-02-13T16:04:15.013+0000] {standard_task_runner.py:105} INFO - Job 82: Subtask run_spark_script
[2025-02-13T16:04:15.013+0000] {standard_task_runner.py:72} INFO - Started process 1982 to run task
[2025-02-13T16:04:15.138+0000] {task_command.py:467} INFO - Running <TaskInstance: ing_mov_20_21.run_spark_script manual__2025-02-13T16:04:11.959165+00:00 [running]> on host 9c50c45f72c4
[2025-02-13T16:04:15.347+0000] {taskinstance.py:3134} INFO - Exporting env vars: AIRFLOW_CTX_DAG_OWNER='***' AIRFLOW_CTX_DAG_ID='ing_mov_20_21' AIRFLOW_CTX_TASK_ID='run_spark_script' AIRFLOW_CTX_EXECUTION_DATE='2025-02-13T16:04:11.959165+00:00' AIRFLOW_CTX_TRY_NUMBER='1' AIRFLOW_CTX_DAG_RUN_ID='manual__2025-02-13T16:04:11.959165+00:00'
[2025-02-13T16:04:15.355+0000] {taskinstance.py:732} INFO - ::endgroup::
[2025-02-13T16:04:15.398+0000] {subprocess.py:78} INFO - Tmp dir root location: /tmp
[2025-02-13T16:04:15.400+0000] {subprocess.py:88} INFO - Running command: ['/usr/bin/bash', '-c', 'spark-submit /opt/bitnami/spark/scripts/ing_mov_20_21.py']
[2025-02-13T16:04:15.429+0000] {subprocess.py:99} INFO - Output:
[2025-02-13T16:04:39.216+0000] {subprocess.py:106} INFO - 25/02/13 16:04:39 INFO SparkContext: Running Spark version 3.5.4
[2025-02-13T16:04:39.239+0000] {subprocess.py:106} INFO - 25/02/13 16:04:39 INFO SparkContext: OS info Linux, 5.15.167.4-microsoft-standard-WSL2, amd64
[2025-02-13T16:04:39.242+0000] {subprocess.py:106} INFO - 25/02/13 16:04:39 INFO SparkContext: Java version 17.0.14
[2025-02-13T16:04:39.614+0000] {subprocess.py:106} INFO - 25/02/13 16:04:39 WARN NativeCodeLoader: Unable to load native-hadoop library for your platform... using builtin-java classes where applicable
[2025-02-13T16:04:40.144+0000] {subprocess.py:106} INFO - 25/02/13 16:04:40 INFO ResourceUtils: ==============================================================
[2025-02-13T16:04:40.150+0000] {subprocess.py:106} INFO - 25/02/13 16:04:40 INFO ResourceUtils: No custom resources configured for spark.driver.
[2025-02-13T16:04:40.154+0000] {subprocess.py:106} INFO - 25/02/13 16:04:40 INFO ResourceUtils: ==============================================================
[2025-02-13T16:04:40.157+0000] {subprocess.py:106} INFO - 25/02/13 16:04:40 INFO SparkContext: Submitted application: Movies_20_21
[2025-02-13T16:04:40.320+0000] {subprocess.py:106} INFO - 25/02/13 16:04:40 INFO ResourceProfile: Default ResourceProfile created, executor resources: Map(cores -> name: cores, amount: 2, script: , vendor: , memory -> name: memory, amount: 12288, script: , vendor: , offHeap -> name: offHeap, amount: 0, script: , vendor: ), task resources: Map(cpus -> name: cpus, amount: 1.0)
[2025-02-13T16:04:40.394+0000] {subprocess.py:106} INFO - 25/02/13 16:04:40 INFO ResourceProfile: Limiting resource is cpus at 2 tasks per executor
[2025-02-13T16:04:40.408+0000] {subprocess.py:106} INFO - 25/02/13 16:04:40 INFO ResourceProfileManager: Added ResourceProfile id: 0
[2025-02-13T16:04:40.758+0000] {subprocess.py:106} INFO - 25/02/13 16:04:40 INFO SecurityManager: Changing view acls to: ***
[2025-02-13T16:04:40.772+0000] {subprocess.py:106} INFO - 25/02/13 16:04:40 INFO SecurityManager: Changing modify acls to: ***
[2025-02-13T16:04:40.775+0000] {subprocess.py:106} INFO - 25/02/13 16:04:40 INFO SecurityManager: Changing view acls groups to:
[2025-02-13T16:04:40.779+0000] {subprocess.py:106} INFO - 25/02/13 16:04:40 INFO SecurityManager: Changing modify acls groups to:
[2025-02-13T16:04:40.786+0000] {subprocess.py:106} INFO - 25/02/13 16:04:40 INFO SecurityManager: SecurityManager: authentication disabled; ui acls disabled; users with view permissions: ***; groups with view permissions: EMPTY; users with modify permissions: ***; groups with modify permissions: EMPTY
[2025-02-13T16:04:43.201+0000] {subprocess.py:106} INFO - 25/02/13 16:04:43 INFO Utils: Successfully started service 'sparkDriver' on port 43725.
[2025-02-13T16:04:43.549+0000] {subprocess.py:106} INFO - 25/02/13 16:04:43 INFO SparkEnv: Registering MapOutputTracker
[2025-02-13T16:04:43.791+0000] {subprocess.py:106} INFO - 25/02/13 16:04:43 INFO SparkEnv: Registering BlockManagerMaster
[2025-02-13T16:04:43.935+0000] {subprocess.py:106} INFO - 25/02/13 16:04:43 INFO BlockManagerMasterEndpoint: Using org.apache.spark.storage.DefaultTopologyMapper for getting topology information
[2025-02-13T16:04:43.947+0000] {subprocess.py:106} INFO - 25/02/13 16:04:43 INFO BlockManagerMasterEndpoint: BlockManagerMasterEndpoint up
[2025-02-13T16:04:43.964+0000] {subprocess.py:106} INFO - 25/02/13 16:04:43 INFO SparkEnv: Registering BlockManagerMasterHeartbeat
[2025-02-13T16:04:44.314+0000] {subprocess.py:106} INFO - 25/02/13 16:04:44 INFO DiskBlockManager: Created local directory at /tmp/blockmgr-42b21b42-4bb5-44c8-8668-a9d087f0a5b3
[2025-02-13T16:04:44.393+0000] {subprocess.py:106} INFO - 25/02/13 16:04:44 INFO MemoryStore: MemoryStore started with capacity 434.4 MiB
[2025-02-13T16:04:44.493+0000] {subprocess.py:106} INFO - 25/02/13 16:04:44 INFO SparkEnv: Registering OutputCommitCoordinator
[2025-02-13T16:04:45.571+0000] {subprocess.py:106} INFO - 25/02/13 16:04:45 INFO JettyUtils: Start Jetty 0.0.0.0:4040 for SparkUI
[2025-02-13T16:04:46.053+0000] {subprocess.py:106} INFO - 25/02/13 16:04:46 INFO Utils: Successfully started service 'SparkUI' on port 4040.
[2025-02-13T16:04:47.331+0000] {subprocess.py:106} INFO - 25/02/13 16:04:47 INFO StandaloneAppClient$ClientEndpoint: Connecting to master spark://spark:7077...
[2025-02-13T16:04:47.595+0000] {subprocess.py:106} INFO - 25/02/13 16:04:47 INFO TransportClientFactory: Successfully created connection to spark/172.18.0.6:7077 after 137 ms (0 ms spent in bootstraps)
[2025-02-13T16:04:48.127+0000] {subprocess.py:106} INFO - 25/02/13 16:04:48 INFO StandaloneSchedulerBackend: Connected to Spark cluster with app ID app-20250213160448-0002
[2025-02-13T16:04:48.156+0000] {subprocess.py:106} INFO - 25/02/13 16:04:48 INFO StandaloneAppClient$ClientEndpoint: Executor added: app-20250213160448-0002/0 on worker-20250213135248-172.18.0.2-44821 (172.18.0.2:44821) with 2 core(s)
[2025-02-13T16:04:48.189+0000] {subprocess.py:106} INFO - 25/02/13 16:04:48 INFO StandaloneSchedulerBackend: Granted executor ID app-20250213160448-0002/0 on hostPort 172.18.0.2:44821 with 2 core(s), 12.0 GiB RAM
[2025-02-13T16:04:48.203+0000] {subprocess.py:106} INFO - 25/02/13 16:04:48 INFO StandaloneAppClient$ClientEndpoint: Executor added: app-20250213160448-0002/1 on worker-20250213135248-172.18.0.4-43149 (172.18.0.4:43149) with 2 core(s)
[2025-02-13T16:04:48.236+0000] {subprocess.py:106} INFO - 25/02/13 16:04:48 INFO Utils: Successfully started service 'org.apache.spark.network.netty.NettyBlockTransferService' on port 40457.
[2025-02-13T16:04:48.302+0000] {subprocess.py:106} INFO - 25/02/13 16:04:48 INFO NettyBlockTransferService: Server created on 9c50c45f72c4:40457
[2025-02-13T16:04:48.399+0000] {subprocess.py:106} INFO - 25/02/13 16:04:48 INFO StandaloneSchedulerBackend: Granted executor ID app-20250213160448-0002/1 on hostPort 172.18.0.4:43149 with 2 core(s), 12.0 GiB RAM
[2025-02-13T16:04:48.501+0000] {subprocess.py:106} INFO - 25/02/13 16:04:48 INFO BlockManager: Using org.apache.spark.storage.RandomBlockReplicationPolicy for block replication policy
[2025-02-13T16:04:48.612+0000] {subprocess.py:106} INFO - 25/02/13 16:04:48 INFO BlockManagerMaster: Registering BlockManager BlockManagerId(driver, 9c50c45f72c4, 40457, None)
[2025-02-13T16:04:48.657+0000] {subprocess.py:106} INFO - 25/02/13 16:04:48 INFO BlockManagerMasterEndpoint: Registering block manager 9c50c45f72c4:40457 with 434.4 MiB RAM, BlockManagerId(driver, 9c50c45f72c4, 40457, None)
[2025-02-13T16:04:48.672+0000] {subprocess.py:106} INFO - 25/02/13 16:04:48 INFO BlockManagerMaster: Registered BlockManager BlockManagerId(driver, 9c50c45f72c4, 40457, None)
[2025-02-13T16:04:48.688+0000] {subprocess.py:106} INFO - 25/02/13 16:04:48 INFO BlockManager: Initialized BlockManager: BlockManagerId(driver, 9c50c45f72c4, 40457, None)
[2025-02-13T16:04:48.706+0000] {subprocess.py:106} INFO - 25/02/13 16:04:48 INFO StandaloneAppClient$ClientEndpoint: Executor updated: app-20250213160448-0002/1 is now RUNNING
[2025-02-13T16:04:48.722+0000] {subprocess.py:106} INFO - 25/02/13 16:04:48 INFO StandaloneAppClient$ClientEndpoint: Executor updated: app-20250213160448-0002/0 is now RUNNING
[2025-02-13T16:04:50.126+0000] {subprocess.py:106} INFO - 25/02/13 16:04:50 INFO StandaloneSchedulerBackend: SchedulerBackend is ready for scheduling beginning after reached minRegisteredResourcesRatio: 0.0
[2025-02-13T16:05:04.429+0000] {subprocess.py:106} INFO - 25/02/13 16:05:04 INFO StandaloneSchedulerBackend$StandaloneDriverEndpoint: Registered executor NettyRpcEndpointRef(spark-client://Executor) (172.18.0.2:39918) with ID 0,  ResourceProfileId 0
[2025-02-13T16:05:04.928+0000] {subprocess.py:106} INFO - 25/02/13 16:05:04 INFO StandaloneSchedulerBackend$StandaloneDriverEndpoint: Registered executor NettyRpcEndpointRef(spark-client://Executor) (172.18.0.4:37578) with ID 1,  ResourceProfileId 0
[2025-02-13T16:05:05.045+0000] {subprocess.py:106} INFO - 25/02/13 16:05:05 INFO BlockManagerMasterEndpoint: Registering block manager 172.18.0.2:36791 with 7.0 GiB RAM, BlockManagerId(0, 172.18.0.2, 36791, None)
[2025-02-13T16:05:05.150+0000] {subprocess.py:106} INFO - 25/02/13 16:05:05 INFO BlockManagerMasterEndpoint: Registering block manager 172.18.0.4:45667 with 7.0 GiB RAM, BlockManagerId(1, 172.18.0.4, 45667, None)
[2025-02-13T16:07:50.076+0000] {subprocess.py:106} INFO - Erro na execução: HTTPSConnectionPool(host='api.themoviedb.org', port=443): Max retries exceeded with url: /3/discover/movie?include_adult=false&include_video=false&language=en-US&page=15&sort_by=popularity.desc&primary_release_date.gte=2020-01-01&primary_release_date.lte=2020-01-01 (Caused by NewConnectionError('<urllib3.connection.HTTPSConnection object at 0x7f1e86fe3980>: Failed to establish a new connection: [Errno 101] Network is unreachable'))
[2025-02-13T16:07:50.215+0000] {subprocess.py:106} INFO - 25/02/13 16:07:50 INFO SparkContext: Invoking stop() from shutdown hook
[2025-02-13T16:07:50.216+0000] {subprocess.py:106} INFO - 25/02/13 16:07:50 INFO SparkContext: SparkContext is stopping with exitCode 0.
[2025-02-13T16:07:50.235+0000] {subprocess.py:106} INFO - 25/02/13 16:07:50 INFO SparkUI: Stopped Spark web UI at http://9c50c45f72c4:4040
[2025-02-13T16:07:50.242+0000] {subprocess.py:106} INFO - 25/02/13 16:07:50 INFO StandaloneSchedulerBackend: Shutting down all executors
[2025-02-13T16:07:50.243+0000] {subprocess.py:106} INFO - 25/02/13 16:07:50 INFO StandaloneSchedulerBackend$StandaloneDriverEndpoint: Asking each executor to shut down
[2025-02-13T16:07:50.288+0000] {subprocess.py:106} INFO - 25/02/13 16:07:50 INFO MapOutputTrackerMasterEndpoint: MapOutputTrackerMasterEndpoint stopped!
[2025-02-13T16:07:50.341+0000] {subprocess.py:106} INFO - 25/02/13 16:07:50 INFO MemoryStore: MemoryStore cleared
[2025-02-13T16:07:50.342+0000] {subprocess.py:106} INFO - 25/02/13 16:07:50 INFO BlockManager: BlockManager stopped
[2025-02-13T16:07:50.355+0000] {subprocess.py:106} INFO - 25/02/13 16:07:50 INFO BlockManagerMaster: BlockManagerMaster stopped
[2025-02-13T16:07:50.359+0000] {subprocess.py:106} INFO - 25/02/13 16:07:50 INFO OutputCommitCoordinator$OutputCommitCoordinatorEndpoint: OutputCommitCoordinator stopped!
[2025-02-13T16:07:50.375+0000] {subprocess.py:106} INFO - 25/02/13 16:07:50 INFO SparkContext: Successfully stopped SparkContext
[2025-02-13T16:07:50.378+0000] {subprocess.py:106} INFO - 25/02/13 16:07:50 INFO ShutdownHookManager: Shutdown hook called
[2025-02-13T16:07:50.379+0000] {subprocess.py:106} INFO - 25/02/13 16:07:50 INFO ShutdownHookManager: Deleting directory /tmp/spark-89495295-0559-4fa0-94b5-fb7dece40f88
[2025-02-13T16:07:50.385+0000] {subprocess.py:106} INFO - 25/02/13 16:07:50 INFO ShutdownHookManager: Deleting directory /tmp/spark-81d510fa-667a-4710-80af-f4f1966b4597
[2025-02-13T16:07:50.391+0000] {subprocess.py:106} INFO - 25/02/13 16:07:50 INFO ShutdownHookManager: Deleting directory /tmp/spark-81d510fa-667a-4710-80af-f4f1966b4597/pyspark-85c39f4e-6456-4dbb-96d1-57774a524b66
[2025-02-13T16:07:50.451+0000] {subprocess.py:110} INFO - Command exited with return code 0
[2025-02-13T16:07:50.498+0000] {taskinstance.py:341} INFO - ::group::Post task execution logs
[2025-02-13T16:07:50.499+0000] {taskinstance.py:353} INFO - Marking task as SUCCESS. dag_id=ing_mov_20_21, task_id=run_spark_script, run_id=manual__2025-02-13T16:04:11.959165+00:00, execution_date=20250213T160411, start_date=20250213T160414, end_date=20250213T160750
[2025-02-13T16:07:50.575+0000] {local_task_job_runner.py:266} INFO - Task exited with return code 0
[2025-02-13T16:07:50.602+0000] {taskinstance.py:3901} INFO - 0 downstream tasks scheduled from follow-on schedule check
[2025-02-13T16:07:50.605+0000] {local_task_job_runner.py:245} INFO - ::endgroup::
