[2025-02-21T15:41:02.231+0000] {local_task_job_runner.py:123} INFO - ::group::Pre task execution logs
[2025-02-21T15:41:02.252+0000] {taskinstance.py:2614} INFO - Dependencies all met for dep_context=non-requeueable deps ti=<TaskInstance: ing_mov_20_21.run_spark_script manual__2025-02-21T15:41:01.497749+00:00 [queued]>
[2025-02-21T15:41:02.262+0000] {taskinstance.py:2614} INFO - Dependencies all met for dep_context=requeueable deps ti=<TaskInstance: ing_mov_20_21.run_spark_script manual__2025-02-21T15:41:01.497749+00:00 [queued]>
[2025-02-21T15:41:02.262+0000] {taskinstance.py:2867} INFO - Starting attempt 1 of 2
[2025-02-21T15:41:02.277+0000] {taskinstance.py:2890} INFO - Executing <Task(SparkSubmitOperator): run_spark_script> on 2025-02-21 15:41:01.497749+00:00
[2025-02-21T15:41:02.282+0000] {warnings.py:112} WARNING - /home/***/.local/lib/python3.12/site-packages/***/task/task_runner/standard_task_runner.py:70: DeprecationWarning: This process (pid=1278) is multi-threaded, use of fork() may lead to deadlocks in the child.
  pid = os.fork()

[2025-02-21T15:41:02.283+0000] {standard_task_runner.py:72} INFO - Started process 1279 to run task
[2025-02-21T15:41:02.284+0000] {standard_task_runner.py:104} INFO - Running: ['***', 'tasks', 'run', 'ing_mov_20_21', 'run_spark_script', 'manual__2025-02-21T15:41:01.497749+00:00', '--job-id', '7', '--raw', '--subdir', 'DAGS_FOLDER/scriptteste.py', '--cfg-path', '/tmp/tmpke1n58gx']
[2025-02-21T15:41:02.285+0000] {standard_task_runner.py:105} INFO - Job 7: Subtask run_spark_script
[2025-02-21T15:41:02.339+0000] {task_command.py:467} INFO - Running <TaskInstance: ing_mov_20_21.run_spark_script manual__2025-02-21T15:41:01.497749+00:00 [running]> on host 807a91bedaaf
[2025-02-21T15:41:02.425+0000] {taskinstance.py:3134} INFO - Exporting env vars: AIRFLOW_CTX_DAG_OWNER='***' AIRFLOW_CTX_DAG_ID='ing_mov_20_21' AIRFLOW_CTX_TASK_ID='run_spark_script' AIRFLOW_CTX_EXECUTION_DATE='2025-02-21T15:41:01.497749+00:00' AIRFLOW_CTX_TRY_NUMBER='1' AIRFLOW_CTX_DAG_RUN_ID='manual__2025-02-21T15:41:01.497749+00:00'
[2025-02-21T15:41:02.426+0000] {taskinstance.py:732} INFO - ::endgroup::
[2025-02-21T15:41:02.450+0000] {base.py:84} INFO - Retrieving connection 'spark_default'
[2025-02-21T15:41:02.450+0000] {spark_submit.py:328} ERROR - Failed to decode base64 keytab: Invalid base64-encoded string: number of data characters (5) cannot be 1 more than a multiple of 4
[2025-02-21T15:41:02.452+0000] {spark_submit.py:305} INFO - Could not load connection string spark_default, defaulting to local[*]
[2025-02-21T15:41:02.453+0000] {spark_submit.py:474} INFO - Spark-Submit cmd: spark-submit --master local[*] --conf spark.hadoop.fs.s3a.access.key=MINIO_ACCESS_KEY --conf spark.hadoop.fs.s3a.secret.key=****** --conf spark.hadoop.fs.s3a.endpoint=http://minio:9000 --conf spark.hadoop.fs.s3a.path.style.access=true --conf spark.hadoop.fs.s3a.impl=org.apache.hadoop.fs.s3a.S3AFileSystem --driver-memory 4g --principal admin --name arrow-spark --verbose --queue root.default --deploy-mode client /opt/bitnami/spark/scripts/ing_mov_20_21.py
[2025-02-21T15:41:03.710+0000] {spark_submit.py:641} INFO - Using properties file: null
[2025-02-21T15:41:03.814+0000] {spark_submit.py:641} INFO - Parsed arguments:
[2025-02-21T15:41:03.815+0000] {spark_submit.py:641} INFO - master                  local[*]
[2025-02-21T15:41:03.815+0000] {spark_submit.py:641} INFO - remote                  null
[2025-02-21T15:41:03.816+0000] {spark_submit.py:641} INFO - deployMode              client
[2025-02-21T15:41:03.816+0000] {spark_submit.py:641} INFO - executorMemory          null
[2025-02-21T15:41:03.816+0000] {spark_submit.py:641} INFO - executorCores           null
[2025-02-21T15:41:03.818+0000] {spark_submit.py:641} INFO - totalExecutorCores      null
[2025-02-21T15:41:03.818+0000] {spark_submit.py:641} INFO - propertiesFile          null
[2025-02-21T15:41:03.819+0000] {spark_submit.py:641} INFO - driverMemory            4g
[2025-02-21T15:41:03.819+0000] {spark_submit.py:641} INFO - driverCores             null
[2025-02-21T15:41:03.819+0000] {spark_submit.py:641} INFO - driverExtraClassPath    null
[2025-02-21T15:41:03.820+0000] {spark_submit.py:641} INFO - driverExtraLibraryPath  null
[2025-02-21T15:41:03.820+0000] {spark_submit.py:641} INFO - driverExtraJavaOptions  null
[2025-02-21T15:41:03.820+0000] {spark_submit.py:641} INFO - supervise               false
[2025-02-21T15:41:03.821+0000] {spark_submit.py:641} INFO - queue                   root.default
[2025-02-21T15:41:03.821+0000] {spark_submit.py:641} INFO - numExecutors            null
[2025-02-21T15:41:03.821+0000] {spark_submit.py:641} INFO - files                   null
[2025-02-21T15:41:03.822+0000] {spark_submit.py:641} INFO - pyFiles                 null
[2025-02-21T15:41:03.822+0000] {spark_submit.py:641} INFO - archives                null
[2025-02-21T15:41:03.822+0000] {spark_submit.py:641} INFO - mainClass               null
[2025-02-21T15:41:03.822+0000] {spark_submit.py:641} INFO - primaryResource         file:/opt/bitnami/spark/scripts/ing_mov_20_21.py
[2025-02-21T15:41:03.823+0000] {spark_submit.py:641} INFO - name                    arrow-spark
[2025-02-21T15:41:03.823+0000] {spark_submit.py:641} INFO - childArgs               []
[2025-02-21T15:41:03.825+0000] {spark_submit.py:641} INFO - jars                    null
[2025-02-21T15:41:03.825+0000] {spark_submit.py:641} INFO - packages                null
[2025-02-21T15:41:03.826+0000] {spark_submit.py:641} INFO - packagesExclusions      null
[2025-02-21T15:41:03.826+0000] {spark_submit.py:641} INFO - repositories            null
[2025-02-21T15:41:03.827+0000] {spark_submit.py:641} INFO - verbose                 true
[2025-02-21T15:41:03.827+0000] {spark_submit.py:641} INFO - 
[2025-02-21T15:41:03.827+0000] {spark_submit.py:641} INFO - Spark properties used, including those specified through
[2025-02-21T15:41:03.828+0000] {spark_submit.py:641} INFO - --conf and those from the properties file null:
[2025-02-21T15:41:03.828+0000] {spark_submit.py:641} INFO - (spark.driver.memory,4g)
[2025-02-21T15:41:03.828+0000] {spark_submit.py:641} INFO - (spark.hadoop.fs.s3a.access.key,*********(redacted))
[2025-02-21T15:41:03.829+0000] {spark_submit.py:641} INFO - (spark.hadoop.fs.s3a.endpoint,http://minio:9000)
[2025-02-21T15:41:03.829+0000] {spark_submit.py:641} INFO - (spark.hadoop.fs.s3a.impl,org.apache.hadoop.fs.s3a.S3AFileSystem)
[2025-02-21T15:41:03.829+0000] {spark_submit.py:641} INFO - (spark.hadoop.fs.s3a.path.style.access,true)
[2025-02-21T15:41:03.830+0000] {spark_submit.py:641} INFO - (spark.hadoop.fs.s3a.secret.key,*********(redacted))
[2025-02-21T15:41:03.830+0000] {spark_submit.py:641} INFO - 
[2025-02-21T15:41:03.831+0000] {spark_submit.py:641} INFO - 
[2025-02-21T15:41:04.031+0000] {spark_submit.py:641} INFO - Main class:
[2025-02-21T15:41:04.031+0000] {spark_submit.py:641} INFO - org.apache.spark.deploy.PythonRunner
[2025-02-21T15:41:04.032+0000] {spark_submit.py:641} INFO - Arguments:
[2025-02-21T15:41:04.033+0000] {spark_submit.py:641} INFO - file:/opt/bitnami/spark/scripts/ing_mov_20_21.py
[2025-02-21T15:41:04.034+0000] {spark_submit.py:641} INFO - null
[2025-02-21T15:41:04.035+0000] {spark_submit.py:641} INFO - Spark config:
[2025-02-21T15:41:04.036+0000] {spark_submit.py:641} INFO - (spark.app.name,arrow-spark)
[2025-02-21T15:41:04.036+0000] {spark_submit.py:641} INFO - (spark.app.submitTime,1740152464016)
[2025-02-21T15:41:04.036+0000] {spark_submit.py:641} INFO - (spark.driver.memory,4g)
[2025-02-21T15:41:04.037+0000] {spark_submit.py:641} INFO - (spark.hadoop.fs.s3a.access.key,*********(redacted))
[2025-02-21T15:41:04.037+0000] {spark_submit.py:641} INFO - (spark.hadoop.fs.s3a.endpoint,http://minio:9000)
[2025-02-21T15:41:04.037+0000] {spark_submit.py:641} INFO - (spark.hadoop.fs.s3a.impl,org.apache.hadoop.fs.s3a.S3AFileSystem)
[2025-02-21T15:41:04.038+0000] {spark_submit.py:641} INFO - (spark.hadoop.fs.s3a.path.style.access,true)
[2025-02-21T15:41:04.038+0000] {spark_submit.py:641} INFO - (spark.hadoop.fs.s3a.secret.key,*********(redacted))
[2025-02-21T15:41:04.038+0000] {spark_submit.py:641} INFO - (spark.kerberos.principal,admin)
[2025-02-21T15:41:04.039+0000] {spark_submit.py:641} INFO - (spark.master,local[*])
[2025-02-21T15:41:04.041+0000] {spark_submit.py:641} INFO - (spark.submit.deployMode,client)
[2025-02-21T15:41:04.042+0000] {spark_submit.py:641} INFO - (spark.submit.pyFiles,)
[2025-02-21T15:41:04.042+0000] {spark_submit.py:641} INFO - Classpath elements:
[2025-02-21T15:41:04.042+0000] {spark_submit.py:641} INFO - 
[2025-02-21T15:41:04.043+0000] {spark_submit.py:641} INFO - 
[2025-02-21T15:41:04.043+0000] {spark_submit.py:641} INFO - 
[2025-02-21T15:41:05.369+0000] {spark_submit.py:641} INFO - 25/02/21 15:41:05 INFO SparkContext: Running Spark version 3.5.4
[2025-02-21T15:41:05.371+0000] {spark_submit.py:641} INFO - 25/02/21 15:41:05 INFO SparkContext: OS info Linux, 5.15.167.4-microsoft-standard-WSL2, amd64
[2025-02-21T15:41:05.372+0000] {spark_submit.py:641} INFO - 25/02/21 15:41:05 INFO SparkContext: Java version 17.0.14
[2025-02-21T15:41:05.420+0000] {spark_submit.py:641} INFO - 25/02/21 15:41:05 WARN NativeCodeLoader: Unable to load native-hadoop library for your platform... using builtin-java classes where applicable
[2025-02-21T15:41:05.502+0000] {spark_submit.py:641} INFO - 25/02/21 15:41:05 INFO ResourceUtils: ==============================================================
[2025-02-21T15:41:05.503+0000] {spark_submit.py:641} INFO - 25/02/21 15:41:05 INFO ResourceUtils: No custom resources configured for spark.driver.
[2025-02-21T15:41:05.503+0000] {spark_submit.py:641} INFO - 25/02/21 15:41:05 INFO ResourceUtils: ==============================================================
[2025-02-21T15:41:05.503+0000] {spark_submit.py:641} INFO - 25/02/21 15:41:05 INFO SparkContext: Submitted application: Movies_20_21
[2025-02-21T15:41:05.521+0000] {spark_submit.py:641} INFO - 25/02/21 15:41:05 INFO ResourceProfile: Default ResourceProfile created, executor resources: Map(cores -> name: cores, amount: 1, script: , vendor: , memory -> name: memory, amount: 8192, script: , vendor: , offHeap -> name: offHeap, amount: 0, script: , vendor: ), task resources: Map(cpus -> name: cpus, amount: 1.0)
[2025-02-21T15:41:05.529+0000] {spark_submit.py:641} INFO - 25/02/21 15:41:05 INFO ResourceProfile: Limiting resource is cpus at 1 tasks per executor
[2025-02-21T15:41:05.531+0000] {spark_submit.py:641} INFO - 25/02/21 15:41:05 INFO ResourceProfileManager: Added ResourceProfile id: 0
[2025-02-21T15:41:05.569+0000] {spark_submit.py:641} INFO - 25/02/21 15:41:05 INFO SecurityManager: Changing view acls to: ***
[2025-02-21T15:41:05.569+0000] {spark_submit.py:641} INFO - 25/02/21 15:41:05 INFO SecurityManager: Changing modify acls to: ***
[2025-02-21T15:41:05.570+0000] {spark_submit.py:641} INFO - 25/02/21 15:41:05 INFO SecurityManager: Changing view acls groups to:
[2025-02-21T15:41:05.570+0000] {spark_submit.py:641} INFO - 25/02/21 15:41:05 INFO SecurityManager: Changing modify acls groups to:
[2025-02-21T15:41:05.571+0000] {spark_submit.py:641} INFO - 25/02/21 15:41:05 INFO SecurityManager: SecurityManager: authentication disabled; ui acls disabled; users with view permissions: ***; groups with view permissions: EMPTY; users with modify permissions: ***; groups with modify permissions: EMPTY
[2025-02-21T15:41:05.767+0000] {spark_submit.py:641} INFO - 25/02/21 15:41:05 INFO Utils: Successfully started service 'sparkDriver' on port 37549.
[2025-02-21T15:41:05.793+0000] {spark_submit.py:641} INFO - 25/02/21 15:41:05 INFO SparkEnv: Registering MapOutputTracker
[2025-02-21T15:41:05.822+0000] {spark_submit.py:641} INFO - 25/02/21 15:41:05 INFO SparkEnv: Registering BlockManagerMaster
[2025-02-21T15:41:05.836+0000] {spark_submit.py:641} INFO - 25/02/21 15:41:05 INFO BlockManagerMasterEndpoint: Using org.apache.spark.storage.DefaultTopologyMapper for getting topology information
[2025-02-21T15:41:05.836+0000] {spark_submit.py:641} INFO - 25/02/21 15:41:05 INFO BlockManagerMasterEndpoint: BlockManagerMasterEndpoint up
[2025-02-21T15:41:05.840+0000] {spark_submit.py:641} INFO - 25/02/21 15:41:05 INFO SparkEnv: Registering BlockManagerMasterHeartbeat
[2025-02-21T15:41:05.855+0000] {spark_submit.py:641} INFO - 25/02/21 15:41:05 INFO DiskBlockManager: Created local directory at /tmp/blockmgr-c39da726-9a9b-4bf8-bc2d-fd185611f074
[2025-02-21T15:41:05.866+0000] {spark_submit.py:641} INFO - 25/02/21 15:41:05 INFO MemoryStore: MemoryStore started with capacity 2.2 GiB
[2025-02-21T15:41:05.878+0000] {spark_submit.py:641} INFO - 25/02/21 15:41:05 INFO SparkEnv: Registering OutputCommitCoordinator
[2025-02-21T15:41:05.989+0000] {spark_submit.py:641} INFO - 25/02/21 15:41:05 INFO JettyUtils: Start Jetty 0.0.0.0:4040 for SparkUI
[2025-02-21T15:41:06.029+0000] {spark_submit.py:641} INFO - 25/02/21 15:41:06 WARN Utils: Service 'SparkUI' could not bind on port 4040. Attempting port 4041.
[2025-02-21T15:41:06.035+0000] {spark_submit.py:641} INFO - 25/02/21 15:41:06 INFO Utils: Successfully started service 'SparkUI' on port 4041.
[2025-02-21T15:41:06.155+0000] {spark_submit.py:641} INFO - 25/02/21 15:41:06 INFO StandaloneAppClient$ClientEndpoint: Connecting to master spark://spark:7077...
[2025-02-21T15:41:06.192+0000] {spark_submit.py:641} INFO - 25/02/21 15:41:06 INFO TransportClientFactory: Successfully created connection to spark/172.18.0.5:7077 after 18 ms (0 ms spent in bootstraps)
[2025-02-21T15:41:06.253+0000] {spark_submit.py:641} INFO - 25/02/21 15:41:06 INFO StandaloneSchedulerBackend: Connected to Spark cluster with app ID app-20250221154106-0003
[2025-02-21T15:41:06.260+0000] {spark_submit.py:641} INFO - 25/02/21 15:41:06 INFO Utils: Successfully started service 'org.apache.spark.network.netty.NettyBlockTransferService' on port 35093.
[2025-02-21T15:41:06.261+0000] {spark_submit.py:641} INFO - 25/02/21 15:41:06 INFO NettyBlockTransferService: Server created on 807a91bedaaf:35093
[2025-02-21T15:41:06.262+0000] {spark_submit.py:641} INFO - 25/02/21 15:41:06 INFO BlockManager: Using org.apache.spark.storage.RandomBlockReplicationPolicy for block replication policy
[2025-02-21T15:41:06.270+0000] {spark_submit.py:641} INFO - 25/02/21 15:41:06 INFO BlockManagerMaster: Registering BlockManager BlockManagerId(driver, 807a91bedaaf, 35093, None)
[2025-02-21T15:41:06.273+0000] {spark_submit.py:641} INFO - 25/02/21 15:41:06 INFO BlockManagerMasterEndpoint: Registering block manager 807a91bedaaf:35093 with 2.2 GiB RAM, BlockManagerId(driver, 807a91bedaaf, 35093, None)
[2025-02-21T15:41:06.275+0000] {spark_submit.py:641} INFO - 25/02/21 15:41:06 INFO BlockManagerMaster: Registered BlockManager BlockManagerId(driver, 807a91bedaaf, 35093, None)
[2025-02-21T15:41:06.276+0000] {spark_submit.py:641} INFO - 25/02/21 15:41:06 INFO BlockManager: Initialized BlockManager: BlockManagerId(driver, 807a91bedaaf, 35093, None)
[2025-02-21T15:41:06.422+0000] {spark_submit.py:641} INFO - 25/02/21 15:41:06 INFO StandaloneSchedulerBackend: SchedulerBackend is ready for scheduling beginning after reached minRegisteredResourcesRatio: 0.0
[2025-02-21T15:41:06.971+0000] {spark_submit.py:641} INFO - INFO:__main__:Coletando dados para 2020-01-01...
