[2025-02-21T15:51:32.295+0000] {local_task_job_runner.py:123} INFO - ::group::Pre task execution logs
[2025-02-21T15:51:32.315+0000] {taskinstance.py:2614} INFO - Dependencies all met for dep_context=non-requeueable deps ti=<TaskInstance: ing_mov_20_21.run_spark_script manual__2025-02-21T15:41:01.497749+00:00 [queued]>
[2025-02-21T15:51:32.323+0000] {taskinstance.py:2614} INFO - Dependencies all met for dep_context=requeueable deps ti=<TaskInstance: ing_mov_20_21.run_spark_script manual__2025-02-21T15:41:01.497749+00:00 [queued]>
[2025-02-21T15:51:32.324+0000] {taskinstance.py:2867} INFO - Starting attempt 2 of 2
[2025-02-21T15:51:32.336+0000] {taskinstance.py:2890} INFO - Executing <Task(SparkSubmitOperator): run_spark_script> on 2025-02-21 15:41:01.497749+00:00
[2025-02-21T15:51:32.340+0000] {warnings.py:112} WARNING - /home/***/.local/lib/python3.12/site-packages/***/task/task_runner/standard_task_runner.py:70: DeprecationWarning: This process (pid=282) is multi-threaded, use of fork() may lead to deadlocks in the child.
  pid = os.fork()

[2025-02-21T15:51:32.342+0000] {standard_task_runner.py:72} INFO - Started process 283 to run task
[2025-02-21T15:51:32.342+0000] {standard_task_runner.py:104} INFO - Running: ['***', 'tasks', 'run', 'ing_mov_20_21', 'run_spark_script', 'manual__2025-02-21T15:41:01.497749+00:00', '--job-id', '11', '--raw', '--subdir', 'DAGS_FOLDER/scriptteste.py', '--cfg-path', '/tmp/tmpjp1fuskp']
[2025-02-21T15:51:32.343+0000] {standard_task_runner.py:105} INFO - Job 11: Subtask run_spark_script
[2025-02-21T15:51:32.391+0000] {task_command.py:467} INFO - Running <TaskInstance: ing_mov_20_21.run_spark_script manual__2025-02-21T15:41:01.497749+00:00 [running]> on host ee8cee1d6fd8
[2025-02-21T15:51:32.468+0000] {taskinstance.py:3134} INFO - Exporting env vars: AIRFLOW_CTX_DAG_OWNER='***' AIRFLOW_CTX_DAG_ID='ing_mov_20_21' AIRFLOW_CTX_TASK_ID='run_spark_script' AIRFLOW_CTX_EXECUTION_DATE='2025-02-21T15:41:01.497749+00:00' AIRFLOW_CTX_TRY_NUMBER='2' AIRFLOW_CTX_DAG_RUN_ID='manual__2025-02-21T15:41:01.497749+00:00'
[2025-02-21T15:51:32.469+0000] {taskinstance.py:732} INFO - ::endgroup::
[2025-02-21T15:51:32.491+0000] {base.py:84} INFO - Retrieving connection 'spark_default'
[2025-02-21T15:51:32.492+0000] {spark_submit.py:328} ERROR - Failed to decode base64 keytab: Invalid base64-encoded string: number of data characters (5) cannot be 1 more than a multiple of 4
[2025-02-21T15:51:32.494+0000] {spark_submit.py:305} INFO - Could not load connection string spark_default, defaulting to local[*]
[2025-02-21T15:51:32.495+0000] {spark_submit.py:474} INFO - Spark-Submit cmd: spark-submit --master local[*] --conf spark.hadoop.fs.s3a.access.key=MINIO_ACCESS_KEY --conf spark.hadoop.fs.s3a.secret.key=****** --conf spark.hadoop.fs.s3a.endpoint=http://minio:9000 --conf spark.hadoop.fs.s3a.path.style.access=true --conf spark.hadoop.fs.s3a.impl=org.apache.hadoop.fs.s3a.S3AFileSystem --driver-memory 4g --principal admin --name arrow-spark --verbose --queue root.default --deploy-mode client /opt/bitnami/spark/scripts/ing_mov_20_21.py
[2025-02-21T15:51:33.574+0000] {spark_submit.py:641} INFO - Using properties file: null
[2025-02-21T15:51:33.666+0000] {spark_submit.py:641} INFO - Parsed arguments:
[2025-02-21T15:51:33.667+0000] {spark_submit.py:641} INFO - master                  local[*]
[2025-02-21T15:51:33.667+0000] {spark_submit.py:641} INFO - remote                  null
[2025-02-21T15:51:33.668+0000] {spark_submit.py:641} INFO - deployMode              client
[2025-02-21T15:51:33.668+0000] {spark_submit.py:641} INFO - executorMemory          null
[2025-02-21T15:51:33.669+0000] {spark_submit.py:641} INFO - executorCores           null
[2025-02-21T15:51:33.669+0000] {spark_submit.py:641} INFO - totalExecutorCores      null
[2025-02-21T15:51:33.670+0000] {spark_submit.py:641} INFO - propertiesFile          null
[2025-02-21T15:51:33.670+0000] {spark_submit.py:641} INFO - driverMemory            4g
[2025-02-21T15:51:33.671+0000] {spark_submit.py:641} INFO - driverCores             null
[2025-02-21T15:51:33.671+0000] {spark_submit.py:641} INFO - driverExtraClassPath    null
[2025-02-21T15:51:33.672+0000] {spark_submit.py:641} INFO - driverExtraLibraryPath  null
[2025-02-21T15:51:33.672+0000] {spark_submit.py:641} INFO - driverExtraJavaOptions  null
[2025-02-21T15:51:33.673+0000] {spark_submit.py:641} INFO - supervise               false
[2025-02-21T15:51:33.674+0000] {spark_submit.py:641} INFO - queue                   root.default
[2025-02-21T15:51:33.674+0000] {spark_submit.py:641} INFO - numExecutors            null
[2025-02-21T15:51:33.675+0000] {spark_submit.py:641} INFO - files                   null
[2025-02-21T15:51:33.675+0000] {spark_submit.py:641} INFO - pyFiles                 null
[2025-02-21T15:51:33.676+0000] {spark_submit.py:641} INFO - archives                null
[2025-02-21T15:51:33.676+0000] {spark_submit.py:641} INFO - mainClass               null
[2025-02-21T15:51:33.677+0000] {spark_submit.py:641} INFO - primaryResource         file:/opt/bitnami/spark/scripts/ing_mov_20_21.py
[2025-02-21T15:51:33.677+0000] {spark_submit.py:641} INFO - name                    arrow-spark
[2025-02-21T15:51:33.678+0000] {spark_submit.py:641} INFO - childArgs               []
[2025-02-21T15:51:33.678+0000] {spark_submit.py:641} INFO - jars                    null
[2025-02-21T15:51:33.679+0000] {spark_submit.py:641} INFO - packages                null
[2025-02-21T15:51:33.680+0000] {spark_submit.py:641} INFO - packagesExclusions      null
[2025-02-21T15:51:33.681+0000] {spark_submit.py:641} INFO - repositories            null
[2025-02-21T15:51:33.681+0000] {spark_submit.py:641} INFO - verbose                 true
[2025-02-21T15:51:33.682+0000] {spark_submit.py:641} INFO - 
[2025-02-21T15:51:33.682+0000] {spark_submit.py:641} INFO - Spark properties used, including those specified through
[2025-02-21T15:51:33.682+0000] {spark_submit.py:641} INFO - --conf and those from the properties file null:
[2025-02-21T15:51:33.683+0000] {spark_submit.py:641} INFO - (spark.driver.memory,4g)
[2025-02-21T15:51:33.683+0000] {spark_submit.py:641} INFO - (spark.hadoop.fs.s3a.access.key,*********(redacted))
[2025-02-21T15:51:33.683+0000] {spark_submit.py:641} INFO - (spark.hadoop.fs.s3a.endpoint,http://minio:9000)
[2025-02-21T15:51:33.684+0000] {spark_submit.py:641} INFO - (spark.hadoop.fs.s3a.impl,org.apache.hadoop.fs.s3a.S3AFileSystem)
[2025-02-21T15:51:33.684+0000] {spark_submit.py:641} INFO - (spark.hadoop.fs.s3a.path.style.access,true)
[2025-02-21T15:51:33.685+0000] {spark_submit.py:641} INFO - (spark.hadoop.fs.s3a.secret.key,*********(redacted))
[2025-02-21T15:51:33.685+0000] {spark_submit.py:641} INFO - 
[2025-02-21T15:51:33.685+0000] {spark_submit.py:641} INFO - 
[2025-02-21T15:51:33.862+0000] {spark_submit.py:641} INFO - Main class:
[2025-02-21T15:51:33.862+0000] {spark_submit.py:641} INFO - org.apache.spark.deploy.PythonRunner
[2025-02-21T15:51:33.863+0000] {spark_submit.py:641} INFO - Arguments:
[2025-02-21T15:51:33.863+0000] {spark_submit.py:641} INFO - file:/opt/bitnami/spark/scripts/ing_mov_20_21.py
[2025-02-21T15:51:33.863+0000] {spark_submit.py:641} INFO - null
[2025-02-21T15:51:33.864+0000] {spark_submit.py:641} INFO - Spark config:
[2025-02-21T15:51:33.864+0000] {spark_submit.py:641} INFO - (spark.app.name,arrow-spark)
[2025-02-21T15:51:33.865+0000] {spark_submit.py:641} INFO - (spark.app.submitTime,1740153093849)
[2025-02-21T15:51:33.865+0000] {spark_submit.py:641} INFO - (spark.driver.memory,4g)
[2025-02-21T15:51:33.865+0000] {spark_submit.py:641} INFO - (spark.hadoop.fs.s3a.access.key,*********(redacted))
[2025-02-21T15:51:33.866+0000] {spark_submit.py:641} INFO - (spark.hadoop.fs.s3a.endpoint,http://minio:9000)
[2025-02-21T15:51:33.866+0000] {spark_submit.py:641} INFO - (spark.hadoop.fs.s3a.impl,org.apache.hadoop.fs.s3a.S3AFileSystem)
[2025-02-21T15:51:33.867+0000] {spark_submit.py:641} INFO - (spark.hadoop.fs.s3a.path.style.access,true)
[2025-02-21T15:51:33.867+0000] {spark_submit.py:641} INFO - (spark.hadoop.fs.s3a.secret.key,*********(redacted))
[2025-02-21T15:51:33.868+0000] {spark_submit.py:641} INFO - (spark.kerberos.principal,admin)
[2025-02-21T15:51:33.868+0000] {spark_submit.py:641} INFO - (spark.master,local[*])
[2025-02-21T15:51:33.868+0000] {spark_submit.py:641} INFO - (spark.submit.deployMode,client)
[2025-02-21T15:51:33.869+0000] {spark_submit.py:641} INFO - (spark.submit.pyFiles,)
[2025-02-21T15:51:33.869+0000] {spark_submit.py:641} INFO - Classpath elements:
[2025-02-21T15:51:33.869+0000] {spark_submit.py:641} INFO - 
[2025-02-21T15:51:33.869+0000] {spark_submit.py:641} INFO - 
[2025-02-21T15:51:33.870+0000] {spark_submit.py:641} INFO - 
[2025-02-21T15:51:35.154+0000] {spark_submit.py:641} INFO - 25/02/21 15:51:35 INFO SparkContext: Running Spark version 3.5.4
[2025-02-21T15:51:35.156+0000] {spark_submit.py:641} INFO - 25/02/21 15:51:35 INFO SparkContext: OS info Linux, 5.15.167.4-microsoft-standard-WSL2, amd64
[2025-02-21T15:51:35.157+0000] {spark_submit.py:641} INFO - 25/02/21 15:51:35 INFO SparkContext: Java version 17.0.14
[2025-02-21T15:51:35.202+0000] {spark_submit.py:641} INFO - 25/02/21 15:51:35 WARN NativeCodeLoader: Unable to load native-hadoop library for your platform... using builtin-java classes where applicable
[2025-02-21T15:51:35.270+0000] {spark_submit.py:641} INFO - 25/02/21 15:51:35 INFO ResourceUtils: ==============================================================
[2025-02-21T15:51:35.271+0000] {spark_submit.py:641} INFO - 25/02/21 15:51:35 INFO ResourceUtils: No custom resources configured for spark.driver.
[2025-02-21T15:51:35.271+0000] {spark_submit.py:641} INFO - 25/02/21 15:51:35 INFO ResourceUtils: ==============================================================
[2025-02-21T15:51:35.272+0000] {spark_submit.py:641} INFO - 25/02/21 15:51:35 INFO SparkContext: Submitted application: Movies_20_21
[2025-02-21T15:51:35.288+0000] {spark_submit.py:641} INFO - 25/02/21 15:51:35 INFO ResourceProfile: Default ResourceProfile created, executor resources: Map(cores -> name: cores, amount: 1, script: , vendor: , memory -> name: memory, amount: 8192, script: , vendor: , offHeap -> name: offHeap, amount: 0, script: , vendor: ), task resources: Map(cpus -> name: cpus, amount: 1.0)
[2025-02-21T15:51:35.298+0000] {spark_submit.py:641} INFO - 25/02/21 15:51:35 INFO ResourceProfile: Limiting resource is cpus at 1 tasks per executor
[2025-02-21T15:51:35.300+0000] {spark_submit.py:641} INFO - 25/02/21 15:51:35 INFO ResourceProfileManager: Added ResourceProfile id: 0
[2025-02-21T15:51:35.338+0000] {spark_submit.py:641} INFO - 25/02/21 15:51:35 INFO SecurityManager: Changing view acls to: ***
[2025-02-21T15:51:35.338+0000] {spark_submit.py:641} INFO - 25/02/21 15:51:35 INFO SecurityManager: Changing modify acls to: ***
[2025-02-21T15:51:35.339+0000] {spark_submit.py:641} INFO - 25/02/21 15:51:35 INFO SecurityManager: Changing view acls groups to:
[2025-02-21T15:51:35.340+0000] {spark_submit.py:641} INFO - 25/02/21 15:51:35 INFO SecurityManager: Changing modify acls groups to:
[2025-02-21T15:51:35.340+0000] {spark_submit.py:641} INFO - 25/02/21 15:51:35 INFO SecurityManager: SecurityManager: authentication disabled; ui acls disabled; users with view permissions: ***; groups with view permissions: EMPTY; users with modify permissions: ***; groups with modify permissions: EMPTY
[2025-02-21T15:51:35.502+0000] {spark_submit.py:641} INFO - 25/02/21 15:51:35 INFO Utils: Successfully started service 'sparkDriver' on port 46697.
[2025-02-21T15:51:35.523+0000] {spark_submit.py:641} INFO - 25/02/21 15:51:35 INFO SparkEnv: Registering MapOutputTracker
[2025-02-21T15:51:35.549+0000] {spark_submit.py:641} INFO - 25/02/21 15:51:35 INFO SparkEnv: Registering BlockManagerMaster
[2025-02-21T15:51:35.562+0000] {spark_submit.py:641} INFO - 25/02/21 15:51:35 INFO BlockManagerMasterEndpoint: Using org.apache.spark.storage.DefaultTopologyMapper for getting topology information
[2025-02-21T15:51:35.563+0000] {spark_submit.py:641} INFO - 25/02/21 15:51:35 INFO BlockManagerMasterEndpoint: BlockManagerMasterEndpoint up
[2025-02-21T15:51:35.566+0000] {spark_submit.py:641} INFO - 25/02/21 15:51:35 INFO SparkEnv: Registering BlockManagerMasterHeartbeat
[2025-02-21T15:51:35.584+0000] {spark_submit.py:641} INFO - 25/02/21 15:51:35 INFO DiskBlockManager: Created local directory at /tmp/blockmgr-84f5809a-2780-4e56-b4da-ca6ca275164c
[2025-02-21T15:51:35.595+0000] {spark_submit.py:641} INFO - 25/02/21 15:51:35 INFO MemoryStore: MemoryStore started with capacity 2.2 GiB
[2025-02-21T15:51:35.609+0000] {spark_submit.py:641} INFO - 25/02/21 15:51:35 INFO SparkEnv: Registering OutputCommitCoordinator
[2025-02-21T15:51:35.725+0000] {spark_submit.py:641} INFO - 25/02/21 15:51:35 INFO JettyUtils: Start Jetty 0.0.0.0:4040 for SparkUI
[2025-02-21T15:51:35.765+0000] {spark_submit.py:641} INFO - 25/02/21 15:51:35 WARN Utils: Service 'SparkUI' could not bind on port 4040. Attempting port 4041.
[2025-02-21T15:51:35.772+0000] {spark_submit.py:641} INFO - 25/02/21 15:51:35 INFO Utils: Successfully started service 'SparkUI' on port 4041.
[2025-02-21T15:51:35.906+0000] {spark_submit.py:641} INFO - 25/02/21 15:51:35 INFO StandaloneAppClient$ClientEndpoint: Connecting to master spark://spark:7077...
[2025-02-21T15:51:35.947+0000] {spark_submit.py:641} INFO - 25/02/21 15:51:35 INFO TransportClientFactory: Successfully created connection to spark/172.18.0.2:7077 after 21 ms (0 ms spent in bootstraps)
[2025-02-21T15:51:36.021+0000] {spark_submit.py:641} INFO - 25/02/21 15:51:36 INFO StandaloneSchedulerBackend: Connected to Spark cluster with app ID app-20250221155136-0001
[2025-02-21T15:51:36.028+0000] {spark_submit.py:641} INFO - 25/02/21 15:51:36 INFO Utils: Successfully started service 'org.apache.spark.network.netty.NettyBlockTransferService' on port 34259.
[2025-02-21T15:51:36.028+0000] {spark_submit.py:641} INFO - 25/02/21 15:51:36 INFO NettyBlockTransferService: Server created on ee8cee1d6fd8:34259
[2025-02-21T15:51:36.030+0000] {spark_submit.py:641} INFO - 25/02/21 15:51:36 INFO BlockManager: Using org.apache.spark.storage.RandomBlockReplicationPolicy for block replication policy
[2025-02-21T15:51:36.035+0000] {spark_submit.py:641} INFO - 25/02/21 15:51:36 INFO BlockManagerMaster: Registering BlockManager BlockManagerId(driver, ee8cee1d6fd8, 34259, None)
[2025-02-21T15:51:36.038+0000] {spark_submit.py:641} INFO - 25/02/21 15:51:36 INFO BlockManagerMasterEndpoint: Registering block manager ee8cee1d6fd8:34259 with 2.2 GiB RAM, BlockManagerId(driver, ee8cee1d6fd8, 34259, None)
[2025-02-21T15:51:36.040+0000] {spark_submit.py:641} INFO - 25/02/21 15:51:36 INFO BlockManagerMaster: Registered BlockManager BlockManagerId(driver, ee8cee1d6fd8, 34259, None)
[2025-02-21T15:51:36.042+0000] {spark_submit.py:641} INFO - 25/02/21 15:51:36 INFO BlockManager: Initialized BlockManager: BlockManagerId(driver, ee8cee1d6fd8, 34259, None)
[2025-02-21T15:51:36.189+0000] {spark_submit.py:641} INFO - 25/02/21 15:51:36 INFO StandaloneSchedulerBackend: SchedulerBackend is ready for scheduling beginning after reached minRegisteredResourcesRatio: 0.0
[2025-02-21T15:51:36.703+0000] {spark_submit.py:641} INFO - INFO:__main__:Coletando dados para 2020-01-01...
[2025-02-21T15:53:05.569+0000] {spark_submit.py:641} INFO - INFO:__main__:Coletando dados para 2020-01-02...
[2025-02-21T15:53:10.949+0000] {spark_submit.py:641} INFO - INFO:__main__:Coletando dados para 2020-01-03...
[2025-02-21T15:53:16.273+0000] {spark_submit.py:641} INFO - INFO:__main__:Coletando dados para 2020-01-04...
[2025-02-21T15:53:18.857+0000] {spark_submit.py:641} INFO - INFO:__main__:Coletando dados para 2020-01-05...
[2025-02-21T15:53:21.443+0000] {spark_submit.py:641} INFO - INFO:__main__:Coletando dados para 2020-01-06...
[2025-02-21T15:53:25.426+0000] {spark_submit.py:641} INFO - INFO:__main__:Coletando dados para 2020-01-07...
[2025-02-21T15:53:29.839+0000] {spark_submit.py:641} INFO - INFO:__main__:Coletando dados para 2020-01-08...
[2025-02-21T15:53:33.820+0000] {spark_submit.py:641} INFO - INFO:__main__:Coletando dados para 2020-01-09...
[2025-02-21T15:53:39.277+0000] {spark_submit.py:641} INFO - INFO:__main__:Coletando dados para 2020-01-10...
[2025-02-21T15:53:47.114+0000] {spark_submit.py:641} INFO - INFO:__main__:Coletando dados para 2020-01-11...
[2025-02-21T15:53:51.215+0000] {spark_submit.py:641} INFO - INFO:__main__:Coletando dados para 2020-01-12...
[2025-02-21T15:53:55.134+0000] {spark_submit.py:641} INFO - INFO:__main__:Coletando dados para 2020-01-13...
[2025-02-21T15:53:57.636+0000] {spark_submit.py:641} INFO - INFO:__main__:Coletando dados para 2020-01-14...
[2025-02-21T15:54:01.567+0000] {spark_submit.py:641} INFO - INFO:__main__:Coletando dados para 2020-01-15...
[2025-02-21T15:54:06.867+0000] {spark_submit.py:641} INFO - INFO:__main__:Coletando dados para 2020-01-16...
[2025-02-21T15:54:10.653+0000] {spark_submit.py:641} INFO - INFO:__main__:Coletando dados para 2020-01-17...
[2025-02-21T15:54:13.607+0000] {spark_submit.py:641} INFO - INFO:__main__:Coletando dados para 2020-01-18...
[2025-02-21T15:54:15.903+0000] {spark_submit.py:641} INFO - INFO:__main__:Coletando dados para 2020-01-19...
[2025-02-21T15:54:16.909+0000] {spark_submit.py:641} INFO - INFO:__main__:Coletando dados para 2020-01-20...
[2025-02-21T15:54:18.612+0000] {spark_submit.py:641} INFO - INFO:__main__:Coletando dados para 2020-01-21...
[2025-02-21T15:54:20.283+0000] {spark_submit.py:641} INFO - INFO:__main__:Coletando dados para 2020-01-22...
[2025-02-21T15:54:23.166+0000] {spark_submit.py:641} INFO - INFO:__main__:Coletando dados para 2020-01-23...
[2025-02-21T15:54:26.872+0000] {spark_submit.py:641} INFO - INFO:__main__:Coletando dados para 2020-01-24...
[2025-02-21T15:54:31.876+0000] {spark_submit.py:641} INFO - INFO:__main__:Coletando dados para 2020-01-25...
[2025-02-21T15:54:36.033+0000] {spark_submit.py:641} INFO - INFO:__main__:Coletando dados para 2020-01-26...
[2025-02-21T15:54:38.470+0000] {spark_submit.py:641} INFO - INFO:__main__:Coletando dados para 2020-01-27...
[2025-02-21T15:54:40.747+0000] {spark_submit.py:641} INFO - INFO:__main__:Coletando dados para 2020-01-28...
[2025-02-21T15:54:43.025+0000] {spark_submit.py:641} INFO - INFO:__main__:Coletando dados para 2020-01-29...
[2025-02-21T15:54:45.455+0000] {spark_submit.py:641} INFO - INFO:__main__:Coletando dados para 2020-01-30...
[2025-02-21T15:54:48.525+0000] {spark_submit.py:641} INFO - INFO:__main__:Coletando dados para 2020-01-31...
[2025-02-21T15:54:53.006+0000] {spark_submit.py:641} INFO - INFO:__main__:Coletando dados para 2020-02-01...
[2025-02-21T15:54:58.940+0000] {spark_submit.py:641} INFO - INFO:__main__:Coletando dados para 2020-02-02...
[2025-02-21T15:55:00.573+0000] {spark_submit.py:641} INFO - INFO:__main__:Coletando dados para 2020-02-03...
[2025-02-21T15:55:01.589+0000] {spark_submit.py:641} INFO - INFO:__main__:Coletando dados para 2020-02-04...
[2025-02-21T15:55:03.336+0000] {spark_submit.py:641} INFO - INFO:__main__:Coletando dados para 2020-02-05...
[2025-02-21T15:55:05.606+0000] {spark_submit.py:641} INFO - INFO:__main__:Coletando dados para 2020-02-06...
[2025-02-21T15:55:07.877+0000] {spark_submit.py:641} INFO - INFO:__main__:Coletando dados para 2020-02-07...
[2025-02-21T15:55:12.252+0000] {spark_submit.py:641} INFO - INFO:__main__:Coletando dados para 2020-02-08...
[2025-02-21T15:55:13.898+0000] {spark_submit.py:641} INFO - INFO:__main__:Coletando dados para 2020-02-09...
[2025-02-21T15:55:16.247+0000] {spark_submit.py:641} INFO - INFO:__main__:Coletando dados para 2020-02-10...
[2025-02-21T15:55:17.888+0000] {spark_submit.py:641} INFO - INFO:__main__:Coletando dados para 2020-02-11...
[2025-02-21T15:55:19.541+0000] {spark_submit.py:641} INFO - INFO:__main__:Coletando dados para 2020-02-12...
[2025-02-21T15:55:21.837+0000] {spark_submit.py:641} INFO - INFO:__main__:Coletando dados para 2020-02-13...
[2025-02-21T15:55:24.180+0000] {spark_submit.py:641} INFO - INFO:__main__:Coletando dados para 2020-02-14...
[2025-02-21T15:55:29.748+0000] {spark_submit.py:641} INFO - INFO:__main__:Coletando dados para 2020-02-15...
[2025-02-21T15:55:32.027+0000] {spark_submit.py:641} INFO - INFO:__main__:Coletando dados para 2020-02-16...
[2025-02-21T15:55:33.034+0000] {spark_submit.py:641} INFO - INFO:__main__:Coletando dados para 2020-02-17...
[2025-02-21T15:55:34.839+0000] {spark_submit.py:641} INFO - INFO:__main__:Coletando dados para 2020-02-18...
[2025-02-21T15:55:35.854+0000] {spark_submit.py:641} INFO - INFO:__main__:Coletando dados para 2020-02-19...
[2025-02-21T15:55:37.488+0000] {spark_submit.py:641} INFO - INFO:__main__:Coletando dados para 2020-02-20...
[2025-02-21T15:55:40.414+0000] {spark_submit.py:641} INFO - INFO:__main__:Coletando dados para 2020-02-21...
[2025-02-21T15:55:45.276+0000] {spark_submit.py:641} INFO - INFO:__main__:Coletando dados para 2020-02-22...
[2025-02-21T15:55:47.666+0000] {spark_submit.py:641} INFO - INFO:__main__:Coletando dados para 2020-02-23...
[2025-02-21T15:55:49.311+0000] {spark_submit.py:641} INFO - INFO:__main__:Coletando dados para 2020-02-24...
[2025-02-21T15:55:50.957+0000] {spark_submit.py:641} INFO - INFO:__main__:Coletando dados para 2020-02-25...
[2025-02-21T15:55:52.681+0000] {spark_submit.py:641} INFO - INFO:__main__:Coletando dados para 2020-02-26...
[2025-02-21T15:55:54.438+0000] {spark_submit.py:641} INFO - INFO:__main__:Coletando dados para 2020-02-27...
[2025-02-21T15:55:57.333+0000] {spark_submit.py:641} INFO - INFO:__main__:Coletando dados para 2020-02-28...
[2025-02-21T15:56:02.079+0000] {spark_submit.py:641} INFO - INFO:__main__:Coletando dados para 2020-02-29...
[2025-02-21T15:56:04.347+0000] {spark_submit.py:641} INFO - INFO:__main__:Coletando dados para 2020-03-01...
[2025-02-21T15:56:10.433+0000] {spark_submit.py:641} INFO - INFO:__main__:Coletando dados para 2020-03-02...
[2025-02-21T15:56:11.439+0000] {spark_submit.py:641} INFO - INFO:__main__:Coletando dados para 2020-03-03...
[2025-02-21T15:56:13.842+0000] {spark_submit.py:641} INFO - INFO:__main__:Coletando dados para 2020-03-04...
[2025-02-21T15:56:16.105+0000] {spark_submit.py:641} INFO - INFO:__main__:Coletando dados para 2020-03-05...
[2025-02-21T15:56:23.601+0000] {spark_submit.py:641} INFO - INFO:__main__:Coletando dados para 2020-03-06...
[2025-02-21T15:56:29.792+0000] {spark_submit.py:641} INFO - INFO:__main__:Coletando dados para 2020-03-07...
[2025-02-21T15:56:32.794+0000] {spark_submit.py:641} INFO - INFO:__main__:Coletando dados para 2020-03-08...
[2025-02-21T15:56:35.055+0000] {spark_submit.py:641} INFO - INFO:__main__:Coletando dados para 2020-03-09...
[2025-02-21T15:56:36.755+0000] {spark_submit.py:641} INFO - INFO:__main__:Coletando dados para 2020-03-10...
[2025-02-21T15:56:38.392+0000] {spark_submit.py:641} INFO - INFO:__main__:Coletando dados para 2020-03-11...
[2025-02-21T15:56:41.300+0000] {spark_submit.py:641} INFO - INFO:__main__:Coletando dados para 2020-03-12...
[2025-02-21T15:56:44.291+0000] {spark_submit.py:641} INFO - INFO:__main__:Coletando dados para 2020-03-13...
[2025-02-21T15:56:47.819+0000] {spark_submit.py:641} INFO - INFO:__main__:Coletando dados para 2020-03-14...
[2025-02-21T15:56:50.178+0000] {spark_submit.py:641} INFO - INFO:__main__:Coletando dados para 2020-03-15...
[2025-02-21T15:56:52.442+0000] {spark_submit.py:641} INFO - INFO:__main__:Coletando dados para 2020-03-16...
[2025-02-21T15:56:54.080+0000] {spark_submit.py:641} INFO - INFO:__main__:Coletando dados para 2020-03-17...
[2025-02-21T15:56:56.456+0000] {spark_submit.py:641} INFO - INFO:__main__:Coletando dados para 2020-03-18...
[2025-02-21T15:57:01.616+0000] {spark_submit.py:641} INFO - INFO:__main__:Coletando dados para 2020-03-19...
[2025-02-21T15:57:07.405+0000] {spark_submit.py:641} INFO - INFO:__main__:Coletando dados para 2020-03-20...
[2025-02-21T15:57:15.623+0000] {spark_submit.py:641} INFO - INFO:__main__:Coletando dados para 2020-03-21...
[2025-02-21T15:57:19.620+0000] {spark_submit.py:641} INFO - INFO:__main__:Coletando dados para 2020-03-22...
[2025-02-21T15:57:23.583+0000] {spark_submit.py:641} INFO - INFO:__main__:Coletando dados para 2020-03-23...
[2025-02-21T15:57:27.558+0000] {spark_submit.py:641} INFO - INFO:__main__:Coletando dados para 2020-03-24...
[2025-02-21T15:57:31.451+0000] {spark_submit.py:641} INFO - INFO:__main__:Coletando dados para 2020-03-25...
[2025-02-21T15:57:38.069+0000] {spark_submit.py:641} INFO - INFO:__main__:Coletando dados para 2020-03-26...
[2025-02-21T15:57:42.047+0000] {spark_submit.py:641} INFO - INFO:__main__:Coletando dados para 2020-03-27...
[2025-02-21T15:57:48.829+0000] {spark_submit.py:641} INFO - INFO:__main__:Coletando dados para 2020-03-28...
[2025-02-21T15:57:54.229+0000] {spark_submit.py:641} INFO - INFO:__main__:Coletando dados para 2020-03-29...
[2025-02-21T15:57:58.227+0000] {spark_submit.py:641} INFO - INFO:__main__:Coletando dados para 2020-03-30...
[2025-02-21T15:57:59.865+0000] {spark_submit.py:641} INFO - INFO:__main__:Coletando dados para 2020-03-31...
[2025-02-21T15:58:01.994+0000] {spark_submit.py:641} INFO - INFO:__main__:Coletando dados para 2020-04-01...
[2025-02-21T15:58:06.958+0000] {spark_submit.py:641} INFO - INFO:__main__:Coletando dados para 2020-04-02...
[2025-02-21T15:58:09.225+0000] {spark_submit.py:641} INFO - INFO:__main__:Coletando dados para 2020-04-03...
[2025-02-21T15:58:12.855+0000] {spark_submit.py:641} INFO - INFO:__main__:Coletando dados para 2020-04-04...
[2025-02-21T15:58:14.510+0000] {spark_submit.py:641} INFO - INFO:__main__:Coletando dados para 2020-04-05...
[2025-02-21T15:58:16.807+0000] {spark_submit.py:641} INFO - INFO:__main__:Coletando dados para 2020-04-06...
[2025-02-21T15:58:18.581+0000] {spark_submit.py:641} INFO - INFO:__main__:Coletando dados para 2020-04-07...
[2025-02-21T15:58:20.889+0000] {spark_submit.py:641} INFO - INFO:__main__:Coletando dados para 2020-04-08...
[2025-02-21T15:58:22.526+0000] {spark_submit.py:641} INFO - INFO:__main__:Coletando dados para 2020-04-09...
[2025-02-21T15:58:24.883+0000] {spark_submit.py:641} INFO - INFO:__main__:Coletando dados para 2020-04-10...
[2025-02-21T15:58:27.757+0000] {spark_submit.py:641} INFO - INFO:__main__:Coletando dados para 2020-04-11...
[2025-02-21T15:58:29.484+0000] {spark_submit.py:641} INFO - INFO:__main__:Coletando dados para 2020-04-12...
[2025-02-21T15:58:31.239+0000] {spark_submit.py:641} INFO - INFO:__main__:Coletando dados para 2020-04-13...
[2025-02-21T15:58:32.238+0000] {spark_submit.py:641} INFO - INFO:__main__:Coletando dados para 2020-04-14...
[2025-02-21T15:58:33.874+0000] {spark_submit.py:641} INFO - INFO:__main__:Coletando dados para 2020-04-15...
[2025-02-21T15:58:36.866+0000] {spark_submit.py:641} INFO - INFO:__main__:Coletando dados para 2020-04-16...
[2025-02-21T15:58:38.496+0000] {spark_submit.py:641} INFO - INFO:__main__:Coletando dados para 2020-04-17...
[2025-02-21T15:58:42.107+0000] {spark_submit.py:641} INFO - INFO:__main__:Coletando dados para 2020-04-18...
[2025-02-21T15:58:43.784+0000] {spark_submit.py:641} INFO - INFO:__main__:Coletando dados para 2020-04-19...
[2025-02-21T15:58:45.408+0000] {spark_submit.py:641} INFO - INFO:__main__:Coletando dados para 2020-04-20...
[2025-02-21T15:58:47.685+0000] {spark_submit.py:641} INFO - INFO:__main__:Coletando dados para 2020-04-21...
[2025-02-21T15:58:49.422+0000] {spark_submit.py:641} INFO - INFO:__main__:Coletando dados para 2020-04-22...
[2025-02-21T15:58:51.859+0000] {spark_submit.py:641} INFO - INFO:__main__:Coletando dados para 2020-04-23...
[2025-02-21T15:58:54.296+0000] {spark_submit.py:641} INFO - INFO:__main__:Coletando dados para 2020-04-24...
[2025-02-21T15:58:57.354+0000] {spark_submit.py:641} INFO - INFO:__main__:Coletando dados para 2020-04-25...
[2025-02-21T15:58:59.624+0000] {spark_submit.py:641} INFO - INFO:__main__:Coletando dados para 2020-04-26...
[2025-02-21T15:59:00.676+0000] {spark_submit.py:641} INFO - INFO:__main__:Coletando dados para 2020-04-27...
[2025-02-21T15:59:02.423+0000] {spark_submit.py:641} INFO - INFO:__main__:Coletando dados para 2020-04-28...
[2025-02-21T15:59:04.067+0000] {spark_submit.py:641} INFO - INFO:__main__:Coletando dados para 2020-04-29...
[2025-02-21T15:59:05.077+0000] {spark_submit.py:641} INFO - INFO:__main__:Coletando dados para 2020-04-30...
[2025-02-21T15:59:08.147+0000] {spark_submit.py:641} INFO - INFO:__main__:Coletando dados para 2020-05-01...
[2025-02-21T15:59:14.929+0000] {spark_submit.py:641} INFO - INFO:__main__:Coletando dados para 2020-05-02...
[2025-02-21T15:59:17.797+0000] {spark_submit.py:641} INFO - INFO:__main__:Coletando dados para 2020-05-03...
[2025-02-21T15:59:19.432+0000] {spark_submit.py:641} INFO - INFO:__main__:Coletando dados para 2020-05-04...
[2025-02-21T15:59:21.815+0000] {spark_submit.py:641} INFO - INFO:__main__:Coletando dados para 2020-05-05...
[2025-02-21T15:59:24.721+0000] {spark_submit.py:641} INFO - INFO:__main__:Coletando dados para 2020-05-06...
[2025-02-21T15:59:26.408+0000] {spark_submit.py:641} INFO - INFO:__main__:Coletando dados para 2020-05-07...
[2025-02-21T15:59:28.757+0000] {spark_submit.py:641} INFO - INFO:__main__:Coletando dados para 2020-05-08...
[2025-02-21T15:59:31.660+0000] {spark_submit.py:641} INFO - INFO:__main__:Coletando dados para 2020-05-09...
[2025-02-21T15:59:33.386+0000] {spark_submit.py:641} INFO - INFO:__main__:Coletando dados para 2020-05-10...
[2025-02-21T15:59:35.029+0000] {spark_submit.py:641} INFO - INFO:__main__:Coletando dados para 2020-05-11...
[2025-02-21T15:59:36.671+0000] {spark_submit.py:641} INFO - INFO:__main__:Coletando dados para 2020-05-12...
[2025-02-21T15:59:39.097+0000] {spark_submit.py:641} INFO - INFO:__main__:Coletando dados para 2020-05-13...
[2025-02-21T15:59:41.424+0000] {spark_submit.py:641} INFO - INFO:__main__:Coletando dados para 2020-05-14...
[2025-02-21T15:59:43.691+0000] {spark_submit.py:641} INFO - INFO:__main__:Coletando dados para 2020-05-15...
[2025-02-21T15:59:47.316+0000] {spark_submit.py:641} INFO - INFO:__main__:Coletando dados para 2020-05-16...
[2025-02-21T15:59:50.347+0000] {spark_submit.py:641} INFO - INFO:__main__:Coletando dados para 2020-05-17...
[2025-02-21T15:59:51.349+0000] {spark_submit.py:641} INFO - INFO:__main__:Coletando dados para 2020-05-18...
[2025-02-21T15:59:53.037+0000] {spark_submit.py:641} INFO - INFO:__main__:Coletando dados para 2020-05-19...
[2025-02-21T15:59:57.274+0000] {spark_submit.py:641} INFO - INFO:__main__:Coletando dados para 2020-05-20...
[2025-02-21T15:59:59.651+0000] {spark_submit.py:641} INFO - INFO:__main__:Coletando dados para 2020-05-21...
[2025-02-21T16:00:01.451+0000] {spark_submit.py:641} INFO - INFO:__main__:Coletando dados para 2020-05-22...
[2025-02-21T16:00:04.488+0000] {spark_submit.py:641} INFO - INFO:__main__:Coletando dados para 2020-05-23...
[2025-02-21T16:00:05.495+0000] {spark_submit.py:641} INFO - INFO:__main__:Coletando dados para 2020-05-24...
[2025-02-21T16:00:06.537+0000] {spark_submit.py:641} INFO - INFO:__main__:Coletando dados para 2020-05-25...
[2025-02-21T16:00:08.818+0000] {spark_submit.py:641} INFO - INFO:__main__:Coletando dados para 2020-05-26...
[2025-02-21T16:00:10.628+0000] {spark_submit.py:641} INFO - INFO:__main__:Coletando dados para 2020-05-27...
[2025-02-21T16:00:12.931+0000] {spark_submit.py:641} INFO - INFO:__main__:Coletando dados para 2020-05-28...
[2025-02-21T16:00:17.217+0000] {spark_submit.py:641} INFO - INFO:__main__:Coletando dados para 2020-05-29...
[2025-02-21T16:00:20.738+0000] {spark_submit.py:641} INFO - INFO:__main__:Coletando dados para 2020-05-30...
[2025-02-21T16:00:22.452+0000] {spark_submit.py:641} INFO - INFO:__main__:Coletando dados para 2020-05-31...
[2025-02-21T16:00:24.734+0000] {spark_submit.py:641} INFO - INFO:__main__:Coletando dados para 2020-06-01...
[2025-02-21T16:00:32.132+0000] {spark_submit.py:641} INFO - INFO:__main__:Coletando dados para 2020-06-02...
[2025-02-21T16:00:33.775+0000] {spark_submit.py:641} INFO - INFO:__main__:Coletando dados para 2020-06-03...
[2025-02-21T16:00:35.508+0000] {spark_submit.py:641} INFO - INFO:__main__:Coletando dados para 2020-06-04...
[2025-02-21T16:00:37.220+0000] {spark_submit.py:641} INFO - INFO:__main__:Coletando dados para 2020-06-05...
[2025-02-21T16:00:39.493+0000] {spark_submit.py:641} INFO - INFO:__main__:Coletando dados para 2020-06-06...
[2025-02-21T16:00:41.801+0000] {spark_submit.py:641} INFO - INFO:__main__:Coletando dados para 2020-06-07...
[2025-02-21T16:00:43.492+0000] {spark_submit.py:641} INFO - INFO:__main__:Coletando dados para 2020-06-08...
[2025-02-21T16:00:45.127+0000] {spark_submit.py:641} INFO - INFO:__main__:Coletando dados para 2020-06-09...
[2025-02-21T16:00:47.431+0000] {spark_submit.py:641} INFO - INFO:__main__:Coletando dados para 2020-06-10...
[2025-02-21T16:00:58.121+0000] {spark_submit.py:641} INFO - INFO:__main__:Coletando dados para 2020-06-11...
[2025-02-21T16:01:05.180+0000] {spark_submit.py:641} INFO - INFO:__main__:Coletando dados para 2020-06-12...
[2025-02-21T16:01:11.766+0000] {spark_submit.py:641} INFO - INFO:__main__:Coletando dados para 2020-06-13...
[2025-02-21T16:01:15.733+0000] {spark_submit.py:641} INFO - INFO:__main__:Coletando dados para 2020-06-14...
[2025-02-21T16:01:18.239+0000] {spark_submit.py:641} INFO - INFO:__main__:Coletando dados para 2020-06-15...
[2025-02-21T16:01:26.278+0000] {spark_submit.py:641} INFO - INFO:__main__:Coletando dados para 2020-06-16...
[2025-02-21T16:01:34.442+0000] {spark_submit.py:641} INFO - INFO:__main__:Coletando dados para 2020-06-17...
[2025-02-21T16:01:39.767+0000] {spark_submit.py:641} INFO - INFO:__main__:Coletando dados para 2020-06-18...
[2025-02-21T16:01:46.606+0000] {spark_submit.py:641} INFO - INFO:__main__:Coletando dados para 2020-06-19...
[2025-02-21T16:01:55.150+0000] {spark_submit.py:641} INFO - INFO:__main__:Coletando dados para 2020-06-20...
[2025-02-21T16:02:01.019+0000] {spark_submit.py:641} INFO - INFO:__main__:Coletando dados para 2020-06-21...
[2025-02-21T16:02:05.456+0000] {spark_submit.py:641} INFO - INFO:__main__:Coletando dados para 2020-06-22...
[2025-02-21T16:02:10.151+0000] {spark_submit.py:641} INFO - INFO:__main__:Coletando dados para 2020-06-23...
[2025-02-21T16:02:14.462+0000] {spark_submit.py:641} INFO - INFO:__main__:Coletando dados para 2020-06-24...
[2025-02-21T16:02:18.836+0000] {spark_submit.py:641} INFO - INFO:__main__:Coletando dados para 2020-06-25...
[2025-02-21T16:02:27.916+0000] {spark_submit.py:641} INFO - INFO:__main__:Coletando dados para 2020-06-26...
[2025-02-21T16:02:35.496+0000] {spark_submit.py:641} INFO - INFO:__main__:Coletando dados para 2020-06-27...
[2025-02-21T16:02:38.311+0000] {spark_submit.py:641} INFO - INFO:__main__:Coletando dados para 2020-06-28...
[2025-02-21T16:02:42.731+0000] {spark_submit.py:641} INFO - INFO:__main__:Coletando dados para 2020-06-29...
[2025-02-21T16:02:45.903+0000] {spark_submit.py:641} INFO - INFO:__main__:Coletando dados para 2020-06-30...
[2025-02-21T16:02:52.109+0000] {spark_submit.py:641} INFO - INFO:__main__:Coletando dados para 2020-07-01...
[2025-02-21T16:03:05.868+0000] {spark_submit.py:641} INFO - INFO:__main__:Coletando dados para 2020-07-02...
[2025-02-21T16:03:10.355+0000] {spark_submit.py:641} INFO - INFO:__main__:Coletando dados para 2020-07-03...
[2025-02-21T16:03:17.832+0000] {spark_submit.py:641} INFO - INFO:__main__:Coletando dados para 2020-07-04...
[2025-02-21T16:03:22.311+0000] {spark_submit.py:641} INFO - INFO:__main__:Coletando dados para 2020-07-05...
[2025-02-21T16:03:25.129+0000] {spark_submit.py:641} INFO - INFO:__main__:Coletando dados para 2020-07-06...
[2025-02-21T16:03:29.526+0000] {spark_submit.py:641} INFO - INFO:__main__:Coletando dados para 2020-07-07...
[2025-02-21T16:03:35.412+0000] {spark_submit.py:641} INFO - INFO:__main__:Coletando dados para 2020-07-08...
[2025-02-21T16:03:39.701+0000] {spark_submit.py:641} INFO - INFO:__main__:Coletando dados para 2020-07-09...
[2025-02-21T16:03:47.205+0000] {spark_submit.py:641} INFO - INFO:__main__:Coletando dados para 2020-07-10...
[2025-02-21T16:03:51.683+0000] {spark_submit.py:641} INFO - INFO:__main__:Coletando dados para 2020-07-11...
[2025-02-21T16:03:53.341+0000] {spark_submit.py:641} INFO - INFO:__main__:Coletando dados para 2020-07-12...
[2025-02-21T16:03:54.350+0000] {spark_submit.py:641} INFO - INFO:__main__:Coletando dados para 2020-07-13...
[2025-02-21T16:03:56.050+0000] {spark_submit.py:641} INFO - INFO:__main__:Coletando dados para 2020-07-14...
[2025-02-21T16:03:57.775+0000] {spark_submit.py:641} INFO - INFO:__main__:Coletando dados para 2020-07-15...
[2025-02-21T16:04:00.700+0000] {spark_submit.py:641} INFO - INFO:__main__:Coletando dados para 2020-07-16...
[2025-02-21T16:04:03.084+0000] {spark_submit.py:641} INFO - INFO:__main__:Coletando dados para 2020-07-17...
[2025-02-21T16:04:06.044+0000] {spark_submit.py:641} INFO - INFO:__main__:Coletando dados para 2020-07-18...
[2025-02-21T16:04:07.686+0000] {spark_submit.py:641} INFO - INFO:__main__:Coletando dados para 2020-07-19...
[2025-02-21T16:04:08.740+0000] {spark_submit.py:641} INFO - INFO:__main__:Coletando dados para 2020-07-20...
[2025-02-21T16:04:11.047+0000] {spark_submit.py:641} INFO - INFO:__main__:Coletando dados para 2020-07-21...
[2025-02-21T16:04:12.685+0000] {spark_submit.py:641} INFO - INFO:__main__:Coletando dados para 2020-07-22...
[2025-02-21T16:04:14.329+0000] {spark_submit.py:641} INFO - INFO:__main__:Coletando dados para 2020-07-23...
[2025-02-21T16:04:16.694+0000] {spark_submit.py:641} INFO - INFO:__main__:Coletando dados para 2020-07-24...
[2025-02-21T16:04:19.602+0000] {spark_submit.py:641} INFO - INFO:__main__:Coletando dados para 2020-07-25...
[2025-02-21T16:04:21.324+0000] {spark_submit.py:641} INFO - INFO:__main__:Coletando dados para 2020-07-26...
[2025-02-21T16:04:22.333+0000] {spark_submit.py:641} INFO - INFO:__main__:Coletando dados para 2020-07-27...
[2025-02-21T16:04:23.987+0000] {spark_submit.py:641} INFO - INFO:__main__:Coletando dados para 2020-07-28...
[2025-02-21T16:04:25.642+0000] {spark_submit.py:641} INFO - INFO:__main__:Coletando dados para 2020-07-29...
[2025-02-21T16:04:27.331+0000] {spark_submit.py:641} INFO - INFO:__main__:Coletando dados para 2020-07-30...
[2025-02-21T16:04:30.349+0000] {spark_submit.py:641} INFO - INFO:__main__:Coletando dados para 2020-07-31...
[2025-02-21T16:04:34.014+0000] {spark_submit.py:641} INFO - INFO:__main__:Coletando dados para 2020-08-01...
[2025-02-21T16:04:38.917+0000] {spark_submit.py:641} INFO - INFO:__main__:Coletando dados para 2020-08-02...
[2025-02-21T16:04:39.937+0000] {spark_submit.py:641} INFO - INFO:__main__:Coletando dados para 2020-08-03...
[2025-02-21T16:04:41.630+0000] {spark_submit.py:641} INFO - INFO:__main__:Coletando dados para 2020-08-04...
[2025-02-21T16:04:43.890+0000] {spark_submit.py:641} INFO - INFO:__main__:Coletando dados para 2020-08-05...
[2025-02-21T16:04:45.521+0000] {spark_submit.py:641} INFO - INFO:__main__:Coletando dados para 2020-08-06...
[2025-02-21T16:04:47.969+0000] {spark_submit.py:641} INFO - INFO:__main__:Coletando dados para 2020-08-07...
[2025-02-21T16:04:52.953+0000] {spark_submit.py:641} INFO - INFO:__main__:Coletando dados para 2020-08-08...
[2025-02-21T16:04:55.250+0000] {spark_submit.py:641} INFO - INFO:__main__:Coletando dados para 2020-08-09...
[2025-02-21T16:04:56.260+0000] {spark_submit.py:641} INFO - INFO:__main__:Coletando dados para 2020-08-10...
[2025-02-21T16:04:57.914+0000] {spark_submit.py:641} INFO - INFO:__main__:Coletando dados para 2020-08-11...
[2025-02-21T16:04:59.714+0000] {spark_submit.py:641} INFO - INFO:__main__:Coletando dados para 2020-08-12...
[2025-02-21T16:05:01.349+0000] {spark_submit.py:641} INFO - INFO:__main__:Coletando dados para 2020-08-13...
[2025-02-21T16:05:04.243+0000] {spark_submit.py:641} INFO - INFO:__main__:Coletando dados para 2020-08-14...
[2025-02-21T16:05:08.526+0000] {spark_submit.py:641} INFO - INFO:__main__:Coletando dados para 2020-08-15...
[2025-02-21T16:05:11.492+0000] {spark_submit.py:641} INFO - INFO:__main__:Coletando dados para 2020-08-16...
[2025-02-21T16:05:13.181+0000] {spark_submit.py:641} INFO - INFO:__main__:Coletando dados para 2020-08-17...
[2025-02-21T16:05:14.810+0000] {spark_submit.py:641} INFO - INFO:__main__:Coletando dados para 2020-08-18...
[2025-02-21T16:05:16.443+0000] {spark_submit.py:641} INFO - INFO:__main__:Coletando dados para 2020-08-19...
[2025-02-21T16:05:18.748+0000] {spark_submit.py:641} INFO - INFO:__main__:Coletando dados para 2020-08-20...
[2025-02-21T16:05:24.960+0000] {spark_submit.py:641} INFO - INFO:__main__:Coletando dados para 2020-08-21...
[2025-02-21T16:05:29.146+0000] {spark_submit.py:641} INFO - INFO:__main__:Coletando dados para 2020-08-22...
[2025-02-21T16:05:32.826+0000] {spark_submit.py:641} INFO - INFO:__main__:Coletando dados para 2020-08-23...
[2025-02-21T16:05:34.475+0000] {spark_submit.py:641} INFO - INFO:__main__:Coletando dados para 2020-08-24...
[2025-02-21T16:05:36.866+0000] {spark_submit.py:641} INFO - INFO:__main__:Coletando dados para 2020-08-25...
[2025-02-21T16:05:39.799+0000] {spark_submit.py:641} INFO - INFO:__main__:Coletando dados para 2020-08-26...
[2025-02-21T16:05:41.452+0000] {spark_submit.py:641} INFO - INFO:__main__:Coletando dados para 2020-08-27...
[2025-02-21T16:05:44.414+0000] {spark_submit.py:641} INFO - INFO:__main__:Coletando dados para 2020-08-28...
[2025-02-21T16:05:48.634+0000] {spark_submit.py:641} INFO - INFO:__main__:Coletando dados para 2020-08-29...
[2025-02-21T16:05:50.947+0000] {spark_submit.py:641} INFO - INFO:__main__:Coletando dados para 2020-08-30...
[2025-02-21T16:05:53.212+0000] {spark_submit.py:641} INFO - INFO:__main__:Coletando dados para 2020-08-31...
[2025-02-21T16:05:55.643+0000] {spark_submit.py:641} INFO - INFO:__main__:Coletando dados para 2020-09-01...
[2025-02-21T16:06:03.686+0000] {spark_submit.py:641} INFO - INFO:__main__:Coletando dados para 2020-09-02...
[2025-02-21T16:06:07.212+0000] {spark_submit.py:641} INFO - INFO:__main__:Coletando dados para 2020-09-03...
[2025-02-21T16:06:10.898+0000] {spark_submit.py:641} INFO - INFO:__main__:Coletando dados para 2020-09-04...
[2025-02-21T16:06:15.135+0000] {spark_submit.py:641} INFO - INFO:__main__:Coletando dados para 2020-09-05...
[2025-02-21T16:06:18.030+0000] {spark_submit.py:641} INFO - INFO:__main__:Coletando dados para 2020-09-06...
[2025-02-21T16:06:19.663+0000] {spark_submit.py:641} INFO - INFO:__main__:Coletando dados para 2020-09-07...
[2025-02-21T16:06:22.775+0000] {spark_submit.py:641} INFO - INFO:__main__:Coletando dados para 2020-09-08...
[2025-02-21T16:06:25.655+0000] {spark_submit.py:641} INFO - INFO:__main__:Coletando dados para 2020-09-09...
[2025-02-21T16:06:29.347+0000] {spark_submit.py:641} INFO - INFO:__main__:Coletando dados para 2020-09-10...
[2025-02-21T16:06:34.888+0000] {spark_submit.py:641} INFO - INFO:__main__:Coletando dados para 2020-09-11...
[2025-02-21T16:06:39.049+0000] {spark_submit.py:641} INFO - INFO:__main__:Coletando dados para 2020-09-12...
[2025-02-21T16:06:41.392+0000] {spark_submit.py:641} INFO - INFO:__main__:Coletando dados para 2020-09-13...
[2025-02-21T16:06:43.657+0000] {spark_submit.py:641} INFO - INFO:__main__:Coletando dados para 2020-09-14...
[2025-02-21T16:06:46.761+0000] {spark_submit.py:641} INFO - INFO:__main__:Coletando dados para 2020-09-15...
[2025-02-21T16:06:50.295+0000] {spark_submit.py:641} INFO - INFO:__main__:Coletando dados para 2020-09-16...
[2025-02-21T16:06:53.284+0000] {spark_submit.py:641} INFO - INFO:__main__:Coletando dados para 2020-09-17...
[2025-02-21T16:06:58.690+0000] {spark_submit.py:641} INFO - INFO:__main__:Coletando dados para 2020-09-18...
[2025-02-21T16:07:05.418+0000] {spark_submit.py:641} INFO - INFO:__main__:Coletando dados para 2020-09-19...
[2025-02-21T16:07:08.332+0000] {spark_submit.py:641} INFO - INFO:__main__:Coletando dados para 2020-09-20...
[2025-02-21T16:07:11.376+0000] {spark_submit.py:641} INFO - INFO:__main__:Coletando dados para 2020-09-21...
[2025-02-21T16:07:14.284+0000] {spark_submit.py:641} INFO - INFO:__main__:Coletando dados para 2020-09-22...
[2025-02-21T16:07:17.331+0000] {spark_submit.py:641} INFO - INFO:__main__:Coletando dados para 2020-09-23...
[2025-02-21T16:07:20.371+0000] {spark_submit.py:641} INFO - INFO:__main__:Coletando dados para 2020-09-24...
[2025-02-21T16:07:26.803+0000] {spark_submit.py:641} INFO - INFO:__main__:Coletando dados para 2020-09-25...
[2025-02-21T16:07:34.302+0000] {spark_submit.py:641} INFO - INFO:__main__:Coletando dados para 2020-09-26...
[2025-02-21T16:07:37.328+0000] {spark_submit.py:641} INFO - INFO:__main__:Coletando dados para 2020-09-27...
[2025-02-21T16:07:40.241+0000] {spark_submit.py:641} INFO - INFO:__main__:Coletando dados para 2020-09-28...
[2025-02-21T16:07:43.303+0000] {spark_submit.py:641} INFO - INFO:__main__:Coletando dados para 2020-09-29...
[2025-02-21T16:07:45.566+0000] {spark_submit.py:641} INFO - INFO:__main__:Coletando dados para 2020-09-30...
[2025-02-21T16:07:49.866+0000] {spark_submit.py:641} INFO - INFO:__main__:Coletando dados para 2020-10-01...
[2025-02-21T16:08:02.532+0000] {spark_submit.py:641} INFO - INFO:__main__:Coletando dados para 2020-10-02...
[2025-02-21T16:08:07.981+0000] {spark_submit.py:641} INFO - INFO:__main__:Coletando dados para 2020-10-03...
[2025-02-21T16:08:10.887+0000] {spark_submit.py:641} INFO - INFO:__main__:Coletando dados para 2020-10-04...
[2025-02-21T16:08:13.218+0000] {spark_submit.py:641} INFO - INFO:__main__:Coletando dados para 2020-10-05...
[2025-02-21T16:08:16.754+0000] {spark_submit.py:641} INFO - INFO:__main__:Coletando dados para 2020-10-06...
[2025-02-21T16:08:21.078+0000] {spark_submit.py:641} INFO - INFO:__main__:Coletando dados para 2020-10-07...
[2025-02-21T16:08:26.583+0000] {spark_submit.py:641} INFO - INFO:__main__:Coletando dados para 2020-10-08...
[2025-02-21T16:08:32.061+0000] {spark_submit.py:641} INFO - INFO:__main__:Coletando dados para 2020-10-09...
[2025-02-21T16:08:37.583+0000] {spark_submit.py:641} INFO - INFO:__main__:Coletando dados para 2020-10-10...
[2025-02-21T16:08:41.824+0000] {spark_submit.py:641} INFO - INFO:__main__:Coletando dados para 2020-10-11...
[2025-02-21T16:08:44.942+0000] {spark_submit.py:641} INFO - INFO:__main__:Coletando dados para 2020-10-12...
[2025-02-21T16:08:47.288+0000] {spark_submit.py:641} INFO - INFO:__main__:Coletando dados para 2020-10-13...
[2025-02-21T16:08:50.181+0000] {spark_submit.py:641} INFO - INFO:__main__:Coletando dados para 2020-10-14...
[2025-02-21T16:08:53.807+0000] {spark_submit.py:641} INFO - INFO:__main__:Coletando dados para 2020-10-15...
[2025-02-21T16:08:59.986+0000] {spark_submit.py:641} INFO - INFO:__main__:Coletando dados para 2020-10-16...
[2025-02-21T16:09:06.255+0000] {spark_submit.py:641} INFO - INFO:__main__:Coletando dados para 2020-10-17...
[2025-02-21T16:09:09.148+0000] {spark_submit.py:641} INFO - INFO:__main__:Coletando dados para 2020-10-18...
[2025-02-21T16:09:11.589+0000] {spark_submit.py:641} INFO - INFO:__main__:Coletando dados para 2020-10-19...
[2025-02-21T16:09:14.647+0000] {spark_submit.py:641} INFO - INFO:__main__:Coletando dados para 2020-10-20...
[2025-02-21T16:09:18.912+0000] {spark_submit.py:641} INFO - INFO:__main__:Coletando dados para 2020-10-21...
[2025-02-21T16:09:23.177+0000] {spark_submit.py:641} INFO - INFO:__main__:Coletando dados para 2020-10-22...
[2025-02-21T16:09:29.344+0000] {spark_submit.py:641} INFO - INFO:__main__:Coletando dados para 2020-10-23...
[2025-02-21T16:09:36.255+0000] {spark_submit.py:641} INFO - INFO:__main__:Coletando dados para 2020-10-24...
[2025-02-21T16:09:40.410+0000] {spark_submit.py:641} INFO - INFO:__main__:Coletando dados para 2020-10-25...
[2025-02-21T16:09:44.793+0000] {spark_submit.py:641} INFO - INFO:__main__:Coletando dados para 2020-10-26...
[2025-02-21T16:09:53.068+0000] {spark_submit.py:641} INFO - INFO:__main__:Coletando dados para 2020-10-27...
[2025-02-21T16:10:02.901+0000] {spark_submit.py:641} INFO - INFO:__main__:Coletando dados para 2020-10-28...
[2025-02-21T16:10:15.123+0000] {spark_submit.py:641} INFO - INFO:__main__:Coletando dados para 2020-10-29...
[2025-02-21T16:10:31.712+0000] {spark_submit.py:641} INFO - INFO:__main__:Coletando dados para 2020-10-30...
[2025-02-21T16:10:45.089+0000] {spark_submit.py:641} INFO - INFO:__main__:Coletando dados para 2020-10-31...
[2025-02-21T16:10:52.563+0000] {spark_submit.py:641} INFO - INFO:__main__:Coletando dados para 2020-11-01...
[2025-02-21T16:10:59.972+0000] {spark_submit.py:641} INFO - INFO:__main__:Coletando dados para 2020-11-02...
[2025-02-21T16:11:03.570+0000] {spark_submit.py:641} INFO - INFO:__main__:Coletando dados para 2020-11-03...
[2025-02-21T16:11:07.114+0000] {spark_submit.py:641} INFO - INFO:__main__:Coletando dados para 2020-11-04...
[2025-02-21T16:11:14.491+0000] {spark_submit.py:641} INFO - INFO:__main__:Coletando dados para 2020-11-05...
[2025-02-21T16:11:25.475+0000] {spark_submit.py:641} INFO - INFO:__main__:Coletando dados para 2020-11-06...
[2025-02-21T16:11:36.396+0000] {spark_submit.py:641} INFO - INFO:__main__:Coletando dados para 2020-11-07...
[2025-02-21T16:11:41.702+0000] {spark_submit.py:641} INFO - INFO:__main__:Coletando dados para 2020-11-08...
[2025-02-21T16:11:47.054+0000] {spark_submit.py:641} INFO - INFO:__main__:Coletando dados para 2020-11-09...
[2025-02-21T16:11:53.648+0000] {spark_submit.py:641} INFO - INFO:__main__:Coletando dados para 2020-11-10...
[2025-02-21T16:12:00.285+0000] {spark_submit.py:641} INFO - INFO:__main__:Coletando dados para 2020-11-11...
[2025-02-21T16:12:09.808+0000] {spark_submit.py:641} INFO - INFO:__main__:Coletando dados para 2020-11-12...
[2025-02-21T16:12:16.123+0000] {spark_submit.py:641} INFO - 25/02/21 16:12:16 INFO StandaloneAppClient$ClientEndpoint: Executor added: app-20250221155136-0001/0 on worker-20250221154328-172.18.0.5-34499 (172.18.0.5:34499) with 1 core(s)
[2025-02-21T16:12:16.151+0000] {spark_submit.py:641} INFO - 25/02/21 16:12:16 INFO StandaloneSchedulerBackend: Granted executor ID app-20250221155136-0001/0 on hostPort 172.18.0.5:34499 with 1 core(s), 8.0 GiB RAM
[2025-02-21T16:12:16.152+0000] {spark_submit.py:641} INFO - 25/02/21 16:12:16 INFO StandaloneAppClient$ClientEndpoint: Executor added: app-20250221155136-0001/1 on worker-20250221154328-172.18.0.4-46027 (172.18.0.4:46027) with 1 core(s)
[2025-02-21T16:12:16.153+0000] {spark_submit.py:641} INFO - 25/02/21 16:12:16 INFO StandaloneSchedulerBackend: Granted executor ID app-20250221155136-0001/1 on hostPort 172.18.0.4:46027 with 1 core(s), 8.0 GiB RAM
[2025-02-21T16:12:16.195+0000] {spark_submit.py:641} INFO - 25/02/21 16:12:16 INFO StandaloneAppClient$ClientEndpoint: Executor updated: app-20250221155136-0001/0 is now RUNNING
[2025-02-21T16:12:16.205+0000] {spark_submit.py:641} INFO - 25/02/21 16:12:16 INFO StandaloneAppClient$ClientEndpoint: Executor updated: app-20250221155136-0001/1 is now RUNNING
[2025-02-21T16:12:19.119+0000] {spark_submit.py:641} INFO - 25/02/21 16:12:19 INFO StandaloneSchedulerBackend$StandaloneDriverEndpoint: Registered executor NettyRpcEndpointRef(spark-client://Executor) (172.18.0.5:40780) with ID 0,  ResourceProfileId 0
[2025-02-21T16:12:19.136+0000] {spark_submit.py:641} INFO - 25/02/21 16:12:19 INFO StandaloneSchedulerBackend$StandaloneDriverEndpoint: Registered executor NettyRpcEndpointRef(spark-client://Executor) (172.18.0.4:57964) with ID 1,  ResourceProfileId 0
[2025-02-21T16:12:19.215+0000] {spark_submit.py:641} INFO - 25/02/21 16:12:19 INFO BlockManagerMasterEndpoint: Registering block manager 172.18.0.5:35635 with 4.6 GiB RAM, BlockManagerId(0, 172.18.0.5, 35635, None)
[2025-02-21T16:12:19.221+0000] {spark_submit.py:641} INFO - 25/02/21 16:12:19 INFO BlockManagerMasterEndpoint: Registering block manager 172.18.0.4:33009 with 4.6 GiB RAM, BlockManagerId(1, 172.18.0.4, 33009, None)
[2025-02-21T16:12:19.518+0000] {spark_submit.py:641} INFO - INFO:__main__:Coletando dados para 2020-11-13...
[2025-02-21T16:12:33.467+0000] {spark_submit.py:641} INFO - INFO:__main__:Coletando dados para 2020-11-14...
[2025-02-21T16:12:41.628+0000] {spark_submit.py:641} INFO - INFO:__main__:Coletando dados para 2020-11-15...
[2025-02-21T16:12:48.454+0000] {spark_submit.py:641} INFO - INFO:__main__:Coletando dados para 2020-11-16...
[2025-02-21T16:12:53.742+0000] {spark_submit.py:641} INFO - INFO:__main__:Coletando dados para 2020-11-17...
[2025-02-21T16:12:59.119+0000] {spark_submit.py:641} INFO - INFO:__main__:Coletando dados para 2020-11-18...
[2025-02-21T16:13:05.649+0000] {spark_submit.py:641} INFO - INFO:__main__:Coletando dados para 2020-11-19...
[2025-02-21T16:13:12.064+0000] {spark_submit.py:641} INFO - INFO:__main__:Coletando dados para 2020-11-20...
[2025-02-21T16:13:19.366+0000] {spark_submit.py:641} INFO - INFO:__main__:Coletando dados para 2020-11-21...
[2025-02-21T16:13:23.043+0000] {spark_submit.py:641} INFO - INFO:__main__:Coletando dados para 2020-11-22...
[2025-02-21T16:13:25.301+0000] {spark_submit.py:641} INFO - INFO:__main__:Coletando dados para 2020-11-23...
[2025-02-21T16:13:28.876+0000] {spark_submit.py:641} INFO - INFO:__main__:Coletando dados para 2020-11-24...
[2025-02-21T16:13:32.420+0000] {spark_submit.py:641} INFO - INFO:__main__:Coletando dados para 2020-11-25...
[2025-02-21T16:13:36.046+0000] {spark_submit.py:641} INFO - INFO:__main__:Coletando dados para 2020-11-26...
[2025-02-21T16:13:40.312+0000] {spark_submit.py:641} INFO - INFO:__main__:Coletando dados para 2020-11-27...
[2025-02-21T16:13:45.838+0000] {spark_submit.py:641} INFO - INFO:__main__:Coletando dados para 2020-11-28...
[2025-02-21T16:13:48.784+0000] {spark_submit.py:641} INFO - INFO:__main__:Coletando dados para 2020-11-29...
[2025-02-21T16:13:50.434+0000] {spark_submit.py:641} INFO - INFO:__main__:Coletando dados para 2020-11-30...
[2025-02-21T16:13:53.571+0000] {spark_submit.py:641} INFO - INFO:__main__:Coletando dados para 2020-12-01...
[2025-02-21T16:14:06.201+0000] {spark_submit.py:641} INFO - INFO:__main__:Coletando dados para 2020-12-02...
[2025-02-21T16:14:09.753+0000] {spark_submit.py:641} INFO - INFO:__main__:Coletando dados para 2020-12-03...
[2025-02-21T16:14:15.336+0000] {spark_submit.py:641} INFO - INFO:__main__:Coletando dados para 2020-12-04...
[2025-02-21T16:14:20.932+0000] {spark_submit.py:641} INFO - INFO:__main__:Coletando dados para 2020-12-05...
[2025-02-21T16:14:24.643+0000] {spark_submit.py:641} INFO - INFO:__main__:Coletando dados para 2020-12-06...
[2025-02-21T16:14:27.546+0000] {spark_submit.py:641} INFO - INFO:__main__:Coletando dados para 2020-12-07...
[2025-02-21T16:14:30.550+0000] {spark_submit.py:641} INFO - INFO:__main__:Coletando dados para 2020-12-08...
[2025-02-21T16:14:33.469+0000] {spark_submit.py:641} INFO - INFO:__main__:Coletando dados para 2020-12-09...
[2025-02-21T16:14:36.445+0000] {spark_submit.py:641} INFO - INFO:__main__:Coletando dados para 2020-12-10...
[2025-02-21T16:14:40.627+0000] {spark_submit.py:641} INFO - INFO:__main__:Coletando dados para 2020-12-11...
[2025-02-21T16:14:46.099+0000] {spark_submit.py:641} INFO - INFO:__main__:Coletando dados para 2020-12-12...
[2025-02-21T16:14:51.029+0000] {spark_submit.py:641} INFO - INFO:__main__:Coletando dados para 2020-12-13...
[2025-02-21T16:14:53.326+0000] {spark_submit.py:641} INFO - INFO:__main__:Coletando dados para 2020-12-14...
[2025-02-21T16:14:55.756+0000] {spark_submit.py:641} INFO - INFO:__main__:Coletando dados para 2020-12-15...
[2025-02-21T16:15:00.094+0000] {spark_submit.py:641} INFO - INFO:__main__:Coletando dados para 2020-12-16...
[2025-02-21T16:15:02.458+0000] {spark_submit.py:641} INFO - INFO:__main__:Coletando dados para 2020-12-17...
[2025-02-21T16:15:06.003+0000] {spark_submit.py:641} INFO - INFO:__main__:Coletando dados para 2020-12-18...
[2025-02-21T16:15:10.945+0000] {spark_submit.py:641} INFO - INFO:__main__:Coletando dados para 2020-12-19...
[2025-02-21T16:15:13.342+0000] {spark_submit.py:641} INFO - INFO:__main__:Coletando dados para 2020-12-20...
[2025-02-21T16:15:16.527+0000] {spark_submit.py:641} INFO - INFO:__main__:Coletando dados para 2020-12-21...
[2025-02-21T16:15:18.811+0000] {spark_submit.py:641} INFO - INFO:__main__:Coletando dados para 2020-12-22...
[2025-02-21T16:15:20.546+0000] {spark_submit.py:641} INFO - INFO:__main__:Coletando dados para 2020-12-23...
[2025-02-21T16:15:22.835+0000] {spark_submit.py:641} INFO - INFO:__main__:Coletando dados para 2020-12-24...
[2025-02-21T16:15:26.043+0000] {spark_submit.py:641} INFO - INFO:__main__:Coletando dados para 2020-12-25...
[2025-02-21T16:15:30.260+0000] {spark_submit.py:641} INFO - INFO:__main__:Coletando dados para 2020-12-26...
[2025-02-21T16:15:31.978+0000] {spark_submit.py:641} INFO - INFO:__main__:Coletando dados para 2020-12-27...
[2025-02-21T16:15:33.726+0000] {spark_submit.py:641} INFO - INFO:__main__:Coletando dados para 2020-12-28...
[2025-02-21T16:15:35.360+0000] {spark_submit.py:641} INFO - INFO:__main__:Coletando dados para 2020-12-29...
[2025-02-21T16:15:37.004+0000] {spark_submit.py:641} INFO - INFO:__main__:Coletando dados para 2020-12-30...
[2025-02-21T16:15:39.320+0000] {spark_submit.py:641} INFO - INFO:__main__:Coletando dados para 2020-12-31...
[2025-02-21T16:15:49.996+0000] {spark_submit.py:641} INFO - INFO:__main__:Total de filmes coletados: 34942
[2025-02-21T16:15:50.801+0000] {spark_submit.py:641} INFO - 25/02/21 16:15:50 INFO SharedState: Setting hive.metastore.warehouse.dir ('null') to the value of spark.sql.warehouse.dir.
[2025-02-21T16:15:50.807+0000] {spark_submit.py:641} INFO - 25/02/21 16:15:50 INFO SharedState: Warehouse path is 'file:/opt/***/spark-warehouse'.
[2025-02-21T16:15:51.844+0000] {spark_submit.py:641} INFO - Traceback (most recent call last):
[2025-02-21T16:15:51.845+0000] {spark_submit.py:641} INFO - File "/opt/bitnami/spark/scripts/ing_mov_20_21.py", line 139, in <module>
[2025-02-21T16:15:51.846+0000] {spark_submit.py:641} INFO - .save("s3a://bronze/movie_20_21/")
[2025-02-21T16:15:51.846+0000] {spark_submit.py:641} INFO - ^^^^^^^^^^^^^^^^^^^^^^^^^^^^^^^^^
[2025-02-21T16:15:51.846+0000] {spark_submit.py:641} INFO - File "/home/***/.local/lib/python3.12/site-packages/pyspark/python/lib/pyspark.zip/pyspark/sql/readwriter.py", line 1463, in save
[2025-02-21T16:15:51.847+0000] {spark_submit.py:641} INFO - File "/home/***/.local/lib/python3.12/site-packages/pyspark/python/lib/py4j-0.10.9.7-src.zip/py4j/java_gateway.py", line 1322, in __call__
[2025-02-21T16:15:51.847+0000] {spark_submit.py:641} INFO - File "/home/***/.local/lib/python3.12/site-packages/pyspark/python/lib/pyspark.zip/pyspark/errors/exceptions/captured.py", line 179, in deco
[2025-02-21T16:15:51.847+0000] {spark_submit.py:641} INFO - File "/home/***/.local/lib/python3.12/site-packages/pyspark/python/lib/py4j-0.10.9.7-src.zip/py4j/protocol.py", line 326, in get_return_value
[2025-02-21T16:15:51.848+0000] {spark_submit.py:641} INFO - py4j.protocol.Py4JJavaError: An error occurred while calling o59.save.
[2025-02-21T16:15:51.848+0000] {spark_submit.py:641} INFO - : java.lang.RuntimeException: java.lang.ClassNotFoundException: Class org.apache.hadoop.fs.s3a.S3AFileSystem not found
[2025-02-21T16:15:51.848+0000] {spark_submit.py:641} INFO - at org.apache.hadoop.conf.Configuration.getClass(Configuration.java:2688)
[2025-02-21T16:15:51.849+0000] {spark_submit.py:641} INFO - at org.apache.hadoop.fs.FileSystem.getFileSystemClass(FileSystem.java:3431)
[2025-02-21T16:15:51.849+0000] {spark_submit.py:641} INFO - at org.apache.hadoop.fs.FileSystem.createFileSystem(FileSystem.java:3466)
[2025-02-21T16:15:51.849+0000] {spark_submit.py:641} INFO - at org.apache.hadoop.fs.FileSystem.access$300(FileSystem.java:174)
[2025-02-21T16:15:51.849+0000] {spark_submit.py:641} INFO - at org.apache.hadoop.fs.FileSystem$Cache.getInternal(FileSystem.java:3574)
[2025-02-21T16:15:51.850+0000] {spark_submit.py:641} INFO - at org.apache.hadoop.fs.FileSystem$Cache.get(FileSystem.java:3521)
[2025-02-21T16:15:51.850+0000] {spark_submit.py:641} INFO - at org.apache.hadoop.fs.FileSystem.get(FileSystem.java:540)
[2025-02-21T16:15:51.850+0000] {spark_submit.py:641} INFO - at org.apache.hadoop.fs.Path.getFileSystem(Path.java:365)
[2025-02-21T16:15:51.851+0000] {spark_submit.py:641} INFO - at org.apache.spark.sql.execution.datasources.DataSource.planForWritingFileFormat(DataSource.scala:454)
[2025-02-21T16:15:51.851+0000] {spark_submit.py:641} INFO - at org.apache.spark.sql.execution.datasources.DataSource.planForWriting(DataSource.scala:530)
[2025-02-21T16:15:51.851+0000] {spark_submit.py:641} INFO - at org.apache.spark.sql.DataFrameWriter.saveToV1Source(DataFrameWriter.scala:391)
[2025-02-21T16:15:51.852+0000] {spark_submit.py:641} INFO - at org.apache.spark.sql.DataFrameWriter.saveInternal(DataFrameWriter.scala:364)
[2025-02-21T16:15:51.852+0000] {spark_submit.py:641} INFO - at org.apache.spark.sql.DataFrameWriter.save(DataFrameWriter.scala:243)
[2025-02-21T16:15:51.852+0000] {spark_submit.py:641} INFO - at java.base/jdk.internal.reflect.NativeMethodAccessorImpl.invoke0(Native Method)
[2025-02-21T16:15:51.853+0000] {spark_submit.py:641} INFO - at java.base/jdk.internal.reflect.NativeMethodAccessorImpl.invoke(NativeMethodAccessorImpl.java:77)
[2025-02-21T16:15:51.853+0000] {spark_submit.py:641} INFO - at java.base/jdk.internal.reflect.DelegatingMethodAccessorImpl.invoke(DelegatingMethodAccessorImpl.java:43)
[2025-02-21T16:15:51.853+0000] {spark_submit.py:641} INFO - at java.base/java.lang.reflect.Method.invoke(Method.java:569)
[2025-02-21T16:15:51.853+0000] {spark_submit.py:641} INFO - at py4j.reflection.MethodInvoker.invoke(MethodInvoker.java:244)
[2025-02-21T16:15:51.854+0000] {spark_submit.py:641} INFO - at py4j.reflection.ReflectionEngine.invoke(ReflectionEngine.java:374)
[2025-02-21T16:15:51.854+0000] {spark_submit.py:641} INFO - at py4j.Gateway.invoke(Gateway.java:282)
[2025-02-21T16:15:51.854+0000] {spark_submit.py:641} INFO - at py4j.commands.AbstractCommand.invokeMethod(AbstractCommand.java:132)
[2025-02-21T16:15:51.855+0000] {spark_submit.py:641} INFO - at py4j.commands.CallCommand.execute(CallCommand.java:79)
[2025-02-21T16:15:51.855+0000] {spark_submit.py:641} INFO - at py4j.ClientServerConnection.waitForCommands(ClientServerConnection.java:182)
[2025-02-21T16:15:51.855+0000] {spark_submit.py:641} INFO - at py4j.ClientServerConnection.run(ClientServerConnection.java:106)
[2025-02-21T16:15:51.855+0000] {spark_submit.py:641} INFO - at java.base/java.lang.Thread.run(Thread.java:840)
[2025-02-21T16:15:51.856+0000] {spark_submit.py:641} INFO - Caused by: java.lang.ClassNotFoundException: Class org.apache.hadoop.fs.s3a.S3AFileSystem not found
[2025-02-21T16:15:51.856+0000] {spark_submit.py:641} INFO - at org.apache.hadoop.conf.Configuration.getClassByName(Configuration.java:2592)
[2025-02-21T16:15:51.856+0000] {spark_submit.py:641} INFO - at org.apache.hadoop.conf.Configuration.getClass(Configuration.java:2686)
[2025-02-21T16:15:51.856+0000] {spark_submit.py:641} INFO - ... 24 more
[2025-02-21T16:15:51.857+0000] {spark_submit.py:641} INFO - 
[2025-02-21T16:15:51.857+0000] {spark_submit.py:641} INFO - INFO:py4j.clientserver:Closing down clientserver connection
[2025-02-21T16:15:51.990+0000] {spark_submit.py:641} INFO - 25/02/21 16:15:51 INFO SparkContext: Invoking stop() from shutdown hook
[2025-02-21T16:15:51.991+0000] {spark_submit.py:641} INFO - 25/02/21 16:15:51 INFO SparkContext: SparkContext is stopping with exitCode 0.
[2025-02-21T16:15:51.996+0000] {spark_submit.py:641} INFO - 25/02/21 16:15:51 INFO SparkUI: Stopped Spark web UI at http://ee8cee1d6fd8:4041
[2025-02-21T16:15:52.000+0000] {spark_submit.py:641} INFO - 25/02/21 16:15:51 INFO StandaloneSchedulerBackend: Shutting down all executors
[2025-02-21T16:15:52.000+0000] {spark_submit.py:641} INFO - 25/02/21 16:15:52 INFO StandaloneSchedulerBackend$StandaloneDriverEndpoint: Asking each executor to shut down
[2025-02-21T16:15:52.016+0000] {spark_submit.py:641} INFO - 25/02/21 16:15:52 INFO MapOutputTrackerMasterEndpoint: MapOutputTrackerMasterEndpoint stopped!
[2025-02-21T16:15:52.049+0000] {spark_submit.py:641} INFO - 25/02/21 16:15:52 INFO MemoryStore: MemoryStore cleared
[2025-02-21T16:15:52.050+0000] {spark_submit.py:641} INFO - 25/02/21 16:15:52 INFO BlockManager: BlockManager stopped
[2025-02-21T16:15:52.054+0000] {spark_submit.py:641} INFO - 25/02/21 16:15:52 INFO BlockManagerMaster: BlockManagerMaster stopped
[2025-02-21T16:15:52.056+0000] {spark_submit.py:641} INFO - 25/02/21 16:15:52 INFO OutputCommitCoordinator$OutputCommitCoordinatorEndpoint: OutputCommitCoordinator stopped!
[2025-02-21T16:15:52.066+0000] {spark_submit.py:641} INFO - 25/02/21 16:15:52 INFO SparkContext: Successfully stopped SparkContext
[2025-02-21T16:15:52.066+0000] {spark_submit.py:641} INFO - 25/02/21 16:15:52 INFO ShutdownHookManager: Shutdown hook called
[2025-02-21T16:15:52.067+0000] {spark_submit.py:641} INFO - 25/02/21 16:15:52 INFO ShutdownHookManager: Deleting directory /tmp/spark-3b4e44c1-aee6-44e4-a470-617c70d80062
[2025-02-21T16:15:52.070+0000] {spark_submit.py:641} INFO - 25/02/21 16:15:52 INFO ShutdownHookManager: Deleting directory /tmp/spark-3b4e44c1-aee6-44e4-a470-617c70d80062/pyspark-86758a82-7b57-4fd5-8164-285411fb9b12
[2025-02-21T16:15:52.073+0000] {spark_submit.py:641} INFO - 25/02/21 16:15:52 INFO ShutdownHookManager: Deleting directory /tmp/spark-a59569e0-08a8-423e-abe4-af8542df9a81
[2025-02-21T16:15:52.107+0000] {taskinstance.py:3313} ERROR - Task failed with exception
Traceback (most recent call last):
  File "/home/airflow/.local/lib/python3.12/site-packages/airflow/models/taskinstance.py", line 768, in _execute_task
    result = _execute_callable(context=context, **execute_callable_kwargs)
             ^^^^^^^^^^^^^^^^^^^^^^^^^^^^^^^^^^^^^^^^^^^^^^^^^^^^^^^^^^^^^
  File "/home/airflow/.local/lib/python3.12/site-packages/airflow/models/taskinstance.py", line 734, in _execute_callable
    return ExecutionCallableRunner(
           ^^^^^^^^^^^^^^^^^^^^^^^^
  File "/home/airflow/.local/lib/python3.12/site-packages/airflow/utils/operator_helpers.py", line 252, in run
    return self.func(*args, **kwargs)
           ^^^^^^^^^^^^^^^^^^^^^^^^^^
  File "/home/airflow/.local/lib/python3.12/site-packages/airflow/models/baseoperator.py", line 424, in wrapper
    return func(self, *args, **kwargs)
           ^^^^^^^^^^^^^^^^^^^^^^^^^^^
  File "/home/airflow/.local/lib/python3.12/site-packages/airflow/providers/apache/spark/operators/spark_submit.py", line 177, in execute
    self._hook.submit(self.application)
  File "/home/airflow/.local/lib/python3.12/site-packages/airflow/providers/apache/spark/hooks/spark_submit.py", line 567, in submit
    raise AirflowException(
airflow.exceptions.AirflowException: Cannot execute: spark-submit --master local[*] --conf spark.hadoop.fs.s3a.access.key=MINIO_ACCESS_KEY --conf spark.hadoop.fs.s3a.secret.key=****** --conf spark.hadoop.fs.s3a.endpoint=http://minio:9000 --conf spark.hadoop.fs.s3a.path.style.access=true --conf spark.hadoop.fs.s3a.impl=org.apache.hadoop.fs.s3a.S3AFileSystem --driver-memory 4g --principal admin --name arrow-spark --verbose --queue root.default --deploy-mode client /opt/bitnami/spark/scripts/ing_mov_20_21.py. Error code is: 1.
[2025-02-21T16:15:52.111+0000] {taskinstance.py:1226} INFO - Marking task as FAILED. dag_id=ing_mov_20_21, task_id=run_spark_script, run_id=manual__2025-02-21T15:41:01.497749+00:00, execution_date=20250221T154101, start_date=20250221T155132, end_date=20250221T161552
[2025-02-21T16:15:52.140+0000] {taskinstance.py:341} INFO - ::group::Post task execution logs
[2025-02-21T16:15:52.141+0000] {standard_task_runner.py:124} ERROR - Failed to execute job 11 for task run_spark_script (Cannot execute: spark-submit --master local[*] --conf spark.hadoop.fs.s3a.access.key=MINIO_ACCESS_KEY --conf spark.hadoop.fs.s3a.secret.key=****** --conf spark.hadoop.fs.s3a.endpoint=http://minio:9000 --conf spark.hadoop.fs.s3a.path.style.access=true --conf spark.hadoop.fs.s3a.impl=org.apache.hadoop.fs.s3a.S3AFileSystem --driver-memory 4g --principal admin --name arrow-spark --verbose --queue root.default --deploy-mode client /opt/bitnami/spark/scripts/ing_mov_20_21.py. Error code is: 1.; 283)
Traceback (most recent call last):
  File "/home/airflow/.local/lib/python3.12/site-packages/airflow/task/task_runner/standard_task_runner.py", line 117, in _start_by_fork
    ret = args.func(args, dag=self.dag)
          ^^^^^^^^^^^^^^^^^^^^^^^^^^^^^
  File "/home/airflow/.local/lib/python3.12/site-packages/airflow/cli/cli_config.py", line 49, in command
    return func(*args, **kwargs)
           ^^^^^^^^^^^^^^^^^^^^^
  File "/home/airflow/.local/lib/python3.12/site-packages/airflow/utils/cli.py", line 116, in wrapper
    return f(*args, **kwargs)
           ^^^^^^^^^^^^^^^^^^
  File "/home/airflow/.local/lib/python3.12/site-packages/airflow/cli/commands/task_command.py", line 483, in task_run
    task_return_code = _run_task_by_selected_method(args, _dag, ti)
                       ^^^^^^^^^^^^^^^^^^^^^^^^^^^^^^^^^^^^^^^^^^^^
  File "/home/airflow/.local/lib/python3.12/site-packages/airflow/cli/commands/task_command.py", line 256, in _run_task_by_selected_method
    return _run_raw_task(args, ti)
           ^^^^^^^^^^^^^^^^^^^^^^^
  File "/home/airflow/.local/lib/python3.12/site-packages/airflow/cli/commands/task_command.py", line 341, in _run_raw_task
    return ti._run_raw_task(
           ^^^^^^^^^^^^^^^^^
  File "/home/airflow/.local/lib/python3.12/site-packages/airflow/utils/session.py", line 97, in wrapper
    return func(*args, session=session, **kwargs)
           ^^^^^^^^^^^^^^^^^^^^^^^^^^^^^^^^^^^^^^
  File "/home/airflow/.local/lib/python3.12/site-packages/airflow/models/taskinstance.py", line 3006, in _run_raw_task
    return _run_raw_task(
           ^^^^^^^^^^^^^^
  File "/home/airflow/.local/lib/python3.12/site-packages/airflow/models/taskinstance.py", line 274, in _run_raw_task
    TaskInstance._execute_task_with_callbacks(
  File "/home/airflow/.local/lib/python3.12/site-packages/airflow/models/taskinstance.py", line 3161, in _execute_task_with_callbacks
    result = self._execute_task(context, task_orig)
             ^^^^^^^^^^^^^^^^^^^^^^^^^^^^^^^^^^^^^^
  File "/home/airflow/.local/lib/python3.12/site-packages/airflow/models/taskinstance.py", line 3185, in _execute_task
    return _execute_task(self, context, task_orig)
           ^^^^^^^^^^^^^^^^^^^^^^^^^^^^^^^^^^^^^^^
  File "/home/airflow/.local/lib/python3.12/site-packages/airflow/models/taskinstance.py", line 768, in _execute_task
    result = _execute_callable(context=context, **execute_callable_kwargs)
             ^^^^^^^^^^^^^^^^^^^^^^^^^^^^^^^^^^^^^^^^^^^^^^^^^^^^^^^^^^^^^
  File "/home/airflow/.local/lib/python3.12/site-packages/airflow/models/taskinstance.py", line 734, in _execute_callable
    return ExecutionCallableRunner(
           ^^^^^^^^^^^^^^^^^^^^^^^^
  File "/home/airflow/.local/lib/python3.12/site-packages/airflow/utils/operator_helpers.py", line 252, in run
    return self.func(*args, **kwargs)
           ^^^^^^^^^^^^^^^^^^^^^^^^^^
  File "/home/airflow/.local/lib/python3.12/site-packages/airflow/models/baseoperator.py", line 424, in wrapper
    return func(self, *args, **kwargs)
           ^^^^^^^^^^^^^^^^^^^^^^^^^^^
  File "/home/airflow/.local/lib/python3.12/site-packages/airflow/providers/apache/spark/operators/spark_submit.py", line 177, in execute
    self._hook.submit(self.application)
  File "/home/airflow/.local/lib/python3.12/site-packages/airflow/providers/apache/spark/hooks/spark_submit.py", line 567, in submit
    raise AirflowException(
airflow.exceptions.AirflowException: Cannot execute: spark-submit --master local[*] --conf spark.hadoop.fs.s3a.access.key=MINIO_ACCESS_KEY --conf spark.hadoop.fs.s3a.secret.key=****** --conf spark.hadoop.fs.s3a.endpoint=http://minio:9000 --conf spark.hadoop.fs.s3a.path.style.access=true --conf spark.hadoop.fs.s3a.impl=org.apache.hadoop.fs.s3a.S3AFileSystem --driver-memory 4g --principal admin --name arrow-spark --verbose --queue root.default --deploy-mode client /opt/bitnami/spark/scripts/ing_mov_20_21.py. Error code is: 1.
[2025-02-21T16:15:52.150+0000] {local_task_job_runner.py:266} INFO - Task exited with return code 1
[2025-02-21T16:15:52.166+0000] {taskinstance.py:3901} INFO - 0 downstream tasks scheduled from follow-on schedule check
[2025-02-21T16:15:52.167+0000] {local_task_job_runner.py:245} INFO - ::endgroup::
