[2025-02-13T02:53:33.114+0000] {local_task_job_runner.py:123} INFO - ::group::Pre task execution logs
[2025-02-13T02:53:33.134+0000] {taskinstance.py:2614} INFO - Dependencies all met for dep_context=non-requeueable deps ti=<TaskInstance: ing_mov_20_21.run_spark_script manual__2025-02-13T02:53:31.555132+00:00 [queued]>
[2025-02-13T02:53:33.143+0000] {taskinstance.py:2614} INFO - Dependencies all met for dep_context=requeueable deps ti=<TaskInstance: ing_mov_20_21.run_spark_script manual__2025-02-13T02:53:31.555132+00:00 [queued]>
[2025-02-13T02:53:33.144+0000] {taskinstance.py:2867} INFO - Starting attempt 1 of 2
[2025-02-13T02:53:33.157+0000] {taskinstance.py:2890} INFO - Executing <Task(BashOperator): run_spark_script> on 2025-02-13 02:53:31.555132+00:00
[2025-02-13T02:53:33.161+0000] {warnings.py:112} WARNING - /home/***/.local/lib/python3.12/site-packages/***/task/task_runner/standard_task_runner.py:70: DeprecationWarning: This process (pid=67) is multi-threaded, use of fork() may lead to deadlocks in the child.
  pid = os.fork()

[2025-02-13T02:53:33.163+0000] {standard_task_runner.py:72} INFO - Started process 68 to run task
[2025-02-13T02:53:33.163+0000] {standard_task_runner.py:104} INFO - Running: ['***', 'tasks', 'run', 'ing_mov_20_21', 'run_spark_script', 'manual__2025-02-13T02:53:31.555132+00:00', '--job-id', '6', '--raw', '--subdir', 'DAGS_FOLDER/scriptteste.py', '--cfg-path', '/tmp/tmplo4tcj5o']
[2025-02-13T02:53:33.164+0000] {standard_task_runner.py:105} INFO - Job 6: Subtask run_spark_script
[2025-02-13T02:53:33.216+0000] {task_command.py:467} INFO - Running <TaskInstance: ing_mov_20_21.run_spark_script manual__2025-02-13T02:53:31.555132+00:00 [running]> on host 5ea0f7521610
[2025-02-13T02:53:33.306+0000] {taskinstance.py:3134} INFO - Exporting env vars: AIRFLOW_CTX_DAG_OWNER='***' AIRFLOW_CTX_DAG_ID='ing_mov_20_21' AIRFLOW_CTX_TASK_ID='run_spark_script' AIRFLOW_CTX_EXECUTION_DATE='2025-02-13T02:53:31.555132+00:00' AIRFLOW_CTX_TRY_NUMBER='1' AIRFLOW_CTX_DAG_RUN_ID='manual__2025-02-13T02:53:31.555132+00:00'
[2025-02-13T02:53:33.307+0000] {taskinstance.py:732} INFO - ::endgroup::
[2025-02-13T02:53:33.336+0000] {subprocess.py:78} INFO - Tmp dir root location: /tmp
[2025-02-13T02:53:33.338+0000] {subprocess.py:88} INFO - Running command: ['/usr/bin/bash', '-c', 'spark-submit /opt/bitnami/spark/scripts/ing_mov_20_21.py']
[2025-02-13T02:53:33.345+0000] {subprocess.py:99} INFO - Output:
[2025-02-13T02:53:36.718+0000] {subprocess.py:106} INFO - 25/02/13 02:53:36 INFO SparkContext: Running Spark version 3.5.4
[2025-02-13T02:53:36.721+0000] {subprocess.py:106} INFO - 25/02/13 02:53:36 INFO SparkContext: OS info Linux, 5.15.167.4-microsoft-standard-WSL2, amd64
[2025-02-13T02:53:36.722+0000] {subprocess.py:106} INFO - 25/02/13 02:53:36 INFO SparkContext: Java version 17.0.14
[2025-02-13T02:53:36.788+0000] {subprocess.py:106} INFO - 25/02/13 02:53:36 WARN NativeCodeLoader: Unable to load native-hadoop library for your platform... using builtin-java classes where applicable
[2025-02-13T02:53:36.895+0000] {subprocess.py:106} INFO - 25/02/13 02:53:36 INFO ResourceUtils: ==============================================================
[2025-02-13T02:53:36.895+0000] {subprocess.py:106} INFO - 25/02/13 02:53:36 INFO ResourceUtils: No custom resources configured for spark.driver.
[2025-02-13T02:53:36.897+0000] {subprocess.py:106} INFO - 25/02/13 02:53:36 INFO ResourceUtils: ==============================================================
[2025-02-13T02:53:36.897+0000] {subprocess.py:106} INFO - 25/02/13 02:53:36 INFO SparkContext: Submitted application: Movies_20_21
[2025-02-13T02:53:36.929+0000] {subprocess.py:106} INFO - 25/02/13 02:53:36 INFO ResourceProfile: Default ResourceProfile created, executor resources: Map(memory -> name: memory, amount: 13312, script: , vendor: , offHeap -> name: offHeap, amount: 0, script: , vendor: ), task resources: Map(cpus -> name: cpus, amount: 1.0)
[2025-02-13T02:53:36.944+0000] {subprocess.py:106} INFO - 25/02/13 02:53:36 INFO ResourceProfile: Limiting resource is cpu
[2025-02-13T02:53:36.946+0000] {subprocess.py:106} INFO - 25/02/13 02:53:36 INFO ResourceProfileManager: Added ResourceProfile id: 0
[2025-02-13T02:53:37.007+0000] {subprocess.py:106} INFO - 25/02/13 02:53:37 INFO SecurityManager: Changing view acls to: ***
[2025-02-13T02:53:37.008+0000] {subprocess.py:106} INFO - 25/02/13 02:53:37 INFO SecurityManager: Changing modify acls to: ***
[2025-02-13T02:53:37.009+0000] {subprocess.py:106} INFO - 25/02/13 02:53:37 INFO SecurityManager: Changing view acls groups to:
[2025-02-13T02:53:37.012+0000] {subprocess.py:106} INFO - 25/02/13 02:53:37 INFO SecurityManager: Changing modify acls groups to:
[2025-02-13T02:53:37.012+0000] {subprocess.py:106} INFO - 25/02/13 02:53:37 INFO SecurityManager: SecurityManager: authentication disabled; ui acls disabled; users with view permissions: ***; groups with view permissions: EMPTY; users with modify permissions: ***; groups with modify permissions: EMPTY
[2025-02-13T02:53:37.339+0000] {subprocess.py:106} INFO - 25/02/13 02:53:37 INFO Utils: Successfully started service 'sparkDriver' on port 32867.
[2025-02-13T02:53:37.368+0000] {subprocess.py:106} INFO - 25/02/13 02:53:37 INFO SparkEnv: Registering MapOutputTracker
[2025-02-13T02:53:37.405+0000] {subprocess.py:106} INFO - 25/02/13 02:53:37 INFO SparkEnv: Registering BlockManagerMaster
[2025-02-13T02:53:37.422+0000] {subprocess.py:106} INFO - 25/02/13 02:53:37 INFO BlockManagerMasterEndpoint: Using org.apache.spark.storage.DefaultTopologyMapper for getting topology information
[2025-02-13T02:53:37.423+0000] {subprocess.py:106} INFO - 25/02/13 02:53:37 INFO BlockManagerMasterEndpoint: BlockManagerMasterEndpoint up
[2025-02-13T02:53:37.427+0000] {subprocess.py:106} INFO - 25/02/13 02:53:37 INFO SparkEnv: Registering BlockManagerMasterHeartbeat
[2025-02-13T02:53:37.449+0000] {subprocess.py:106} INFO - 25/02/13 02:53:37 INFO DiskBlockManager: Created local directory at /tmp/blockmgr-f03a0f83-f89e-43bb-9cf2-0f83b0348726
[2025-02-13T02:53:37.464+0000] {subprocess.py:106} INFO - 25/02/13 02:53:37 INFO MemoryStore: MemoryStore started with capacity 434.4 MiB
[2025-02-13T02:53:37.479+0000] {subprocess.py:106} INFO - 25/02/13 02:53:37 INFO SparkEnv: Registering OutputCommitCoordinator
[2025-02-13T02:53:37.609+0000] {subprocess.py:106} INFO - 25/02/13 02:53:37 INFO JettyUtils: Start Jetty 0.0.0.0:4040 for SparkUI
[2025-02-13T02:53:37.669+0000] {subprocess.py:106} INFO - 25/02/13 02:53:37 INFO Utils: Successfully started service 'SparkUI' on port 4040.
[2025-02-13T02:53:37.799+0000] {subprocess.py:106} INFO - 25/02/13 02:53:37 INFO StandaloneAppClient$ClientEndpoint: Connecting to master spark://spark:7077...
[2025-02-13T02:53:37.845+0000] {subprocess.py:106} INFO - 25/02/13 02:53:37 INFO TransportClientFactory: Successfully created connection to spark/172.19.0.6:7077 after 23 ms (0 ms spent in bootstraps)
[2025-02-13T02:53:37.980+0000] {subprocess.py:106} INFO - 25/02/13 02:53:37 INFO StandaloneSchedulerBackend: Connected to Spark cluster with app ID app-20250213025337-0000
[2025-02-13T02:53:37.988+0000] {subprocess.py:106} INFO - 25/02/13 02:53:37 INFO Utils: Successfully started service 'org.apache.spark.network.netty.NettyBlockTransferService' on port 33563.
[2025-02-13T02:53:37.988+0000] {subprocess.py:106} INFO - 25/02/13 02:53:37 INFO NettyBlockTransferService: Server created on 5ea0f7521610:33563
[2025-02-13T02:53:37.992+0000] {subprocess.py:106} INFO - 25/02/13 02:53:37 INFO BlockManager: Using org.apache.spark.storage.RandomBlockReplicationPolicy for block replication policy
[2025-02-13T02:53:37.997+0000] {subprocess.py:106} INFO - 25/02/13 02:53:37 INFO BlockManagerMaster: Registering BlockManager BlockManagerId(driver, 5ea0f7521610, 33563, None)
[2025-02-13T02:53:38.000+0000] {subprocess.py:106} INFO - 25/02/13 02:53:38 INFO BlockManagerMasterEndpoint: Registering block manager 5ea0f7521610:33563 with 434.4 MiB RAM, BlockManagerId(driver, 5ea0f7521610, 33563, None)
[2025-02-13T02:53:38.002+0000] {subprocess.py:106} INFO - 25/02/13 02:53:38 INFO BlockManagerMaster: Registered BlockManager BlockManagerId(driver, 5ea0f7521610, 33563, None)
[2025-02-13T02:53:38.004+0000] {subprocess.py:106} INFO - 25/02/13 02:53:38 INFO BlockManager: Initialized BlockManager: BlockManagerId(driver, 5ea0f7521610, 33563, None)
[2025-02-13T02:53:38.027+0000] {subprocess.py:106} INFO - 25/02/13 02:53:38 INFO StandaloneAppClient$ClientEndpoint: Executor added: app-20250213025337-0000/0 on worker-20250213025227-172.19.0.5-33967 (172.19.0.5:33967) with 2 core(s)
[2025-02-13T02:53:38.038+0000] {subprocess.py:106} INFO - 25/02/13 02:53:38 INFO StandaloneSchedulerBackend: Granted executor ID app-20250213025337-0000/0 on hostPort 172.19.0.5:33967 with 2 core(s), 13.0 GiB RAM
[2025-02-13T02:53:38.039+0000] {subprocess.py:106} INFO - 25/02/13 02:53:38 INFO StandaloneAppClient$ClientEndpoint: Executor added: app-20250213025337-0000/1 on worker-20250213025227-172.19.0.7-37125 (172.19.0.7:37125) with 2 core(s)
[2025-02-13T02:53:38.040+0000] {subprocess.py:106} INFO - 25/02/13 02:53:38 INFO StandaloneSchedulerBackend: Granted executor ID app-20250213025337-0000/1 on hostPort 172.19.0.7:37125 with 2 core(s), 13.0 GiB RAM
[2025-02-13T02:53:38.423+0000] {subprocess.py:106} INFO - 25/02/13 02:53:38 INFO StandaloneAppClient$ClientEndpoint: Executor updated: app-20250213025337-0000/0 is now RUNNING
[2025-02-13T02:53:38.424+0000] {subprocess.py:106} INFO - 25/02/13 02:53:38 INFO StandaloneAppClient$ClientEndpoint: Executor updated: app-20250213025337-0000/1 is now RUNNING
[2025-02-13T02:53:38.500+0000] {subprocess.py:106} INFO - 25/02/13 02:53:38 INFO StandaloneSchedulerBackend: SchedulerBackend is ready for scheduling beginning after reached minRegisteredResourcesRatio: 0.0
[2025-02-13T02:53:42.499+0000] {subprocess.py:106} INFO - 25/02/13 02:53:42 INFO StandaloneSchedulerBackend$StandaloneDriverEndpoint: Registered executor NettyRpcEndpointRef(spark-client://Executor) (172.19.0.7:35760) with ID 1,  ResourceProfileId 0
[2025-02-13T02:53:42.522+0000] {subprocess.py:106} INFO - 25/02/13 02:53:42 INFO StandaloneSchedulerBackend$StandaloneDriverEndpoint: Registered executor NettyRpcEndpointRef(spark-client://Executor) (172.19.0.5:43788) with ID 0,  ResourceProfileId 0
[2025-02-13T02:53:42.701+0000] {subprocess.py:106} INFO - 25/02/13 02:53:42 INFO BlockManagerMasterEndpoint: Registering block manager 172.19.0.5:35121 with 7.6 GiB RAM, BlockManagerId(0, 172.19.0.5, 35121, None)
[2025-02-13T02:53:42.731+0000] {subprocess.py:106} INFO - 25/02/13 02:53:42 INFO BlockManagerMasterEndpoint: Registering block manager 172.19.0.7:36547 with 7.6 GiB RAM, BlockManagerId(1, 172.19.0.7, 36547, None)
[2025-02-13T03:31:05.965+0000] {subprocess.py:106} INFO - 25/02/13 03:31:05 INFO SharedState: Setting hive.metastore.warehouse.dir ('null') to the value of spark.sql.warehouse.dir.
[2025-02-13T03:31:05.983+0000] {subprocess.py:106} INFO - 25/02/13 03:31:05 INFO SharedState: Warehouse path is 'file:/tmp/***tmps9xzul3l/spark-warehouse'.
[2025-02-13T03:31:07.110+0000] {subprocess.py:106} INFO - Erro na execução: An error occurred while calling o55.save.
[2025-02-13T03:31:07.110+0000] {subprocess.py:106} INFO - : java.lang.RuntimeException: java.lang.ClassNotFoundException: Class org.apache.hadoop.fs.s3a.S3AFileSystem not found
[2025-02-13T03:31:07.110+0000] {subprocess.py:106} INFO - 	at org.apache.hadoop.conf.Configuration.getClass(Configuration.java:2688)
[2025-02-13T03:31:07.111+0000] {subprocess.py:106} INFO - 	at org.apache.hadoop.fs.FileSystem.getFileSystemClass(FileSystem.java:3431)
[2025-02-13T03:31:07.112+0000] {subprocess.py:106} INFO - 	at org.apache.hadoop.fs.FileSystem.createFileSystem(FileSystem.java:3466)
[2025-02-13T03:31:07.112+0000] {subprocess.py:106} INFO - 	at org.apache.hadoop.fs.FileSystem.access$300(FileSystem.java:174)
[2025-02-13T03:31:07.113+0000] {subprocess.py:106} INFO - 	at org.apache.hadoop.fs.FileSystem$Cache.getInternal(FileSystem.java:3574)
[2025-02-13T03:31:07.113+0000] {subprocess.py:106} INFO - 	at org.apache.hadoop.fs.FileSystem$Cache.get(FileSystem.java:3521)
[2025-02-13T03:31:07.114+0000] {subprocess.py:106} INFO - 	at org.apache.hadoop.fs.FileSystem.get(FileSystem.java:540)
[2025-02-13T03:31:07.114+0000] {subprocess.py:106} INFO - 	at org.apache.hadoop.fs.Path.getFileSystem(Path.java:365)
[2025-02-13T03:31:07.114+0000] {subprocess.py:106} INFO - 	at org.apache.spark.sql.execution.datasources.DataSource.planForWritingFileFormat(DataSource.scala:454)
[2025-02-13T03:31:07.114+0000] {subprocess.py:106} INFO - 	at org.apache.spark.sql.execution.datasources.DataSource.planForWriting(DataSource.scala:530)
[2025-02-13T03:31:07.115+0000] {subprocess.py:106} INFO - 	at org.apache.spark.sql.DataFrameWriter.saveToV1Source(DataFrameWriter.scala:391)
[2025-02-13T03:31:07.115+0000] {subprocess.py:106} INFO - 	at org.apache.spark.sql.DataFrameWriter.saveInternal(DataFrameWriter.scala:364)
[2025-02-13T03:31:07.115+0000] {subprocess.py:106} INFO - 	at org.apache.spark.sql.DataFrameWriter.save(DataFrameWriter.scala:243)
[2025-02-13T03:31:07.116+0000] {subprocess.py:106} INFO - 	at java.base/jdk.internal.reflect.NativeMethodAccessorImpl.invoke0(Native Method)
[2025-02-13T03:31:07.116+0000] {subprocess.py:106} INFO - 	at java.base/jdk.internal.reflect.NativeMethodAccessorImpl.invoke(NativeMethodAccessorImpl.java:77)
[2025-02-13T03:31:07.116+0000] {subprocess.py:106} INFO - 	at java.base/jdk.internal.reflect.DelegatingMethodAccessorImpl.invoke(DelegatingMethodAccessorImpl.java:43)
[2025-02-13T03:31:07.117+0000] {subprocess.py:106} INFO - 	at java.base/java.lang.reflect.Method.invoke(Method.java:569)
[2025-02-13T03:31:07.117+0000] {subprocess.py:106} INFO - 	at py4j.reflection.MethodInvoker.invoke(MethodInvoker.java:244)
[2025-02-13T03:31:07.117+0000] {subprocess.py:106} INFO - 	at py4j.reflection.ReflectionEngine.invoke(ReflectionEngine.java:374)
[2025-02-13T03:31:07.117+0000] {subprocess.py:106} INFO - 	at py4j.Gateway.invoke(Gateway.java:282)
[2025-02-13T03:31:07.118+0000] {subprocess.py:106} INFO - 	at py4j.commands.AbstractCommand.invokeMethod(AbstractCommand.java:132)
[2025-02-13T03:31:07.119+0000] {subprocess.py:106} INFO - 	at py4j.commands.CallCommand.execute(CallCommand.java:79)
[2025-02-13T03:31:07.119+0000] {subprocess.py:106} INFO - 	at py4j.ClientServerConnection.waitForCommands(ClientServerConnection.java:182)
[2025-02-13T03:31:07.120+0000] {subprocess.py:106} INFO - 	at py4j.ClientServerConnection.run(ClientServerConnection.java:106)
[2025-02-13T03:31:07.120+0000] {subprocess.py:106} INFO - 	at java.base/java.lang.Thread.run(Thread.java:840)
[2025-02-13T03:31:07.120+0000] {subprocess.py:106} INFO - Caused by: java.lang.ClassNotFoundException: Class org.apache.hadoop.fs.s3a.S3AFileSystem not found
[2025-02-13T03:31:07.120+0000] {subprocess.py:106} INFO - 	at org.apache.hadoop.conf.Configuration.getClassByName(Configuration.java:2592)
[2025-02-13T03:31:07.121+0000] {subprocess.py:106} INFO - 	at org.apache.hadoop.conf.Configuration.getClass(Configuration.java:2686)
[2025-02-13T03:31:07.121+0000] {subprocess.py:106} INFO - 	... 24 more
[2025-02-13T03:31:07.121+0000] {subprocess.py:106} INFO - 
[2025-02-13T03:31:07.267+0000] {subprocess.py:106} INFO - 25/02/13 03:31:07 INFO SparkContext: Invoking stop() from shutdown hook
[2025-02-13T03:31:07.268+0000] {subprocess.py:106} INFO - 25/02/13 03:31:07 INFO SparkContext: SparkContext is stopping with exitCode 0.
[2025-02-13T03:31:07.276+0000] {subprocess.py:106} INFO - 25/02/13 03:31:07 INFO SparkUI: Stopped Spark web UI at http://5ea0f7521610:4040
[2025-02-13T03:31:07.280+0000] {subprocess.py:106} INFO - 25/02/13 03:31:07 INFO StandaloneSchedulerBackend: Shutting down all executors
[2025-02-13T03:31:07.281+0000] {subprocess.py:106} INFO - 25/02/13 03:31:07 INFO StandaloneSchedulerBackend$StandaloneDriverEndpoint: Asking each executor to shut down
[2025-02-13T03:31:07.296+0000] {subprocess.py:106} INFO - 25/02/13 03:31:07 INFO MapOutputTrackerMasterEndpoint: MapOutputTrackerMasterEndpoint stopped!
[2025-02-13T03:31:07.328+0000] {subprocess.py:106} INFO - 25/02/13 03:31:07 INFO MemoryStore: MemoryStore cleared
[2025-02-13T03:31:07.329+0000] {subprocess.py:106} INFO - 25/02/13 03:31:07 INFO BlockManager: BlockManager stopped
[2025-02-13T03:31:07.338+0000] {subprocess.py:106} INFO - 25/02/13 03:31:07 INFO BlockManagerMaster: BlockManagerMaster stopped
[2025-02-13T03:31:07.342+0000] {subprocess.py:106} INFO - 25/02/13 03:31:07 INFO OutputCommitCoordinator$OutputCommitCoordinatorEndpoint: OutputCommitCoordinator stopped!
[2025-02-13T03:31:07.351+0000] {subprocess.py:106} INFO - 25/02/13 03:31:07 INFO SparkContext: Successfully stopped SparkContext
[2025-02-13T03:31:07.352+0000] {subprocess.py:106} INFO - 25/02/13 03:31:07 INFO ShutdownHookManager: Shutdown hook called
[2025-02-13T03:31:07.353+0000] {subprocess.py:106} INFO - 25/02/13 03:31:07 INFO ShutdownHookManager: Deleting directory /tmp/spark-a42150f4-d945-4e59-b08c-dee340e1de49/pyspark-f1d598c5-a006-42c5-91b3-53e87a7fab64
[2025-02-13T03:31:07.357+0000] {subprocess.py:106} INFO - 25/02/13 03:31:07 INFO ShutdownHookManager: Deleting directory /tmp/spark-a42150f4-d945-4e59-b08c-dee340e1de49
[2025-02-13T03:31:07.359+0000] {subprocess.py:106} INFO - 25/02/13 03:31:07 INFO ShutdownHookManager: Deleting directory /tmp/spark-bc4cdf73-fb36-4ee7-b706-27e35ac697b1
[2025-02-13T03:31:07.386+0000] {subprocess.py:110} INFO - Command exited with return code 0
[2025-02-13T03:31:07.416+0000] {taskinstance.py:341} INFO - ::group::Post task execution logs
[2025-02-13T03:31:07.416+0000] {taskinstance.py:353} INFO - Marking task as SUCCESS. dag_id=ing_mov_20_21, task_id=run_spark_script, run_id=manual__2025-02-13T02:53:31.555132+00:00, execution_date=20250213T025331, start_date=20250213T025333, end_date=20250213T033107
[2025-02-13T03:31:07.472+0000] {local_task_job_runner.py:266} INFO - Task exited with return code 0
[2025-02-13T03:31:07.488+0000] {taskinstance.py:3901} INFO - 0 downstream tasks scheduled from follow-on schedule check
[2025-02-13T03:31:07.490+0000] {local_task_job_runner.py:245} INFO - ::endgroup::
[2025-02-17T22:45:39.978+0000] {local_task_job_runner.py:123} INFO - ::group::Pre task execution logs
[2025-02-17T22:45:40.003+0000] {taskinstance.py:2604} INFO - Dependencies not met for <TaskInstance: ing_mov_20_21.run_spark_script manual__2025-02-13T02:53:31.555132+00:00 [success]>, dependency 'Task Instance State' FAILED: Task is in the 'success' state.
[2025-02-17T22:45:40.005+0000] {local_task_job_runner.py:166} INFO - Task is not able to be run
