[2025-02-14T12:53:12.783+0000] {local_task_job_runner.py:123} INFO - ::group::Pre task execution logs
[2025-02-14T12:53:12.805+0000] {taskinstance.py:2614} INFO - Dependencies all met for dep_context=non-requeueable deps ti=<TaskInstance: ing_mov_20_21.run_spark_script manual__2025-02-14T12:33:09.933380+00:00 [queued]>
[2025-02-14T12:53:12.816+0000] {taskinstance.py:2614} INFO - Dependencies all met for dep_context=requeueable deps ti=<TaskInstance: ing_mov_20_21.run_spark_script manual__2025-02-14T12:33:09.933380+00:00 [queued]>
[2025-02-14T12:53:12.828+0000] {taskinstance.py:2867} INFO - Starting attempt 2 of 2
[2025-02-14T12:53:12.899+0000] {taskinstance.py:2890} INFO - Executing <Task(BashOperator): run_spark_script> on 2025-02-14 12:33:09.933380+00:00
[2025-02-14T12:53:12.906+0000] {warnings.py:112} WARNING - /home/***/.local/lib/python3.12/site-packages/***/task/task_runner/standard_task_runner.py:70: DeprecationWarning: This process (pid=514) is multi-threaded, use of fork() may lead to deadlocks in the child.
  pid = os.fork()

[2025-02-14T12:53:12.908+0000] {standard_task_runner.py:72} INFO - Started process 515 to run task
[2025-02-14T12:53:12.909+0000] {standard_task_runner.py:104} INFO - Running: ['***', 'tasks', 'run', 'ing_mov_20_21', 'run_spark_script', 'manual__2025-02-14T12:33:09.933380+00:00', '--job-id', '4', '--raw', '--subdir', 'DAGS_FOLDER/scriptteste.py', '--cfg-path', '/tmp/tmpj8pb0d4x']
[2025-02-14T12:53:12.910+0000] {standard_task_runner.py:105} INFO - Job 4: Subtask run_spark_script
[2025-02-14T12:53:13.077+0000] {task_command.py:467} INFO - Running <TaskInstance: ing_mov_20_21.run_spark_script manual__2025-02-14T12:33:09.933380+00:00 [running]> on host 60b47d2b4be8
[2025-02-14T12:53:13.629+0000] {taskinstance.py:3134} INFO - Exporting env vars: AIRFLOW_CTX_DAG_OWNER='***' AIRFLOW_CTX_DAG_ID='ing_mov_20_21' AIRFLOW_CTX_TASK_ID='run_spark_script' AIRFLOW_CTX_EXECUTION_DATE='2025-02-14T12:33:09.933380+00:00' AIRFLOW_CTX_TRY_NUMBER='2' AIRFLOW_CTX_DAG_RUN_ID='manual__2025-02-14T12:33:09.933380+00:00'
[2025-02-14T12:53:13.631+0000] {taskinstance.py:732} INFO - ::endgroup::
[2025-02-14T12:53:13.649+0000] {subprocess.py:78} INFO - Tmp dir root location: /tmp
[2025-02-14T12:53:13.650+0000] {subprocess.py:88} INFO - Running command: ['/usr/bin/bash', '-c', 'spark-submit --packages org.apache.hadoop:hadoop-aws:3.3.6,com.amazonaws:aws-java-sdk-s3:1.12.720 /opt/bitnami/spark/scripts/ing_mov_20_21.py']
[2025-02-14T12:53:13.661+0000] {subprocess.py:99} INFO - Output:
[2025-02-14T12:53:16.729+0000] {subprocess.py:106} INFO - :: loading settings :: url = jar:file:/home/***/.local/lib/python3.12/site-packages/pyspark/jars/ivy-2.5.1.jar!/org/apache/ivy/core/settings/ivysettings.xml
[2025-02-14T12:53:16.831+0000] {subprocess.py:106} INFO - Ivy Default Cache set to: /home/***/.ivy2/cache
[2025-02-14T12:53:16.833+0000] {subprocess.py:106} INFO - The jars for the packages stored in: /home/***/.ivy2/jars
[2025-02-14T12:53:16.839+0000] {subprocess.py:106} INFO - org.apache.hadoop#hadoop-aws added as a dependency
[2025-02-14T12:53:16.841+0000] {subprocess.py:106} INFO - com.amazonaws#aws-java-sdk-s3 added as a dependency
[2025-02-14T12:53:16.842+0000] {subprocess.py:106} INFO - :: resolving dependencies :: org.apache.spark#spark-submit-parent-cc879235-a9ae-4590-869d-30fcd80efa86;1.0
[2025-02-14T12:53:16.842+0000] {subprocess.py:106} INFO - 	confs: [default]
[2025-02-14T12:53:17.051+0000] {subprocess.py:106} INFO - 	found org.apache.hadoop#hadoop-aws;3.3.6 in central
[2025-02-14T12:53:17.088+0000] {subprocess.py:106} INFO - 	found com.amazonaws#aws-java-sdk-bundle;1.12.367 in central
[2025-02-14T12:53:17.126+0000] {subprocess.py:106} INFO - 	found org.wildfly.openssl#wildfly-openssl;1.1.3.Final in central
[2025-02-14T12:53:17.167+0000] {subprocess.py:106} INFO - 	found com.amazonaws#aws-java-sdk-s3;1.12.720 in central
[2025-02-14T12:53:17.203+0000] {subprocess.py:106} INFO - 	found com.amazonaws#aws-java-sdk-kms;1.12.720 in central
[2025-02-14T12:53:17.380+0000] {subprocess.py:106} INFO - 	found com.amazonaws#aws-java-sdk-core;1.12.720 in central
[2025-02-14T12:53:17.410+0000] {subprocess.py:106} INFO - 	found commons-logging#commons-logging;1.1.3 in central
[2025-02-14T12:53:17.442+0000] {subprocess.py:106} INFO - 	found commons-codec#commons-codec;1.15 in central
[2025-02-14T12:53:17.477+0000] {subprocess.py:106} INFO - 	found org.apache.httpcomponents#httpclient;4.5.13 in central
[2025-02-14T12:53:17.509+0000] {subprocess.py:106} INFO - 	found org.apache.httpcomponents#httpcore;4.4.13 in central
[2025-02-14T12:53:17.539+0000] {subprocess.py:106} INFO - 	found com.fasterxml.jackson.core#jackson-databind;2.12.7.2 in central
[2025-02-14T12:53:17.562+0000] {subprocess.py:106} INFO - 	found com.fasterxml.jackson.core#jackson-annotations;2.12.7 in central
[2025-02-14T12:53:17.586+0000] {subprocess.py:106} INFO - 	found com.fasterxml.jackson.core#jackson-core;2.12.7 in central
[2025-02-14T12:53:17.611+0000] {subprocess.py:106} INFO - 	found com.fasterxml.jackson.dataformat#jackson-dataformat-cbor;2.12.6 in central
[2025-02-14T12:53:17.635+0000] {subprocess.py:106} INFO - 	found joda-time#joda-time;2.12.7 in central
[2025-02-14T12:53:17.657+0000] {subprocess.py:106} INFO - 	found com.amazonaws#jmespath-java;1.12.720 in central
[2025-02-14T12:53:17.728+0000] {subprocess.py:106} INFO - :: resolution report :: resolve 838ms :: artifacts dl 49ms
[2025-02-14T12:53:17.731+0000] {subprocess.py:106} INFO - 	:: modules in use:
[2025-02-14T12:53:17.733+0000] {subprocess.py:106} INFO - 	com.amazonaws#aws-java-sdk-bundle;1.12.367 from central in [default]
[2025-02-14T12:53:17.734+0000] {subprocess.py:106} INFO - 	com.amazonaws#aws-java-sdk-core;1.12.720 from central in [default]
[2025-02-14T12:53:17.735+0000] {subprocess.py:106} INFO - 	com.amazonaws#aws-java-sdk-kms;1.12.720 from central in [default]
[2025-02-14T12:53:17.736+0000] {subprocess.py:106} INFO - 	com.amazonaws#aws-java-sdk-s3;1.12.720 from central in [default]
[2025-02-14T12:53:17.737+0000] {subprocess.py:106} INFO - 	com.amazonaws#jmespath-java;1.12.720 from central in [default]
[2025-02-14T12:53:17.738+0000] {subprocess.py:106} INFO - 	com.fasterxml.jackson.core#jackson-annotations;2.12.7 from central in [default]
[2025-02-14T12:53:17.739+0000] {subprocess.py:106} INFO - 	com.fasterxml.jackson.core#jackson-core;2.12.7 from central in [default]
[2025-02-14T12:53:17.740+0000] {subprocess.py:106} INFO - 	com.fasterxml.jackson.core#jackson-databind;2.12.7.2 from central in [default]
[2025-02-14T12:53:17.741+0000] {subprocess.py:106} INFO - 	com.fasterxml.jackson.dataformat#jackson-dataformat-cbor;2.12.6 from central in [default]
[2025-02-14T12:53:17.742+0000] {subprocess.py:106} INFO - 	commons-codec#commons-codec;1.15 from central in [default]
[2025-02-14T12:53:17.744+0000] {subprocess.py:106} INFO - 	commons-logging#commons-logging;1.1.3 from central in [default]
[2025-02-14T12:53:17.745+0000] {subprocess.py:106} INFO - 	joda-time#joda-time;2.12.7 from central in [default]
[2025-02-14T12:53:17.747+0000] {subprocess.py:106} INFO - 	org.apache.hadoop#hadoop-aws;3.3.6 from central in [default]
[2025-02-14T12:53:17.748+0000] {subprocess.py:106} INFO - 	org.apache.httpcomponents#httpclient;4.5.13 from central in [default]
[2025-02-14T12:53:17.749+0000] {subprocess.py:106} INFO - 	org.apache.httpcomponents#httpcore;4.4.13 from central in [default]
[2025-02-14T12:53:17.750+0000] {subprocess.py:106} INFO - 	org.wildfly.openssl#wildfly-openssl;1.1.3.Final from central in [default]
[2025-02-14T12:53:17.751+0000] {subprocess.py:106} INFO - 	:: evicted modules:
[2025-02-14T12:53:17.752+0000] {subprocess.py:106} INFO - 	commons-logging#commons-logging;1.2 by [commons-logging#commons-logging;1.1.3] in [default]
[2025-02-14T12:53:17.752+0000] {subprocess.py:106} INFO - 	commons-codec#commons-codec;1.11 by [commons-codec#commons-codec;1.15] in [default]
[2025-02-14T12:53:17.754+0000] {subprocess.py:106} INFO - 	com.fasterxml.jackson.core#jackson-databind;2.12.6 by [com.fasterxml.jackson.core#jackson-databind;2.12.7.2] in [default]
[2025-02-14T12:53:17.755+0000] {subprocess.py:106} INFO - 	com.fasterxml.jackson.core#jackson-core;2.12.6 by [com.fasterxml.jackson.core#jackson-core;2.12.7] in [default]
[2025-02-14T12:53:17.757+0000] {subprocess.py:106} INFO - 	---------------------------------------------------------------------
[2025-02-14T12:53:17.759+0000] {subprocess.py:106} INFO - 	|                  |            modules            ||   artifacts   |
[2025-02-14T12:53:17.760+0000] {subprocess.py:106} INFO - 	|       conf       | number| search|dwnlded|evicted|| number|dwnlded|
[2025-02-14T12:53:17.761+0000] {subprocess.py:106} INFO - 	---------------------------------------------------------------------
[2025-02-14T12:53:17.761+0000] {subprocess.py:106} INFO - 	|      default     |   20  |   0   |   0   |   4   ||   16  |   0   |
[2025-02-14T12:53:17.762+0000] {subprocess.py:106} INFO - 	---------------------------------------------------------------------
[2025-02-14T12:53:17.763+0000] {subprocess.py:106} INFO - :: retrieving :: org.apache.spark#spark-submit-parent-cc879235-a9ae-4590-869d-30fcd80efa86
[2025-02-14T12:53:17.764+0000] {subprocess.py:106} INFO - 	confs: [default]
[2025-02-14T12:53:17.771+0000] {subprocess.py:106} INFO - 	0 artifacts copied, 16 already retrieved (0kB/23ms)
[2025-02-14T12:53:18.127+0000] {subprocess.py:106} INFO - 25/02/14 12:53:18 WARN NativeCodeLoader: Unable to load native-hadoop library for your platform... using builtin-java classes where applicable
[2025-02-14T12:53:20.299+0000] {subprocess.py:106} INFO - 25/02/14 12:53:20 INFO SparkContext: Running Spark version 3.5.4
[2025-02-14T12:53:20.300+0000] {subprocess.py:106} INFO - 25/02/14 12:53:20 INFO SparkContext: OS info Linux, 5.15.167.4-microsoft-standard-WSL2, amd64
[2025-02-14T12:53:20.301+0000] {subprocess.py:106} INFO - 25/02/14 12:53:20 INFO SparkContext: Java version 17.0.14
[2025-02-14T12:53:20.335+0000] {subprocess.py:106} INFO - 25/02/14 12:53:20 INFO ResourceUtils: ==============================================================
[2025-02-14T12:53:20.336+0000] {subprocess.py:106} INFO - 25/02/14 12:53:20 INFO ResourceUtils: No custom resources configured for spark.driver.
[2025-02-14T12:53:20.337+0000] {subprocess.py:106} INFO - 25/02/14 12:53:20 INFO ResourceUtils: ==============================================================
[2025-02-14T12:53:20.338+0000] {subprocess.py:106} INFO - 25/02/14 12:53:20 INFO SparkContext: Submitted application: Movies_20_21
[2025-02-14T12:53:20.372+0000] {subprocess.py:106} INFO - 25/02/14 12:53:20 INFO ResourceProfile: Default ResourceProfile created, executor resources: Map(cores -> name: cores, amount: 2, script: , vendor: , memory -> name: memory, amount: 12288, script: , vendor: , offHeap -> name: offHeap, amount: 0, script: , vendor: ), task resources: Map(cpus -> name: cpus, amount: 1.0)
[2025-02-14T12:53:20.388+0000] {subprocess.py:106} INFO - 25/02/14 12:53:20 INFO ResourceProfile: Limiting resource is cpus at 2 tasks per executor
[2025-02-14T12:53:20.391+0000] {subprocess.py:106} INFO - 25/02/14 12:53:20 INFO ResourceProfileManager: Added ResourceProfile id: 0
[2025-02-14T12:53:20.468+0000] {subprocess.py:106} INFO - 25/02/14 12:53:20 INFO SecurityManager: Changing view acls to: ***
[2025-02-14T12:53:20.469+0000] {subprocess.py:106} INFO - 25/02/14 12:53:20 INFO SecurityManager: Changing modify acls to: ***
[2025-02-14T12:53:20.470+0000] {subprocess.py:106} INFO - 25/02/14 12:53:20 INFO SecurityManager: Changing view acls groups to:
[2025-02-14T12:53:20.471+0000] {subprocess.py:106} INFO - 25/02/14 12:53:20 INFO SecurityManager: Changing modify acls groups to:
[2025-02-14T12:53:20.472+0000] {subprocess.py:106} INFO - 25/02/14 12:53:20 INFO SecurityManager: SecurityManager: authentication disabled; ui acls disabled; users with view permissions: ***; groups with view permissions: EMPTY; users with modify permissions: ***; groups with modify permissions: EMPTY
[2025-02-14T12:53:20.768+0000] {subprocess.py:106} INFO - 25/02/14 12:53:20 INFO Utils: Successfully started service 'sparkDriver' on port 43047.
[2025-02-14T12:53:20.801+0000] {subprocess.py:106} INFO - 25/02/14 12:53:20 INFO SparkEnv: Registering MapOutputTracker
[2025-02-14T12:53:20.847+0000] {subprocess.py:106} INFO - 25/02/14 12:53:20 INFO SparkEnv: Registering BlockManagerMaster
[2025-02-14T12:53:20.869+0000] {subprocess.py:106} INFO - 25/02/14 12:53:20 INFO BlockManagerMasterEndpoint: Using org.apache.spark.storage.DefaultTopologyMapper for getting topology information
[2025-02-14T12:53:20.870+0000] {subprocess.py:106} INFO - 25/02/14 12:53:20 INFO BlockManagerMasterEndpoint: BlockManagerMasterEndpoint up
[2025-02-14T12:53:20.876+0000] {subprocess.py:106} INFO - 25/02/14 12:53:20 INFO SparkEnv: Registering BlockManagerMasterHeartbeat
[2025-02-14T12:53:20.902+0000] {subprocess.py:106} INFO - 25/02/14 12:53:20 INFO DiskBlockManager: Created local directory at /tmp/blockmgr-cc1fec34-3608-4726-bc6b-6ee0c3108cb2
[2025-02-14T12:53:20.919+0000] {subprocess.py:106} INFO - 25/02/14 12:53:20 INFO MemoryStore: MemoryStore started with capacity 434.4 MiB
[2025-02-14T12:53:20.939+0000] {subprocess.py:106} INFO - 25/02/14 12:53:20 INFO SparkEnv: Registering OutputCommitCoordinator
[2025-02-14T12:53:21.094+0000] {subprocess.py:106} INFO - 25/02/14 12:53:21 INFO JettyUtils: Start Jetty 0.0.0.0:4040 for SparkUI
[2025-02-14T12:53:21.183+0000] {subprocess.py:106} INFO - 25/02/14 12:53:21 INFO Utils: Successfully started service 'SparkUI' on port 4040.
[2025-02-14T12:53:21.238+0000] {subprocess.py:106} INFO - 25/02/14 12:53:21 INFO SparkContext: Added JAR file:///home/***/.ivy2/jars/org.apache.hadoop_hadoop-aws-3.3.6.jar at spark://60b47d2b4be8:43047/jars/org.apache.hadoop_hadoop-aws-3.3.6.jar with timestamp 1739537600288
[2025-02-14T12:53:21.239+0000] {subprocess.py:106} INFO - 25/02/14 12:53:21 INFO SparkContext: Added JAR file:///home/***/.ivy2/jars/com.amazonaws_aws-java-sdk-s3-1.12.720.jar at spark://60b47d2b4be8:43047/jars/com.amazonaws_aws-java-sdk-s3-1.12.720.jar with timestamp 1739537600288
[2025-02-14T12:53:21.240+0000] {subprocess.py:106} INFO - 25/02/14 12:53:21 INFO SparkContext: Added JAR file:///home/***/.ivy2/jars/com.amazonaws_aws-java-sdk-bundle-1.12.367.jar at spark://60b47d2b4be8:43047/jars/com.amazonaws_aws-java-sdk-bundle-1.12.367.jar with timestamp 1739537600288
[2025-02-14T12:53:21.241+0000] {subprocess.py:106} INFO - 25/02/14 12:53:21 INFO SparkContext: Added JAR file:///home/***/.ivy2/jars/org.wildfly.openssl_wildfly-openssl-1.1.3.Final.jar at spark://60b47d2b4be8:43047/jars/org.wildfly.openssl_wildfly-openssl-1.1.3.Final.jar with timestamp 1739537600288
[2025-02-14T12:53:21.242+0000] {subprocess.py:106} INFO - 25/02/14 12:53:21 INFO SparkContext: Added JAR file:///home/***/.ivy2/jars/com.amazonaws_aws-java-sdk-kms-1.12.720.jar at spark://60b47d2b4be8:43047/jars/com.amazonaws_aws-java-sdk-kms-1.12.720.jar with timestamp 1739537600288
[2025-02-14T12:53:21.243+0000] {subprocess.py:106} INFO - 25/02/14 12:53:21 INFO SparkContext: Added JAR file:///home/***/.ivy2/jars/com.amazonaws_aws-java-sdk-core-1.12.720.jar at spark://60b47d2b4be8:43047/jars/com.amazonaws_aws-java-sdk-core-1.12.720.jar with timestamp 1739537600288
[2025-02-14T12:53:21.243+0000] {subprocess.py:106} INFO - 25/02/14 12:53:21 INFO SparkContext: Added JAR file:///home/***/.ivy2/jars/com.amazonaws_jmespath-java-1.12.720.jar at spark://60b47d2b4be8:43047/jars/com.amazonaws_jmespath-java-1.12.720.jar with timestamp 1739537600288
[2025-02-14T12:53:21.244+0000] {subprocess.py:106} INFO - 25/02/14 12:53:21 INFO SparkContext: Added JAR file:///home/***/.ivy2/jars/commons-logging_commons-logging-1.1.3.jar at spark://60b47d2b4be8:43047/jars/commons-logging_commons-logging-1.1.3.jar with timestamp 1739537600288
[2025-02-14T12:53:21.245+0000] {subprocess.py:106} INFO - 25/02/14 12:53:21 INFO SparkContext: Added JAR file:///home/***/.ivy2/jars/commons-codec_commons-codec-1.15.jar at spark://60b47d2b4be8:43047/jars/commons-codec_commons-codec-1.15.jar with timestamp 1739537600288
[2025-02-14T12:53:21.246+0000] {subprocess.py:106} INFO - 25/02/14 12:53:21 INFO SparkContext: Added JAR file:///home/***/.ivy2/jars/org.apache.httpcomponents_httpclient-4.5.13.jar at spark://60b47d2b4be8:43047/jars/org.apache.httpcomponents_httpclient-4.5.13.jar with timestamp 1739537600288
[2025-02-14T12:53:21.247+0000] {subprocess.py:106} INFO - 25/02/14 12:53:21 INFO SparkContext: Added JAR file:///home/***/.ivy2/jars/com.fasterxml.jackson.core_jackson-databind-2.12.7.2.jar at spark://60b47d2b4be8:43047/jars/com.fasterxml.jackson.core_jackson-databind-2.12.7.2.jar with timestamp 1739537600288
[2025-02-14T12:53:21.248+0000] {subprocess.py:106} INFO - 25/02/14 12:53:21 INFO SparkContext: Added JAR file:///home/***/.ivy2/jars/com.fasterxml.jackson.dataformat_jackson-dataformat-cbor-2.12.6.jar at spark://60b47d2b4be8:43047/jars/com.fasterxml.jackson.dataformat_jackson-dataformat-cbor-2.12.6.jar with timestamp 1739537600288
[2025-02-14T12:53:21.249+0000] {subprocess.py:106} INFO - 25/02/14 12:53:21 INFO SparkContext: Added JAR file:///home/***/.ivy2/jars/joda-time_joda-time-2.12.7.jar at spark://60b47d2b4be8:43047/jars/joda-time_joda-time-2.12.7.jar with timestamp 1739537600288
[2025-02-14T12:53:21.250+0000] {subprocess.py:106} INFO - 25/02/14 12:53:21 INFO SparkContext: Added JAR file:///home/***/.ivy2/jars/org.apache.httpcomponents_httpcore-4.4.13.jar at spark://60b47d2b4be8:43047/jars/org.apache.httpcomponents_httpcore-4.4.13.jar with timestamp 1739537600288
[2025-02-14T12:53:21.251+0000] {subprocess.py:106} INFO - 25/02/14 12:53:21 INFO SparkContext: Added JAR file:///home/***/.ivy2/jars/com.fasterxml.jackson.core_jackson-annotations-2.12.7.jar at spark://60b47d2b4be8:43047/jars/com.fasterxml.jackson.core_jackson-annotations-2.12.7.jar with timestamp 1739537600288
[2025-02-14T12:53:21.251+0000] {subprocess.py:106} INFO - 25/02/14 12:53:21 INFO SparkContext: Added JAR file:///home/***/.ivy2/jars/com.fasterxml.jackson.core_jackson-core-2.12.7.jar at spark://60b47d2b4be8:43047/jars/com.fasterxml.jackson.core_jackson-core-2.12.7.jar with timestamp 1739537600288
[2025-02-14T12:53:21.253+0000] {subprocess.py:106} INFO - 25/02/14 12:53:21 INFO SparkContext: Added file file:///home/***/.ivy2/jars/org.apache.hadoop_hadoop-aws-3.3.6.jar at spark://60b47d2b4be8:43047/files/org.apache.hadoop_hadoop-aws-3.3.6.jar with timestamp 1739537600288
[2025-02-14T12:53:21.254+0000] {subprocess.py:106} INFO - 25/02/14 12:53:21 INFO Utils: Copying /home/***/.ivy2/jars/org.apache.hadoop_hadoop-aws-3.3.6.jar to /tmp/spark-f8976c19-48cd-4952-901d-7382394c8ae0/userFiles-ac1ab363-8bab-4124-a7c4-f8c3ded7cbbe/org.apache.hadoop_hadoop-aws-3.3.6.jar
[2025-02-14T12:53:21.265+0000] {subprocess.py:106} INFO - 25/02/14 12:53:21 INFO SparkContext: Added file file:///home/***/.ivy2/jars/com.amazonaws_aws-java-sdk-s3-1.12.720.jar at spark://60b47d2b4be8:43047/files/com.amazonaws_aws-java-sdk-s3-1.12.720.jar with timestamp 1739537600288
[2025-02-14T12:53:21.266+0000] {subprocess.py:106} INFO - 25/02/14 12:53:21 INFO Utils: Copying /home/***/.ivy2/jars/com.amazonaws_aws-java-sdk-s3-1.12.720.jar to /tmp/spark-f8976c19-48cd-4952-901d-7382394c8ae0/userFiles-ac1ab363-8bab-4124-a7c4-f8c3ded7cbbe/com.amazonaws_aws-java-sdk-s3-1.12.720.jar
[2025-02-14T12:53:21.272+0000] {subprocess.py:106} INFO - 25/02/14 12:53:21 INFO SparkContext: Added file file:///home/***/.ivy2/jars/com.amazonaws_aws-java-sdk-bundle-1.12.367.jar at spark://60b47d2b4be8:43047/files/com.amazonaws_aws-java-sdk-bundle-1.12.367.jar with timestamp 1739537600288
[2025-02-14T12:53:21.274+0000] {subprocess.py:106} INFO - 25/02/14 12:53:21 INFO Utils: Copying /home/***/.ivy2/jars/com.amazonaws_aws-java-sdk-bundle-1.12.367.jar to /tmp/spark-f8976c19-48cd-4952-901d-7382394c8ae0/userFiles-ac1ab363-8bab-4124-a7c4-f8c3ded7cbbe/com.amazonaws_aws-java-sdk-bundle-1.12.367.jar
[2025-02-14T12:53:21.433+0000] {subprocess.py:106} INFO - 25/02/14 12:53:21 INFO SparkContext: Added file file:///home/***/.ivy2/jars/org.wildfly.openssl_wildfly-openssl-1.1.3.Final.jar at spark://60b47d2b4be8:43047/files/org.wildfly.openssl_wildfly-openssl-1.1.3.Final.jar with timestamp 1739537600288
[2025-02-14T12:53:21.434+0000] {subprocess.py:106} INFO - 25/02/14 12:53:21 INFO Utils: Copying /home/***/.ivy2/jars/org.wildfly.openssl_wildfly-openssl-1.1.3.Final.jar to /tmp/spark-f8976c19-48cd-4952-901d-7382394c8ae0/userFiles-ac1ab363-8bab-4124-a7c4-f8c3ded7cbbe/org.wildfly.openssl_wildfly-openssl-1.1.3.Final.jar
[2025-02-14T12:53:21.439+0000] {subprocess.py:106} INFO - 25/02/14 12:53:21 INFO SparkContext: Added file file:///home/***/.ivy2/jars/com.amazonaws_aws-java-sdk-kms-1.12.720.jar at spark://60b47d2b4be8:43047/files/com.amazonaws_aws-java-sdk-kms-1.12.720.jar with timestamp 1739537600288
[2025-02-14T12:53:21.439+0000] {subprocess.py:106} INFO - 25/02/14 12:53:21 INFO Utils: Copying /home/***/.ivy2/jars/com.amazonaws_aws-java-sdk-kms-1.12.720.jar to /tmp/spark-f8976c19-48cd-4952-901d-7382394c8ae0/userFiles-ac1ab363-8bab-4124-a7c4-f8c3ded7cbbe/com.amazonaws_aws-java-sdk-kms-1.12.720.jar
[2025-02-14T12:53:21.444+0000] {subprocess.py:106} INFO - 25/02/14 12:53:21 INFO SparkContext: Added file file:///home/***/.ivy2/jars/com.amazonaws_aws-java-sdk-core-1.12.720.jar at spark://60b47d2b4be8:43047/files/com.amazonaws_aws-java-sdk-core-1.12.720.jar with timestamp 1739537600288
[2025-02-14T12:53:21.445+0000] {subprocess.py:106} INFO - 25/02/14 12:53:21 INFO Utils: Copying /home/***/.ivy2/jars/com.amazonaws_aws-java-sdk-core-1.12.720.jar to /tmp/spark-f8976c19-48cd-4952-901d-7382394c8ae0/userFiles-ac1ab363-8bab-4124-a7c4-f8c3ded7cbbe/com.amazonaws_aws-java-sdk-core-1.12.720.jar
[2025-02-14T12:53:21.449+0000] {subprocess.py:106} INFO - 25/02/14 12:53:21 INFO SparkContext: Added file file:///home/***/.ivy2/jars/com.amazonaws_jmespath-java-1.12.720.jar at spark://60b47d2b4be8:43047/files/com.amazonaws_jmespath-java-1.12.720.jar with timestamp 1739537600288
[2025-02-14T12:53:21.450+0000] {subprocess.py:106} INFO - 25/02/14 12:53:21 INFO Utils: Copying /home/***/.ivy2/jars/com.amazonaws_jmespath-java-1.12.720.jar to /tmp/spark-f8976c19-48cd-4952-901d-7382394c8ae0/userFiles-ac1ab363-8bab-4124-a7c4-f8c3ded7cbbe/com.amazonaws_jmespath-java-1.12.720.jar
[2025-02-14T12:53:21.455+0000] {subprocess.py:106} INFO - 25/02/14 12:53:21 INFO SparkContext: Added file file:///home/***/.ivy2/jars/commons-logging_commons-logging-1.1.3.jar at spark://60b47d2b4be8:43047/files/commons-logging_commons-logging-1.1.3.jar with timestamp 1739537600288
[2025-02-14T12:53:21.456+0000] {subprocess.py:106} INFO - 25/02/14 12:53:21 INFO Utils: Copying /home/***/.ivy2/jars/commons-logging_commons-logging-1.1.3.jar to /tmp/spark-f8976c19-48cd-4952-901d-7382394c8ae0/userFiles-ac1ab363-8bab-4124-a7c4-f8c3ded7cbbe/commons-logging_commons-logging-1.1.3.jar
[2025-02-14T12:53:21.460+0000] {subprocess.py:106} INFO - 25/02/14 12:53:21 INFO SparkContext: Added file file:///home/***/.ivy2/jars/commons-codec_commons-codec-1.15.jar at spark://60b47d2b4be8:43047/files/commons-codec_commons-codec-1.15.jar with timestamp 1739537600288
[2025-02-14T12:53:21.461+0000] {subprocess.py:106} INFO - 25/02/14 12:53:21 INFO Utils: Copying /home/***/.ivy2/jars/commons-codec_commons-codec-1.15.jar to /tmp/spark-f8976c19-48cd-4952-901d-7382394c8ae0/userFiles-ac1ab363-8bab-4124-a7c4-f8c3ded7cbbe/commons-codec_commons-codec-1.15.jar
[2025-02-14T12:53:21.465+0000] {subprocess.py:106} INFO - 25/02/14 12:53:21 INFO SparkContext: Added file file:///home/***/.ivy2/jars/org.apache.httpcomponents_httpclient-4.5.13.jar at spark://60b47d2b4be8:43047/files/org.apache.httpcomponents_httpclient-4.5.13.jar with timestamp 1739537600288
[2025-02-14T12:53:21.466+0000] {subprocess.py:106} INFO - 25/02/14 12:53:21 INFO Utils: Copying /home/***/.ivy2/jars/org.apache.httpcomponents_httpclient-4.5.13.jar to /tmp/spark-f8976c19-48cd-4952-901d-7382394c8ae0/userFiles-ac1ab363-8bab-4124-a7c4-f8c3ded7cbbe/org.apache.httpcomponents_httpclient-4.5.13.jar
[2025-02-14T12:53:21.470+0000] {subprocess.py:106} INFO - 25/02/14 12:53:21 INFO SparkContext: Added file file:///home/***/.ivy2/jars/com.fasterxml.jackson.core_jackson-databind-2.12.7.2.jar at spark://60b47d2b4be8:43047/files/com.fasterxml.jackson.core_jackson-databind-2.12.7.2.jar with timestamp 1739537600288
[2025-02-14T12:53:21.471+0000] {subprocess.py:106} INFO - 25/02/14 12:53:21 INFO Utils: Copying /home/***/.ivy2/jars/com.fasterxml.jackson.core_jackson-databind-2.12.7.2.jar to /tmp/spark-f8976c19-48cd-4952-901d-7382394c8ae0/userFiles-ac1ab363-8bab-4124-a7c4-f8c3ded7cbbe/com.fasterxml.jackson.core_jackson-databind-2.12.7.2.jar
[2025-02-14T12:53:21.476+0000] {subprocess.py:106} INFO - 25/02/14 12:53:21 INFO SparkContext: Added file file:///home/***/.ivy2/jars/com.fasterxml.jackson.dataformat_jackson-dataformat-cbor-2.12.6.jar at spark://60b47d2b4be8:43047/files/com.fasterxml.jackson.dataformat_jackson-dataformat-cbor-2.12.6.jar with timestamp 1739537600288
[2025-02-14T12:53:21.477+0000] {subprocess.py:106} INFO - 25/02/14 12:53:21 INFO Utils: Copying /home/***/.ivy2/jars/com.fasterxml.jackson.dataformat_jackson-dataformat-cbor-2.12.6.jar to /tmp/spark-f8976c19-48cd-4952-901d-7382394c8ae0/userFiles-ac1ab363-8bab-4124-a7c4-f8c3ded7cbbe/com.fasterxml.jackson.dataformat_jackson-dataformat-cbor-2.12.6.jar
[2025-02-14T12:53:21.482+0000] {subprocess.py:106} INFO - 25/02/14 12:53:21 INFO SparkContext: Added file file:///home/***/.ivy2/jars/joda-time_joda-time-2.12.7.jar at spark://60b47d2b4be8:43047/files/joda-time_joda-time-2.12.7.jar with timestamp 1739537600288
[2025-02-14T12:53:21.482+0000] {subprocess.py:106} INFO - 25/02/14 12:53:21 INFO Utils: Copying /home/***/.ivy2/jars/joda-time_joda-time-2.12.7.jar to /tmp/spark-f8976c19-48cd-4952-901d-7382394c8ae0/userFiles-ac1ab363-8bab-4124-a7c4-f8c3ded7cbbe/joda-time_joda-time-2.12.7.jar
[2025-02-14T12:53:21.486+0000] {subprocess.py:106} INFO - 25/02/14 12:53:21 INFO SparkContext: Added file file:///home/***/.ivy2/jars/org.apache.httpcomponents_httpcore-4.4.13.jar at spark://60b47d2b4be8:43047/files/org.apache.httpcomponents_httpcore-4.4.13.jar with timestamp 1739537600288
[2025-02-14T12:53:21.487+0000] {subprocess.py:106} INFO - 25/02/14 12:53:21 INFO Utils: Copying /home/***/.ivy2/jars/org.apache.httpcomponents_httpcore-4.4.13.jar to /tmp/spark-f8976c19-48cd-4952-901d-7382394c8ae0/userFiles-ac1ab363-8bab-4124-a7c4-f8c3ded7cbbe/org.apache.httpcomponents_httpcore-4.4.13.jar
[2025-02-14T12:53:21.492+0000] {subprocess.py:106} INFO - 25/02/14 12:53:21 INFO SparkContext: Added file file:///home/***/.ivy2/jars/com.fasterxml.jackson.core_jackson-annotations-2.12.7.jar at spark://60b47d2b4be8:43047/files/com.fasterxml.jackson.core_jackson-annotations-2.12.7.jar with timestamp 1739537600288
[2025-02-14T12:53:21.493+0000] {subprocess.py:106} INFO - 25/02/14 12:53:21 INFO Utils: Copying /home/***/.ivy2/jars/com.fasterxml.jackson.core_jackson-annotations-2.12.7.jar to /tmp/spark-f8976c19-48cd-4952-901d-7382394c8ae0/userFiles-ac1ab363-8bab-4124-a7c4-f8c3ded7cbbe/com.fasterxml.jackson.core_jackson-annotations-2.12.7.jar
[2025-02-14T12:53:21.496+0000] {subprocess.py:106} INFO - 25/02/14 12:53:21 INFO SparkContext: Added file file:///home/***/.ivy2/jars/com.fasterxml.jackson.core_jackson-core-2.12.7.jar at spark://60b47d2b4be8:43047/files/com.fasterxml.jackson.core_jackson-core-2.12.7.jar with timestamp 1739537600288
[2025-02-14T12:53:21.497+0000] {subprocess.py:106} INFO - 25/02/14 12:53:21 INFO Utils: Copying /home/***/.ivy2/jars/com.fasterxml.jackson.core_jackson-core-2.12.7.jar to /tmp/spark-f8976c19-48cd-4952-901d-7382394c8ae0/userFiles-ac1ab363-8bab-4124-a7c4-f8c3ded7cbbe/com.fasterxml.jackson.core_jackson-core-2.12.7.jar
[2025-02-14T12:53:21.623+0000] {subprocess.py:106} INFO - 25/02/14 12:53:21 INFO StandaloneAppClient$ClientEndpoint: Connecting to master spark://spark:7077...
[2025-02-14T12:53:21.685+0000] {subprocess.py:106} INFO - 25/02/14 12:53:21 INFO TransportClientFactory: Successfully created connection to spark/172.18.0.5:7077 after 39 ms (0 ms spent in bootstraps)
[2025-02-14T12:53:21.817+0000] {subprocess.py:106} INFO - 25/02/14 12:53:21 INFO StandaloneSchedulerBackend: Connected to Spark cluster with app ID app-20250214125321-0001
[2025-02-14T12:53:21.822+0000] {subprocess.py:106} INFO - 25/02/14 12:53:21 INFO StandaloneAppClient$ClientEndpoint: Executor added: app-20250214125321-0001/0 on worker-20250214122831-172.18.0.2-40721 (172.18.0.2:40721) with 2 core(s)
[2025-02-14T12:53:21.825+0000] {subprocess.py:106} INFO - 25/02/14 12:53:21 INFO StandaloneSchedulerBackend: Granted executor ID app-20250214125321-0001/0 on hostPort 172.18.0.2:40721 with 2 core(s), 12.0 GiB RAM
[2025-02-14T12:53:21.828+0000] {subprocess.py:106} INFO - 25/02/14 12:53:21 INFO StandaloneAppClient$ClientEndpoint: Executor added: app-20250214125321-0001/1 on worker-20250214122831-172.18.0.6-41581 (172.18.0.6:41581) with 2 core(s)
[2025-02-14T12:53:21.832+0000] {subprocess.py:106} INFO - 25/02/14 12:53:21 INFO StandaloneSchedulerBackend: Granted executor ID app-20250214125321-0001/1 on hostPort 172.18.0.6:41581 with 2 core(s), 12.0 GiB RAM
[2025-02-14T12:53:21.843+0000] {subprocess.py:106} INFO - 25/02/14 12:53:21 INFO Utils: Successfully started service 'org.apache.spark.network.netty.NettyBlockTransferService' on port 42151.
[2025-02-14T12:53:21.845+0000] {subprocess.py:106} INFO - 25/02/14 12:53:21 INFO NettyBlockTransferService: Server created on 60b47d2b4be8:42151
[2025-02-14T12:53:21.850+0000] {subprocess.py:106} INFO - 25/02/14 12:53:21 INFO BlockManager: Using org.apache.spark.storage.RandomBlockReplicationPolicy for block replication policy
[2025-02-14T12:53:21.872+0000] {subprocess.py:106} INFO - 25/02/14 12:53:21 INFO BlockManagerMaster: Registering BlockManager BlockManagerId(driver, 60b47d2b4be8, 42151, None)
[2025-02-14T12:53:21.887+0000] {subprocess.py:106} INFO - 25/02/14 12:53:21 INFO BlockManagerMasterEndpoint: Registering block manager 60b47d2b4be8:42151 with 434.4 MiB RAM, BlockManagerId(driver, 60b47d2b4be8, 42151, None)
[2025-02-14T12:53:21.889+0000] {subprocess.py:106} INFO - 25/02/14 12:53:21 INFO StandaloneAppClient$ClientEndpoint: Executor updated: app-20250214125321-0001/0 is now RUNNING
[2025-02-14T12:53:21.892+0000] {subprocess.py:106} INFO - 25/02/14 12:53:21 INFO BlockManagerMaster: Registered BlockManager BlockManagerId(driver, 60b47d2b4be8, 42151, None)
[2025-02-14T12:53:21.895+0000] {subprocess.py:106} INFO - 25/02/14 12:53:21 INFO StandaloneAppClient$ClientEndpoint: Executor updated: app-20250214125321-0001/1 is now RUNNING
[2025-02-14T12:53:21.898+0000] {subprocess.py:106} INFO - 25/02/14 12:53:21 INFO BlockManager: Initialized BlockManager: BlockManagerId(driver, 60b47d2b4be8, 42151, None)
[2025-02-14T12:53:22.509+0000] {subprocess.py:106} INFO - 25/02/14 12:53:22 INFO StandaloneSchedulerBackend: SchedulerBackend is ready for scheduling beginning after reached minRegisteredResourcesRatio: 0.0
[2025-02-14T12:53:26.904+0000] {subprocess.py:106} INFO - 25/02/14 12:53:26 INFO StandaloneSchedulerBackend$StandaloneDriverEndpoint: Registered executor NettyRpcEndpointRef(spark-client://Executor) (172.18.0.6:40868) with ID 1,  ResourceProfileId 0
[2025-02-14T12:53:27.005+0000] {subprocess.py:106} INFO - 25/02/14 12:53:27 INFO StandaloneSchedulerBackend$StandaloneDriverEndpoint: Registered executor NettyRpcEndpointRef(spark-client://Executor) (172.18.0.2:44218) with ID 0,  ResourceProfileId 0
[2025-02-14T12:53:27.087+0000] {subprocess.py:106} INFO - 25/02/14 12:53:27 INFO BlockManagerMasterEndpoint: Registering block manager 172.18.0.6:40429 with 7.0 GiB RAM, BlockManagerId(1, 172.18.0.6, 40429, None)
[2025-02-14T12:53:27.138+0000] {subprocess.py:106} INFO - 25/02/14 12:53:27 INFO BlockManagerMasterEndpoint: Registering block manager 172.18.0.2:45519 with 7.0 GiB RAM, BlockManagerId(0, 172.18.0.2, 45519, None)
[2025-02-14T12:55:15.002+0000] {job.py:229} INFO - Heartbeat recovered after 103.59 seconds
[2025-02-14T12:58:34.889+0000] {subprocess.py:106} INFO - 25/02/14 12:58:34 INFO StandaloneAppClient$ClientEndpoint: Executor updated: app-20250214125321-0001/1 is now LOST (worker lost: Not receiving heartbeat for 60 seconds)
[2025-02-14T12:58:34.891+0000] {subprocess.py:106} INFO - 25/02/14 12:58:34 INFO StandaloneSchedulerBackend: Executor app-20250214125321-0001/1 removed: worker lost: Not receiving heartbeat for 60 seconds
[2025-02-14T12:58:34.892+0000] {subprocess.py:106} INFO - 25/02/14 12:58:34 WARN HeartbeatReceiver: Removing executor 0 with no recent heartbeats: 198179 ms exceeds timeout 120000 ms
[2025-02-14T12:58:34.898+0000] {subprocess.py:106} INFO - 25/02/14 12:58:34 INFO StandaloneSchedulerBackend: Requesting to kill executor(s) 0
[2025-02-14T12:58:34.904+0000] {subprocess.py:106} INFO - 25/02/14 12:58:34 INFO StandaloneAppClient$ClientEndpoint: Master removed worker worker-20250214122831-172.18.0.6-41581: Not receiving heartbeat for 60 seconds
[2025-02-14T12:58:34.906+0000] {subprocess.py:106} INFO - 25/02/14 12:58:34 INFO StandaloneSchedulerBackend: Worker worker-20250214122831-172.18.0.6-41581 removed: Not receiving heartbeat for 60 seconds
[2025-02-14T12:58:34.908+0000] {subprocess.py:106} INFO - 25/02/14 12:58:34 INFO StandaloneAppClient$ClientEndpoint: Executor updated: app-20250214125321-0001/0 is now LOST (worker lost: Not receiving heartbeat for 60 seconds)
[2025-02-14T12:58:34.909+0000] {subprocess.py:106} INFO - 25/02/14 12:58:34 INFO StandaloneSchedulerBackend: Executor app-20250214125321-0001/0 removed: worker lost: Not receiving heartbeat for 60 seconds
[2025-02-14T12:58:34.909+0000] {subprocess.py:106} INFO - 25/02/14 12:58:34 INFO StandaloneAppClient$ClientEndpoint: Master removed worker worker-20250214122831-172.18.0.2-40721: Not receiving heartbeat for 60 seconds
[2025-02-14T12:58:34.910+0000] {subprocess.py:106} INFO - 25/02/14 12:58:34 INFO StandaloneSchedulerBackend: Worker worker-20250214122831-172.18.0.2-40721 removed: Not receiving heartbeat for 60 seconds
[2025-02-14T12:58:34.917+0000] {subprocess.py:106} INFO - 25/02/14 12:58:34 INFO StandaloneAppClient$ClientEndpoint: Executor added: app-20250214125321-0001/2 on worker-20250214122831-172.18.0.6-41581 (172.18.0.6:41581) with 2 core(s)
[2025-02-14T12:58:34.918+0000] {subprocess.py:106} INFO - 25/02/14 12:58:34 INFO StandaloneSchedulerBackend: Granted executor ID app-20250214125321-0001/2 on hostPort 172.18.0.6:41581 with 2 core(s), 12.0 GiB RAM
[2025-02-14T12:58:34.919+0000] {subprocess.py:106} INFO - 25/02/14 12:58:34 INFO StandaloneSchedulerBackend: Actual list of executor(s) to be killed is 0
[2025-02-14T12:58:34.957+0000] {subprocess.py:106} INFO - 25/02/14 12:58:34 INFO StandaloneAppClient$ClientEndpoint: Executor added: app-20250214125321-0001/3 on worker-20250214122831-172.18.0.2-40721 (172.18.0.2:40721) with 2 core(s)
[2025-02-14T12:58:34.960+0000] {subprocess.py:106} INFO - 25/02/14 12:58:34 INFO StandaloneSchedulerBackend: Granted executor ID app-20250214125321-0001/3 on hostPort 172.18.0.2:40721 with 2 core(s), 12.0 GiB RAM
[2025-02-14T12:58:50.156+0000] {subprocess.py:106} INFO - 25/02/14 12:58:50 ERROR TransportRequestHandler: Error sending result StreamResponse[streamId=/jars/com.amazonaws_aws-java-sdk-bundle-1.12.367.jar,byteCount=310582214,body=FileSegmentManagedBuffer[file=/home/***/.ivy2/jars/com.amazonaws_aws-java-sdk-bundle-1.12.367.jar,offset=0,length=310582214]] to /172.18.0.6:40880; closing connection
[2025-02-14T12:58:50.157+0000] {subprocess.py:106} INFO - java.io.IOException: Broken pipe
[2025-02-14T12:58:50.159+0000] {subprocess.py:106} INFO - 	at java.base/sun.nio.ch.FileChannelImpl.transferTo0(Native Method)
[2025-02-14T12:58:50.160+0000] {subprocess.py:106} INFO - 	at java.base/sun.nio.ch.FileChannelImpl.transferToDirectlyInternal(FileChannelImpl.java:508)
[2025-02-14T12:58:50.161+0000] {subprocess.py:106} INFO - 	at java.base/sun.nio.ch.FileChannelImpl.transferToDirectly(FileChannelImpl.java:573)
[2025-02-14T12:58:50.162+0000] {subprocess.py:106} INFO - 	at java.base/sun.nio.ch.FileChannelImpl.transferTo(FileChannelImpl.java:695)
[2025-02-14T12:58:50.163+0000] {subprocess.py:106} INFO - 	at io.netty.channel.DefaultFileRegion.transferTo(DefaultFileRegion.java:130)
[2025-02-14T12:58:50.163+0000] {subprocess.py:106} INFO - 	at org.apache.spark.network.protocol.MessageWithHeader.transferTo(MessageWithHeader.java:121)
[2025-02-14T12:58:50.164+0000] {subprocess.py:106} INFO - 	at io.netty.channel.socket.nio.NioSocketChannel.doWriteFileRegion(NioSocketChannel.java:369)
[2025-02-14T12:58:50.165+0000] {subprocess.py:106} INFO - 	at io.netty.channel.nio.AbstractNioByteChannel.doWriteInternal(AbstractNioByteChannel.java:238)
[2025-02-14T12:58:50.166+0000] {subprocess.py:106} INFO - 	at io.netty.channel.nio.AbstractNioByteChannel.doWrite0(AbstractNioByteChannel.java:212)
[2025-02-14T12:58:50.166+0000] {subprocess.py:106} INFO - 	at io.netty.channel.socket.nio.NioSocketChannel.doWrite(NioSocketChannel.java:407)
[2025-02-14T12:58:50.167+0000] {subprocess.py:106} INFO - 	at io.netty.channel.AbstractChannel$AbstractUnsafe.flush0(AbstractChannel.java:931)
[2025-02-14T12:58:50.168+0000] {subprocess.py:106} INFO - 	at io.netty.channel.nio.AbstractNioChannel$AbstractNioUnsafe.forceFlush(AbstractNioChannel.java:361)
[2025-02-14T12:58:50.168+0000] {subprocess.py:106} INFO - 	at io.netty.channel.nio.NioEventLoop.processSelectedKey(NioEventLoop.java:782)
[2025-02-14T12:58:50.169+0000] {subprocess.py:106} INFO - 	at io.netty.channel.nio.NioEventLoop.processSelectedKeysOptimized(NioEventLoop.java:724)
[2025-02-14T12:58:50.169+0000] {subprocess.py:106} INFO - 	at io.netty.channel.nio.NioEventLoop.processSelectedKeys(NioEventLoop.java:650)
[2025-02-14T12:58:50.170+0000] {subprocess.py:106} INFO - 	at io.netty.channel.nio.NioEventLoop.run(NioEventLoop.java:562)
[2025-02-14T12:58:50.170+0000] {subprocess.py:106} INFO - 	at io.netty.util.concurrent.SingleThreadEventExecutor$4.run(SingleThreadEventExecutor.java:997)
[2025-02-14T12:58:50.170+0000] {subprocess.py:106} INFO - 	at io.netty.util.internal.ThreadExecutorMap$2.run(ThreadExecutorMap.java:74)
[2025-02-14T12:58:50.171+0000] {subprocess.py:106} INFO - 	at io.netty.util.concurrent.FastThreadLocalRunnable.run(FastThreadLocalRunnable.java:30)
[2025-02-14T12:58:50.171+0000] {subprocess.py:106} INFO - 	at java.base/java.lang.Thread.run(Thread.java:840)
[2025-02-14T12:58:50.171+0000] {subprocess.py:106} INFO - 25/02/14 12:58:50 ERROR TransportRequestHandler: Error sending result StreamResponse[streamId=/jars/com.amazonaws_aws-java-sdk-bundle-1.12.367.jar,byteCount=310582214,body=FileSegmentManagedBuffer[file=/home/***/.ivy2/jars/com.amazonaws_aws-java-sdk-bundle-1.12.367.jar,offset=0,length=310582214]] to /172.18.0.2:44220; closing connection
[2025-02-14T12:58:50.172+0000] {subprocess.py:106} INFO - java.io.IOException: Broken pipe
[2025-02-14T12:58:50.172+0000] {subprocess.py:106} INFO - 	at java.base/sun.nio.ch.FileChannelImpl.transferTo0(Native Method)
[2025-02-14T12:58:50.172+0000] {subprocess.py:106} INFO - 	at java.base/sun.nio.ch.FileChannelImpl.transferToDirectlyInternal(FileChannelImpl.java:508)
[2025-02-14T12:58:50.172+0000] {subprocess.py:106} INFO - 	at java.base/sun.nio.ch.FileChannelImpl.transferToDirectly(FileChannelImpl.java:573)
[2025-02-14T12:58:50.173+0000] {subprocess.py:106} INFO - 	at java.base/sun.nio.ch.FileChannelImpl.transferTo(FileChannelImpl.java:695)
[2025-02-14T12:58:50.173+0000] {subprocess.py:106} INFO - 	at io.netty.channel.DefaultFileRegion.transferTo(DefaultFileRegion.java:130)
[2025-02-14T12:58:50.173+0000] {subprocess.py:106} INFO - 	at org.apache.spark.network.protocol.MessageWithHeader.transferTo(MessageWithHeader.java:121)
[2025-02-14T12:58:50.173+0000] {subprocess.py:106} INFO - 	at io.netty.channel.socket.nio.NioSocketChannel.doWriteFileRegion(NioSocketChannel.java:369)
[2025-02-14T12:58:50.174+0000] {subprocess.py:106} INFO - 	at io.netty.channel.nio.AbstractNioByteChannel.doWriteInternal(AbstractNioByteChannel.java:238)
[2025-02-14T12:58:50.174+0000] {subprocess.py:106} INFO - 	at io.netty.channel.nio.AbstractNioByteChannel.doWrite0(AbstractNioByteChannel.java:212)
[2025-02-14T12:58:50.175+0000] {subprocess.py:106} INFO - 	at io.netty.channel.socket.nio.NioSocketChannel.doWrite(NioSocketChannel.java:407)
[2025-02-14T12:58:50.175+0000] {subprocess.py:106} INFO - 	at io.netty.channel.AbstractChannel$AbstractUnsafe.flush0(AbstractChannel.java:931)
[2025-02-14T12:58:50.175+0000] {subprocess.py:106} INFO - 	at io.netty.channel.nio.AbstractNioChannel$AbstractNioUnsafe.forceFlush(AbstractNioChannel.java:361)
[2025-02-14T12:58:50.176+0000] {subprocess.py:106} INFO - 	at io.netty.channel.nio.NioEventLoop.processSelectedKey(NioEventLoop.java:782)
[2025-02-14T12:58:50.176+0000] {subprocess.py:106} INFO - 	at io.netty.channel.nio.NioEventLoop.processSelectedKeysOptimized(NioEventLoop.java:724)
[2025-02-14T12:58:50.176+0000] {subprocess.py:106} INFO - 	at io.netty.channel.nio.NioEventLoop.processSelectedKeys(NioEventLoop.java:650)
[2025-02-14T12:58:50.176+0000] {subprocess.py:106} INFO - 	at io.netty.channel.nio.NioEventLoop.run(NioEventLoop.java:562)
[2025-02-14T12:58:50.177+0000] {subprocess.py:106} INFO - 	at io.netty.util.concurrent.SingleThreadEventExecutor$4.run(SingleThreadEventExecutor.java:997)
[2025-02-14T12:58:50.177+0000] {subprocess.py:106} INFO - 	at io.netty.util.internal.ThreadExecutorMap$2.run(ThreadExecutorMap.java:74)
[2025-02-14T12:58:50.177+0000] {subprocess.py:106} INFO - 	at io.netty.util.concurrent.FastThreadLocalRunnable.run(FastThreadLocalRunnable.java:30)
[2025-02-14T12:58:50.177+0000] {subprocess.py:106} INFO - 	at java.base/java.lang.Thread.run(Thread.java:840)
[2025-02-14T12:58:52.386+0000] {subprocess.py:106} INFO - 25/02/14 12:58:52 ERROR TaskSchedulerImpl: Lost executor 1 on 172.18.0.6: worker lost: Not receiving heartbeat for 60 seconds
[2025-02-14T12:58:52.391+0000] {subprocess.py:106} INFO - 25/02/14 12:58:52 INFO StandaloneAppClient$ClientEndpoint: Executor updated: app-20250214125321-0001/3 is now RUNNING
[2025-02-14T12:58:52.392+0000] {subprocess.py:106} INFO - 25/02/14 12:58:52 INFO StandaloneAppClient$ClientEndpoint: Executor updated: app-20250214125321-0001/2 is now RUNNING
[2025-02-14T12:58:52.396+0000] {subprocess.py:106} INFO - 25/02/14 12:58:52 INFO TaskSchedulerImpl: Handle removed worker worker-20250214122831-172.18.0.6-41581: Not receiving heartbeat for 60 seconds
[2025-02-14T12:58:52.397+0000] {subprocess.py:106} INFO - 25/02/14 12:58:52 INFO DAGScheduler: Executor lost: 1 (epoch 0)
[2025-02-14T12:58:52.398+0000] {subprocess.py:106} INFO - 25/02/14 12:58:52 ERROR TaskSchedulerImpl: Lost executor 0 on 172.18.0.2: worker lost: Not receiving heartbeat for 60 seconds
[2025-02-14T12:58:52.399+0000] {subprocess.py:106} INFO - 25/02/14 12:58:52 INFO TaskSchedulerImpl: Handle removed worker worker-20250214122831-172.18.0.2-40721: Not receiving heartbeat for 60 seconds
[2025-02-14T12:58:52.407+0000] {subprocess.py:106} INFO - 25/02/14 12:58:52 INFO BlockManagerMaster: Removal of executor 0 requested
[2025-02-14T12:58:52.409+0000] {subprocess.py:106} INFO - 25/02/14 12:58:52 INFO StandaloneSchedulerBackend$StandaloneDriverEndpoint: Asked to remove non-existent executor 0
[2025-02-14T12:58:52.425+0000] {subprocess.py:106} INFO - 25/02/14 12:58:52 ERROR Inbox: Ignoring error
[2025-02-14T12:58:52.427+0000] {subprocess.py:106} INFO - java.lang.AssertionError: assertion failed: BlockManager re-registration shouldn't succeed when the executor is lost
[2025-02-14T12:58:52.428+0000] {subprocess.py:106} INFO - 	at scala.Predef$.assert(Predef.scala:223)
[2025-02-14T12:58:52.429+0000] {subprocess.py:106} INFO - 	at org.apache.spark.storage.BlockManagerMasterEndpoint.org$apache$spark$storage$BlockManagerMasterEndpoint$$register(BlockManagerMasterEndpoint.scala:727)
[2025-02-14T12:58:52.429+0000] {subprocess.py:106} INFO - 	at org.apache.spark.storage.BlockManagerMasterEndpoint$$anonfun$receiveAndReply$1.applyOrElse(BlockManagerMasterEndpoint.scala:133)
[2025-02-14T12:58:52.430+0000] {subprocess.py:106} INFO - 	at org.apache.spark.rpc.netty.Inbox.$anonfun$process$1(Inbox.scala:103)
[2025-02-14T12:58:52.431+0000] {subprocess.py:106} INFO - 	at org.apache.spark.rpc.netty.Inbox.safelyCall(Inbox.scala:213)
[2025-02-14T12:58:52.432+0000] {subprocess.py:106} INFO - 	at org.apache.spark.rpc.netty.Inbox.process(Inbox.scala:100)
[2025-02-14T12:58:52.432+0000] {subprocess.py:106} INFO - 	at org.apache.spark.rpc.netty.MessageLoop.org$apache$spark$rpc$netty$MessageLoop$$receiveLoop(MessageLoop.scala:75)
[2025-02-14T12:58:52.445+0000] {subprocess.py:106} INFO - 	at org.apache.spark.rpc.netty.MessageLoop$$anon$1.run(MessageLoop.scala:41)
[2025-02-14T12:58:52.447+0000] {subprocess.py:106} INFO - 	at java.base/java.util.concurrent.ThreadPoolExecutor.runWorker(ThreadPoolExecutor.java:1136)
[2025-02-14T12:58:52.452+0000] {subprocess.py:106} INFO - 	at java.base/java.util.concurrent.ThreadPoolExecutor$Worker.run(ThreadPoolExecutor.java:635)
[2025-02-14T12:58:52.453+0000] {subprocess.py:106} INFO - 	at java.base/java.lang.Thread.run(Thread.java:840)
[2025-02-14T12:58:52.505+0000] {subprocess.py:106} INFO - 25/02/14 12:58:52 INFO BlockManagerMasterEndpoint: Trying to remove executor 1 from BlockManagerMaster.
[2025-02-14T12:58:52.506+0000] {subprocess.py:106} INFO - 25/02/14 12:58:52 INFO BlockManagerMasterEndpoint: Removing block manager BlockManagerId(1, 172.18.0.6, 40429, None)
[2025-02-14T12:58:52.508+0000] {subprocess.py:106} INFO - 25/02/14 12:58:52 INFO BlockManagerMasterEndpoint: Trying to remove executor 0 from BlockManagerMaster.
[2025-02-14T12:58:52.511+0000] {subprocess.py:106} INFO - 25/02/14 12:58:52 INFO BlockManagerMasterEndpoint: Removing block manager BlockManagerId(0, 172.18.0.2, 45519, None)
[2025-02-14T12:58:52.512+0000] {subprocess.py:106} INFO - 25/02/14 12:58:52 INFO BlockManagerMaster: Removed 1 successfully in removeExecutor
[2025-02-14T12:58:52.513+0000] {subprocess.py:106} INFO - 25/02/14 12:58:52 INFO DAGScheduler: Shuffle files lost for host: 172.18.0.6 (epoch 0)
[2025-02-14T12:58:53.122+0000] {subprocess.py:106} INFO - 25/02/14 12:58:53 INFO StandaloneSchedulerBackend$StandaloneDriverEndpoint: Registered executor NettyRpcEndpointRef(spark-client://Executor) (172.18.0.6:42938) with ID 2,  ResourceProfileId 0
[2025-02-14T12:58:53.125+0000] {subprocess.py:106} INFO - 25/02/14 12:58:53 INFO StandaloneSchedulerBackend$StandaloneDriverEndpoint: Registered executor NettyRpcEndpointRef(spark-client://Executor) (172.18.0.2:49534) with ID 3,  ResourceProfileId 0
[2025-02-14T12:58:53.242+0000] {subprocess.py:106} INFO - 25/02/14 12:58:53 INFO BlockManagerMasterEndpoint: Registering block manager 172.18.0.2:41817 with 7.0 GiB RAM, BlockManagerId(3, 172.18.0.2, 41817, None)
[2025-02-14T12:58:53.248+0000] {subprocess.py:106} INFO - 25/02/14 12:58:53 INFO BlockManagerMasterEndpoint: Registering block manager 172.18.0.6:45513 with 7.0 GiB RAM, BlockManagerId(2, 172.18.0.6, 45513, None)
[2025-02-14T12:58:54.629+0000] {subprocess.py:106} INFO - 25/02/14 12:58:54 WARN TransportChannelHandler: Exception in connection from /172.18.0.2:44218
[2025-02-14T12:58:54.630+0000] {subprocess.py:106} INFO - java.net.SocketException: Connection reset
[2025-02-14T12:58:54.631+0000] {subprocess.py:106} INFO - 	at java.base/sun.nio.ch.SocketChannelImpl.throwConnectionReset(SocketChannelImpl.java:394)
[2025-02-14T12:58:54.632+0000] {subprocess.py:106} INFO - 	at java.base/sun.nio.ch.SocketChannelImpl.read(SocketChannelImpl.java:426)
[2025-02-14T12:58:54.633+0000] {subprocess.py:106} INFO - 	at io.netty.buffer.PooledByteBuf.setBytes(PooledByteBuf.java:254)
[2025-02-14T12:58:54.634+0000] {subprocess.py:106} INFO - 	at io.netty.buffer.AbstractByteBuf.writeBytes(AbstractByteBuf.java:1132)
[2025-02-14T12:58:54.635+0000] {subprocess.py:106} INFO - 	at io.netty.channel.socket.nio.NioSocketChannel.doReadBytes(NioSocketChannel.java:357)
[2025-02-14T12:58:54.635+0000] {subprocess.py:106} INFO - 	at io.netty.channel.nio.AbstractNioByteChannel$NioByteUnsafe.read(AbstractNioByteChannel.java:151)
[2025-02-14T12:58:54.636+0000] {subprocess.py:106} INFO - 	at io.netty.channel.nio.NioEventLoop.processSelectedKey(NioEventLoop.java:788)
[2025-02-14T12:58:54.637+0000] {subprocess.py:106} INFO - 	at io.netty.channel.nio.NioEventLoop.processSelectedKeysOptimized(NioEventLoop.java:724)
[2025-02-14T12:58:54.637+0000] {subprocess.py:106} INFO - 	at io.netty.channel.nio.NioEventLoop.processSelectedKeys(NioEventLoop.java:650)
[2025-02-14T12:58:54.638+0000] {subprocess.py:106} INFO - 	at io.netty.channel.nio.NioEventLoop.run(NioEventLoop.java:562)
[2025-02-14T12:58:54.638+0000] {subprocess.py:106} INFO - 	at io.netty.util.concurrent.SingleThreadEventExecutor$4.run(SingleThreadEventExecutor.java:997)
[2025-02-14T12:58:54.639+0000] {subprocess.py:106} INFO - 	at io.netty.util.internal.ThreadExecutorMap$2.run(ThreadExecutorMap.java:74)
[2025-02-14T12:58:54.639+0000] {subprocess.py:106} INFO - 	at io.netty.util.concurrent.FastThreadLocalRunnable.run(FastThreadLocalRunnable.java:30)
[2025-02-14T12:58:54.640+0000] {subprocess.py:106} INFO - 	at java.base/java.lang.Thread.run(Thread.java:840)
[2025-02-14T12:58:54.641+0000] {subprocess.py:106} INFO - 25/02/14 12:58:54 WARN TransportChannelHandler: Exception in connection from /172.18.0.6:40868
[2025-02-14T12:58:54.641+0000] {subprocess.py:106} INFO - java.net.SocketException: Connection reset
[2025-02-14T12:58:54.642+0000] {subprocess.py:106} INFO - 	at java.base/sun.nio.ch.SocketChannelImpl.throwConnectionReset(SocketChannelImpl.java:394)
[2025-02-14T12:58:54.642+0000] {subprocess.py:106} INFO - 	at java.base/sun.nio.ch.SocketChannelImpl.read(SocketChannelImpl.java:426)
[2025-02-14T12:58:54.643+0000] {subprocess.py:106} INFO - 	at io.netty.buffer.PooledByteBuf.setBytes(PooledByteBuf.java:254)
[2025-02-14T12:58:54.644+0000] {subprocess.py:106} INFO - 	at io.netty.buffer.AbstractByteBuf.writeBytes(AbstractByteBuf.java:1132)
[2025-02-14T12:58:54.644+0000] {subprocess.py:106} INFO - 	at io.netty.channel.socket.nio.NioSocketChannel.doReadBytes(NioSocketChannel.java:357)
[2025-02-14T12:58:54.645+0000] {subprocess.py:106} INFO - 	at io.netty.channel.nio.AbstractNioByteChannel$NioByteUnsafe.read(AbstractNioByteChannel.java:151)
[2025-02-14T12:58:54.645+0000] {subprocess.py:106} INFO - 	at io.netty.channel.nio.NioEventLoop.processSelectedKey(NioEventLoop.java:788)
[2025-02-14T12:58:54.646+0000] {subprocess.py:106} INFO - 	at io.netty.channel.nio.NioEventLoop.processSelectedKeysOptimized(NioEventLoop.java:724)
[2025-02-14T12:58:54.646+0000] {subprocess.py:106} INFO - 	at io.netty.channel.nio.NioEventLoop.processSelectedKeys(NioEventLoop.java:650)
[2025-02-14T12:58:54.647+0000] {subprocess.py:106} INFO - 	at io.netty.channel.nio.NioEventLoop.run(NioEventLoop.java:562)
[2025-02-14T12:58:54.648+0000] {subprocess.py:106} INFO - 	at io.netty.util.concurrent.SingleThreadEventExecutor$4.run(SingleThreadEventExecutor.java:997)
[2025-02-14T12:58:54.649+0000] {subprocess.py:106} INFO - 	at io.netty.util.internal.ThreadExecutorMap$2.run(ThreadExecutorMap.java:74)
[2025-02-14T12:58:54.649+0000] {subprocess.py:106} INFO - 	at io.netty.util.concurrent.FastThreadLocalRunnable.run(FastThreadLocalRunnable.java:30)
[2025-02-14T12:58:54.650+0000] {subprocess.py:106} INFO - 	at java.base/java.lang.Thread.run(Thread.java:840)
[2025-02-14T12:58:54.650+0000] {subprocess.py:106} INFO - 25/02/14 12:58:54 INFO DAGScheduler: Shuffle files lost for worker worker-20250214122831-172.18.0.6-41581 on host 172.18.0.6
[2025-02-14T12:58:54.651+0000] {subprocess.py:106} INFO - 25/02/14 12:58:54 INFO DAGScheduler: Executor lost: 0 (epoch 2)
[2025-02-14T12:58:54.652+0000] {subprocess.py:106} INFO - 25/02/14 12:58:54 INFO BlockManagerMasterEndpoint: Trying to remove executor 0 from BlockManagerMaster.
[2025-02-14T12:58:54.652+0000] {subprocess.py:106} INFO - 25/02/14 12:58:54 INFO BlockManagerMaster: Removed 0 successfully in removeExecutor
[2025-02-14T12:58:54.653+0000] {subprocess.py:106} INFO - 25/02/14 12:58:54 INFO DAGScheduler: Shuffle files lost for host: 172.18.0.2 (epoch 2)
[2025-02-14T12:58:54.653+0000] {subprocess.py:106} INFO - 25/02/14 12:58:54 INFO DAGScheduler: Shuffle files lost for worker worker-20250214122831-172.18.0.2-40721 on host 172.18.0.2
[2025-02-14T12:59:13.548+0000] {job.py:229} INFO - Heartbeat recovered after 333.57 seconds
[2025-02-17T13:21:50.171+0000] {local_task_job_runner.py:123} INFO - ::group::Pre task execution logs
[2025-02-17T13:21:50.219+0000] {taskinstance.py:2604} INFO - Dependencies not met for <TaskInstance: ing_mov_20_21.run_spark_script manual__2025-02-14T12:33:09.933380+00:00 [failed]>, dependency 'Task Instance State' FAILED: Task is in the 'failed' state.
[2025-02-17T13:21:50.457+0000] {local_task_job_runner.py:166} INFO - Task is not able to be run
