[2025-02-17T23:28:48.936+0000] {local_task_job_runner.py:123} INFO - ::group::Pre task execution logs
[2025-02-17T23:28:48.956+0000] {taskinstance.py:2614} INFO - Dependencies all met for dep_context=non-requeueable deps ti=<TaskInstance: ing_mov_20_21.run_spark_script manual__2025-02-17T23:28:47.301692+00:00 [queued]>
[2025-02-17T23:28:48.963+0000] {taskinstance.py:2614} INFO - Dependencies all met for dep_context=requeueable deps ti=<TaskInstance: ing_mov_20_21.run_spark_script manual__2025-02-17T23:28:47.301692+00:00 [queued]>
[2025-02-17T23:28:48.964+0000] {taskinstance.py:2867} INFO - Starting attempt 1 of 2
[2025-02-17T23:28:48.977+0000] {taskinstance.py:2890} INFO - Executing <Task(BashOperator): run_spark_script> on 2025-02-17 23:28:47.301692+00:00
[2025-02-17T23:28:48.981+0000] {warnings.py:112} WARNING - /home/***/.local/lib/python3.12/site-packages/***/task/task_runner/standard_task_runner.py:70: DeprecationWarning: This process (pid=150) is multi-threaded, use of fork() may lead to deadlocks in the child.
  pid = os.fork()

[2025-02-17T23:28:48.983+0000] {standard_task_runner.py:72} INFO - Started process 151 to run task
[2025-02-17T23:28:48.982+0000] {standard_task_runner.py:104} INFO - Running: ['***', 'tasks', 'run', 'ing_mov_20_21', 'run_spark_script', 'manual__2025-02-17T23:28:47.301692+00:00', '--job-id', '3', '--raw', '--subdir', 'DAGS_FOLDER/scriptteste.py', '--cfg-path', '/tmp/tmpu72qtmfh']
[2025-02-17T23:28:48.983+0000] {standard_task_runner.py:105} INFO - Job 3: Subtask run_spark_script
[2025-02-17T23:28:49.037+0000] {task_command.py:467} INFO - Running <TaskInstance: ing_mov_20_21.run_spark_script manual__2025-02-17T23:28:47.301692+00:00 [running]> on host a84d5654b4e2
[2025-02-17T23:28:49.123+0000] {taskinstance.py:3134} INFO - Exporting env vars: AIRFLOW_CTX_DAG_OWNER='***' AIRFLOW_CTX_DAG_ID='ing_mov_20_21' AIRFLOW_CTX_TASK_ID='run_spark_script' AIRFLOW_CTX_EXECUTION_DATE='2025-02-17T23:28:47.301692+00:00' AIRFLOW_CTX_TRY_NUMBER='1' AIRFLOW_CTX_DAG_RUN_ID='manual__2025-02-17T23:28:47.301692+00:00'
[2025-02-17T23:28:49.124+0000] {taskinstance.py:732} INFO - ::endgroup::
[2025-02-17T23:28:49.157+0000] {subprocess.py:78} INFO - Tmp dir root location: /tmp
[2025-02-17T23:28:49.158+0000] {subprocess.py:88} INFO - Running command: ['/usr/bin/bash', '-c', 'spark-submit --packages org.apache.hadoop:hadoop-aws:3.3.6,com.amazonaws:aws-java-sdk-s3:1.12.720 /opt/bitnami/spark/scripts/ing_mov_20_21.py']
[2025-02-17T23:28:49.165+0000] {subprocess.py:99} INFO - Output:
[2025-02-17T23:28:51.825+0000] {subprocess.py:106} INFO - :: loading settings :: url = jar:file:/home/***/.local/lib/python3.12/site-packages/pyspark/jars/ivy-2.5.1.jar!/org/apache/ivy/core/settings/ivysettings.xml
[2025-02-17T23:28:51.945+0000] {subprocess.py:106} INFO - Ivy Default Cache set to: /home/***/.ivy2/cache
[2025-02-17T23:28:51.945+0000] {subprocess.py:106} INFO - The jars for the packages stored in: /home/***/.ivy2/jars
[2025-02-17T23:28:51.951+0000] {subprocess.py:106} INFO - org.apache.hadoop#hadoop-aws added as a dependency
[2025-02-17T23:28:51.951+0000] {subprocess.py:106} INFO - com.amazonaws#aws-java-sdk-s3 added as a dependency
[2025-02-17T23:28:51.952+0000] {subprocess.py:106} INFO - :: resolving dependencies :: org.apache.spark#spark-submit-parent-eec2b882-c72d-4f0c-9afc-05bcfe96c9dc;1.0
[2025-02-17T23:28:51.953+0000] {subprocess.py:106} INFO - 	confs: [default]
[2025-02-17T23:28:55.555+0000] {subprocess.py:106} INFO - 	found org.apache.hadoop#hadoop-aws;3.3.6 in central
[2025-02-17T23:28:56.840+0000] {subprocess.py:106} INFO - 	found com.amazonaws#aws-java-sdk-bundle;1.12.367 in central
[2025-02-17T23:28:59.098+0000] {subprocess.py:106} INFO - 	found org.wildfly.openssl#wildfly-openssl;1.1.3.Final in central
[2025-02-17T23:29:00.353+0000] {subprocess.py:106} INFO - 	found com.amazonaws#aws-java-sdk-s3;1.12.720 in central
[2025-02-17T23:29:00.692+0000] {subprocess.py:106} INFO - 	found com.amazonaws#aws-java-sdk-kms;1.12.720 in central
[2025-02-17T23:29:00.963+0000] {subprocess.py:106} INFO - 	found com.amazonaws#aws-java-sdk-core;1.12.720 in central
[2025-02-17T23:29:03.175+0000] {subprocess.py:106} INFO - 	found commons-logging#commons-logging;1.1.3 in central
[2025-02-17T23:29:05.337+0000] {subprocess.py:106} INFO - 	found commons-codec#commons-codec;1.15 in central
[2025-02-17T23:29:08.293+0000] {subprocess.py:106} INFO - 	found org.apache.httpcomponents#httpclient;4.5.13 in central
[2025-02-17T23:29:09.511+0000] {subprocess.py:106} INFO - 	found org.apache.httpcomponents#httpcore;4.4.13 in central
[2025-02-17T23:29:12.798+0000] {subprocess.py:106} INFO - 	found com.fasterxml.jackson.core#jackson-databind;2.12.7.2 in central
[2025-02-17T23:29:13.081+0000] {subprocess.py:106} INFO - 	found com.fasterxml.jackson.core#jackson-annotations;2.12.7 in central
[2025-02-17T23:29:13.366+0000] {subprocess.py:106} INFO - 	found com.fasterxml.jackson.core#jackson-core;2.12.7 in central
[2025-02-17T23:29:16.521+0000] {subprocess.py:106} INFO - 	found com.fasterxml.jackson.dataformat#jackson-dataformat-cbor;2.12.6 in central
[2025-02-17T23:29:16.821+0000] {subprocess.py:106} INFO - 	found joda-time#joda-time;2.12.7 in central
[2025-02-17T23:29:17.081+0000] {subprocess.py:106} INFO - 	found com.amazonaws#jmespath-java;1.12.720 in central
[2025-02-17T23:29:17.213+0000] {subprocess.py:106} INFO - downloading https://repo1.maven.org/maven2/org/apache/hadoop/hadoop-aws/3.3.6/hadoop-aws-3.3.6.jar ...
[2025-02-17T23:29:18.103+0000] {subprocess.py:106} INFO - 	[SUCCESSFUL ] org.apache.hadoop#hadoop-aws;3.3.6!hadoop-aws.jar (1014ms)
[2025-02-17T23:29:18.238+0000] {subprocess.py:106} INFO - downloading https://repo1.maven.org/maven2/com/amazonaws/aws-java-sdk-s3/1.12.720/aws-java-sdk-s3-1.12.720.jar ...
[2025-02-17T23:29:19.832+0000] {subprocess.py:106} INFO - 	[SUCCESSFUL ] com.amazonaws#aws-java-sdk-s3;1.12.720!aws-java-sdk-s3.jar (1728ms)
[2025-02-17T23:29:19.956+0000] {subprocess.py:106} INFO - downloading https://repo1.maven.org/maven2/com/amazonaws/aws-java-sdk-bundle/1.12.367/aws-java-sdk-bundle-1.12.367.jar ...
