[2025-02-12T20:15:42.627+0000] {local_task_job_runner.py:123} INFO - ::group::Pre task execution logs
[2025-02-12T20:15:42.655+0000] {taskinstance.py:2614} INFO - Dependencies all met for dep_context=non-requeueable deps ti=<TaskInstance: ing_mov_20_21.run_spark_script manual__2025-02-12T20:15:41.201899+00:00 [queued]>
[2025-02-12T20:15:42.669+0000] {taskinstance.py:2614} INFO - Dependencies all met for dep_context=requeueable deps ti=<TaskInstance: ing_mov_20_21.run_spark_script manual__2025-02-12T20:15:41.201899+00:00 [queued]>
[2025-02-12T20:15:42.670+0000] {taskinstance.py:2867} INFO - Starting attempt 1 of 2
[2025-02-12T20:15:42.692+0000] {taskinstance.py:2890} INFO - Executing <Task(BashOperator): run_spark_script> on 2025-02-12 20:15:41.201899+00:00
[2025-02-12T20:15:42.700+0000] {warnings.py:112} WARNING - /home/***/.local/lib/python3.12/site-packages/***/task/task_runner/standard_task_runner.py:70: DeprecationWarning: This process (pid=219) is multi-threaded, use of fork() may lead to deadlocks in the child.
  pid = os.fork()

[2025-02-12T20:15:42.703+0000] {standard_task_runner.py:72} INFO - Started process 220 to run task
[2025-02-12T20:15:42.703+0000] {standard_task_runner.py:104} INFO - Running: ['***', 'tasks', 'run', 'ing_mov_20_21', 'run_spark_script', 'manual__2025-02-12T20:15:41.201899+00:00', '--job-id', '60', '--raw', '--subdir', 'DAGS_FOLDER/scriptteste.py', '--cfg-path', '/tmp/tmprdryvtgx']
[2025-02-12T20:15:42.705+0000] {standard_task_runner.py:105} INFO - Job 60: Subtask run_spark_script
[2025-02-12T20:15:42.766+0000] {task_command.py:467} INFO - Running <TaskInstance: ing_mov_20_21.run_spark_script manual__2025-02-12T20:15:41.201899+00:00 [running]> on host c25b4be3037a
[2025-02-12T20:15:42.893+0000] {taskinstance.py:3134} INFO - Exporting env vars: AIRFLOW_CTX_DAG_OWNER='***' AIRFLOW_CTX_DAG_ID='ing_mov_20_21' AIRFLOW_CTX_TASK_ID='run_spark_script' AIRFLOW_CTX_EXECUTION_DATE='2025-02-12T20:15:41.201899+00:00' AIRFLOW_CTX_TRY_NUMBER='1' AIRFLOW_CTX_DAG_RUN_ID='manual__2025-02-12T20:15:41.201899+00:00'
[2025-02-12T20:15:42.895+0000] {taskinstance.py:732} INFO - ::endgroup::
[2025-02-12T20:15:42.916+0000] {subprocess.py:78} INFO - Tmp dir root location: /tmp
[2025-02-12T20:15:42.917+0000] {subprocess.py:88} INFO - Running command: ['/usr/bin/bash', '-c', 'spark-submit /opt/bitnami/spark/scripts/ing_mov_20_21.py']
[2025-02-12T20:15:42.929+0000] {subprocess.py:99} INFO - Output:
[2025-02-12T20:15:47.972+0000] {subprocess.py:106} INFO - Erro na execução: 'TMDB_API_KEY'
[2025-02-12T20:15:48.087+0000] {subprocess.py:106} INFO - 25/02/12 20:15:48 INFO ShutdownHookManager: Shutdown hook called
[2025-02-12T20:15:48.092+0000] {subprocess.py:106} INFO - 25/02/12 20:15:48 INFO ShutdownHookManager: Deleting directory /tmp/spark-76ebfcdc-a7d8-4d59-9ab7-c0d0fc968bb8
[2025-02-12T20:15:48.524+0000] {subprocess.py:110} INFO - Command exited with return code 0
[2025-02-12T20:15:49.342+0000] {taskinstance.py:341} INFO - ::group::Post task execution logs
[2025-02-12T20:15:49.343+0000] {taskinstance.py:353} INFO - Marking task as SUCCESS. dag_id=ing_mov_20_21, task_id=run_spark_script, run_id=manual__2025-02-12T20:15:41.201899+00:00, execution_date=20250212T201541, start_date=20250212T201542, end_date=20250212T201549
[2025-02-12T20:15:49.671+0000] {local_task_job_runner.py:266} INFO - Task exited with return code 0
[2025-02-12T20:15:49.689+0000] {taskinstance.py:3901} INFO - 0 downstream tasks scheduled from follow-on schedule check
[2025-02-12T20:15:49.702+0000] {local_task_job_runner.py:245} INFO - ::endgroup::
