[2025-02-12T20:02:56.424+0000] {local_task_job_runner.py:123} INFO - ::group::Pre task execution logs
[2025-02-12T20:02:56.452+0000] {taskinstance.py:2614} INFO - Dependencies all met for dep_context=non-requeueable deps ti=<TaskInstance: ing_mov_20_21.run_spark_script manual__2025-02-12T20:02:54.177964+00:00 [queued]>
[2025-02-12T20:02:56.466+0000] {taskinstance.py:2614} INFO - Dependencies all met for dep_context=requeueable deps ti=<TaskInstance: ing_mov_20_21.run_spark_script manual__2025-02-12T20:02:54.177964+00:00 [queued]>
[2025-02-12T20:02:56.467+0000] {taskinstance.py:2867} INFO - Starting attempt 1 of 2
[2025-02-12T20:02:56.488+0000] {taskinstance.py:2890} INFO - Executing <Task(BashOperator): run_spark_script> on 2025-02-12 20:02:54.177964+00:00
[2025-02-12T20:02:56.495+0000] {warnings.py:112} WARNING - /home/***/.local/lib/python3.12/site-packages/***/task/task_runner/standard_task_runner.py:70: DeprecationWarning: This process (pid=90) is multi-threaded, use of fork() may lead to deadlocks in the child.
  pid = os.fork()

[2025-02-12T20:02:56.497+0000] {standard_task_runner.py:72} INFO - Started process 91 to run task
[2025-02-12T20:02:56.497+0000] {standard_task_runner.py:104} INFO - Running: ['***', 'tasks', 'run', 'ing_mov_20_21', 'run_spark_script', 'manual__2025-02-12T20:02:54.177964+00:00', '--job-id', '56', '--raw', '--subdir', 'DAGS_FOLDER/scriptteste.py', '--cfg-path', '/tmp/tmp0x1j64qm']
[2025-02-12T20:02:56.499+0000] {standard_task_runner.py:105} INFO - Job 56: Subtask run_spark_script
[2025-02-12T20:02:56.574+0000] {task_command.py:467} INFO - Running <TaskInstance: ing_mov_20_21.run_spark_script manual__2025-02-12T20:02:54.177964+00:00 [running]> on host 4f69c038fcc5
[2025-02-12T20:02:56.719+0000] {taskinstance.py:3134} INFO - Exporting env vars: AIRFLOW_CTX_DAG_OWNER='***' AIRFLOW_CTX_DAG_ID='ing_mov_20_21' AIRFLOW_CTX_TASK_ID='run_spark_script' AIRFLOW_CTX_EXECUTION_DATE='2025-02-12T20:02:54.177964+00:00' AIRFLOW_CTX_TRY_NUMBER='1' AIRFLOW_CTX_DAG_RUN_ID='manual__2025-02-12T20:02:54.177964+00:00'
[2025-02-12T20:02:56.722+0000] {taskinstance.py:732} INFO - ::endgroup::
[2025-02-12T20:02:56.774+0000] {subprocess.py:78} INFO - Tmp dir root location: /tmp
[2025-02-12T20:02:56.777+0000] {subprocess.py:88} INFO - Running command: ['/usr/bin/bash', '-c', 'spark-submit /opt/bitnami/spark/scripts/ing_mov_20_21.py']
[2025-02-12T20:02:56.787+0000] {subprocess.py:99} INFO - Output:
[2025-02-12T20:03:02.015+0000] {subprocess.py:106} INFO - Erro na execução: ERRO: TMDB_API_TOKEN não encontrado. Verifique seu arquivo .env.
[2025-02-12T20:03:02.152+0000] {subprocess.py:106} INFO - 25/02/12 20:03:02 INFO ShutdownHookManager: Shutdown hook called
[2025-02-12T20:03:02.157+0000] {subprocess.py:106} INFO - 25/02/12 20:03:02 INFO ShutdownHookManager: Deleting directory /tmp/spark-03f8f62f-d513-4cba-8994-ea20fa7a3ef4
[2025-02-12T20:03:02.197+0000] {subprocess.py:110} INFO - Command exited with return code 0
[2025-02-12T20:03:02.238+0000] {taskinstance.py:341} INFO - ::group::Post task execution logs
[2025-02-12T20:03:02.239+0000] {taskinstance.py:353} INFO - Marking task as SUCCESS. dag_id=ing_mov_20_21, task_id=run_spark_script, run_id=manual__2025-02-12T20:02:54.177964+00:00, execution_date=20250212T200254, start_date=20250212T200256, end_date=20250212T200302
[2025-02-12T20:03:02.316+0000] {local_task_job_runner.py:266} INFO - Task exited with return code 0
[2025-02-12T20:03:02.335+0000] {taskinstance.py:3901} INFO - 0 downstream tasks scheduled from follow-on schedule check
[2025-02-12T20:03:02.339+0000] {local_task_job_runner.py:245} INFO - ::endgroup::
