[2025-02-12T19:43:03.753+0000] {local_task_job_runner.py:123} INFO - ::group::Pre task execution logs
[2025-02-12T19:43:03.776+0000] {taskinstance.py:2614} INFO - Dependencies all met for dep_context=non-requeueable deps ti=<TaskInstance: ing_mov_20_21.run_spark_script manual__2025-02-12T19:37:57.617726+00:00 [queued]>
[2025-02-12T19:43:03.788+0000] {taskinstance.py:2614} INFO - Dependencies all met for dep_context=requeueable deps ti=<TaskInstance: ing_mov_20_21.run_spark_script manual__2025-02-12T19:37:57.617726+00:00 [queued]>
[2025-02-12T19:43:03.789+0000] {taskinstance.py:2867} INFO - Starting attempt 2 of 2
[2025-02-12T19:43:03.806+0000] {taskinstance.py:2890} INFO - Executing <Task(BashOperator): run_spark_script> on 2025-02-12 19:37:57.617726+00:00
[2025-02-12T19:43:03.811+0000] {warnings.py:112} WARNING - /home/***/.local/lib/python3.12/site-packages/***/task/task_runner/standard_task_runner.py:70: DeprecationWarning: This process (pid=355) is multi-threaded, use of fork() may lead to deadlocks in the child.
  pid = os.fork()

[2025-02-12T19:43:03.813+0000] {standard_task_runner.py:72} INFO - Started process 356 to run task
[2025-02-12T19:43:03.814+0000] {standard_task_runner.py:104} INFO - Running: ['***', 'tasks', 'run', 'ing_mov_20_21', 'run_spark_script', 'manual__2025-02-12T19:37:57.617726+00:00', '--job-id', '46', '--raw', '--subdir', 'DAGS_FOLDER/scriptteste.py', '--cfg-path', '/tmp/tmpq4o5bcik']
[2025-02-12T19:43:03.815+0000] {standard_task_runner.py:105} INFO - Job 46: Subtask run_spark_script
[2025-02-12T19:43:03.877+0000] {task_command.py:467} INFO - Running <TaskInstance: ing_mov_20_21.run_spark_script manual__2025-02-12T19:37:57.617726+00:00 [running]> on host b9a583b11a65
[2025-02-12T19:43:03.978+0000] {taskinstance.py:3134} INFO - Exporting env vars: AIRFLOW_CTX_DAG_OWNER='***' AIRFLOW_CTX_DAG_ID='ing_mov_20_21' AIRFLOW_CTX_TASK_ID='run_spark_script' AIRFLOW_CTX_EXECUTION_DATE='2025-02-12T19:37:57.617726+00:00' AIRFLOW_CTX_TRY_NUMBER='2' AIRFLOW_CTX_DAG_RUN_ID='manual__2025-02-12T19:37:57.617726+00:00'
[2025-02-12T19:43:03.979+0000] {taskinstance.py:732} INFO - ::endgroup::
[2025-02-12T19:43:03.998+0000] {subprocess.py:78} INFO - Tmp dir root location: /tmp
[2025-02-12T19:43:04.000+0000] {subprocess.py:88} INFO - Running command: ['/usr/bin/bash', '-c', 'spark-submit /opt/bitnami/spark/scripts/ing_mov_20_21.py']
[2025-02-12T19:43:04.010+0000] {subprocess.py:99} INFO - Output:
[2025-02-12T19:43:08.420+0000] {subprocess.py:106} INFO - Erro na execução: ERRO: TMDB_API_TOKEN não encontrado. Verifique seu arquivo .env.
[2025-02-12T19:43:08.556+0000] {subprocess.py:106} INFO - 25/02/12 19:43:08 INFO ShutdownHookManager: Shutdown hook called
[2025-02-12T19:43:08.561+0000] {subprocess.py:106} INFO - 25/02/12 19:43:08 INFO ShutdownHookManager: Deleting directory /tmp/spark-aaf3ff56-05e8-40ac-86a0-3dfb2f3fda31
[2025-02-12T19:43:08.605+0000] {subprocess.py:110} INFO - Command exited with return code 0
[2025-02-12T19:43:08.644+0000] {taskinstance.py:341} INFO - ::group::Post task execution logs
[2025-02-12T19:43:08.645+0000] {taskinstance.py:353} INFO - Marking task as SUCCESS. dag_id=ing_mov_20_21, task_id=run_spark_script, run_id=manual__2025-02-12T19:37:57.617726+00:00, execution_date=20250212T193757, start_date=20250212T194303, end_date=20250212T194308
[2025-02-12T19:43:08.733+0000] {local_task_job_runner.py:266} INFO - Task exited with return code 0
[2025-02-12T19:43:08.757+0000] {taskinstance.py:3901} INFO - 0 downstream tasks scheduled from follow-on schedule check
[2025-02-12T19:43:08.760+0000] {local_task_job_runner.py:245} INFO - ::endgroup::
