[2025-02-13T16:19:04.809+0000] {local_task_job_runner.py:123} INFO - ::group::Pre task execution logs
[2025-02-13T16:19:04.863+0000] {taskinstance.py:2614} INFO - Dependencies all met for dep_context=non-requeueable deps ti=<TaskInstance: ing_mov_20_21.run_spark_script manual__2025-02-13T16:19:02.185673+00:00 [queued]>
[2025-02-13T16:19:04.888+0000] {taskinstance.py:2614} INFO - Dependencies all met for dep_context=requeueable deps ti=<TaskInstance: ing_mov_20_21.run_spark_script manual__2025-02-13T16:19:02.185673+00:00 [queued]>
[2025-02-13T16:19:04.891+0000] {taskinstance.py:2867} INFO - Starting attempt 1 of 2
[2025-02-13T16:19:04.925+0000] {taskinstance.py:2890} INFO - Executing <Task(BashOperator): run_spark_script> on 2025-02-13 16:19:02.185673+00:00
[2025-02-13T16:19:04.936+0000] {standard_task_runner.py:104} INFO - Running: ['***', 'tasks', 'run', 'ing_mov_20_21', 'run_spark_script', 'manual__2025-02-13T16:19:02.185673+00:00', '--job-id', '3', '--raw', '--subdir', 'DAGS_FOLDER/scriptteste.py', '--cfg-path', '/tmp/tmpkmbfpvee']
[2025-02-13T16:19:04.940+0000] {standard_task_runner.py:105} INFO - Job 3: Subtask run_spark_script
[2025-02-13T16:19:04.935+0000] {warnings.py:112} WARNING - /home/***/.local/lib/python3.12/site-packages/***/task/task_runner/standard_task_runner.py:70: DeprecationWarning: This process (pid=81) is multi-threaded, use of fork() may lead to deadlocks in the child.
  pid = os.fork()

[2025-02-13T16:19:04.942+0000] {standard_task_runner.py:72} INFO - Started process 82 to run task
[2025-02-13T16:19:05.036+0000] {task_command.py:467} INFO - Running <TaskInstance: ing_mov_20_21.run_spark_script manual__2025-02-13T16:19:02.185673+00:00 [running]> on host e30879aa5e68
[2025-02-13T16:19:05.200+0000] {taskinstance.py:3134} INFO - Exporting env vars: AIRFLOW_CTX_DAG_OWNER='***' AIRFLOW_CTX_DAG_ID='ing_mov_20_21' AIRFLOW_CTX_TASK_ID='run_spark_script' AIRFLOW_CTX_EXECUTION_DATE='2025-02-13T16:19:02.185673+00:00' AIRFLOW_CTX_TRY_NUMBER='1' AIRFLOW_CTX_DAG_RUN_ID='manual__2025-02-13T16:19:02.185673+00:00'
[2025-02-13T16:19:05.201+0000] {taskinstance.py:732} INFO - ::endgroup::
[2025-02-13T16:19:05.256+0000] {subprocess.py:78} INFO - Tmp dir root location: /tmp
[2025-02-13T16:19:05.257+0000] {subprocess.py:88} INFO - Running command: ['/usr/bin/bash', '-c', 'spark-submit /opt/bitnami/spark/scripts/ing_mov_20_21.py']
[2025-02-13T16:19:05.270+0000] {subprocess.py:99} INFO - Output:
[2025-02-13T16:19:12.204+0000] {subprocess.py:106} INFO - 25/02/13 16:19:12 INFO SparkContext: Running Spark version 3.5.4
[2025-02-13T16:19:12.209+0000] {subprocess.py:106} INFO - 25/02/13 16:19:12 INFO SparkContext: OS info Linux, 5.15.167.4-microsoft-standard-WSL2, amd64
[2025-02-13T16:19:12.211+0000] {subprocess.py:106} INFO - 25/02/13 16:19:12 INFO SparkContext: Java version 17.0.14
[2025-02-13T16:19:12.345+0000] {subprocess.py:106} INFO - 25/02/13 16:19:12 WARN NativeCodeLoader: Unable to load native-hadoop library for your platform... using builtin-java classes where applicable
[2025-02-13T16:19:12.561+0000] {subprocess.py:106} INFO - 25/02/13 16:19:12 INFO ResourceUtils: ==============================================================
[2025-02-13T16:19:12.562+0000] {subprocess.py:106} INFO - 25/02/13 16:19:12 INFO ResourceUtils: No custom resources configured for spark.driver.
[2025-02-13T16:19:12.564+0000] {subprocess.py:106} INFO - 25/02/13 16:19:12 INFO ResourceUtils: ==============================================================
[2025-02-13T16:19:12.574+0000] {subprocess.py:106} INFO - 25/02/13 16:19:12 INFO SparkContext: Submitted application: Movies_20_21
[2025-02-13T16:19:12.630+0000] {subprocess.py:106} INFO - 25/02/13 16:19:12 INFO ResourceProfile: Default ResourceProfile created, executor resources: Map(cores -> name: cores, amount: 2, script: , vendor: , memory -> name: memory, amount: 12288, script: , vendor: , offHeap -> name: offHeap, amount: 0, script: , vendor: ), task resources: Map(cpus -> name: cpus, amount: 1.0)
[2025-02-13T16:19:12.653+0000] {subprocess.py:106} INFO - 25/02/13 16:19:12 INFO ResourceProfile: Limiting resource is cpus at 2 tasks per executor
[2025-02-13T16:19:12.664+0000] {subprocess.py:106} INFO - 25/02/13 16:19:12 INFO ResourceProfileManager: Added ResourceProfile id: 0
[2025-02-13T16:19:12.780+0000] {subprocess.py:106} INFO - 25/02/13 16:19:12 INFO SecurityManager: Changing view acls to: ***
[2025-02-13T16:19:12.782+0000] {subprocess.py:106} INFO - 25/02/13 16:19:12 INFO SecurityManager: Changing modify acls to: ***
[2025-02-13T16:19:12.783+0000] {subprocess.py:106} INFO - 25/02/13 16:19:12 INFO SecurityManager: Changing view acls groups to:
[2025-02-13T16:19:12.784+0000] {subprocess.py:106} INFO - 25/02/13 16:19:12 INFO SecurityManager: Changing modify acls groups to:
[2025-02-13T16:19:12.785+0000] {subprocess.py:106} INFO - 25/02/13 16:19:12 INFO SecurityManager: SecurityManager: authentication disabled; ui acls disabled; users with view permissions: ***; groups with view permissions: EMPTY; users with modify permissions: ***; groups with modify permissions: EMPTY
[2025-02-13T16:19:13.342+0000] {subprocess.py:106} INFO - 25/02/13 16:19:13 INFO Utils: Successfully started service 'sparkDriver' on port 45049.
[2025-02-13T16:19:13.433+0000] {subprocess.py:106} INFO - 25/02/13 16:19:13 INFO SparkEnv: Registering MapOutputTracker
[2025-02-13T16:19:13.535+0000] {subprocess.py:106} INFO - 25/02/13 16:19:13 INFO SparkEnv: Registering BlockManagerMaster
[2025-02-13T16:19:13.577+0000] {subprocess.py:106} INFO - 25/02/13 16:19:13 INFO BlockManagerMasterEndpoint: Using org.apache.spark.storage.DefaultTopologyMapper for getting topology information
[2025-02-13T16:19:13.582+0000] {subprocess.py:106} INFO - 25/02/13 16:19:13 INFO BlockManagerMasterEndpoint: BlockManagerMasterEndpoint up
[2025-02-13T16:19:13.598+0000] {subprocess.py:106} INFO - 25/02/13 16:19:13 INFO SparkEnv: Registering BlockManagerMasterHeartbeat
[2025-02-13T16:19:13.657+0000] {subprocess.py:106} INFO - 25/02/13 16:19:13 INFO DiskBlockManager: Created local directory at /tmp/blockmgr-6a5788d2-4a66-4d3a-a7e2-1547782b1e12
[2025-02-13T16:19:13.701+0000] {subprocess.py:106} INFO - 25/02/13 16:19:13 INFO MemoryStore: MemoryStore started with capacity 434.4 MiB
[2025-02-13T16:19:13.745+0000] {subprocess.py:106} INFO - 25/02/13 16:19:13 INFO SparkEnv: Registering OutputCommitCoordinator
[2025-02-13T16:19:14.121+0000] {subprocess.py:106} INFO - 25/02/13 16:19:14 INFO JettyUtils: Start Jetty 0.0.0.0:4040 for SparkUI
[2025-02-13T16:19:14.291+0000] {subprocess.py:106} INFO - 25/02/13 16:19:14 INFO Utils: Successfully started service 'SparkUI' on port 4040.
[2025-02-13T16:19:14.661+0000] {subprocess.py:106} INFO - 25/02/13 16:19:14 INFO StandaloneAppClient$ClientEndpoint: Connecting to master spark://spark:7077...
[2025-02-13T16:19:14.793+0000] {subprocess.py:106} INFO - 25/02/13 16:19:14 INFO TransportClientFactory: Successfully created connection to spark/172.18.0.2:7077 after 76 ms (0 ms spent in bootstraps)
[2025-02-13T16:19:15.178+0000] {subprocess.py:106} INFO - 25/02/13 16:19:15 INFO StandaloneSchedulerBackend: Connected to Spark cluster with app ID app-20250213161915-0000
[2025-02-13T16:19:15.214+0000] {subprocess.py:106} INFO - 25/02/13 16:19:15 INFO Utils: Successfully started service 'org.apache.spark.network.netty.NettyBlockTransferService' on port 41355.
[2025-02-13T16:19:15.216+0000] {subprocess.py:106} INFO - 25/02/13 16:19:15 INFO NettyBlockTransferService: Server created on e30879aa5e68:41355
[2025-02-13T16:19:15.225+0000] {subprocess.py:106} INFO - 25/02/13 16:19:15 INFO BlockManager: Using org.apache.spark.storage.RandomBlockReplicationPolicy for block replication policy
[2025-02-13T16:19:15.249+0000] {subprocess.py:106} INFO - 25/02/13 16:19:15 INFO BlockManagerMaster: Registering BlockManager BlockManagerId(driver, e30879aa5e68, 41355, None)
[2025-02-13T16:19:15.254+0000] {subprocess.py:106} INFO - 25/02/13 16:19:15 INFO BlockManagerMasterEndpoint: Registering block manager e30879aa5e68:41355 with 434.4 MiB RAM, BlockManagerId(driver, e30879aa5e68, 41355, None)
[2025-02-13T16:19:15.259+0000] {subprocess.py:106} INFO - 25/02/13 16:19:15 INFO BlockManagerMaster: Registered BlockManager BlockManagerId(driver, e30879aa5e68, 41355, None)
[2025-02-13T16:19:15.266+0000] {subprocess.py:106} INFO - 25/02/13 16:19:15 INFO BlockManager: Initialized BlockManager: BlockManagerId(driver, e30879aa5e68, 41355, None)
[2025-02-13T16:19:15.306+0000] {subprocess.py:106} INFO - 25/02/13 16:19:15 INFO StandaloneAppClient$ClientEndpoint: Executor added: app-20250213161915-0000/0 on worker-20250213161604-172.18.0.5-35779 (172.18.0.5:35779) with 2 core(s)
[2025-02-13T16:19:15.328+0000] {subprocess.py:106} INFO - 25/02/13 16:19:15 INFO StandaloneSchedulerBackend: Granted executor ID app-20250213161915-0000/0 on hostPort 172.18.0.5:35779 with 2 core(s), 12.0 GiB RAM
[2025-02-13T16:19:15.356+0000] {subprocess.py:106} INFO - 25/02/13 16:19:15 INFO StandaloneAppClient$ClientEndpoint: Executor added: app-20250213161915-0000/1 on worker-20250213161604-172.18.0.4-41123 (172.18.0.4:41123) with 2 core(s)
[2025-02-13T16:19:15.361+0000] {subprocess.py:106} INFO - 25/02/13 16:19:15 INFO StandaloneSchedulerBackend: Granted executor ID app-20250213161915-0000/1 on hostPort 172.18.0.4:41123 with 2 core(s), 12.0 GiB RAM
[2025-02-13T16:19:15.968+0000] {subprocess.py:106} INFO - 25/02/13 16:19:15 INFO StandaloneAppClient$ClientEndpoint: Executor updated: app-20250213161915-0000/1 is now RUNNING
[2025-02-13T16:19:15.970+0000] {subprocess.py:106} INFO - 25/02/13 16:19:15 INFO StandaloneAppClient$ClientEndpoint: Executor updated: app-20250213161915-0000/0 is now RUNNING
[2025-02-13T16:19:16.059+0000] {subprocess.py:106} INFO - 25/02/13 16:19:16 INFO StandaloneSchedulerBackend: SchedulerBackend is ready for scheduling beginning after reached minRegisteredResourcesRatio: 0.0
[2025-02-13T16:19:24.036+0000] {subprocess.py:106} INFO - 25/02/13 16:19:24 INFO StandaloneSchedulerBackend$StandaloneDriverEndpoint: Registered executor NettyRpcEndpointRef(spark-client://Executor) (172.18.0.5:37488) with ID 0,  ResourceProfileId 0
[2025-02-13T16:19:24.288+0000] {subprocess.py:106} INFO - 25/02/13 16:19:24 INFO StandaloneSchedulerBackend$StandaloneDriverEndpoint: Registered executor NettyRpcEndpointRef(spark-client://Executor) (172.18.0.4:34708) with ID 1,  ResourceProfileId 0
[2025-02-13T16:19:24.364+0000] {subprocess.py:106} INFO - 25/02/13 16:19:24 INFO BlockManagerMasterEndpoint: Registering block manager 172.18.0.5:36695 with 7.0 GiB RAM, BlockManagerId(0, 172.18.0.5, 36695, None)
[2025-02-13T16:19:24.545+0000] {subprocess.py:106} INFO - 25/02/13 16:19:24 INFO BlockManagerMasterEndpoint: Registering block manager 172.18.0.4:44287 with 7.0 GiB RAM, BlockManagerId(1, 172.18.0.4, 44287, None)
[2025-02-13T16:40:37.432+0000] {subprocess.py:106} INFO - Erro na execução: HTTPSConnectionPool(host='api.themoviedb.org', port=443): Max retries exceeded with url: /3/discover/movie?include_adult=false&include_video=false&language=en-US&page=3&sort_by=popularity.desc&primary_release_date.gte=2020-01-13&primary_release_date.lte=2020-01-13 (Caused by NewConnectionError('<urllib3.connection.HTTPSConnection object at 0x7f65a46929f0>: Failed to establish a new connection: [Errno 101] Network is unreachable'))
[2025-02-13T16:40:37.564+0000] {subprocess.py:106} INFO - 25/02/13 16:40:37 INFO SparkContext: Invoking stop() from shutdown hook
[2025-02-13T16:40:37.565+0000] {subprocess.py:106} INFO - 25/02/13 16:40:37 INFO SparkContext: SparkContext is stopping with exitCode 0.
[2025-02-13T16:40:37.581+0000] {subprocess.py:106} INFO - 25/02/13 16:40:37 INFO SparkUI: Stopped Spark web UI at http://e30879aa5e68:4040
[2025-02-13T16:40:37.588+0000] {subprocess.py:106} INFO - 25/02/13 16:40:37 INFO StandaloneSchedulerBackend: Shutting down all executors
[2025-02-13T16:40:37.589+0000] {subprocess.py:106} INFO - 25/02/13 16:40:37 INFO StandaloneSchedulerBackend$StandaloneDriverEndpoint: Asking each executor to shut down
[2025-02-13T16:40:37.614+0000] {subprocess.py:106} INFO - 25/02/13 16:40:37 INFO MapOutputTrackerMasterEndpoint: MapOutputTrackerMasterEndpoint stopped!
[2025-02-13T16:40:37.692+0000] {subprocess.py:106} INFO - 25/02/13 16:40:37 INFO MemoryStore: MemoryStore cleared
[2025-02-13T16:40:37.696+0000] {subprocess.py:106} INFO - 25/02/13 16:40:37 INFO BlockManager: BlockManager stopped
[2025-02-13T16:40:37.717+0000] {subprocess.py:106} INFO - 25/02/13 16:40:37 INFO BlockManagerMaster: BlockManagerMaster stopped
[2025-02-13T16:40:37.721+0000] {subprocess.py:106} INFO - 25/02/13 16:40:37 INFO OutputCommitCoordinator$OutputCommitCoordinatorEndpoint: OutputCommitCoordinator stopped!
[2025-02-13T16:40:37.769+0000] {subprocess.py:106} INFO - 25/02/13 16:40:37 INFO SparkContext: Successfully stopped SparkContext
[2025-02-13T16:40:37.771+0000] {subprocess.py:106} INFO - 25/02/13 16:40:37 INFO ShutdownHookManager: Shutdown hook called
[2025-02-13T16:40:37.774+0000] {subprocess.py:106} INFO - 25/02/13 16:40:37 INFO ShutdownHookManager: Deleting directory /tmp/spark-276a8a85-7f51-4938-b5f2-cb83eb3dc015/pyspark-ba1c90cd-468e-4c94-8fa3-a176323191ce
[2025-02-13T16:40:37.781+0000] {subprocess.py:106} INFO - 25/02/13 16:40:37 INFO ShutdownHookManager: Deleting directory /tmp/spark-d62ff2c4-7d0b-48c1-9938-e517731744b7
[2025-02-13T16:40:37.786+0000] {subprocess.py:106} INFO - 25/02/13 16:40:37 INFO ShutdownHookManager: Deleting directory /tmp/spark-276a8a85-7f51-4938-b5f2-cb83eb3dc015
[2025-02-13T16:40:37.832+0000] {subprocess.py:110} INFO - Command exited with return code 0
[2025-02-13T16:40:37.881+0000] {taskinstance.py:341} INFO - ::group::Post task execution logs
[2025-02-13T16:40:37.884+0000] {taskinstance.py:353} INFO - Marking task as SUCCESS. dag_id=ing_mov_20_21, task_id=run_spark_script, run_id=manual__2025-02-13T16:19:02.185673+00:00, execution_date=20250213T161902, start_date=20250213T161904, end_date=20250213T164037
[2025-02-13T16:40:38.014+0000] {local_task_job_runner.py:266} INFO - Task exited with return code 0
[2025-02-13T16:40:38.047+0000] {taskinstance.py:3901} INFO - 0 downstream tasks scheduled from follow-on schedule check
[2025-02-13T16:40:38.051+0000] {local_task_job_runner.py:245} INFO - ::endgroup::
