[2025-02-12T20:53:38.106+0000] {local_task_job_runner.py:123} INFO - ::group::Pre task execution logs
[2025-02-12T20:53:38.127+0000] {taskinstance.py:2614} INFO - Dependencies all met for dep_context=non-requeueable deps ti=<TaskInstance: ing_mov_20_21.run_spark_script manual__2025-02-12T20:53:35.927521+00:00 [queued]>
[2025-02-12T20:53:38.138+0000] {taskinstance.py:2614} INFO - Dependencies all met for dep_context=requeueable deps ti=<TaskInstance: ing_mov_20_21.run_spark_script manual__2025-02-12T20:53:35.927521+00:00 [queued]>
[2025-02-12T20:53:38.138+0000] {taskinstance.py:2867} INFO - Starting attempt 1 of 2
[2025-02-12T20:53:38.154+0000] {taskinstance.py:2890} INFO - Executing <Task(BashOperator): run_spark_script> on 2025-02-12 20:53:35.927521+00:00
[2025-02-12T20:53:38.160+0000] {warnings.py:112} WARNING - /home/***/.local/lib/python3.12/site-packages/***/task/task_runner/standard_task_runner.py:70: DeprecationWarning: This process (pid=73) is multi-threaded, use of fork() may lead to deadlocks in the child.
  pid = os.fork()

[2025-02-12T20:53:38.162+0000] {standard_task_runner.py:72} INFO - Started process 74 to run task
[2025-02-12T20:53:38.163+0000] {standard_task_runner.py:104} INFO - Running: ['***', 'tasks', 'run', 'ing_mov_20_21', 'run_spark_script', 'manual__2025-02-12T20:53:35.927521+00:00', '--job-id', '73', '--raw', '--subdir', 'DAGS_FOLDER/scriptteste.py', '--cfg-path', '/tmp/tmpgz8kl2at']
[2025-02-12T20:53:38.164+0000] {standard_task_runner.py:105} INFO - Job 73: Subtask run_spark_script
[2025-02-12T20:53:38.222+0000] {task_command.py:467} INFO - Running <TaskInstance: ing_mov_20_21.run_spark_script manual__2025-02-12T20:53:35.927521+00:00 [running]> on host b0a412184e69
[2025-02-12T20:53:38.324+0000] {taskinstance.py:3134} INFO - Exporting env vars: AIRFLOW_CTX_DAG_OWNER='***' AIRFLOW_CTX_DAG_ID='ing_mov_20_21' AIRFLOW_CTX_TASK_ID='run_spark_script' AIRFLOW_CTX_EXECUTION_DATE='2025-02-12T20:53:35.927521+00:00' AIRFLOW_CTX_TRY_NUMBER='1' AIRFLOW_CTX_DAG_RUN_ID='manual__2025-02-12T20:53:35.927521+00:00'
[2025-02-12T20:53:38.325+0000] {taskinstance.py:732} INFO - ::endgroup::
[2025-02-12T20:53:38.365+0000] {subprocess.py:78} INFO - Tmp dir root location: /tmp
[2025-02-12T20:53:38.366+0000] {subprocess.py:88} INFO - Running command: ['/usr/bin/bash', '-c', 'spark-submit /opt/bitnami/spark/scripts/ing_mov_20_21.py']
[2025-02-12T20:53:38.378+0000] {subprocess.py:99} INFO - Output:
[2025-02-12T20:53:42.990+0000] {subprocess.py:106} INFO - 25/02/12 20:53:42 INFO SparkContext: Running Spark version 3.5.4
[2025-02-12T20:53:42.993+0000] {subprocess.py:106} INFO - 25/02/12 20:53:42 INFO SparkContext: OS info Linux, 5.15.167.4-microsoft-standard-WSL2, amd64
[2025-02-12T20:53:42.995+0000] {subprocess.py:106} INFO - 25/02/12 20:53:42 INFO SparkContext: Java version 17.0.14
[2025-02-12T20:53:43.118+0000] {subprocess.py:106} INFO - 25/02/12 20:53:43 WARN NativeCodeLoader: Unable to load native-hadoop library for your platform... using builtin-java classes where applicable
[2025-02-12T20:53:43.324+0000] {subprocess.py:106} INFO - 25/02/12 20:53:43 INFO ResourceUtils: ==============================================================
[2025-02-12T20:53:43.325+0000] {subprocess.py:106} INFO - 25/02/12 20:53:43 INFO ResourceUtils: No custom resources configured for spark.driver.
[2025-02-12T20:53:43.327+0000] {subprocess.py:106} INFO - 25/02/12 20:53:43 INFO ResourceUtils: ==============================================================
[2025-02-12T20:53:43.328+0000] {subprocess.py:106} INFO - 25/02/12 20:53:43 INFO SparkContext: Submitted application: Movies_20_21
[2025-02-12T20:53:43.390+0000] {subprocess.py:106} INFO - 25/02/12 20:53:43 INFO ResourceProfile: Default ResourceProfile created, executor resources: Map(memory -> name: memory, amount: 1024, script: , vendor: , offHeap -> name: offHeap, amount: 0, script: , vendor: ), task resources: Map(cpus -> name: cpus, amount: 1.0)
[2025-02-12T20:53:43.404+0000] {subprocess.py:106} INFO - 25/02/12 20:53:43 INFO ResourceProfile: Limiting resource is cpu
[2025-02-12T20:53:43.405+0000] {subprocess.py:106} INFO - 25/02/12 20:53:43 INFO ResourceProfileManager: Added ResourceProfile id: 0
[2025-02-12T20:53:43.522+0000] {subprocess.py:106} INFO - 25/02/12 20:53:43 INFO SecurityManager: Changing view acls to: ***
[2025-02-12T20:53:43.523+0000] {subprocess.py:106} INFO - 25/02/12 20:53:43 INFO SecurityManager: Changing modify acls to: ***
[2025-02-12T20:53:43.524+0000] {subprocess.py:106} INFO - 25/02/12 20:53:43 INFO SecurityManager: Changing view acls groups to:
[2025-02-12T20:53:43.525+0000] {subprocess.py:106} INFO - 25/02/12 20:53:43 INFO SecurityManager: Changing modify acls groups to:
[2025-02-12T20:53:43.526+0000] {subprocess.py:106} INFO - 25/02/12 20:53:43 INFO SecurityManager: SecurityManager: authentication disabled; ui acls disabled; users with view permissions: ***; groups with view permissions: EMPTY; users with modify permissions: ***; groups with modify permissions: EMPTY
[2025-02-12T20:53:43.945+0000] {subprocess.py:106} INFO - 25/02/12 20:53:43 INFO Utils: Successfully started service 'sparkDriver' on port 45985.
[2025-02-12T20:53:44.012+0000] {subprocess.py:106} INFO - 25/02/12 20:53:44 INFO SparkEnv: Registering MapOutputTracker
[2025-02-12T20:53:44.073+0000] {subprocess.py:106} INFO - 25/02/12 20:53:44 INFO SparkEnv: Registering BlockManagerMaster
[2025-02-12T20:53:44.102+0000] {subprocess.py:106} INFO - 25/02/12 20:53:44 INFO BlockManagerMasterEndpoint: Using org.apache.spark.storage.DefaultTopologyMapper for getting topology information
[2025-02-12T20:53:44.103+0000] {subprocess.py:106} INFO - 25/02/12 20:53:44 INFO BlockManagerMasterEndpoint: BlockManagerMasterEndpoint up
[2025-02-12T20:53:44.110+0000] {subprocess.py:106} INFO - 25/02/12 20:53:44 INFO SparkEnv: Registering BlockManagerMasterHeartbeat
[2025-02-12T20:53:44.155+0000] {subprocess.py:106} INFO - 25/02/12 20:53:44 INFO DiskBlockManager: Created local directory at /tmp/blockmgr-d3fe12d0-6421-463a-a1de-4062ee9698a2
[2025-02-12T20:53:44.178+0000] {subprocess.py:106} INFO - 25/02/12 20:53:44 INFO MemoryStore: MemoryStore started with capacity 434.4 MiB
[2025-02-12T20:53:44.202+0000] {subprocess.py:106} INFO - 25/02/12 20:53:44 INFO SparkEnv: Registering OutputCommitCoordinator
[2025-02-12T20:53:44.447+0000] {subprocess.py:106} INFO - 25/02/12 20:53:44 INFO JettyUtils: Start Jetty 0.0.0.0:4040 for SparkUI
[2025-02-12T20:53:44.574+0000] {subprocess.py:106} INFO - 25/02/12 20:53:44 INFO Utils: Successfully started service 'SparkUI' on port 4040.
[2025-02-12T20:53:44.762+0000] {subprocess.py:106} INFO - 25/02/12 20:53:44 INFO StandaloneAppClient$ClientEndpoint: Connecting to master spark://spark:7077...
[2025-02-12T20:53:44.823+0000] {subprocess.py:106} INFO - 25/02/12 20:53:44 INFO TransportClientFactory: Successfully created connection to spark/172.18.0.6:7077 after 33 ms (0 ms spent in bootstraps)
[2025-02-12T20:53:45.008+0000] {subprocess.py:106} INFO - 25/02/12 20:53:45 INFO StandaloneSchedulerBackend: Connected to Spark cluster with app ID app-20250212205344-0000
[2025-02-12T20:53:45.022+0000] {subprocess.py:106} INFO - 25/02/12 20:53:45 INFO Utils: Successfully started service 'org.apache.spark.network.netty.NettyBlockTransferService' on port 33047.
[2025-02-12T20:53:45.023+0000] {subprocess.py:106} INFO - 25/02/12 20:53:45 INFO NettyBlockTransferService: Server created on b0a412184e69:33047
[2025-02-12T20:53:45.026+0000] {subprocess.py:106} INFO - 25/02/12 20:53:45 INFO BlockManager: Using org.apache.spark.storage.RandomBlockReplicationPolicy for block replication policy
[2025-02-12T20:53:45.036+0000] {subprocess.py:106} INFO - 25/02/12 20:53:45 INFO BlockManagerMaster: Registering BlockManager BlockManagerId(driver, b0a412184e69, 33047, None)
[2025-02-12T20:53:45.042+0000] {subprocess.py:106} INFO - 25/02/12 20:53:45 INFO BlockManagerMasterEndpoint: Registering block manager b0a412184e69:33047 with 434.4 MiB RAM, BlockManagerId(driver, b0a412184e69, 33047, None)
[2025-02-12T20:53:45.048+0000] {subprocess.py:106} INFO - 25/02/12 20:53:45 INFO BlockManagerMaster: Registered BlockManager BlockManagerId(driver, b0a412184e69, 33047, None)
[2025-02-12T20:53:45.050+0000] {subprocess.py:106} INFO - 25/02/12 20:53:45 INFO BlockManager: Initialized BlockManager: BlockManagerId(driver, b0a412184e69, 33047, None)
[2025-02-12T20:53:45.075+0000] {subprocess.py:106} INFO - 25/02/12 20:53:45 INFO StandaloneAppClient$ClientEndpoint: Executor added: app-20250212205344-0000/0 on worker-20250212205144-172.18.0.4-46287 (172.18.0.4:46287) with 3 core(s)
[2025-02-12T20:53:45.076+0000] {subprocess.py:106} INFO - 25/02/12 20:53:45 INFO StandaloneSchedulerBackend: Granted executor ID app-20250212205344-0000/0 on hostPort 172.18.0.4:46287 with 3 core(s), 1024.0 MiB RAM
[2025-02-12T20:53:45.077+0000] {subprocess.py:106} INFO - 25/02/12 20:53:45 INFO StandaloneAppClient$ClientEndpoint: Executor added: app-20250212205344-0000/1 on worker-20250212205143-172.18.0.2-38365 (172.18.0.2:38365) with 3 core(s)
[2025-02-12T20:53:45.078+0000] {subprocess.py:106} INFO - 25/02/12 20:53:45 INFO StandaloneSchedulerBackend: Granted executor ID app-20250212205344-0000/1 on hostPort 172.18.0.2:38365 with 3 core(s), 1024.0 MiB RAM
[2025-02-12T20:53:45.415+0000] {subprocess.py:106} INFO - 25/02/12 20:53:45 INFO StandaloneAppClient$ClientEndpoint: Executor updated: app-20250212205344-0000/1 is now RUNNING
[2025-02-12T20:53:45.420+0000] {subprocess.py:106} INFO - 25/02/12 20:53:45 INFO StandaloneAppClient$ClientEndpoint: Executor updated: app-20250212205344-0000/0 is now RUNNING
[2025-02-12T20:53:45.752+0000] {subprocess.py:106} INFO - 25/02/12 20:53:45 INFO StandaloneSchedulerBackend: SchedulerBackend is ready for scheduling beginning after reached minRegisteredResourcesRatio: 0.0
[2025-02-12T20:53:47.117+0000] {subprocess.py:106} INFO - Erro ao acessar API (2020-01-01): 401 {"status_code":7,"status_message":"Invalid API key: You must be granted a valid key.","success":false}
[2025-02-12T20:53:47.119+0000] {subprocess.py:106} INFO - 
[2025-02-12T20:53:47.612+0000] {subprocess.py:106} INFO - Erro ao acessar API (2020-01-02): 401 {"status_code":7,"status_message":"Invalid API key: You must be granted a valid key.","success":false}
[2025-02-12T20:53:47.707+0000] {subprocess.py:106} INFO - 
[2025-02-12T20:53:48.226+0000] {subprocess.py:106} INFO - Erro ao acessar API (2020-01-03): 401 {"status_code":7,"status_message":"Invalid API key: You must be granted a valid key.","success":false}
[2025-02-12T20:53:48.274+0000] {subprocess.py:106} INFO - 
[2025-02-12T20:53:48.766+0000] {subprocess.py:106} INFO - Erro ao acessar API (2020-01-04): 401 {"status_code":7,"status_message":"Invalid API key: You must be granted a valid key.","success":false}
[2025-02-12T20:53:48.770+0000] {subprocess.py:106} INFO - 
[2025-02-12T20:53:49.221+0000] {subprocess.py:106} INFO - Erro ao acessar API (2020-01-05): 401 {"status_code":7,"status_message":"Invalid API key: You must be granted a valid key.","success":false}
[2025-02-12T20:53:49.225+0000] {subprocess.py:106} INFO - 
[2025-02-12T20:53:49.688+0000] {subprocess.py:106} INFO - Erro ao acessar API (2020-01-06): 401 {"status_code":7,"status_message":"Invalid API key: You must be granted a valid key.","success":false}
[2025-02-12T20:53:49.689+0000] {subprocess.py:106} INFO - 
[2025-02-12T20:53:50.137+0000] {subprocess.py:106} INFO - Erro ao acessar API (2020-01-07): 401 {"status_code":7,"status_message":"Invalid API key: You must be granted a valid key.","success":false}
[2025-02-12T20:53:50.139+0000] {subprocess.py:106} INFO - 
[2025-02-12T20:53:50.556+0000] {subprocess.py:106} INFO - Erro ao acessar API (2020-01-08): 401 {"status_code":7,"status_message":"Invalid API key: You must be granted a valid key.","success":false}
[2025-02-12T20:53:50.557+0000] {subprocess.py:106} INFO - 
[2025-02-12T20:53:51.009+0000] {subprocess.py:106} INFO - Erro ao acessar API (2020-01-09): 401 {"status_code":7,"status_message":"Invalid API key: You must be granted a valid key.","success":false}
[2025-02-12T20:53:51.010+0000] {subprocess.py:106} INFO - 
[2025-02-12T20:53:51.454+0000] {subprocess.py:106} INFO - Erro ao acessar API (2020-01-10): 401 {"status_code":7,"status_message":"Invalid API key: You must be granted a valid key.","success":false}
[2025-02-12T20:53:51.455+0000] {subprocess.py:106} INFO - 
[2025-02-12T20:53:51.880+0000] {subprocess.py:106} INFO - Erro ao acessar API (2020-01-11): 401 {"status_code":7,"status_message":"Invalid API key: You must be granted a valid key.","success":false}
[2025-02-12T20:53:51.881+0000] {subprocess.py:106} INFO - 
[2025-02-12T20:53:52.297+0000] {subprocess.py:106} INFO - Erro ao acessar API (2020-01-12): 401 {"status_code":7,"status_message":"Invalid API key: You must be granted a valid key.","success":false}
[2025-02-12T20:53:52.298+0000] {subprocess.py:106} INFO - 
[2025-02-12T20:53:52.761+0000] {subprocess.py:106} INFO - Erro ao acessar API (2020-01-13): 401 {"status_code":7,"status_message":"Invalid API key: You must be granted a valid key.","success":false}
[2025-02-12T20:53:52.766+0000] {subprocess.py:106} INFO - 
[2025-02-12T20:53:53.214+0000] {subprocess.py:106} INFO - Erro ao acessar API (2020-01-14): 401 {"status_code":7,"status_message":"Invalid API key: You must be granted a valid key.","success":false}
[2025-02-12T20:53:53.215+0000] {subprocess.py:106} INFO - 
[2025-02-12T20:53:53.527+0000] {subprocess.py:106} INFO - 25/02/12 20:53:53 INFO StandaloneSchedulerBackend$StandaloneDriverEndpoint: Registered executor NettyRpcEndpointRef(spark-client://Executor) (172.18.0.4:48194) with ID 0,  ResourceProfileId 0
[2025-02-12T20:53:53.544+0000] {subprocess.py:106} INFO - 25/02/12 20:53:53 INFO StandaloneSchedulerBackend$StandaloneDriverEndpoint: Registered executor NettyRpcEndpointRef(spark-client://Executor) (172.18.0.2:38868) with ID 1,  ResourceProfileId 0
[2025-02-12T20:53:53.719+0000] {subprocess.py:106} INFO - 25/02/12 20:53:53 INFO BlockManagerMasterEndpoint: Registering block manager 172.18.0.2:37755 with 434.4 MiB RAM, BlockManagerId(1, 172.18.0.2, 37755, None)
[2025-02-12T20:53:53.724+0000] {subprocess.py:106} INFO - Erro ao acessar API (2020-01-15): 401 {"status_code":7,"status_message":"Invalid API key: You must be granted a valid key.","success":false}
[2025-02-12T20:53:53.729+0000] {subprocess.py:106} INFO - 
[2025-02-12T20:53:53.735+0000] {subprocess.py:106} INFO - 25/02/12 20:53:53 INFO BlockManagerMasterEndpoint: Registering block manager 172.18.0.4:33379 with 434.4 MiB RAM, BlockManagerId(0, 172.18.0.4, 33379, None)
[2025-02-12T20:53:54.226+0000] {subprocess.py:106} INFO - Erro ao acessar API (2020-01-16): 401 {"status_code":7,"status_message":"Invalid API key: You must be granted a valid key.","success":false}
[2025-02-12T20:53:54.227+0000] {subprocess.py:106} INFO - 
[2025-02-12T20:53:54.656+0000] {subprocess.py:106} INFO - Erro ao acessar API (2020-01-17): 401 {"status_code":7,"status_message":"Invalid API key: You must be granted a valid key.","success":false}
[2025-02-12T20:53:54.657+0000] {subprocess.py:106} INFO - 
[2025-02-12T20:53:55.103+0000] {subprocess.py:106} INFO - Erro ao acessar API (2020-01-18): 401 {"status_code":7,"status_message":"Invalid API key: You must be granted a valid key.","success":false}
[2025-02-12T20:53:55.104+0000] {subprocess.py:106} INFO - 
[2025-02-12T20:53:55.518+0000] {subprocess.py:106} INFO - Erro ao acessar API (2020-01-19): 401 {"status_code":7,"status_message":"Invalid API key: You must be granted a valid key.","success":false}
[2025-02-12T20:53:55.519+0000] {subprocess.py:106} INFO - 
[2025-02-12T20:53:55.947+0000] {subprocess.py:106} INFO - Erro ao acessar API (2020-01-20): 401 {"status_code":7,"status_message":"Invalid API key: You must be granted a valid key.","success":false}
[2025-02-12T20:53:55.948+0000] {subprocess.py:106} INFO - 
[2025-02-12T20:53:56.407+0000] {subprocess.py:106} INFO - Erro ao acessar API (2020-01-21): 401 {"status_code":7,"status_message":"Invalid API key: You must be granted a valid key.","success":false}
[2025-02-12T20:53:56.408+0000] {subprocess.py:106} INFO - 
[2025-02-12T20:53:56.906+0000] {subprocess.py:106} INFO - Erro ao acessar API (2020-01-22): 401 {"status_code":7,"status_message":"Invalid API key: You must be granted a valid key.","success":false}
[2025-02-12T20:53:56.907+0000] {subprocess.py:106} INFO - 
[2025-02-12T20:53:57.391+0000] {subprocess.py:106} INFO - Erro ao acessar API (2020-01-23): 401 {"status_code":7,"status_message":"Invalid API key: You must be granted a valid key.","success":false}
[2025-02-12T20:53:57.392+0000] {subprocess.py:106} INFO - 
[2025-02-12T20:53:57.834+0000] {subprocess.py:106} INFO - Erro ao acessar API (2020-01-24): 401 {"status_code":7,"status_message":"Invalid API key: You must be granted a valid key.","success":false}
[2025-02-12T20:53:57.837+0000] {subprocess.py:106} INFO - 
[2025-02-12T20:53:58.295+0000] {subprocess.py:106} INFO - Erro ao acessar API (2020-01-25): 401 {"status_code":7,"status_message":"Invalid API key: You must be granted a valid key.","success":false}
[2025-02-12T20:53:58.296+0000] {subprocess.py:106} INFO - 
[2025-02-12T20:53:58.715+0000] {subprocess.py:106} INFO - Erro ao acessar API (2020-01-26): 401 {"status_code":7,"status_message":"Invalid API key: You must be granted a valid key.","success":false}
[2025-02-12T20:53:58.716+0000] {subprocess.py:106} INFO - 
[2025-02-12T20:53:59.155+0000] {subprocess.py:106} INFO - Erro ao acessar API (2020-01-27): 401 {"status_code":7,"status_message":"Invalid API key: You must be granted a valid key.","success":false}
[2025-02-12T20:53:59.156+0000] {subprocess.py:106} INFO - 
[2025-02-12T20:53:59.572+0000] {subprocess.py:106} INFO - Erro ao acessar API (2020-01-28): 401 {"status_code":7,"status_message":"Invalid API key: You must be granted a valid key.","success":false}
[2025-02-12T20:53:59.572+0000] {subprocess.py:106} INFO - 
[2025-02-12T20:54:00.043+0000] {subprocess.py:106} INFO - Erro ao acessar API (2020-01-29): 401 {"status_code":7,"status_message":"Invalid API key: You must be granted a valid key.","success":false}
[2025-02-12T20:54:00.044+0000] {subprocess.py:106} INFO - 
[2025-02-12T20:54:00.482+0000] {subprocess.py:106} INFO - Erro ao acessar API (2020-01-30): 401 {"status_code":7,"status_message":"Invalid API key: You must be granted a valid key.","success":false}
[2025-02-12T20:54:00.483+0000] {subprocess.py:106} INFO - 
[2025-02-12T20:54:00.900+0000] {subprocess.py:106} INFO - Erro ao acessar API (2020-01-31): 401 {"status_code":7,"status_message":"Invalid API key: You must be granted a valid key.","success":false}
[2025-02-12T20:54:00.902+0000] {subprocess.py:106} INFO - 
[2025-02-12T20:54:01.342+0000] {subprocess.py:106} INFO - Erro ao acessar API (2020-02-01): 401 {"status_code":7,"status_message":"Invalid API key: You must be granted a valid key.","success":false}
[2025-02-12T20:54:01.343+0000] {subprocess.py:106} INFO - 
[2025-02-12T20:54:01.776+0000] {subprocess.py:106} INFO - Erro ao acessar API (2020-02-02): 401 {"status_code":7,"status_message":"Invalid API key: You must be granted a valid key.","success":false}
[2025-02-12T20:54:01.777+0000] {subprocess.py:106} INFO - 
[2025-02-12T20:54:02.209+0000] {subprocess.py:106} INFO - Erro ao acessar API (2020-02-03): 401 {"status_code":7,"status_message":"Invalid API key: You must be granted a valid key.","success":false}
[2025-02-12T20:54:02.210+0000] {subprocess.py:106} INFO - 
[2025-02-12T20:54:02.644+0000] {subprocess.py:106} INFO - Erro ao acessar API (2020-02-04): 401 {"status_code":7,"status_message":"Invalid API key: You must be granted a valid key.","success":false}
[2025-02-12T20:54:02.645+0000] {subprocess.py:106} INFO - 
[2025-02-12T20:54:03.059+0000] {subprocess.py:106} INFO - Erro ao acessar API (2020-02-05): 401 {"status_code":7,"status_message":"Invalid API key: You must be granted a valid key.","success":false}
[2025-02-12T20:54:03.060+0000] {subprocess.py:106} INFO - 
[2025-02-12T20:54:03.506+0000] {subprocess.py:106} INFO - Erro ao acessar API (2020-02-06): 401 {"status_code":7,"status_message":"Invalid API key: You must be granted a valid key.","success":false}
[2025-02-12T20:54:03.507+0000] {subprocess.py:106} INFO - 
[2025-02-12T20:54:03.980+0000] {subprocess.py:106} INFO - Erro ao acessar API (2020-02-07): 401 {"status_code":7,"status_message":"Invalid API key: You must be granted a valid key.","success":false}
[2025-02-12T20:54:03.981+0000] {subprocess.py:106} INFO - 
[2025-02-12T20:54:04.419+0000] {subprocess.py:106} INFO - Erro ao acessar API (2020-02-08): 401 {"status_code":7,"status_message":"Invalid API key: You must be granted a valid key.","success":false}
[2025-02-12T20:54:04.420+0000] {subprocess.py:106} INFO - 
[2025-02-12T20:54:04.865+0000] {subprocess.py:106} INFO - Erro ao acessar API (2020-02-09): 401 {"status_code":7,"status_message":"Invalid API key: You must be granted a valid key.","success":false}
[2025-02-12T20:54:04.866+0000] {subprocess.py:106} INFO - 
[2025-02-12T20:54:05.335+0000] {subprocess.py:106} INFO - Erro ao acessar API (2020-02-10): 401 {"status_code":7,"status_message":"Invalid API key: You must be granted a valid key.","success":false}
[2025-02-12T20:54:05.336+0000] {subprocess.py:106} INFO - 
[2025-02-12T20:54:05.757+0000] {subprocess.py:106} INFO - Erro ao acessar API (2020-02-11): 401 {"status_code":7,"status_message":"Invalid API key: You must be granted a valid key.","success":false}
[2025-02-12T20:54:05.758+0000] {subprocess.py:106} INFO - 
[2025-02-12T20:54:06.259+0000] {subprocess.py:106} INFO - Erro ao acessar API (2020-02-12): 401 {"status_code":7,"status_message":"Invalid API key: You must be granted a valid key.","success":false}
[2025-02-12T20:54:06.261+0000] {subprocess.py:106} INFO - 
[2025-02-12T20:54:06.683+0000] {subprocess.py:106} INFO - Erro ao acessar API (2020-02-13): 401 {"status_code":7,"status_message":"Invalid API key: You must be granted a valid key.","success":false}
[2025-02-12T20:54:06.684+0000] {subprocess.py:106} INFO - 
[2025-02-12T20:54:07.124+0000] {subprocess.py:106} INFO - Erro ao acessar API (2020-02-14): 401 {"status_code":7,"status_message":"Invalid API key: You must be granted a valid key.","success":false}
[2025-02-12T20:54:07.125+0000] {subprocess.py:106} INFO - 
[2025-02-12T20:54:07.572+0000] {subprocess.py:106} INFO - Erro ao acessar API (2020-02-15): 401 {"status_code":7,"status_message":"Invalid API key: You must be granted a valid key.","success":false}
[2025-02-12T20:54:07.573+0000] {subprocess.py:106} INFO - 
[2025-02-12T20:54:08.026+0000] {subprocess.py:106} INFO - Erro ao acessar API (2020-02-16): 401 {"status_code":7,"status_message":"Invalid API key: You must be granted a valid key.","success":false}
[2025-02-12T20:54:08.030+0000] {subprocess.py:106} INFO - 
[2025-02-12T20:54:08.449+0000] {subprocess.py:106} INFO - Erro ao acessar API (2020-02-17): 401 {"status_code":7,"status_message":"Invalid API key: You must be granted a valid key.","success":false}
[2025-02-12T20:54:08.450+0000] {subprocess.py:106} INFO - 
[2025-02-12T20:54:08.890+0000] {subprocess.py:106} INFO - Erro ao acessar API (2020-02-18): 401 {"status_code":7,"status_message":"Invalid API key: You must be granted a valid key.","success":false}
[2025-02-12T20:54:08.891+0000] {subprocess.py:106} INFO - 
[2025-02-12T20:54:09.305+0000] {subprocess.py:106} INFO - Erro ao acessar API (2020-02-19): 401 {"status_code":7,"status_message":"Invalid API key: You must be granted a valid key.","success":false}
[2025-02-12T20:54:09.306+0000] {subprocess.py:106} INFO - 
[2025-02-12T20:54:09.758+0000] {subprocess.py:106} INFO - Erro ao acessar API (2020-02-20): 401 {"status_code":7,"status_message":"Invalid API key: You must be granted a valid key.","success":false}
[2025-02-12T20:54:09.759+0000] {subprocess.py:106} INFO - 
[2025-02-12T20:54:10.171+0000] {subprocess.py:106} INFO - Erro ao acessar API (2020-02-21): 401 {"status_code":7,"status_message":"Invalid API key: You must be granted a valid key.","success":false}
[2025-02-12T20:54:10.172+0000] {subprocess.py:106} INFO - 
[2025-02-12T20:54:10.603+0000] {subprocess.py:106} INFO - Erro ao acessar API (2020-02-22): 401 {"status_code":7,"status_message":"Invalid API key: You must be granted a valid key.","success":false}
[2025-02-12T20:54:10.604+0000] {subprocess.py:106} INFO - 
[2025-02-12T20:54:11.038+0000] {subprocess.py:106} INFO - Erro ao acessar API (2020-02-23): 401 {"status_code":7,"status_message":"Invalid API key: You must be granted a valid key.","success":false}
[2025-02-12T20:54:11.039+0000] {subprocess.py:106} INFO - 
[2025-02-12T20:54:11.475+0000] {subprocess.py:106} INFO - Erro ao acessar API (2020-02-24): 401 {"status_code":7,"status_message":"Invalid API key: You must be granted a valid key.","success":false}
[2025-02-12T20:54:11.476+0000] {subprocess.py:106} INFO - 
[2025-02-12T20:54:11.948+0000] {subprocess.py:106} INFO - Erro ao acessar API (2020-02-25): 401 {"status_code":7,"status_message":"Invalid API key: You must be granted a valid key.","success":false}
[2025-02-12T20:54:11.949+0000] {subprocess.py:106} INFO - 
[2025-02-12T20:54:12.371+0000] {subprocess.py:106} INFO - Erro ao acessar API (2020-02-26): 401 {"status_code":7,"status_message":"Invalid API key: You must be granted a valid key.","success":false}
[2025-02-12T20:54:12.372+0000] {subprocess.py:106} INFO - 
[2025-02-12T20:54:12.817+0000] {subprocess.py:106} INFO - Erro ao acessar API (2020-02-27): 401 {"status_code":7,"status_message":"Invalid API key: You must be granted a valid key.","success":false}
[2025-02-12T20:54:12.818+0000] {subprocess.py:106} INFO - 
[2025-02-12T20:54:13.257+0000] {subprocess.py:106} INFO - Erro ao acessar API (2020-02-28): 401 {"status_code":7,"status_message":"Invalid API key: You must be granted a valid key.","success":false}
[2025-02-12T20:54:13.258+0000] {subprocess.py:106} INFO - 
[2025-02-12T20:54:13.691+0000] {subprocess.py:106} INFO - Erro ao acessar API (2020-02-29): 401 {"status_code":7,"status_message":"Invalid API key: You must be granted a valid key.","success":false}
[2025-02-12T20:54:13.692+0000] {subprocess.py:106} INFO - 
[2025-02-12T20:54:14.118+0000] {subprocess.py:106} INFO - Erro ao acessar API (2020-03-01): 401 {"status_code":7,"status_message":"Invalid API key: You must be granted a valid key.","success":false}
[2025-02-12T20:54:14.148+0000] {subprocess.py:106} INFO - 
[2025-02-12T20:54:14.667+0000] {subprocess.py:106} INFO - Erro ao acessar API (2020-03-02): 401 {"status_code":7,"status_message":"Invalid API key: You must be granted a valid key.","success":false}
[2025-02-12T20:54:14.668+0000] {subprocess.py:106} INFO - 
[2025-02-12T20:54:15.106+0000] {subprocess.py:106} INFO - Erro ao acessar API (2020-03-03): 401 {"status_code":7,"status_message":"Invalid API key: You must be granted a valid key.","success":false}
[2025-02-12T20:54:15.107+0000] {subprocess.py:106} INFO - 
[2025-02-12T20:54:15.556+0000] {subprocess.py:106} INFO - Erro ao acessar API (2020-03-04): 401 {"status_code":7,"status_message":"Invalid API key: You must be granted a valid key.","success":false}
[2025-02-12T20:54:15.557+0000] {subprocess.py:106} INFO - 
[2025-02-12T20:54:16.014+0000] {subprocess.py:106} INFO - Erro ao acessar API (2020-03-05): 401 {"status_code":7,"status_message":"Invalid API key: You must be granted a valid key.","success":false}
[2025-02-12T20:54:16.015+0000] {subprocess.py:106} INFO - 
[2025-02-12T20:54:16.443+0000] {subprocess.py:106} INFO - Erro ao acessar API (2020-03-06): 401 {"status_code":7,"status_message":"Invalid API key: You must be granted a valid key.","success":false}
[2025-02-12T20:54:16.445+0000] {subprocess.py:106} INFO - 
[2025-02-12T20:54:16.892+0000] {subprocess.py:106} INFO - Erro ao acessar API (2020-03-07): 401 {"status_code":7,"status_message":"Invalid API key: You must be granted a valid key.","success":false}
[2025-02-12T20:54:16.893+0000] {subprocess.py:106} INFO - 
[2025-02-12T20:54:17.393+0000] {subprocess.py:106} INFO - Erro ao acessar API (2020-03-08): 401 {"status_code":7,"status_message":"Invalid API key: You must be granted a valid key.","success":false}
[2025-02-12T20:54:17.394+0000] {subprocess.py:106} INFO - 
[2025-02-12T20:54:17.814+0000] {subprocess.py:106} INFO - Erro ao acessar API (2020-03-09): 401 {"status_code":7,"status_message":"Invalid API key: You must be granted a valid key.","success":false}
[2025-02-12T20:54:17.815+0000] {subprocess.py:106} INFO - 
[2025-02-12T20:54:18.238+0000] {subprocess.py:106} INFO - Erro ao acessar API (2020-03-10): 401 {"status_code":7,"status_message":"Invalid API key: You must be granted a valid key.","success":false}
[2025-02-12T20:54:18.239+0000] {subprocess.py:106} INFO - 
[2025-02-12T20:54:18.694+0000] {subprocess.py:106} INFO - Erro ao acessar API (2020-03-11): 401 {"status_code":7,"status_message":"Invalid API key: You must be granted a valid key.","success":false}
[2025-02-12T20:54:18.695+0000] {subprocess.py:106} INFO - 
[2025-02-12T20:54:19.120+0000] {subprocess.py:106} INFO - Erro ao acessar API (2020-03-12): 401 {"status_code":7,"status_message":"Invalid API key: You must be granted a valid key.","success":false}
[2025-02-12T20:54:19.121+0000] {subprocess.py:106} INFO - 
[2025-02-12T20:54:19.562+0000] {subprocess.py:106} INFO - Erro ao acessar API (2020-03-13): 401 {"status_code":7,"status_message":"Invalid API key: You must be granted a valid key.","success":false}
[2025-02-12T20:54:19.563+0000] {subprocess.py:106} INFO - 
[2025-02-12T20:54:20.007+0000] {subprocess.py:106} INFO - Erro ao acessar API (2020-03-14): 401 {"status_code":7,"status_message":"Invalid API key: You must be granted a valid key.","success":false}
[2025-02-12T20:54:20.008+0000] {subprocess.py:106} INFO - 
[2025-02-12T20:54:20.502+0000] {subprocess.py:106} INFO - Erro ao acessar API (2020-03-15): 401 {"status_code":7,"status_message":"Invalid API key: You must be granted a valid key.","success":false}
[2025-02-12T20:54:20.503+0000] {subprocess.py:106} INFO - 
[2025-02-12T20:54:20.942+0000] {subprocess.py:106} INFO - Erro ao acessar API (2020-03-16): 401 {"status_code":7,"status_message":"Invalid API key: You must be granted a valid key.","success":false}
[2025-02-12T20:54:20.943+0000] {subprocess.py:106} INFO - 
[2025-02-12T20:54:21.434+0000] {subprocess.py:106} INFO - Erro ao acessar API (2020-03-17): 401 {"status_code":7,"status_message":"Invalid API key: You must be granted a valid key.","success":false}
[2025-02-12T20:54:21.435+0000] {subprocess.py:106} INFO - 
[2025-02-12T20:54:21.874+0000] {subprocess.py:106} INFO - Erro ao acessar API (2020-03-18): 401 {"status_code":7,"status_message":"Invalid API key: You must be granted a valid key.","success":false}
[2025-02-12T20:54:21.875+0000] {subprocess.py:106} INFO - 
[2025-02-12T20:54:22.309+0000] {subprocess.py:106} INFO - Erro ao acessar API (2020-03-19): 401 {"status_code":7,"status_message":"Invalid API key: You must be granted a valid key.","success":false}
[2025-02-12T20:54:22.310+0000] {subprocess.py:106} INFO - 
[2025-02-12T20:54:22.740+0000] {subprocess.py:106} INFO - Erro ao acessar API (2020-03-20): 401 {"status_code":7,"status_message":"Invalid API key: You must be granted a valid key.","success":false}
[2025-02-12T20:54:22.741+0000] {subprocess.py:106} INFO - 
[2025-02-12T20:54:23.223+0000] {subprocess.py:106} INFO - Erro ao acessar API (2020-03-21): 401 {"status_code":7,"status_message":"Invalid API key: You must be granted a valid key.","success":false}
[2025-02-12T20:54:23.224+0000] {subprocess.py:106} INFO - 
[2025-02-12T20:54:23.664+0000] {subprocess.py:106} INFO - Erro ao acessar API (2020-03-22): 401 {"status_code":7,"status_message":"Invalid API key: You must be granted a valid key.","success":false}
[2025-02-12T20:54:23.665+0000] {subprocess.py:106} INFO - 
[2025-02-12T20:54:24.139+0000] {subprocess.py:106} INFO - Erro ao acessar API (2020-03-23): 401 {"status_code":7,"status_message":"Invalid API key: You must be granted a valid key.","success":false}
[2025-02-12T20:54:24.140+0000] {subprocess.py:106} INFO - 
[2025-02-12T20:54:24.581+0000] {subprocess.py:106} INFO - Erro ao acessar API (2020-03-24): 401 {"status_code":7,"status_message":"Invalid API key: You must be granted a valid key.","success":false}
[2025-02-12T20:54:24.582+0000] {subprocess.py:106} INFO - 
[2025-02-12T20:54:25.015+0000] {subprocess.py:106} INFO - Erro ao acessar API (2020-03-25): 401 {"status_code":7,"status_message":"Invalid API key: You must be granted a valid key.","success":false}
[2025-02-12T20:54:25.016+0000] {subprocess.py:106} INFO - 
[2025-02-12T20:54:25.448+0000] {subprocess.py:106} INFO - Erro ao acessar API (2020-03-26): 401 {"status_code":7,"status_message":"Invalid API key: You must be granted a valid key.","success":false}
[2025-02-12T20:54:25.449+0000] {subprocess.py:106} INFO - 
[2025-02-12T20:54:25.903+0000] {subprocess.py:106} INFO - Erro ao acessar API (2020-03-27): 401 {"status_code":7,"status_message":"Invalid API key: You must be granted a valid key.","success":false}
[2025-02-12T20:54:25.904+0000] {subprocess.py:106} INFO - 
[2025-02-12T20:54:26.351+0000] {subprocess.py:106} INFO - Erro ao acessar API (2020-03-28): 401 {"status_code":7,"status_message":"Invalid API key: You must be granted a valid key.","success":false}
[2025-02-12T20:54:26.352+0000] {subprocess.py:106} INFO - 
[2025-02-12T20:54:26.788+0000] {subprocess.py:106} INFO - Erro ao acessar API (2020-03-29): 401 {"status_code":7,"status_message":"Invalid API key: You must be granted a valid key.","success":false}
[2025-02-12T20:54:26.789+0000] {subprocess.py:106} INFO - 
[2025-02-12T20:54:27.243+0000] {subprocess.py:106} INFO - Erro ao acessar API (2020-03-30): 401 {"status_code":7,"status_message":"Invalid API key: You must be granted a valid key.","success":false}
[2025-02-12T20:54:27.244+0000] {subprocess.py:106} INFO - 
[2025-02-12T20:54:27.747+0000] {subprocess.py:106} INFO - Erro ao acessar API (2020-03-31): 401 {"status_code":7,"status_message":"Invalid API key: You must be granted a valid key.","success":false}
[2025-02-12T20:54:27.748+0000] {subprocess.py:106} INFO - 
[2025-02-12T20:54:28.167+0000] {subprocess.py:106} INFO - Erro ao acessar API (2020-04-01): 401 {"status_code":7,"status_message":"Invalid API key: You must be granted a valid key.","success":false}
[2025-02-12T20:54:28.168+0000] {subprocess.py:106} INFO - 
[2025-02-12T20:54:28.585+0000] {subprocess.py:106} INFO - Erro ao acessar API (2020-04-02): 401 {"status_code":7,"status_message":"Invalid API key: You must be granted a valid key.","success":false}
[2025-02-12T20:54:28.586+0000] {subprocess.py:106} INFO - 
[2025-02-12T20:54:29.029+0000] {subprocess.py:106} INFO - Erro ao acessar API (2020-04-03): 401 {"status_code":7,"status_message":"Invalid API key: You must be granted a valid key.","success":false}
[2025-02-12T20:54:29.030+0000] {subprocess.py:106} INFO - 
[2025-02-12T20:54:29.446+0000] {subprocess.py:106} INFO - Erro ao acessar API (2020-04-04): 401 {"status_code":7,"status_message":"Invalid API key: You must be granted a valid key.","success":false}
[2025-02-12T20:54:29.447+0000] {subprocess.py:106} INFO - 
[2025-02-12T20:54:29.895+0000] {subprocess.py:106} INFO - Erro ao acessar API (2020-04-05): 401 {"status_code":7,"status_message":"Invalid API key: You must be granted a valid key.","success":false}
[2025-02-12T20:54:29.896+0000] {subprocess.py:106} INFO - 
[2025-02-12T20:54:30.406+0000] {subprocess.py:106} INFO - Erro ao acessar API (2020-04-06): 401 {"status_code":7,"status_message":"Invalid API key: You must be granted a valid key.","success":false}
[2025-02-12T20:54:30.407+0000] {subprocess.py:106} INFO - 
[2025-02-12T20:54:30.867+0000] {subprocess.py:106} INFO - Erro ao acessar API (2020-04-07): 401 {"status_code":7,"status_message":"Invalid API key: You must be granted a valid key.","success":false}
[2025-02-12T20:54:30.868+0000] {subprocess.py:106} INFO - 
[2025-02-12T20:54:31.318+0000] {subprocess.py:106} INFO - Erro ao acessar API (2020-04-08): 401 {"status_code":7,"status_message":"Invalid API key: You must be granted a valid key.","success":false}
[2025-02-12T20:54:31.319+0000] {subprocess.py:106} INFO - 
[2025-02-12T20:54:32.763+0000] {subprocess.py:106} INFO - Erro ao acessar API (2020-04-09): 401 {"status_code":7,"status_message":"Invalid API key: You must be granted a valid key.","success":false}
[2025-02-12T20:54:32.764+0000] {subprocess.py:106} INFO - 
[2025-02-12T20:54:33.259+0000] {subprocess.py:106} INFO - Erro ao acessar API (2020-04-10): 401 {"status_code":7,"status_message":"Invalid API key: You must be granted a valid key.","success":false}
[2025-02-12T20:54:33.260+0000] {subprocess.py:106} INFO - 
[2025-02-12T20:54:33.760+0000] {subprocess.py:106} INFO - Erro ao acessar API (2020-04-11): 401 {"status_code":7,"status_message":"Invalid API key: You must be granted a valid key.","success":false}
[2025-02-12T20:54:33.761+0000] {subprocess.py:106} INFO - 
[2025-02-12T20:54:34.213+0000] {subprocess.py:106} INFO - Erro ao acessar API (2020-04-12): 401 {"status_code":7,"status_message":"Invalid API key: You must be granted a valid key.","success":false}
[2025-02-12T20:54:34.214+0000] {subprocess.py:106} INFO - 
[2025-02-12T20:54:34.724+0000] {subprocess.py:106} INFO - Erro ao acessar API (2020-04-13): 401 {"status_code":7,"status_message":"Invalid API key: You must be granted a valid key.","success":false}
[2025-02-12T20:54:34.725+0000] {subprocess.py:106} INFO - 
[2025-02-12T20:54:35.246+0000] {subprocess.py:106} INFO - Erro ao acessar API (2020-04-14): 401 {"status_code":7,"status_message":"Invalid API key: You must be granted a valid key.","success":false}
[2025-02-12T20:54:35.247+0000] {subprocess.py:106} INFO - 
[2025-02-12T20:54:35.657+0000] {subprocess.py:106} INFO - Erro ao acessar API (2020-04-15): 401 {"status_code":7,"status_message":"Invalid API key: You must be granted a valid key.","success":false}
[2025-02-12T20:54:35.658+0000] {subprocess.py:106} INFO - 
[2025-02-12T20:54:36.147+0000] {subprocess.py:106} INFO - Erro ao acessar API (2020-04-16): 401 {"status_code":7,"status_message":"Invalid API key: You must be granted a valid key.","success":false}
[2025-02-12T20:54:36.148+0000] {subprocess.py:106} INFO - 
[2025-02-12T20:54:36.599+0000] {subprocess.py:106} INFO - Erro ao acessar API (2020-04-17): 401 {"status_code":7,"status_message":"Invalid API key: You must be granted a valid key.","success":false}
[2025-02-12T20:54:36.600+0000] {subprocess.py:106} INFO - 
[2025-02-12T20:54:37.039+0000] {subprocess.py:106} INFO - Erro ao acessar API (2020-04-18): 401 {"status_code":7,"status_message":"Invalid API key: You must be granted a valid key.","success":false}
[2025-02-12T20:54:37.040+0000] {subprocess.py:106} INFO - 
[2025-02-12T20:54:37.452+0000] {subprocess.py:106} INFO - Erro ao acessar API (2020-04-19): 401 {"status_code":7,"status_message":"Invalid API key: You must be granted a valid key.","success":false}
[2025-02-12T20:54:37.453+0000] {subprocess.py:106} INFO - 
[2025-02-12T20:54:38.898+0000] {subprocess.py:106} INFO - Erro ao acessar API (2020-04-20): 401 {"status_code":7,"status_message":"Invalid API key: You must be granted a valid key.","success":false}
[2025-02-12T20:54:38.899+0000] {subprocess.py:106} INFO - 
[2025-02-12T20:54:39.322+0000] {subprocess.py:106} INFO - Erro ao acessar API (2020-04-21): 401 {"status_code":7,"status_message":"Invalid API key: You must be granted a valid key.","success":false}
[2025-02-12T20:54:39.323+0000] {subprocess.py:106} INFO - 
[2025-02-12T20:54:39.737+0000] {subprocess.py:106} INFO - Erro ao acessar API (2020-04-22): 401 {"status_code":7,"status_message":"Invalid API key: You must be granted a valid key.","success":false}
[2025-02-12T20:54:39.738+0000] {subprocess.py:106} INFO - 
[2025-02-12T20:54:40.152+0000] {subprocess.py:106} INFO - Erro ao acessar API (2020-04-23): 401 {"status_code":7,"status_message":"Invalid API key: You must be granted a valid key.","success":false}
[2025-02-12T20:54:40.153+0000] {subprocess.py:106} INFO - 
[2025-02-12T20:54:40.676+0000] {subprocess.py:106} INFO - Erro ao acessar API (2020-04-24): 401 {"status_code":7,"status_message":"Invalid API key: You must be granted a valid key.","success":false}
[2025-02-12T20:54:40.677+0000] {subprocess.py:106} INFO - 
[2025-02-12T20:54:41.089+0000] {subprocess.py:106} INFO - Erro ao acessar API (2020-04-25): 401 {"status_code":7,"status_message":"Invalid API key: You must be granted a valid key.","success":false}
[2025-02-12T20:54:41.090+0000] {subprocess.py:106} INFO - 
[2025-02-12T20:54:41.520+0000] {subprocess.py:106} INFO - Erro ao acessar API (2020-04-26): 401 {"status_code":7,"status_message":"Invalid API key: You must be granted a valid key.","success":false}
[2025-02-12T20:54:41.521+0000] {subprocess.py:106} INFO - 
[2025-02-12T20:54:41.980+0000] {subprocess.py:106} INFO - Erro ao acessar API (2020-04-27): 401 {"status_code":7,"status_message":"Invalid API key: You must be granted a valid key.","success":false}
[2025-02-12T20:54:41.981+0000] {subprocess.py:106} INFO - 
[2025-02-12T20:54:42.466+0000] {subprocess.py:106} INFO - Erro ao acessar API (2020-04-28): 401 {"status_code":7,"status_message":"Invalid API key: You must be granted a valid key.","success":false}
[2025-02-12T20:54:42.467+0000] {subprocess.py:106} INFO - 
[2025-02-12T20:54:42.975+0000] {subprocess.py:106} INFO - Erro ao acessar API (2020-04-29): 401 {"status_code":7,"status_message":"Invalid API key: You must be granted a valid key.","success":false}
[2025-02-12T20:54:42.976+0000] {subprocess.py:106} INFO - 
[2025-02-12T20:54:43.417+0000] {subprocess.py:106} INFO - Erro ao acessar API (2020-04-30): 401 {"status_code":7,"status_message":"Invalid API key: You must be granted a valid key.","success":false}
[2025-02-12T20:54:43.419+0000] {subprocess.py:106} INFO - 
[2025-02-12T20:54:43.936+0000] {subprocess.py:106} INFO - Erro ao acessar API (2020-05-01): 401 {"status_code":7,"status_message":"Invalid API key: You must be granted a valid key.","success":false}
[2025-02-12T20:54:43.937+0000] {subprocess.py:106} INFO - 
[2025-02-12T20:54:44.350+0000] {subprocess.py:106} INFO - Erro ao acessar API (2020-05-02): 401 {"status_code":7,"status_message":"Invalid API key: You must be granted a valid key.","success":false}
[2025-02-12T20:54:44.351+0000] {subprocess.py:106} INFO - 
[2025-02-12T20:54:44.763+0000] {subprocess.py:106} INFO - Erro ao acessar API (2020-05-03): 401 {"status_code":7,"status_message":"Invalid API key: You must be granted a valid key.","success":false}
[2025-02-12T20:54:44.764+0000] {subprocess.py:106} INFO - 
[2025-02-12T20:54:45.200+0000] {subprocess.py:106} INFO - Erro ao acessar API (2020-05-04): 401 {"status_code":7,"status_message":"Invalid API key: You must be granted a valid key.","success":false}
[2025-02-12T20:54:45.201+0000] {subprocess.py:106} INFO - 
[2025-02-12T20:54:45.618+0000] {subprocess.py:106} INFO - Erro ao acessar API (2020-05-05): 401 {"status_code":7,"status_message":"Invalid API key: You must be granted a valid key.","success":false}
[2025-02-12T20:54:45.619+0000] {subprocess.py:106} INFO - 
[2025-02-12T20:54:46.028+0000] {subprocess.py:106} INFO - Erro ao acessar API (2020-05-06): 401 {"status_code":7,"status_message":"Invalid API key: You must be granted a valid key.","success":false}
[2025-02-12T20:54:46.029+0000] {subprocess.py:106} INFO - 
[2025-02-12T20:54:46.524+0000] {subprocess.py:106} INFO - Erro ao acessar API (2020-05-07): 401 {"status_code":7,"status_message":"Invalid API key: You must be granted a valid key.","success":false}
[2025-02-12T20:54:46.525+0000] {subprocess.py:106} INFO - 
[2025-02-12T20:54:46.961+0000] {subprocess.py:106} INFO - Erro ao acessar API (2020-05-08): 401 {"status_code":7,"status_message":"Invalid API key: You must be granted a valid key.","success":false}
[2025-02-12T20:54:46.962+0000] {subprocess.py:106} INFO - 
[2025-02-12T20:54:47.417+0000] {subprocess.py:106} INFO - Erro ao acessar API (2020-05-09): 401 {"status_code":7,"status_message":"Invalid API key: You must be granted a valid key.","success":false}
[2025-02-12T20:54:47.418+0000] {subprocess.py:106} INFO - 
[2025-02-12T20:54:47.914+0000] {subprocess.py:106} INFO - Erro ao acessar API (2020-05-10): 401 {"status_code":7,"status_message":"Invalid API key: You must be granted a valid key.","success":false}
[2025-02-12T20:54:47.919+0000] {subprocess.py:106} INFO - 
[2025-02-12T20:54:48.423+0000] {subprocess.py:106} INFO - Erro ao acessar API (2020-05-11): 401 {"status_code":7,"status_message":"Invalid API key: You must be granted a valid key.","success":false}
[2025-02-12T20:54:48.425+0000] {subprocess.py:106} INFO - 
[2025-02-12T20:54:48.915+0000] {subprocess.py:106} INFO - Erro ao acessar API (2020-05-12): 401 {"status_code":7,"status_message":"Invalid API key: You must be granted a valid key.","success":false}
[2025-02-12T20:54:48.918+0000] {subprocess.py:106} INFO - 
[2025-02-12T20:54:49.376+0000] {subprocess.py:106} INFO - Erro ao acessar API (2020-05-13): 401 {"status_code":7,"status_message":"Invalid API key: You must be granted a valid key.","success":false}
[2025-02-12T20:54:49.378+0000] {subprocess.py:106} INFO - 
[2025-02-12T20:54:49.941+0000] {subprocess.py:106} INFO - Erro ao acessar API (2020-05-14): 401 {"status_code":7,"status_message":"Invalid API key: You must be granted a valid key.","success":false}
[2025-02-12T20:54:49.960+0000] {subprocess.py:106} INFO - 
[2025-02-12T20:54:50.484+0000] {subprocess.py:106} INFO - Erro ao acessar API (2020-05-15): 401 {"status_code":7,"status_message":"Invalid API key: You must be granted a valid key.","success":false}
[2025-02-12T20:54:50.489+0000] {subprocess.py:106} INFO - 
[2025-02-12T20:54:50.997+0000] {subprocess.py:106} INFO - Erro ao acessar API (2020-05-16): 401 {"status_code":7,"status_message":"Invalid API key: You must be granted a valid key.","success":false}
[2025-02-12T20:54:51.000+0000] {subprocess.py:106} INFO - 
[2025-02-12T20:54:51.439+0000] {subprocess.py:106} INFO - Erro ao acessar API (2020-05-17): 401 {"status_code":7,"status_message":"Invalid API key: You must be granted a valid key.","success":false}
[2025-02-12T20:54:51.441+0000] {subprocess.py:106} INFO - 
[2025-02-12T20:54:51.990+0000] {subprocess.py:106} INFO - Erro ao acessar API (2020-05-18): 401 {"status_code":7,"status_message":"Invalid API key: You must be granted a valid key.","success":false}
[2025-02-12T20:54:51.991+0000] {subprocess.py:106} INFO - 
[2025-02-12T20:54:52.474+0000] {subprocess.py:106} INFO - Erro ao acessar API (2020-05-19): 401 {"status_code":7,"status_message":"Invalid API key: You must be granted a valid key.","success":false}
[2025-02-12T20:54:52.475+0000] {subprocess.py:106} INFO - 
[2025-02-12T20:54:53.026+0000] {subprocess.py:106} INFO - Erro ao acessar API (2020-05-20): 401 {"status_code":7,"status_message":"Invalid API key: You must be granted a valid key.","success":false}
[2025-02-12T20:54:53.029+0000] {subprocess.py:106} INFO - 
[2025-02-12T20:54:53.486+0000] {subprocess.py:106} INFO - Erro ao acessar API (2020-05-21): 401 {"status_code":7,"status_message":"Invalid API key: You must be granted a valid key.","success":false}
[2025-02-12T20:54:53.487+0000] {subprocess.py:106} INFO - 
[2025-02-12T20:54:53.940+0000] {subprocess.py:106} INFO - Erro ao acessar API (2020-05-22): 401 {"status_code":7,"status_message":"Invalid API key: You must be granted a valid key.","success":false}
[2025-02-12T20:54:53.944+0000] {subprocess.py:106} INFO - 
[2025-02-12T20:54:54.447+0000] {subprocess.py:106} INFO - Erro ao acessar API (2020-05-23): 401 {"status_code":7,"status_message":"Invalid API key: You must be granted a valid key.","success":false}
[2025-02-12T20:54:54.448+0000] {subprocess.py:106} INFO - 
[2025-02-12T20:54:54.888+0000] {subprocess.py:106} INFO - Erro ao acessar API (2020-05-24): 401 {"status_code":7,"status_message":"Invalid API key: You must be granted a valid key.","success":false}
[2025-02-12T20:54:54.890+0000] {subprocess.py:106} INFO - 
[2025-02-12T20:54:55.316+0000] {subprocess.py:106} INFO - Erro ao acessar API (2020-05-25): 401 {"status_code":7,"status_message":"Invalid API key: You must be granted a valid key.","success":false}
[2025-02-12T20:54:55.317+0000] {subprocess.py:106} INFO - 
[2025-02-12T20:54:55.739+0000] {subprocess.py:106} INFO - Erro ao acessar API (2020-05-26): 401 {"status_code":7,"status_message":"Invalid API key: You must be granted a valid key.","success":false}
[2025-02-12T20:54:55.740+0000] {subprocess.py:106} INFO - 
[2025-02-12T20:54:56.292+0000] {subprocess.py:106} INFO - Erro ao acessar API (2020-05-27): 401 {"status_code":7,"status_message":"Invalid API key: You must be granted a valid key.","success":false}
[2025-02-12T20:54:56.293+0000] {subprocess.py:106} INFO - 
[2025-02-12T20:54:56.772+0000] {subprocess.py:106} INFO - Erro ao acessar API (2020-05-28): 401 {"status_code":7,"status_message":"Invalid API key: You must be granted a valid key.","success":false}
[2025-02-12T20:54:56.773+0000] {subprocess.py:106} INFO - 
[2025-02-12T20:54:57.228+0000] {subprocess.py:106} INFO - Erro ao acessar API (2020-05-29): 401 {"status_code":7,"status_message":"Invalid API key: You must be granted a valid key.","success":false}
[2025-02-12T20:54:57.229+0000] {subprocess.py:106} INFO - 
[2025-02-12T20:54:57.652+0000] {subprocess.py:106} INFO - Erro ao acessar API (2020-05-30): 401 {"status_code":7,"status_message":"Invalid API key: You must be granted a valid key.","success":false}
[2025-02-12T20:54:57.653+0000] {subprocess.py:106} INFO - 
