[2025-02-12T20:40:29.765+0000] {local_task_job_runner.py:123} INFO - ::group::Pre task execution logs
[2025-02-12T20:40:29.786+0000] {taskinstance.py:2614} INFO - Dependencies all met for dep_context=non-requeueable deps ti=<TaskInstance: ing_mov_20_21.run_spark_script manual__2025-02-12T20:40:27.672493+00:00 [queued]>
[2025-02-12T20:40:29.796+0000] {taskinstance.py:2614} INFO - Dependencies all met for dep_context=requeueable deps ti=<TaskInstance: ing_mov_20_21.run_spark_script manual__2025-02-12T20:40:27.672493+00:00 [queued]>
[2025-02-12T20:40:29.797+0000] {taskinstance.py:2867} INFO - Starting attempt 1 of 2
[2025-02-12T20:40:29.815+0000] {taskinstance.py:2890} INFO - Executing <Task(BashOperator): run_spark_script> on 2025-02-12 20:40:27.672493+00:00
[2025-02-12T20:40:29.821+0000] {warnings.py:112} WARNING - /home/***/.local/lib/python3.12/site-packages/***/task/task_runner/standard_task_runner.py:70: DeprecationWarning: This process (pid=74) is multi-threaded, use of fork() may lead to deadlocks in the child.
  pid = os.fork()

[2025-02-12T20:40:29.823+0000] {standard_task_runner.py:72} INFO - Started process 75 to run task
[2025-02-12T20:40:29.823+0000] {standard_task_runner.py:104} INFO - Running: ['***', 'tasks', 'run', 'ing_mov_20_21', 'run_spark_script', 'manual__2025-02-12T20:40:27.672493+00:00', '--job-id', '67', '--raw', '--subdir', 'DAGS_FOLDER/scriptteste.py', '--cfg-path', '/tmp/tmpliefl90z']
[2025-02-12T20:40:29.825+0000] {standard_task_runner.py:105} INFO - Job 67: Subtask run_spark_script
[2025-02-12T20:40:29.883+0000] {task_command.py:467} INFO - Running <TaskInstance: ing_mov_20_21.run_spark_script manual__2025-02-12T20:40:27.672493+00:00 [running]> on host d531d75b7fd1
[2025-02-12T20:40:29.994+0000] {taskinstance.py:3134} INFO - Exporting env vars: AIRFLOW_CTX_DAG_OWNER='***' AIRFLOW_CTX_DAG_ID='ing_mov_20_21' AIRFLOW_CTX_TASK_ID='run_spark_script' AIRFLOW_CTX_EXECUTION_DATE='2025-02-12T20:40:27.672493+00:00' AIRFLOW_CTX_TRY_NUMBER='1' AIRFLOW_CTX_DAG_RUN_ID='manual__2025-02-12T20:40:27.672493+00:00'
[2025-02-12T20:40:29.995+0000] {taskinstance.py:732} INFO - ::endgroup::
[2025-02-12T20:40:30.031+0000] {subprocess.py:78} INFO - Tmp dir root location: /tmp
[2025-02-12T20:40:30.032+0000] {subprocess.py:88} INFO - Running command: ['/usr/bin/bash', '-c', 'spark-submit /opt/bitnami/spark/scripts/ing_mov_20_21.py']
[2025-02-12T20:40:30.041+0000] {subprocess.py:99} INFO - Output:
[2025-02-12T20:40:36.751+0000] {subprocess.py:106} INFO - Erro na execução: ERRO: MINIO_ROOT_USER não encontrado. Verifique seu arquivo .env.
[2025-02-12T20:40:36.841+0000] {subprocess.py:106} INFO - 25/02/12 20:40:36 INFO ShutdownHookManager: Shutdown hook called
[2025-02-12T20:40:36.845+0000] {subprocess.py:106} INFO - 25/02/12 20:40:36 INFO ShutdownHookManager: Deleting directory /tmp/spark-1e10c4f4-820a-4fac-b502-eb97a68f9e78
[2025-02-12T20:40:36.874+0000] {subprocess.py:110} INFO - Command exited with return code 0
[2025-02-12T20:40:36.909+0000] {taskinstance.py:341} INFO - ::group::Post task execution logs
[2025-02-12T20:40:36.910+0000] {taskinstance.py:353} INFO - Marking task as SUCCESS. dag_id=ing_mov_20_21, task_id=run_spark_script, run_id=manual__2025-02-12T20:40:27.672493+00:00, execution_date=20250212T204027, start_date=20250212T204029, end_date=20250212T204036
[2025-02-12T20:40:36.967+0000] {local_task_job_runner.py:266} INFO - Task exited with return code 0
[2025-02-12T20:40:36.989+0000] {taskinstance.py:3901} INFO - 0 downstream tasks scheduled from follow-on schedule check
[2025-02-12T20:40:36.991+0000] {local_task_job_runner.py:245} INFO - ::endgroup::
