[2025-02-21T15:46:08.004+0000] {local_task_job_runner.py:123} INFO - ::group::Pre task execution logs
[2025-02-21T15:46:08.025+0000] {taskinstance.py:2614} INFO - Dependencies all met for dep_context=non-requeueable deps ti=<TaskInstance: ing_mov_20_21.run_spark_script manual__2025-02-21T15:46:06.763086+00:00 [queued]>
[2025-02-21T15:46:08.034+0000] {taskinstance.py:2614} INFO - Dependencies all met for dep_context=requeueable deps ti=<TaskInstance: ing_mov_20_21.run_spark_script manual__2025-02-21T15:46:06.763086+00:00 [queued]>
[2025-02-21T15:46:08.034+0000] {taskinstance.py:2867} INFO - Starting attempt 1 of 2
[2025-02-21T15:46:08.048+0000] {taskinstance.py:2890} INFO - Executing <Task(SparkSubmitOperator): run_spark_script> on 2025-02-21 15:46:06.763086+00:00
[2025-02-21T15:46:08.052+0000] {warnings.py:112} WARNING - /home/***/.local/lib/python3.12/site-packages/***/task/task_runner/standard_task_runner.py:70: DeprecationWarning: This process (pid=86) is multi-threaded, use of fork() may lead to deadlocks in the child.
  pid = os.fork()

[2025-02-21T15:46:08.053+0000] {standard_task_runner.py:72} INFO - Started process 87 to run task
[2025-02-21T15:46:08.054+0000] {standard_task_runner.py:104} INFO - Running: ['***', 'tasks', 'run', 'ing_mov_20_21', 'run_spark_script', 'manual__2025-02-21T15:46:06.763086+00:00', '--job-id', '10', '--raw', '--subdir', 'DAGS_FOLDER/scriptteste.py', '--cfg-path', '/tmp/tmpd_4ybhqj']
[2025-02-21T15:46:08.055+0000] {standard_task_runner.py:105} INFO - Job 10: Subtask run_spark_script
[2025-02-21T15:46:08.105+0000] {task_command.py:467} INFO - Running <TaskInstance: ing_mov_20_21.run_spark_script manual__2025-02-21T15:46:06.763086+00:00 [running]> on host ee8cee1d6fd8
[2025-02-21T15:46:08.191+0000] {taskinstance.py:3134} INFO - Exporting env vars: AIRFLOW_CTX_DAG_OWNER='***' AIRFLOW_CTX_DAG_ID='ing_mov_20_21' AIRFLOW_CTX_TASK_ID='run_spark_script' AIRFLOW_CTX_EXECUTION_DATE='2025-02-21T15:46:06.763086+00:00' AIRFLOW_CTX_TRY_NUMBER='1' AIRFLOW_CTX_DAG_RUN_ID='manual__2025-02-21T15:46:06.763086+00:00'
[2025-02-21T15:46:08.192+0000] {taskinstance.py:732} INFO - ::endgroup::
[2025-02-21T15:46:08.230+0000] {base.py:84} INFO - Retrieving connection 'spark_default'
[2025-02-21T15:46:08.231+0000] {spark_submit.py:328} ERROR - Failed to decode base64 keytab: Invalid base64-encoded string: number of data characters (5) cannot be 1 more than a multiple of 4
[2025-02-21T15:46:08.233+0000] {spark_submit.py:305} INFO - Could not load connection string spark_default, defaulting to local[*]
[2025-02-21T15:46:08.234+0000] {spark_submit.py:474} INFO - Spark-Submit cmd: spark-submit --master local[*] --conf spark.hadoop.fs.s3a.access.key=MINIO_ACCESS_KEY --conf spark.hadoop.fs.s3a.secret.key=****** --conf spark.hadoop.fs.s3a.endpoint=http://minio:9000 --conf spark.hadoop.fs.s3a.path.style.access=true --conf spark.hadoop.fs.s3a.impl=org.apache.hadoop.fs.s3a.S3AFileSystem --driver-memory 4g --principal admin --name arrow-spark --verbose --queue root.default --deploy-mode client /opt/bitnami/spark/scripts/ing_mov_20_21.py
[2025-02-21T15:46:09.554+0000] {spark_submit.py:641} INFO - Using properties file: null
[2025-02-21T15:46:09.666+0000] {spark_submit.py:641} INFO - Parsed arguments:
[2025-02-21T15:46:09.666+0000] {spark_submit.py:641} INFO - master                  local[*]
[2025-02-21T15:46:09.667+0000] {spark_submit.py:641} INFO - remote                  null
[2025-02-21T15:46:09.667+0000] {spark_submit.py:641} INFO - deployMode              client
[2025-02-21T15:46:09.667+0000] {spark_submit.py:641} INFO - executorMemory          null
[2025-02-21T15:46:09.668+0000] {spark_submit.py:641} INFO - executorCores           null
[2025-02-21T15:46:09.668+0000] {spark_submit.py:641} INFO - totalExecutorCores      null
[2025-02-21T15:46:09.668+0000] {spark_submit.py:641} INFO - propertiesFile          null
[2025-02-21T15:46:09.669+0000] {spark_submit.py:641} INFO - driverMemory            4g
[2025-02-21T15:46:09.670+0000] {spark_submit.py:641} INFO - driverCores             null
[2025-02-21T15:46:09.670+0000] {spark_submit.py:641} INFO - driverExtraClassPath    null
[2025-02-21T15:46:09.671+0000] {spark_submit.py:641} INFO - driverExtraLibraryPath  null
[2025-02-21T15:46:09.671+0000] {spark_submit.py:641} INFO - driverExtraJavaOptions  null
[2025-02-21T15:46:09.672+0000] {spark_submit.py:641} INFO - supervise               false
[2025-02-21T15:46:09.672+0000] {spark_submit.py:641} INFO - queue                   root.default
[2025-02-21T15:46:09.672+0000] {spark_submit.py:641} INFO - numExecutors            null
[2025-02-21T15:46:09.673+0000] {spark_submit.py:641} INFO - files                   null
[2025-02-21T15:46:09.673+0000] {spark_submit.py:641} INFO - pyFiles                 null
[2025-02-21T15:46:09.673+0000] {spark_submit.py:641} INFO - archives                null
[2025-02-21T15:46:09.674+0000] {spark_submit.py:641} INFO - mainClass               null
[2025-02-21T15:46:09.674+0000] {spark_submit.py:641} INFO - primaryResource         file:/opt/bitnami/spark/scripts/ing_mov_20_21.py
[2025-02-21T15:46:09.674+0000] {spark_submit.py:641} INFO - name                    arrow-spark
[2025-02-21T15:46:09.675+0000] {spark_submit.py:641} INFO - childArgs               []
[2025-02-21T15:46:09.675+0000] {spark_submit.py:641} INFO - jars                    null
[2025-02-21T15:46:09.676+0000] {spark_submit.py:641} INFO - packages                null
[2025-02-21T15:46:09.676+0000] {spark_submit.py:641} INFO - packagesExclusions      null
[2025-02-21T15:46:09.677+0000] {spark_submit.py:641} INFO - repositories            null
[2025-02-21T15:46:09.677+0000] {spark_submit.py:641} INFO - verbose                 true
[2025-02-21T15:46:09.678+0000] {spark_submit.py:641} INFO - 
[2025-02-21T15:46:09.678+0000] {spark_submit.py:641} INFO - Spark properties used, including those specified through
[2025-02-21T15:46:09.679+0000] {spark_submit.py:641} INFO - --conf and those from the properties file null:
[2025-02-21T15:46:09.679+0000] {spark_submit.py:641} INFO - (spark.driver.memory,4g)
[2025-02-21T15:46:09.679+0000] {spark_submit.py:641} INFO - (spark.hadoop.fs.s3a.access.key,*********(redacted))
[2025-02-21T15:46:09.680+0000] {spark_submit.py:641} INFO - (spark.hadoop.fs.s3a.endpoint,http://minio:9000)
[2025-02-21T15:46:09.680+0000] {spark_submit.py:641} INFO - (spark.hadoop.fs.s3a.impl,org.apache.hadoop.fs.s3a.S3AFileSystem)
[2025-02-21T15:46:09.681+0000] {spark_submit.py:641} INFO - (spark.hadoop.fs.s3a.path.style.access,true)
[2025-02-21T15:46:09.681+0000] {spark_submit.py:641} INFO - (spark.hadoop.fs.s3a.secret.key,*********(redacted))
[2025-02-21T15:46:09.681+0000] {spark_submit.py:641} INFO - 
[2025-02-21T15:46:09.681+0000] {spark_submit.py:641} INFO - 
[2025-02-21T15:46:09.872+0000] {spark_submit.py:641} INFO - Main class:
[2025-02-21T15:46:09.872+0000] {spark_submit.py:641} INFO - org.apache.spark.deploy.PythonRunner
[2025-02-21T15:46:09.873+0000] {spark_submit.py:641} INFO - Arguments:
[2025-02-21T15:46:09.873+0000] {spark_submit.py:641} INFO - file:/opt/bitnami/spark/scripts/ing_mov_20_21.py
[2025-02-21T15:46:09.874+0000] {spark_submit.py:641} INFO - null
[2025-02-21T15:46:09.875+0000] {spark_submit.py:641} INFO - Spark config:
[2025-02-21T15:46:09.875+0000] {spark_submit.py:641} INFO - (spark.app.name,arrow-spark)
[2025-02-21T15:46:09.876+0000] {spark_submit.py:641} INFO - (spark.app.submitTime,1740152769859)
[2025-02-21T15:46:09.876+0000] {spark_submit.py:641} INFO - (spark.driver.memory,4g)
[2025-02-21T15:46:09.876+0000] {spark_submit.py:641} INFO - (spark.hadoop.fs.s3a.access.key,*********(redacted))
[2025-02-21T15:46:09.877+0000] {spark_submit.py:641} INFO - (spark.hadoop.fs.s3a.endpoint,http://minio:9000)
[2025-02-21T15:46:09.877+0000] {spark_submit.py:641} INFO - (spark.hadoop.fs.s3a.impl,org.apache.hadoop.fs.s3a.S3AFileSystem)
[2025-02-21T15:46:09.878+0000] {spark_submit.py:641} INFO - (spark.hadoop.fs.s3a.path.style.access,true)
[2025-02-21T15:46:09.879+0000] {spark_submit.py:641} INFO - (spark.hadoop.fs.s3a.secret.key,*********(redacted))
[2025-02-21T15:46:09.879+0000] {spark_submit.py:641} INFO - (spark.kerberos.principal,admin)
[2025-02-21T15:46:09.880+0000] {spark_submit.py:641} INFO - (spark.master,local[*])
[2025-02-21T15:46:09.880+0000] {spark_submit.py:641} INFO - (spark.submit.deployMode,client)
[2025-02-21T15:46:09.881+0000] {spark_submit.py:641} INFO - (spark.submit.pyFiles,)
[2025-02-21T15:46:09.881+0000] {spark_submit.py:641} INFO - Classpath elements:
[2025-02-21T15:46:09.881+0000] {spark_submit.py:641} INFO - 
[2025-02-21T15:46:09.882+0000] {spark_submit.py:641} INFO - 
[2025-02-21T15:46:09.885+0000] {spark_submit.py:641} INFO - 
[2025-02-21T15:46:11.324+0000] {spark_submit.py:641} INFO - 25/02/21 15:46:11 INFO SparkContext: Running Spark version 3.5.4
[2025-02-21T15:46:11.326+0000] {spark_submit.py:641} INFO - 25/02/21 15:46:11 INFO SparkContext: OS info Linux, 5.15.167.4-microsoft-standard-WSL2, amd64
[2025-02-21T15:46:11.327+0000] {spark_submit.py:641} INFO - 25/02/21 15:46:11 INFO SparkContext: Java version 17.0.14
[2025-02-21T15:46:11.374+0000] {spark_submit.py:641} INFO - 25/02/21 15:46:11 WARN NativeCodeLoader: Unable to load native-hadoop library for your platform... using builtin-java classes where applicable
[2025-02-21T15:46:11.446+0000] {spark_submit.py:641} INFO - 25/02/21 15:46:11 INFO ResourceUtils: ==============================================================
[2025-02-21T15:46:11.448+0000] {spark_submit.py:641} INFO - 25/02/21 15:46:11 INFO ResourceUtils: No custom resources configured for spark.driver.
[2025-02-21T15:46:11.449+0000] {spark_submit.py:641} INFO - 25/02/21 15:46:11 INFO ResourceUtils: ==============================================================
[2025-02-21T15:46:11.449+0000] {spark_submit.py:641} INFO - 25/02/21 15:46:11 INFO SparkContext: Submitted application: Movies_20_21
[2025-02-21T15:46:11.470+0000] {spark_submit.py:641} INFO - 25/02/21 15:46:11 INFO ResourceProfile: Default ResourceProfile created, executor resources: Map(cores -> name: cores, amount: 1, script: , vendor: , memory -> name: memory, amount: 8192, script: , vendor: , offHeap -> name: offHeap, amount: 0, script: , vendor: ), task resources: Map(cpus -> name: cpus, amount: 1.0)
[2025-02-21T15:46:11.481+0000] {spark_submit.py:641} INFO - 25/02/21 15:46:11 INFO ResourceProfile: Limiting resource is cpus at 1 tasks per executor
[2025-02-21T15:46:11.485+0000] {spark_submit.py:641} INFO - 25/02/21 15:46:11 INFO ResourceProfileManager: Added ResourceProfile id: 0
[2025-02-21T15:46:11.527+0000] {spark_submit.py:641} INFO - 25/02/21 15:46:11 INFO SecurityManager: Changing view acls to: ***
[2025-02-21T15:46:11.527+0000] {spark_submit.py:641} INFO - 25/02/21 15:46:11 INFO SecurityManager: Changing modify acls to: ***
[2025-02-21T15:46:11.528+0000] {spark_submit.py:641} INFO - 25/02/21 15:46:11 INFO SecurityManager: Changing view acls groups to:
[2025-02-21T15:46:11.528+0000] {spark_submit.py:641} INFO - 25/02/21 15:46:11 INFO SecurityManager: Changing modify acls groups to:
[2025-02-21T15:46:11.528+0000] {spark_submit.py:641} INFO - 25/02/21 15:46:11 INFO SecurityManager: SecurityManager: authentication disabled; ui acls disabled; users with view permissions: ***; groups with view permissions: EMPTY; users with modify permissions: ***; groups with modify permissions: EMPTY
[2025-02-21T15:46:11.715+0000] {spark_submit.py:641} INFO - 25/02/21 15:46:11 INFO Utils: Successfully started service 'sparkDriver' on port 46395.
[2025-02-21T15:46:11.742+0000] {spark_submit.py:641} INFO - 25/02/21 15:46:11 INFO SparkEnv: Registering MapOutputTracker
[2025-02-21T15:46:11.779+0000] {spark_submit.py:641} INFO - 25/02/21 15:46:11 INFO SparkEnv: Registering BlockManagerMaster
[2025-02-21T15:46:11.798+0000] {spark_submit.py:641} INFO - 25/02/21 15:46:11 INFO BlockManagerMasterEndpoint: Using org.apache.spark.storage.DefaultTopologyMapper for getting topology information
[2025-02-21T15:46:11.799+0000] {spark_submit.py:641} INFO - 25/02/21 15:46:11 INFO BlockManagerMasterEndpoint: BlockManagerMasterEndpoint up
[2025-02-21T15:46:11.806+0000] {spark_submit.py:641} INFO - 25/02/21 15:46:11 INFO SparkEnv: Registering BlockManagerMasterHeartbeat
[2025-02-21T15:46:11.825+0000] {spark_submit.py:641} INFO - 25/02/21 15:46:11 INFO DiskBlockManager: Created local directory at /tmp/blockmgr-684a6554-9281-45a6-bee2-b66144b20e3e
[2025-02-21T15:46:11.840+0000] {spark_submit.py:641} INFO - 25/02/21 15:46:11 INFO MemoryStore: MemoryStore started with capacity 2.2 GiB
[2025-02-21T15:46:11.855+0000] {spark_submit.py:641} INFO - 25/02/21 15:46:11 INFO SparkEnv: Registering OutputCommitCoordinator
[2025-02-21T15:46:11.959+0000] {spark_submit.py:641} INFO - 25/02/21 15:46:11 INFO JettyUtils: Start Jetty 0.0.0.0:4040 for SparkUI
[2025-02-21T15:46:12.000+0000] {spark_submit.py:641} INFO - 25/02/21 15:46:12 INFO Utils: Successfully started service 'SparkUI' on port 4040.
[2025-02-21T15:46:12.117+0000] {spark_submit.py:641} INFO - 25/02/21 15:46:12 INFO StandaloneAppClient$ClientEndpoint: Connecting to master spark://spark:7077...
[2025-02-21T15:46:12.158+0000] {spark_submit.py:641} INFO - 25/02/21 15:46:12 INFO TransportClientFactory: Successfully created connection to spark/172.18.0.2:7077 after 20 ms (0 ms spent in bootstraps)
[2025-02-21T15:46:12.295+0000] {spark_submit.py:641} INFO - 25/02/21 15:46:12 INFO StandaloneSchedulerBackend: Connected to Spark cluster with app ID app-20250221154612-0000
[2025-02-21T15:46:12.306+0000] {spark_submit.py:641} INFO - 25/02/21 15:46:12 INFO Utils: Successfully started service 'org.apache.spark.network.netty.NettyBlockTransferService' on port 46407.
[2025-02-21T15:46:12.306+0000] {spark_submit.py:641} INFO - 25/02/21 15:46:12 INFO NettyBlockTransferService: Server created on ee8cee1d6fd8:46407
[2025-02-21T15:46:12.309+0000] {spark_submit.py:641} INFO - 25/02/21 15:46:12 INFO BlockManager: Using org.apache.spark.storage.RandomBlockReplicationPolicy for block replication policy
[2025-02-21T15:46:12.316+0000] {spark_submit.py:641} INFO - 25/02/21 15:46:12 INFO BlockManagerMaster: Registering BlockManager BlockManagerId(driver, ee8cee1d6fd8, 46407, None)
[2025-02-21T15:46:12.323+0000] {spark_submit.py:641} INFO - 25/02/21 15:46:12 INFO BlockManagerMasterEndpoint: Registering block manager ee8cee1d6fd8:46407 with 2.2 GiB RAM, BlockManagerId(driver, ee8cee1d6fd8, 46407, None)
[2025-02-21T15:46:12.343+0000] {spark_submit.py:641} INFO - 25/02/21 15:46:12 INFO BlockManagerMaster: Registered BlockManager BlockManagerId(driver, ee8cee1d6fd8, 46407, None)
[2025-02-21T15:46:12.344+0000] {spark_submit.py:641} INFO - 25/02/21 15:46:12 INFO BlockManager: Initialized BlockManager: BlockManagerId(driver, ee8cee1d6fd8, 46407, None)
[2025-02-21T15:46:12.352+0000] {spark_submit.py:641} INFO - 25/02/21 15:46:12 INFO StandaloneAppClient$ClientEndpoint: Executor added: app-20250221154612-0000/0 on worker-20250221154328-172.18.0.5-34499 (172.18.0.5:34499) with 1 core(s)
[2025-02-21T15:46:12.356+0000] {spark_submit.py:641} INFO - 25/02/21 15:46:12 INFO StandaloneSchedulerBackend: Granted executor ID app-20250221154612-0000/0 on hostPort 172.18.0.5:34499 with 1 core(s), 8.0 GiB RAM
[2025-02-21T15:46:12.357+0000] {spark_submit.py:641} INFO - 25/02/21 15:46:12 INFO StandaloneAppClient$ClientEndpoint: Executor added: app-20250221154612-0000/1 on worker-20250221154328-172.18.0.4-46027 (172.18.0.4:46027) with 1 core(s)
[2025-02-21T15:46:12.358+0000] {spark_submit.py:641} INFO - 25/02/21 15:46:12 INFO StandaloneSchedulerBackend: Granted executor ID app-20250221154612-0000/1 on hostPort 172.18.0.4:46027 with 1 core(s), 8.0 GiB RAM
[2025-02-21T15:46:12.646+0000] {spark_submit.py:641} INFO - 25/02/21 15:46:12 INFO StandaloneAppClient$ClientEndpoint: Executor updated: app-20250221154612-0000/1 is now RUNNING
[2025-02-21T15:46:12.651+0000] {spark_submit.py:641} INFO - 25/02/21 15:46:12 INFO StandaloneAppClient$ClientEndpoint: Executor updated: app-20250221154612-0000/0 is now RUNNING
[2025-02-21T15:46:12.678+0000] {spark_submit.py:641} INFO - 25/02/21 15:46:12 INFO StandaloneSchedulerBackend: SchedulerBackend is ready for scheduling beginning after reached minRegisteredResourcesRatio: 0.0
[2025-02-21T15:46:14.167+0000] {spark_submit.py:641} INFO - INFO:__main__:Coletando dados para 2020-01-01...
[2025-02-21T15:46:15.830+0000] {spark_submit.py:641} INFO - 25/02/21 15:46:15 INFO StandaloneSchedulerBackend$StandaloneDriverEndpoint: Registered executor NettyRpcEndpointRef(spark-client://Executor) (172.18.0.4:56454) with ID 1,  ResourceProfileId 0
[2025-02-21T15:46:15.893+0000] {spark_submit.py:641} INFO - 25/02/21 15:46:15 INFO StandaloneSchedulerBackend$StandaloneDriverEndpoint: Registered executor NettyRpcEndpointRef(spark-client://Executor) (172.18.0.5:58434) with ID 0,  ResourceProfileId 0
[2025-02-21T15:46:15.927+0000] {spark_submit.py:641} INFO - 25/02/21 15:46:15 INFO BlockManagerMasterEndpoint: Registering block manager 172.18.0.4:39681 with 4.6 GiB RAM, BlockManagerId(1, 172.18.0.4, 39681, None)
[2025-02-21T15:46:15.999+0000] {spark_submit.py:641} INFO - 25/02/21 15:46:15 INFO BlockManagerMasterEndpoint: Registering block manager 172.18.0.5:41379 with 4.6 GiB RAM, BlockManagerId(0, 172.18.0.5, 41379, None)
[2025-02-21T15:48:21.757+0000] {spark_submit.py:641} INFO - INFO:__main__:Coletando dados para 2020-01-02...
[2025-02-21T15:48:26.992+0000] {spark_submit.py:641} INFO - INFO:__main__:Coletando dados para 2020-01-03...
[2025-02-21T15:48:32.303+0000] {spark_submit.py:641} INFO - INFO:__main__:Coletando dados para 2020-01-04...
[2025-02-21T15:48:34.817+0000] {spark_submit.py:641} INFO - INFO:__main__:Coletando dados para 2020-01-05...
[2025-02-21T15:48:37.330+0000] {spark_submit.py:641} INFO - INFO:__main__:Coletando dados para 2020-01-06...
[2025-02-21T15:48:41.242+0000] {spark_submit.py:641} INFO - INFO:__main__:Coletando dados para 2020-01-07...
[2025-02-21T15:48:45.229+0000] {spark_submit.py:641} INFO - INFO:__main__:Coletando dados para 2020-01-08...
[2025-02-21T15:48:49.116+0000] {spark_submit.py:641} INFO - INFO:__main__:Coletando dados para 2020-01-09...
[2025-02-21T15:48:54.579+0000] {spark_submit.py:641} INFO - INFO:__main__:Coletando dados para 2020-01-10...
[2025-02-21T15:49:02.579+0000] {spark_submit.py:641} INFO - INFO:__main__:Coletando dados para 2020-01-11...
[2025-02-21T15:49:06.541+0000] {spark_submit.py:641} INFO - INFO:__main__:Coletando dados para 2020-01-12...
[2025-02-21T15:49:10.470+0000] {spark_submit.py:641} INFO - INFO:__main__:Coletando dados para 2020-01-13...
[2025-02-21T15:49:12.956+0000] {spark_submit.py:641} INFO - INFO:__main__:Coletando dados para 2020-01-14...
[2025-02-21T15:49:16.832+0000] {spark_submit.py:641} INFO - INFO:__main__:Coletando dados para 2020-01-15...
[2025-02-21T15:49:22.207+0000] {spark_submit.py:641} INFO - INFO:__main__:Coletando dados para 2020-01-16...
[2025-02-21T15:49:27.586+0000] {spark_submit.py:641} INFO - INFO:__main__:Coletando dados para 2020-01-17...
[2025-02-21T15:49:34.260+0000] {spark_submit.py:641} INFO - INFO:__main__:Coletando dados para 2020-01-18...
[2025-02-21T15:49:39.715+0000] {spark_submit.py:641} INFO - INFO:__main__:Coletando dados para 2020-01-19...
[2025-02-21T15:49:42.336+0000] {spark_submit.py:641} INFO - INFO:__main__:Coletando dados para 2020-01-20...
[2025-02-21T15:49:46.329+0000] {spark_submit.py:641} INFO - INFO:__main__:Coletando dados para 2020-01-21...
[2025-02-21T15:49:50.276+0000] {spark_submit.py:641} INFO - INFO:__main__:Coletando dados para 2020-01-22...
[2025-02-21T15:49:57.029+0000] {spark_submit.py:641} INFO - INFO:__main__:Coletando dados para 2020-01-23...
[2025-02-21T15:50:05.184+0000] {spark_submit.py:641} INFO - INFO:__main__:Coletando dados para 2020-01-24...
[2025-02-21T15:50:15.304+0000] {spark_submit.py:641} INFO - INFO:__main__:Coletando dados para 2020-01-25...
[2025-02-21T15:50:19.487+0000] {spark_submit.py:641} INFO - INFO:__main__:Coletando dados para 2020-01-26...
[2025-02-21T15:50:21.892+0000] {spark_submit.py:641} INFO - INFO:__main__:Coletando dados para 2020-01-27...
[2025-02-21T15:50:24.176+0000] {spark_submit.py:641} INFO - INFO:__main__:Coletando dados para 2020-01-28...
[2025-02-21T15:50:26.513+0000] {spark_submit.py:641} INFO - INFO:__main__:Coletando dados para 2020-01-29...
[2025-02-21T15:50:28.819+0000] {spark_submit.py:641} INFO - INFO:__main__:Coletando dados para 2020-01-30...
[2025-02-21T15:50:31.757+0000] {spark_submit.py:641} INFO - INFO:__main__:Coletando dados para 2020-01-31...
[2025-02-21T15:50:36.090+0000] {spark_submit.py:641} INFO - INFO:__main__:Coletando dados para 2020-02-01...
[2025-02-21T15:50:41.658+0000] {spark_submit.py:641} INFO - INFO:__main__:Coletando dados para 2020-02-02...
[2025-02-21T15:50:43.309+0000] {spark_submit.py:641} INFO - INFO:__main__:Coletando dados para 2020-02-03...
[2025-02-21T15:50:44.324+0000] {spark_submit.py:641} INFO - INFO:__main__:Coletando dados para 2020-02-04...
[2025-02-21T15:50:46.158+0000] {spark_submit.py:641} INFO - INFO:__main__:Coletando dados para 2020-02-05...
[2025-02-21T15:50:48.435+0000] {spark_submit.py:641} INFO - INFO:__main__:Coletando dados para 2020-02-06...
[2025-02-21T15:50:50.698+0000] {spark_submit.py:641} INFO - INFO:__main__:Coletando dados para 2020-02-07...
[2025-02-21T15:50:54.956+0000] {spark_submit.py:641} INFO - INFO:__main__:Coletando dados para 2020-02-08...
[2025-02-21T15:50:56.747+0000] {spark_submit.py:641} INFO - INFO:__main__:Coletando dados para 2020-02-09...
[2025-02-21T15:50:59.175+0000] {spark_submit.py:641} INFO - INFO:__main__:Coletando dados para 2020-02-10...
[2025-02-21T15:51:00.838+0000] {spark_submit.py:641} INFO - INFO:__main__:Coletando dados para 2020-02-11...
[2025-02-21T15:51:02.615+0000] {spark_submit.py:641} INFO - INFO:__main__:Coletando dados para 2020-02-12...
[2025-02-21T15:51:05.021+0000] {spark_submit.py:641} INFO - INFO:__main__:Coletando dados para 2020-02-13...
[2025-02-21T15:51:07.282+0000] {spark_submit.py:641} INFO - INFO:__main__:Coletando dados para 2020-02-14...
[2025-02-21T15:51:12.803+0000] {spark_submit.py:641} INFO - INFO:__main__:Coletando dados para 2020-02-15...
[2025-02-21T15:51:15.123+0000] {spark_submit.py:641} INFO - INFO:__main__:Coletando dados para 2020-02-16...
[2025-02-21T15:51:16.129+0000] {spark_submit.py:641} INFO - INFO:__main__:Coletando dados para 2020-02-17...
[2025-02-21T15:51:17.811+0000] {spark_submit.py:641} INFO - INFO:__main__:Coletando dados para 2020-02-18...
[2025-02-21T15:51:18.823+0000] {spark_submit.py:641} INFO - INFO:__main__:Coletando dados para 2020-02-19...
[2025-02-21T15:51:20.468+0000] {spark_submit.py:641} INFO - INFO:__main__:Coletando dados para 2020-02-20...
[2025-02-21T15:51:23.384+0000] {spark_submit.py:641} INFO - INFO:__main__:Coletando dados para 2020-02-21...
[2025-02-21T15:51:28.248+0000] {spark_submit.py:641} INFO - INFO:__main__:Coletando dados para 2020-02-22...
[2025-02-21T15:51:30.569+0000] {spark_submit.py:641} INFO - INFO:__main__:Coletando dados para 2020-02-23...
[2025-02-21T15:51:32.205+0000] {spark_submit.py:641} INFO - INFO:__main__:Coletando dados para 2020-02-24...
[2025-02-21T15:51:33.831+0000] {spark_submit.py:641} INFO - INFO:__main__:Coletando dados para 2020-02-25...
[2025-02-21T15:51:35.576+0000] {spark_submit.py:641} INFO - INFO:__main__:Coletando dados para 2020-02-26...
[2025-02-21T15:51:37.306+0000] {spark_submit.py:641} INFO - INFO:__main__:Coletando dados para 2020-02-27...
[2025-02-21T15:51:40.185+0000] {spark_submit.py:641} INFO - INFO:__main__:Coletando dados para 2020-02-28...
[2025-02-21T15:51:44.544+0000] {spark_submit.py:641} INFO - INFO:__main__:Coletando dados para 2020-02-29...
[2025-02-21T15:51:46.816+0000] {spark_submit.py:641} INFO - INFO:__main__:Coletando dados para 2020-03-01...
[2025-02-21T15:51:52.288+0000] {spark_submit.py:641} INFO - INFO:__main__:Coletando dados para 2020-03-02...
[2025-02-21T15:51:53.293+0000] {spark_submit.py:641} INFO - INFO:__main__:Coletando dados para 2020-03-03...
[2025-02-21T15:51:55.748+0000] {spark_submit.py:641} INFO - INFO:__main__:Coletando dados para 2020-03-04...
[2025-02-21T15:51:58.024+0000] {spark_submit.py:641} INFO - INFO:__main__:Coletando dados para 2020-03-05...
[2025-02-21T15:52:05.457+0000] {spark_submit.py:641} INFO - INFO:__main__:Coletando dados para 2020-03-06...
[2025-02-21T15:52:15.405+0000] {spark_submit.py:641} INFO - INFO:__main__:Coletando dados para 2020-03-07...
[2025-02-21T15:52:22.156+0000] {spark_submit.py:641} INFO - INFO:__main__:Coletando dados para 2020-03-08...
[2025-02-21T15:52:27.401+0000] {spark_submit.py:641} INFO - INFO:__main__:Coletando dados para 2020-03-09...
[2025-02-21T15:52:31.363+0000] {spark_submit.py:641} INFO - INFO:__main__:Coletando dados para 2020-03-10...
[2025-02-21T15:52:35.287+0000] {spark_submit.py:641} INFO - INFO:__main__:Coletando dados para 2020-03-11...
[2025-02-21T15:52:41.906+0000] {spark_submit.py:641} INFO - INFO:__main__:Coletando dados para 2020-03-12...
[2025-02-21T15:52:48.661+0000] {spark_submit.py:641} INFO - INFO:__main__:Coletando dados para 2020-03-13...
[2025-02-21T15:52:56.887+0000] {spark_submit.py:641} INFO - INFO:__main__:Coletando dados para 2020-03-14...
[2025-02-21T15:53:02.192+0000] {spark_submit.py:641} INFO - INFO:__main__:Coletando dados para 2020-03-15...
[2025-02-21T15:53:07.443+0000] {spark_submit.py:641} INFO - INFO:__main__:Coletando dados para 2020-03-16...
[2025-02-21T15:53:11.413+0000] {spark_submit.py:641} INFO - INFO:__main__:Coletando dados para 2020-03-17...
[2025-02-21T15:53:16.842+0000] {spark_submit.py:641} INFO - INFO:__main__:Coletando dados para 2020-03-18...
[2025-02-21T15:53:23.581+0000] {spark_submit.py:641} INFO - INFO:__main__:Coletando dados para 2020-03-19...
[2025-02-21T15:53:29.059+0000] {spark_submit.py:641} INFO - INFO:__main__:Coletando dados para 2020-03-20...
[2025-02-21T15:53:37.176+0000] {spark_submit.py:641} INFO - INFO:__main__:Coletando dados para 2020-03-21...
[2025-02-21T15:53:41.050+0000] {spark_submit.py:641} INFO - INFO:__main__:Coletando dados para 2020-03-22...
[2025-02-21T15:53:44.964+0000] {spark_submit.py:641} INFO - INFO:__main__:Coletando dados para 2020-03-23...
[2025-02-21T15:53:48.900+0000] {spark_submit.py:641} INFO - INFO:__main__:Coletando dados para 2020-03-24...
[2025-02-21T15:53:52.737+0000] {spark_submit.py:641} INFO - INFO:__main__:Coletando dados para 2020-03-25...
[2025-02-21T15:53:59.437+0000] {spark_submit.py:641} INFO - INFO:__main__:Coletando dados para 2020-03-26...
[2025-02-21T15:54:03.476+0000] {spark_submit.py:641} INFO - INFO:__main__:Coletando dados para 2020-03-27...
[2025-02-21T15:54:09.394+0000] {spark_submit.py:641} INFO - INFO:__main__:Coletando dados para 2020-03-28...
[2025-02-21T15:54:11.661+0000] {spark_submit.py:641} INFO - INFO:__main__:Coletando dados para 2020-03-29...
[2025-02-21T15:54:13.497+0000] {spark_submit.py:641} INFO - INFO:__main__:Coletando dados para 2020-03-30...
[2025-02-21T15:54:15.127+0000] {spark_submit.py:641} INFO - INFO:__main__:Coletando dados para 2020-03-31...
[2025-02-21T15:54:16.781+0000] {spark_submit.py:641} INFO - INFO:__main__:Coletando dados para 2020-04-01...
[2025-02-21T15:54:21.667+0000] {spark_submit.py:641} INFO - INFO:__main__:Coletando dados para 2020-04-02...
[2025-02-21T15:54:23.916+0000] {spark_submit.py:641} INFO - INFO:__main__:Coletando dados para 2020-04-03...
[2025-02-21T15:54:27.625+0000] {spark_submit.py:641} INFO - INFO:__main__:Coletando dados para 2020-04-04...
[2025-02-21T15:54:29.272+0000] {spark_submit.py:641} INFO - INFO:__main__:Coletando dados para 2020-04-05...
[2025-02-21T15:54:31.627+0000] {spark_submit.py:641} INFO - INFO:__main__:Coletando dados para 2020-04-06...
[2025-02-21T15:54:33.322+0000] {spark_submit.py:641} INFO - INFO:__main__:Coletando dados para 2020-04-07...
[2025-02-21T15:54:35.592+0000] {spark_submit.py:641} INFO - INFO:__main__:Coletando dados para 2020-04-08...
[2025-02-21T15:54:37.304+0000] {spark_submit.py:641} INFO - INFO:__main__:Coletando dados para 2020-04-09...
[2025-02-21T15:54:39.653+0000] {spark_submit.py:641} INFO - INFO:__main__:Coletando dados para 2020-04-10...
[2025-02-21T15:54:42.582+0000] {spark_submit.py:641} INFO - INFO:__main__:Coletando dados para 2020-04-11...
[2025-02-21T15:54:44.313+0000] {spark_submit.py:641} INFO - INFO:__main__:Coletando dados para 2020-04-12...
[2025-02-21T15:54:45.989+0000] {spark_submit.py:641} INFO - INFO:__main__:Coletando dados para 2020-04-13...
[2025-02-21T15:54:46.997+0000] {spark_submit.py:641} INFO - INFO:__main__:Coletando dados para 2020-04-14...
[2025-02-21T15:54:48.627+0000] {spark_submit.py:641} INFO - INFO:__main__:Coletando dados para 2020-04-15...
[2025-02-21T15:54:51.621+0000] {spark_submit.py:641} INFO - INFO:__main__:Coletando dados para 2020-04-16...
[2025-02-21T15:54:53.254+0000] {spark_submit.py:641} INFO - INFO:__main__:Coletando dados para 2020-04-17...
[2025-02-21T15:54:56.929+0000] {spark_submit.py:641} INFO - INFO:__main__:Coletando dados para 2020-04-18...
[2025-02-21T15:54:58.561+0000] {spark_submit.py:641} INFO - INFO:__main__:Coletando dados para 2020-04-19...
[2025-02-21T15:55:00.198+0000] {spark_submit.py:641} INFO - INFO:__main__:Coletando dados para 2020-04-20...
[2025-02-21T15:55:02.488+0000] {spark_submit.py:641} INFO - INFO:__main__:Coletando dados para 2020-04-21...
[2025-02-21T15:55:04.174+0000] {spark_submit.py:641} INFO - INFO:__main__:Coletando dados para 2020-04-22...
[2025-02-21T15:55:06.444+0000] {spark_submit.py:641} INFO - INFO:__main__:Coletando dados para 2020-04-23...
[2025-02-21T15:55:08.771+0000] {spark_submit.py:641} INFO - INFO:__main__:Coletando dados para 2020-04-24...
[2025-02-21T15:55:11.752+0000] {spark_submit.py:641} INFO - INFO:__main__:Coletando dados para 2020-04-25...
[2025-02-21T15:55:14.021+0000] {spark_submit.py:641} INFO - INFO:__main__:Coletando dados para 2020-04-26...
[2025-02-21T15:55:15.026+0000] {spark_submit.py:641} INFO - INFO:__main__:Coletando dados para 2020-04-27...
[2025-02-21T15:55:16.664+0000] {spark_submit.py:641} INFO - INFO:__main__:Coletando dados para 2020-04-28...
[2025-02-21T15:55:18.304+0000] {spark_submit.py:641} INFO - INFO:__main__:Coletando dados para 2020-04-29...
[2025-02-21T15:55:19.309+0000] {spark_submit.py:641} INFO - INFO:__main__:Coletando dados para 2020-04-30...
[2025-02-21T15:55:22.285+0000] {spark_submit.py:641} INFO - INFO:__main__:Coletando dados para 2020-05-01...
[2025-02-21T15:55:29.114+0000] {spark_submit.py:641} INFO - INFO:__main__:Coletando dados para 2020-05-02...
[2025-02-21T15:55:32.027+0000] {spark_submit.py:641} INFO - INFO:__main__:Coletando dados para 2020-05-03...
[2025-02-21T15:55:33.668+0000] {spark_submit.py:641} INFO - INFO:__main__:Coletando dados para 2020-05-04...
[2025-02-21T15:55:36.098+0000] {spark_submit.py:641} INFO - INFO:__main__:Coletando dados para 2020-05-05...
[2025-02-21T15:55:39.012+0000] {spark_submit.py:641} INFO - INFO:__main__:Coletando dados para 2020-05-06...
[2025-02-21T15:55:40.789+0000] {spark_submit.py:641} INFO - INFO:__main__:Coletando dados para 2020-05-07...
[2025-02-21T15:55:43.063+0000] {spark_submit.py:641} INFO - INFO:__main__:Coletando dados para 2020-05-08...
[2025-02-21T15:55:45.993+0000] {spark_submit.py:641} INFO - INFO:__main__:Coletando dados para 2020-05-09...
[2025-02-21T15:55:47.803+0000] {spark_submit.py:641} INFO - INFO:__main__:Coletando dados para 2020-05-10...
[2025-02-21T15:55:49.442+0000] {spark_submit.py:641} INFO - INFO:__main__:Coletando dados para 2020-05-11...
[2025-02-21T15:55:51.091+0000] {spark_submit.py:641} INFO - INFO:__main__:Coletando dados para 2020-05-12...
[2025-02-21T15:55:53.543+0000] {spark_submit.py:641} INFO - INFO:__main__:Coletando dados para 2020-05-13...
[2025-02-21T15:55:55.817+0000] {spark_submit.py:641} INFO - INFO:__main__:Coletando dados para 2020-05-14...
[2025-02-21T15:55:58.100+0000] {spark_submit.py:641} INFO - INFO:__main__:Coletando dados para 2020-05-15...
[2025-02-21T15:56:01.741+0000] {spark_submit.py:641} INFO - INFO:__main__:Coletando dados para 2020-05-16...
[2025-02-21T15:56:04.653+0000] {spark_submit.py:641} INFO - INFO:__main__:Coletando dados para 2020-05-17...
[2025-02-21T15:56:05.702+0000] {spark_submit.py:641} INFO - INFO:__main__:Coletando dados para 2020-05-18...
[2025-02-21T15:56:07.386+0000] {spark_submit.py:641} INFO - INFO:__main__:Coletando dados para 2020-05-19...
[2025-02-21T15:56:11.626+0000] {spark_submit.py:641} INFO - INFO:__main__:Coletando dados para 2020-05-20...
[2025-02-21T15:56:14.001+0000] {spark_submit.py:641} INFO - INFO:__main__:Coletando dados para 2020-05-21...
[2025-02-21T15:56:15.646+0000] {spark_submit.py:641} INFO - INFO:__main__:Coletando dados para 2020-05-22...
[2025-02-21T15:56:18.666+0000] {spark_submit.py:641} INFO - INFO:__main__:Coletando dados para 2020-05-23...
[2025-02-21T15:56:19.688+0000] {spark_submit.py:641} INFO - INFO:__main__:Coletando dados para 2020-05-24...
[2025-02-21T15:56:20.696+0000] {spark_submit.py:641} INFO - INFO:__main__:Coletando dados para 2020-05-25...
[2025-02-21T15:56:22.974+0000] {spark_submit.py:641} INFO - INFO:__main__:Coletando dados para 2020-05-26...
[2025-02-21T15:56:24.739+0000] {spark_submit.py:641} INFO - INFO:__main__:Coletando dados para 2020-05-27...
[2025-02-21T15:56:27.015+0000] {spark_submit.py:641} INFO - INFO:__main__:Coletando dados para 2020-05-28...
[2025-02-21T15:56:31.267+0000] {spark_submit.py:641} INFO - INFO:__main__:Coletando dados para 2020-05-29...
[2025-02-21T15:56:34.794+0000] {spark_submit.py:641} INFO - INFO:__main__:Coletando dados para 2020-05-30...
[2025-02-21T15:56:36.440+0000] {spark_submit.py:641} INFO - INFO:__main__:Coletando dados para 2020-05-31...
[2025-02-21T15:56:38.855+0000] {spark_submit.py:641} INFO - INFO:__main__:Coletando dados para 2020-06-01...
[2025-02-21T15:56:46.314+0000] {spark_submit.py:641} INFO - INFO:__main__:Coletando dados para 2020-06-02...
[2025-02-21T15:56:47.953+0000] {spark_submit.py:641} INFO - INFO:__main__:Coletando dados para 2020-06-03...
[2025-02-21T15:56:49.692+0000] {spark_submit.py:641} INFO - INFO:__main__:Coletando dados para 2020-06-04...
[2025-02-21T15:56:51.395+0000] {spark_submit.py:641} INFO - INFO:__main__:Coletando dados para 2020-06-05...
[2025-02-21T15:56:53.678+0000] {spark_submit.py:641} INFO - INFO:__main__:Coletando dados para 2020-06-06...
[2025-02-21T15:56:56.076+0000] {spark_submit.py:641} INFO - INFO:__main__:Coletando dados para 2020-06-07...
[2025-02-21T15:56:58.526+0000] {spark_submit.py:641} INFO - INFO:__main__:Coletando dados para 2020-06-08...
[2025-02-21T15:57:02.355+0000] {spark_submit.py:641} INFO - INFO:__main__:Coletando dados para 2020-06-09...
[2025-02-21T15:57:07.551+0000] {spark_submit.py:641} INFO - INFO:__main__:Coletando dados para 2020-06-10...
[2025-02-21T15:57:19.682+0000] {spark_submit.py:641} INFO - INFO:__main__:Coletando dados para 2020-06-11...
[2025-02-21T15:57:26.491+0000] {spark_submit.py:641} INFO - INFO:__main__:Coletando dados para 2020-06-12...
[2025-02-21T15:57:33.103+0000] {spark_submit.py:641} INFO - INFO:__main__:Coletando dados para 2020-06-13...
[2025-02-21T15:57:37.030+0000] {spark_submit.py:641} INFO - INFO:__main__:Coletando dados para 2020-06-14...
[2025-02-21T15:57:39.545+0000] {spark_submit.py:641} INFO - INFO:__main__:Coletando dados para 2020-06-15...
[2025-02-21T15:57:47.752+0000] {spark_submit.py:641} INFO - INFO:__main__:Coletando dados para 2020-06-16...
[2025-02-21T15:57:55.878+0000] {spark_submit.py:641} INFO - INFO:__main__:Coletando dados para 2020-06-17...
[2025-02-21T15:57:59.808+0000] {spark_submit.py:641} INFO - INFO:__main__:Coletando dados para 2020-06-18...
[2025-02-21T15:58:02.843+0000] {spark_submit.py:641} INFO - INFO:__main__:Coletando dados para 2020-06-19...
[2025-02-21T15:58:06.458+0000] {spark_submit.py:641} INFO - INFO:__main__:Coletando dados para 2020-06-20...
[2025-02-21T15:58:08.717+0000] {spark_submit.py:641} INFO - INFO:__main__:Coletando dados para 2020-06-21...
[2025-02-21T15:58:10.348+0000] {spark_submit.py:641} INFO - INFO:__main__:Coletando dados para 2020-06-22...
[2025-02-21T15:58:12.089+0000] {spark_submit.py:641} INFO - INFO:__main__:Coletando dados para 2020-06-23...
[2025-02-21T15:58:13.883+0000] {spark_submit.py:641} INFO - INFO:__main__:Coletando dados para 2020-06-24...
[2025-02-21T15:58:15.517+0000] {spark_submit.py:641} INFO - INFO:__main__:Coletando dados para 2020-06-25...
[2025-02-21T15:58:19.227+0000] {spark_submit.py:641} INFO - INFO:__main__:Coletando dados para 2020-06-26...
[2025-02-21T15:58:22.146+0000] {spark_submit.py:641} INFO - INFO:__main__:Coletando dados para 2020-06-27...
[2025-02-21T15:58:23.220+0000] {spark_submit.py:641} INFO - INFO:__main__:Coletando dados para 2020-06-28...
[2025-02-21T15:58:24.884+0000] {spark_submit.py:641} INFO - INFO:__main__:Coletando dados para 2020-06-29...
[2025-02-21T15:58:25.884+0000] {spark_submit.py:641} INFO - INFO:__main__:Coletando dados para 2020-06-30...
[2025-02-21T15:58:28.133+0000] {spark_submit.py:641} INFO - INFO:__main__:Coletando dados para 2020-07-01...
[2025-02-21T15:58:33.737+0000] {spark_submit.py:641} INFO - INFO:__main__:Coletando dados para 2020-07-02...
[2025-02-21T15:58:35.387+0000] {spark_submit.py:641} INFO - INFO:__main__:Coletando dados para 2020-07-03...
[2025-02-21T15:58:38.360+0000] {spark_submit.py:641} INFO - INFO:__main__:Coletando dados para 2020-07-04...
[2025-02-21T15:58:40.011+0000] {spark_submit.py:641} INFO - INFO:__main__:Coletando dados para 2020-07-05...
[2025-02-21T15:58:41.022+0000] {spark_submit.py:641} INFO - INFO:__main__:Coletando dados para 2020-07-06...
[2025-02-21T15:58:42.804+0000] {spark_submit.py:641} INFO - INFO:__main__:Coletando dados para 2020-07-07...
[2025-02-21T15:58:45.050+0000] {spark_submit.py:641} INFO - INFO:__main__:Coletando dados para 2020-07-08...
[2025-02-21T15:58:46.682+0000] {spark_submit.py:641} INFO - INFO:__main__:Coletando dados para 2020-07-09...
[2025-02-21T15:58:49.714+0000] {spark_submit.py:641} INFO - INFO:__main__:Coletando dados para 2020-07-10...
[2025-02-21T15:58:53.251+0000] {spark_submit.py:641} INFO - INFO:__main__:Coletando dados para 2020-07-11...
[2025-02-21T15:58:54.949+0000] {spark_submit.py:641} INFO - INFO:__main__:Coletando dados para 2020-07-12...
[2025-02-21T15:58:55.954+0000] {spark_submit.py:641} INFO - INFO:__main__:Coletando dados para 2020-07-13...
[2025-02-21T15:58:57.589+0000] {spark_submit.py:641} INFO - INFO:__main__:Coletando dados para 2020-07-14...
[2025-02-21T15:58:59.244+0000] {spark_submit.py:641} INFO - INFO:__main__:Coletando dados para 2020-07-15...
[2025-02-21T15:59:02.300+0000] {spark_submit.py:641} INFO - INFO:__main__:Coletando dados para 2020-07-16...
[2025-02-21T15:59:04.567+0000] {spark_submit.py:641} INFO - INFO:__main__:Coletando dados para 2020-07-17...
[2025-02-21T15:59:07.507+0000] {spark_submit.py:641} INFO - INFO:__main__:Coletando dados para 2020-07-18...
[2025-02-21T15:59:09.201+0000] {spark_submit.py:641} INFO - INFO:__main__:Coletando dados para 2020-07-19...
[2025-02-21T15:59:10.206+0000] {spark_submit.py:641} INFO - INFO:__main__:Coletando dados para 2020-07-20...
[2025-02-21T15:59:12.626+0000] {spark_submit.py:641} INFO - INFO:__main__:Coletando dados para 2020-07-21...
[2025-02-21T15:59:14.505+0000] {spark_submit.py:641} INFO - INFO:__main__:Coletando dados para 2020-07-22...
[2025-02-21T15:59:16.126+0000] {spark_submit.py:641} INFO - INFO:__main__:Coletando dados para 2020-07-23...
[2025-02-21T15:59:18.377+0000] {spark_submit.py:641} INFO - INFO:__main__:Coletando dados para 2020-07-24...
[2025-02-21T15:59:21.323+0000] {spark_submit.py:641} INFO - INFO:__main__:Coletando dados para 2020-07-25...
[2025-02-21T15:59:22.961+0000] {spark_submit.py:641} INFO - INFO:__main__:Coletando dados para 2020-07-26...
[2025-02-21T15:59:23.967+0000] {spark_submit.py:641} INFO - INFO:__main__:Coletando dados para 2020-07-27...
[2025-02-21T15:59:25.597+0000] {spark_submit.py:641} INFO - INFO:__main__:Coletando dados para 2020-07-28...
[2025-02-21T15:59:27.415+0000] {spark_submit.py:641} INFO - INFO:__main__:Coletando dados para 2020-07-29...
[2025-02-21T15:59:29.041+0000] {spark_submit.py:641} INFO - INFO:__main__:Coletando dados para 2020-07-30...
[2025-02-21T15:59:32.530+0000] {spark_submit.py:641} INFO - INFO:__main__:Coletando dados para 2020-07-31...
[2025-02-21T15:59:36.044+0000] {spark_submit.py:641} INFO - INFO:__main__:Coletando dados para 2020-08-01...
[2025-02-21T15:59:40.990+0000] {spark_submit.py:641} INFO - INFO:__main__:Coletando dados para 2020-08-02...
[2025-02-21T15:59:42.006+0000] {spark_submit.py:641} INFO - INFO:__main__:Coletando dados para 2020-08-03...
[2025-02-21T15:59:43.676+0000] {spark_submit.py:641} INFO - INFO:__main__:Coletando dados para 2020-08-04...
[2025-02-21T15:59:46.046+0000] {spark_submit.py:641} INFO - INFO:__main__:Coletando dados para 2020-08-05...
[2025-02-21T15:59:47.850+0000] {spark_submit.py:641} INFO - INFO:__main__:Coletando dados para 2020-08-06...
[2025-02-21T15:59:50.264+0000] {spark_submit.py:641} INFO - INFO:__main__:Coletando dados para 2020-08-07...
[2025-02-21T15:59:55.171+0000] {spark_submit.py:641} INFO - INFO:__main__:Coletando dados para 2020-08-08...
[2025-02-21T15:59:57.583+0000] {spark_submit.py:641} INFO - INFO:__main__:Coletando dados para 2020-08-09...
[2025-02-21T15:59:58.617+0000] {spark_submit.py:641} INFO - INFO:__main__:Coletando dados para 2020-08-10...
[2025-02-21T16:00:00.262+0000] {spark_submit.py:641} INFO - INFO:__main__:Coletando dados para 2020-08-11...
[2025-02-21T16:00:01.900+0000] {spark_submit.py:641} INFO - INFO:__main__:Coletando dados para 2020-08-12...
[2025-02-21T16:00:03.625+0000] {spark_submit.py:641} INFO - INFO:__main__:Coletando dados para 2020-08-13...
[2025-02-21T16:00:06.543+0000] {spark_submit.py:641} INFO - INFO:__main__:Coletando dados para 2020-08-14...
[2025-02-21T16:00:10.803+0000] {spark_submit.py:641} INFO - INFO:__main__:Coletando dados para 2020-08-15...
[2025-02-21T16:00:13.687+0000] {spark_submit.py:641} INFO - INFO:__main__:Coletando dados para 2020-08-16...
[2025-02-21T16:00:15.340+0000] {spark_submit.py:641} INFO - INFO:__main__:Coletando dados para 2020-08-17...
[2025-02-21T16:00:17.047+0000] {spark_submit.py:641} INFO - INFO:__main__:Coletando dados para 2020-08-18...
[2025-02-21T16:00:18.686+0000] {spark_submit.py:641} INFO - INFO:__main__:Coletando dados para 2020-08-19...
[2025-02-21T16:00:20.950+0000] {spark_submit.py:641} INFO - INFO:__main__:Coletando dados para 2020-08-20...
[2025-02-21T16:00:27.142+0000] {spark_submit.py:641} INFO - INFO:__main__:Coletando dados para 2020-08-21...
[2025-02-21T16:00:31.511+0000] {spark_submit.py:641} INFO - INFO:__main__:Coletando dados para 2020-08-22...
[2025-02-21T16:00:35.100+0000] {spark_submit.py:641} INFO - INFO:__main__:Coletando dados para 2020-08-23...
[2025-02-21T16:00:36.791+0000] {spark_submit.py:641} INFO - INFO:__main__:Coletando dados para 2020-08-24...
[2025-02-21T16:00:39.063+0000] {spark_submit.py:641} INFO - INFO:__main__:Coletando dados para 2020-08-25...
[2025-02-21T16:00:42.152+0000] {spark_submit.py:641} INFO - INFO:__main__:Coletando dados para 2020-08-26...
[2025-02-21T16:00:43.810+0000] {spark_submit.py:641} INFO - INFO:__main__:Coletando dados para 2020-08-27...
[2025-02-21T16:00:46.758+0000] {spark_submit.py:641} INFO - INFO:__main__:Coletando dados para 2020-08-28...
[2025-02-21T16:00:55.584+0000] {spark_submit.py:641} INFO - INFO:__main__:Coletando dados para 2020-08-29...
[2025-02-21T16:01:00.926+0000] {spark_submit.py:641} INFO - INFO:__main__:Coletando dados para 2020-08-30...
[2025-02-21T16:01:06.336+0000] {spark_submit.py:641} INFO - INFO:__main__:Coletando dados para 2020-08-31...
[2025-02-21T16:01:11.746+0000] {spark_submit.py:641} INFO - INFO:__main__:Coletando dados para 2020-09-01...
[2025-02-21T16:01:30.588+0000] {spark_submit.py:641} INFO - INFO:__main__:Coletando dados para 2020-09-02...
[2025-02-21T16:01:39.904+0000] {spark_submit.py:641} INFO - INFO:__main__:Coletando dados para 2020-09-03...
[2025-02-21T16:01:48.871+0000] {spark_submit.py:641} INFO - INFO:__main__:Coletando dados para 2020-09-04...
[2025-02-21T16:01:59.463+0000] {spark_submit.py:641} INFO - INFO:__main__:Coletando dados para 2020-09-05...
[2025-02-21T16:02:06.589+0000] {spark_submit.py:641} INFO - INFO:__main__:Coletando dados para 2020-09-06...
[2025-02-21T16:02:10.714+0000] {spark_submit.py:641} INFO - INFO:__main__:Coletando dados para 2020-09-07...
[2025-02-21T16:02:17.517+0000] {spark_submit.py:641} INFO - INFO:__main__:Coletando dados para 2020-09-08...
[2025-02-21T16:02:24.087+0000] {spark_submit.py:641} INFO - INFO:__main__:Coletando dados para 2020-09-09...
[2025-02-21T16:02:32.177+0000] {spark_submit.py:641} INFO - INFO:__main__:Coletando dados para 2020-09-10...
[2025-02-21T16:02:44.432+0000] {spark_submit.py:641} INFO - INFO:__main__:Coletando dados para 2020-09-11...
[2025-02-21T16:02:54.008+0000] {spark_submit.py:641} INFO - INFO:__main__:Coletando dados para 2020-09-12...
[2025-02-21T16:02:59.485+0000] {spark_submit.py:641} INFO - INFO:__main__:Coletando dados para 2020-09-13...
[2025-02-21T16:03:05.137+0000] {spark_submit.py:641} INFO - INFO:__main__:Coletando dados para 2020-09-14...
[2025-02-21T16:03:11.942+0000] {spark_submit.py:641} INFO - INFO:__main__:Coletando dados para 2020-09-15...
[2025-02-21T16:03:20.184+0000] {spark_submit.py:641} INFO - INFO:__main__:Coletando dados para 2020-09-16...
[2025-02-21T16:03:26.914+0000] {spark_submit.py:641} INFO - INFO:__main__:Coletando dados para 2020-09-17...
[2025-02-21T16:03:39.101+0000] {spark_submit.py:641} INFO - INFO:__main__:Coletando dados para 2020-09-18...
[2025-02-21T16:03:49.761+0000] {spark_submit.py:641} INFO - INFO:__main__:Coletando dados para 2020-09-19...
[2025-02-21T16:03:52.742+0000] {spark_submit.py:641} INFO - INFO:__main__:Coletando dados para 2020-09-20...
[2025-02-21T16:03:55.676+0000] {spark_submit.py:641} INFO - INFO:__main__:Coletando dados para 2020-09-21...
[2025-02-21T16:03:58.680+0000] {spark_submit.py:641} INFO - INFO:__main__:Coletando dados para 2020-09-22...
[2025-02-21T16:04:01.581+0000] {spark_submit.py:641} INFO - INFO:__main__:Coletando dados para 2020-09-23...
[2025-02-21T16:04:04.625+0000] {spark_submit.py:641} INFO - INFO:__main__:Coletando dados para 2020-09-24...
[2025-02-21T16:04:10.826+0000] {spark_submit.py:641} INFO - INFO:__main__:Coletando dados para 2020-09-25...
[2025-02-21T16:04:18.206+0000] {spark_submit.py:641} INFO - INFO:__main__:Coletando dados para 2020-09-26...
[2025-02-21T16:04:21.201+0000] {spark_submit.py:641} INFO - INFO:__main__:Coletando dados para 2020-09-27...
[2025-02-21T16:04:24.112+0000] {spark_submit.py:641} INFO - INFO:__main__:Coletando dados para 2020-09-28...
[2025-02-21T16:04:27.051+0000] {spark_submit.py:641} INFO - INFO:__main__:Coletando dados para 2020-09-29...
[2025-02-21T16:04:29.407+0000] {spark_submit.py:641} INFO - INFO:__main__:Coletando dados para 2020-09-30...
[2025-02-21T16:04:33.620+0000] {spark_submit.py:641} INFO - INFO:__main__:Coletando dados para 2020-10-01...
[2025-02-21T16:04:46.325+0000] {spark_submit.py:641} INFO - INFO:__main__:Coletando dados para 2020-10-02...
[2025-02-21T16:04:51.879+0000] {spark_submit.py:641} INFO - INFO:__main__:Coletando dados para 2020-10-03...
[2025-02-21T16:04:54.938+0000] {spark_submit.py:641} INFO - INFO:__main__:Coletando dados para 2020-10-04...
[2025-02-21T16:04:57.209+0000] {spark_submit.py:641} INFO - INFO:__main__:Coletando dados para 2020-10-05...
[2025-02-21T16:05:00.840+0000] {spark_submit.py:641} INFO - INFO:__main__:Coletando dados para 2020-10-06...
[2025-02-21T16:05:05.067+0000] {spark_submit.py:641} INFO - INFO:__main__:Coletando dados para 2020-10-07...
[2025-02-21T16:05:10.555+0000] {spark_submit.py:641} INFO - INFO:__main__:Coletando dados para 2020-10-08...
[2025-02-21T16:05:16.133+0000] {spark_submit.py:641} INFO - INFO:__main__:Coletando dados para 2020-10-09...
[2025-02-21T16:05:21.784+0000] {spark_submit.py:641} INFO - INFO:__main__:Coletando dados para 2020-10-10...
[2025-02-21T16:05:26.109+0000] {spark_submit.py:641} INFO - INFO:__main__:Coletando dados para 2020-10-11...
[2025-02-21T16:05:29.016+0000] {spark_submit.py:641} INFO - INFO:__main__:Coletando dados para 2020-10-12...
[2025-02-21T16:05:31.381+0000] {spark_submit.py:641} INFO - INFO:__main__:Coletando dados para 2020-10-13...
[2025-02-21T16:05:34.278+0000] {spark_submit.py:641} INFO - INFO:__main__:Coletando dados para 2020-10-14...
[2025-02-21T16:05:37.927+0000] {spark_submit.py:641} INFO - INFO:__main__:Coletando dados para 2020-10-15...
[2025-02-21T16:05:44.113+0000] {spark_submit.py:641} INFO - INFO:__main__:Coletando dados para 2020-10-16...
[2025-02-21T16:05:50.262+0000] {spark_submit.py:641} INFO - INFO:__main__:Coletando dados para 2020-10-17...
[2025-02-21T16:05:53.162+0000] {spark_submit.py:641} INFO - INFO:__main__:Coletando dados para 2020-10-18...
[2025-02-21T16:05:55.488+0000] {spark_submit.py:641} INFO - INFO:__main__:Coletando dados para 2020-10-19...
[2025-02-21T16:05:58.459+0000] {spark_submit.py:641} INFO - INFO:__main__:Coletando dados para 2020-10-20...
[2025-02-21T16:06:02.666+0000] {spark_submit.py:641} INFO - INFO:__main__:Coletando dados para 2020-10-21...
[2025-02-21T16:06:06.835+0000] {spark_submit.py:641} INFO - INFO:__main__:Coletando dados para 2020-10-22...
[2025-02-21T16:06:13.032+0000] {spark_submit.py:641} INFO - INFO:__main__:Coletando dados para 2020-10-23...
[2025-02-21T16:06:19.845+0000] {spark_submit.py:641} INFO - INFO:__main__:Coletando dados para 2020-10-24...
[2025-02-21T16:06:24.141+0000] {spark_submit.py:641} INFO - INFO:__main__:Coletando dados para 2020-10-25...
[2025-02-21T16:06:27.830+0000] {spark_submit.py:641} INFO - INFO:__main__:Coletando dados para 2020-10-26...
[2025-02-21T16:06:31.368+0000] {spark_submit.py:641} INFO - INFO:__main__:Coletando dados para 2020-10-27...
[2025-02-21T16:06:35.610+0000] {spark_submit.py:641} INFO - INFO:__main__:Coletando dados para 2020-10-28...
[2025-02-21T16:06:41.265+0000] {spark_submit.py:641} INFO - INFO:__main__:Coletando dados para 2020-10-29...
[2025-02-21T16:06:48.150+0000] {spark_submit.py:641} INFO - INFO:__main__:Coletando dados para 2020-10-30...
[2025-02-21T16:06:55.048+0000] {spark_submit.py:641} INFO - INFO:__main__:Coletando dados para 2020-10-31...
[2025-02-21T16:07:02.452+0000] {spark_submit.py:641} INFO - INFO:__main__:Coletando dados para 2020-11-01...
[2025-02-21T16:07:09.989+0000] {spark_submit.py:641} INFO - INFO:__main__:Coletando dados para 2020-11-02...
[2025-02-21T16:07:13.653+0000] {spark_submit.py:641} INFO - INFO:__main__:Coletando dados para 2020-11-03...
[2025-02-21T16:07:17.333+0000] {spark_submit.py:641} INFO - INFO:__main__:Coletando dados para 2020-11-04...
[2025-02-21T16:07:21.009+0000] {spark_submit.py:641} INFO - INFO:__main__:Coletando dados para 2020-11-05...
[2025-02-21T16:07:25.784+0000] {spark_submit.py:641} INFO - INFO:__main__:Coletando dados para 2020-11-06...
[2025-02-21T16:07:30.690+0000] {spark_submit.py:641} INFO - INFO:__main__:Coletando dados para 2020-11-07...
[2025-02-21T16:07:32.969+0000] {spark_submit.py:641} INFO - INFO:__main__:Coletando dados para 2020-11-08...
[2025-02-21T16:07:35.329+0000] {spark_submit.py:641} INFO - INFO:__main__:Coletando dados para 2020-11-09...
[2025-02-21T16:07:38.352+0000] {spark_submit.py:641} INFO - INFO:__main__:Coletando dados para 2020-11-10...
[2025-02-21T16:07:41.287+0000] {spark_submit.py:641} INFO - INFO:__main__:Coletando dados para 2020-11-11...
[2025-02-21T16:07:45.683+0000] {spark_submit.py:641} INFO - INFO:__main__:Coletando dados para 2020-11-12...
[2025-02-21T16:07:50.090+0000] {spark_submit.py:641} INFO - INFO:__main__:Coletando dados para 2020-11-13...
[2025-02-21T16:07:56.319+0000] {spark_submit.py:641} INFO - INFO:__main__:Coletando dados para 2020-11-14...
[2025-02-21T16:07:59.847+0000] {spark_submit.py:641} INFO - INFO:__main__:Coletando dados para 2020-11-15...
[2025-02-21T16:08:02.885+0000] {spark_submit.py:641} INFO - INFO:__main__:Coletando dados para 2020-11-16...
[2025-02-21T16:08:05.296+0000] {spark_submit.py:641} INFO - INFO:__main__:Coletando dados para 2020-11-17...
[2025-02-21T16:08:07.605+0000] {spark_submit.py:641} INFO - INFO:__main__:Coletando dados para 2020-11-18...
[2025-02-21T16:08:10.562+0000] {spark_submit.py:641} INFO - INFO:__main__:Coletando dados para 2020-11-19...
[2025-02-21T16:08:15.454+0000] {spark_submit.py:641} INFO - INFO:__main__:Coletando dados para 2020-11-20...
[2025-02-21T16:08:22.330+0000] {spark_submit.py:641} INFO - INFO:__main__:Coletando dados para 2020-11-21...
[2025-02-21T16:08:26.027+0000] {spark_submit.py:641} INFO - INFO:__main__:Coletando dados para 2020-11-22...
[2025-02-21T16:08:28.365+0000] {spark_submit.py:641} INFO - INFO:__main__:Coletando dados para 2020-11-23...
[2025-02-21T16:08:31.989+0000] {spark_submit.py:641} INFO - INFO:__main__:Coletando dados para 2020-11-24...
[2025-02-21T16:08:35.524+0000] {spark_submit.py:641} INFO - INFO:__main__:Coletando dados para 2020-11-25...
[2025-02-21T16:08:39.106+0000] {spark_submit.py:641} INFO - INFO:__main__:Coletando dados para 2020-11-26...
[2025-02-21T16:08:43.291+0000] {spark_submit.py:641} INFO - INFO:__main__:Coletando dados para 2020-11-27...
[2025-02-21T16:08:48.919+0000] {spark_submit.py:641} INFO - INFO:__main__:Coletando dados para 2020-11-28...
[2025-02-21T16:08:51.920+0000] {spark_submit.py:641} INFO - INFO:__main__:Coletando dados para 2020-11-29...
[2025-02-21T16:08:53.559+0000] {spark_submit.py:641} INFO - INFO:__main__:Coletando dados para 2020-11-30...
[2025-02-21T16:08:56.454+0000] {spark_submit.py:641} INFO - INFO:__main__:Coletando dados para 2020-12-01...
[2025-02-21T16:09:10.058+0000] {spark_submit.py:641} INFO - INFO:__main__:Coletando dados para 2020-12-02...
[2025-02-21T16:09:13.604+0000] {spark_submit.py:641} INFO - INFO:__main__:Coletando dados para 2020-12-03...
[2025-02-21T16:09:19.171+0000] {spark_submit.py:641} INFO - INFO:__main__:Coletando dados para 2020-12-04...
[2025-02-21T16:09:24.645+0000] {spark_submit.py:641} INFO - INFO:__main__:Coletando dados para 2020-12-05...
[2025-02-21T16:09:28.228+0000] {spark_submit.py:641} INFO - INFO:__main__:Coletando dados para 2020-12-06...
[2025-02-21T16:09:31.242+0000] {spark_submit.py:641} INFO - INFO:__main__:Coletando dados para 2020-12-07...
[2025-02-21T16:09:34.146+0000] {spark_submit.py:641} INFO - INFO:__main__:Coletando dados para 2020-12-08...
[2025-02-21T16:09:37.140+0000] {spark_submit.py:641} INFO - INFO:__main__:Coletando dados para 2020-12-09...
[2025-02-21T16:09:40.025+0000] {spark_submit.py:641} INFO - INFO:__main__:Coletando dados para 2020-12-10...
[2025-02-21T16:09:46.438+0000] {spark_submit.py:641} INFO - INFO:__main__:Coletando dados para 2020-12-11...
[2025-02-21T16:10:01.223+0000] {spark_submit.py:641} INFO - INFO:__main__:Coletando dados para 2020-12-12...
[2025-02-21T16:10:14.318+0000] {spark_submit.py:641} INFO - INFO:__main__:Coletando dados para 2020-12-13...
[2025-02-21T16:10:20.738+0000] {spark_submit.py:641} INFO - INFO:__main__:Coletando dados para 2020-12-14...
[2025-02-21T16:10:27.375+0000] {spark_submit.py:641} INFO - INFO:__main__:Coletando dados para 2020-12-15...
[2025-02-21T16:10:39.178+0000] {spark_submit.py:641} INFO - INFO:__main__:Coletando dados para 2020-12-16...
[2025-02-21T16:10:44.273+0000] {spark_submit.py:641} INFO - INFO:__main__:Coletando dados para 2020-12-17...
[2025-02-21T16:10:47.810+0000] {spark_submit.py:641} INFO - INFO:__main__:Coletando dados para 2020-12-18...
[2025-02-21T16:10:52.781+0000] {spark_submit.py:641} INFO - INFO:__main__:Coletando dados para 2020-12-19...
[2025-02-21T16:10:55.061+0000] {spark_submit.py:641} INFO - INFO:__main__:Coletando dados para 2020-12-20...
[2025-02-21T16:10:58.135+0000] {spark_submit.py:641} INFO - INFO:__main__:Coletando dados para 2020-12-21...
[2025-02-21T16:11:00.422+0000] {spark_submit.py:641} INFO - INFO:__main__:Coletando dados para 2020-12-22...
[2025-02-21T16:11:02.083+0000] {spark_submit.py:641} INFO - INFO:__main__:Coletando dados para 2020-12-23...
[2025-02-21T16:11:04.507+0000] {spark_submit.py:641} INFO - INFO:__main__:Coletando dados para 2020-12-24...
[2025-02-21T16:11:07.412+0000] {spark_submit.py:641} INFO - INFO:__main__:Coletando dados para 2020-12-25...
[2025-02-21T16:11:18.899+0000] {spark_submit.py:641} INFO - INFO:__main__:Coletando dados para 2020-12-26...
[2025-02-21T16:11:23.594+0000] {spark_submit.py:641} INFO - INFO:__main__:Coletando dados para 2020-12-27...
[2025-02-21T16:11:28.398+0000] {spark_submit.py:641} INFO - INFO:__main__:Coletando dados para 2020-12-28...
[2025-02-21T16:11:33.192+0000] {spark_submit.py:641} INFO - INFO:__main__:Coletando dados para 2020-12-29...
[2025-02-21T16:11:38.195+0000] {spark_submit.py:641} INFO - INFO:__main__:Coletando dados para 2020-12-30...
[2025-02-21T16:11:44.482+0000] {spark_submit.py:641} INFO - INFO:__main__:Coletando dados para 2020-12-31...
[2025-02-21T16:12:13.126+0000] {spark_submit.py:641} INFO - INFO:__main__:Total de filmes coletados: 34942
[2025-02-21T16:12:14.755+0000] {spark_submit.py:641} INFO - 25/02/21 16:12:14 INFO SharedState: Setting hive.metastore.warehouse.dir ('null') to the value of spark.sql.warehouse.dir.
[2025-02-21T16:12:14.761+0000] {spark_submit.py:641} INFO - 25/02/21 16:12:14 INFO SharedState: Warehouse path is 'file:/opt/***/spark-warehouse'.
[2025-02-21T16:12:15.895+0000] {spark_submit.py:641} INFO - Traceback (most recent call last):
[2025-02-21T16:12:15.895+0000] {spark_submit.py:641} INFO - File "/opt/bitnami/spark/scripts/ing_mov_20_21.py", line 139, in <module>
[2025-02-21T16:12:15.896+0000] {spark_submit.py:641} INFO - .save("s3a://bronze/movie_20_21/")
[2025-02-21T16:12:15.897+0000] {spark_submit.py:641} INFO - ^^^^^^^^^^^^^^^^^^^^^^^^^^^^^^^^^
[2025-02-21T16:12:15.897+0000] {spark_submit.py:641} INFO - File "/home/***/.local/lib/python3.12/site-packages/pyspark/python/lib/pyspark.zip/pyspark/sql/readwriter.py", line 1463, in save
[2025-02-21T16:12:15.898+0000] {spark_submit.py:641} INFO - File "/home/***/.local/lib/python3.12/site-packages/pyspark/python/lib/py4j-0.10.9.7-src.zip/py4j/java_gateway.py", line 1322, in __call__
[2025-02-21T16:12:15.899+0000] {spark_submit.py:641} INFO - File "/home/***/.local/lib/python3.12/site-packages/pyspark/python/lib/pyspark.zip/pyspark/errors/exceptions/captured.py", line 179, in deco
[2025-02-21T16:12:15.899+0000] {spark_submit.py:641} INFO - File "/home/***/.local/lib/python3.12/site-packages/pyspark/python/lib/py4j-0.10.9.7-src.zip/py4j/protocol.py", line 326, in get_return_value
[2025-02-21T16:12:15.900+0000] {spark_submit.py:641} INFO - py4j.protocol.Py4JJavaError: An error occurred while calling o59.save.
[2025-02-21T16:12:15.900+0000] {spark_submit.py:641} INFO - : java.lang.RuntimeException: java.lang.ClassNotFoundException: Class org.apache.hadoop.fs.s3a.S3AFileSystem not found
[2025-02-21T16:12:15.900+0000] {spark_submit.py:641} INFO - at org.apache.hadoop.conf.Configuration.getClass(Configuration.java:2688)
[2025-02-21T16:12:15.901+0000] {spark_submit.py:641} INFO - at org.apache.hadoop.fs.FileSystem.getFileSystemClass(FileSystem.java:3431)
[2025-02-21T16:12:15.901+0000] {spark_submit.py:641} INFO - at org.apache.hadoop.fs.FileSystem.createFileSystem(FileSystem.java:3466)
[2025-02-21T16:12:15.901+0000] {spark_submit.py:641} INFO - at org.apache.hadoop.fs.FileSystem.access$300(FileSystem.java:174)
[2025-02-21T16:12:15.902+0000] {spark_submit.py:641} INFO - at org.apache.hadoop.fs.FileSystem$Cache.getInternal(FileSystem.java:3574)
[2025-02-21T16:12:15.902+0000] {spark_submit.py:641} INFO - at org.apache.hadoop.fs.FileSystem$Cache.get(FileSystem.java:3521)
[2025-02-21T16:12:15.903+0000] {spark_submit.py:641} INFO - at org.apache.hadoop.fs.FileSystem.get(FileSystem.java:540)
[2025-02-21T16:12:15.903+0000] {spark_submit.py:641} INFO - at org.apache.hadoop.fs.Path.getFileSystem(Path.java:365)
[2025-02-21T16:12:15.904+0000] {spark_submit.py:641} INFO - at org.apache.spark.sql.execution.datasources.DataSource.planForWritingFileFormat(DataSource.scala:454)
[2025-02-21T16:12:15.905+0000] {spark_submit.py:641} INFO - at org.apache.spark.sql.execution.datasources.DataSource.planForWriting(DataSource.scala:530)
[2025-02-21T16:12:15.905+0000] {spark_submit.py:641} INFO - at org.apache.spark.sql.DataFrameWriter.saveToV1Source(DataFrameWriter.scala:391)
[2025-02-21T16:12:15.906+0000] {spark_submit.py:641} INFO - at org.apache.spark.sql.DataFrameWriter.saveInternal(DataFrameWriter.scala:364)
[2025-02-21T16:12:15.906+0000] {spark_submit.py:641} INFO - at org.apache.spark.sql.DataFrameWriter.save(DataFrameWriter.scala:243)
[2025-02-21T16:12:15.906+0000] {spark_submit.py:641} INFO - at java.base/jdk.internal.reflect.NativeMethodAccessorImpl.invoke0(Native Method)
[2025-02-21T16:12:15.907+0000] {spark_submit.py:641} INFO - at java.base/jdk.internal.reflect.NativeMethodAccessorImpl.invoke(NativeMethodAccessorImpl.java:77)
[2025-02-21T16:12:15.907+0000] {spark_submit.py:641} INFO - at java.base/jdk.internal.reflect.DelegatingMethodAccessorImpl.invoke(DelegatingMethodAccessorImpl.java:43)
[2025-02-21T16:12:15.908+0000] {spark_submit.py:641} INFO - at java.base/java.lang.reflect.Method.invoke(Method.java:569)
[2025-02-21T16:12:15.908+0000] {spark_submit.py:641} INFO - at py4j.reflection.MethodInvoker.invoke(MethodInvoker.java:244)
[2025-02-21T16:12:15.908+0000] {spark_submit.py:641} INFO - at py4j.reflection.ReflectionEngine.invoke(ReflectionEngine.java:374)
[2025-02-21T16:12:15.909+0000] {spark_submit.py:641} INFO - at py4j.Gateway.invoke(Gateway.java:282)
[2025-02-21T16:12:15.909+0000] {spark_submit.py:641} INFO - at py4j.commands.AbstractCommand.invokeMethod(AbstractCommand.java:132)
[2025-02-21T16:12:15.909+0000] {spark_submit.py:641} INFO - at py4j.commands.CallCommand.execute(CallCommand.java:79)
[2025-02-21T16:12:15.910+0000] {spark_submit.py:641} INFO - at py4j.ClientServerConnection.waitForCommands(ClientServerConnection.java:182)
[2025-02-21T16:12:15.910+0000] {spark_submit.py:641} INFO - at py4j.ClientServerConnection.run(ClientServerConnection.java:106)
[2025-02-21T16:12:15.910+0000] {spark_submit.py:641} INFO - at java.base/java.lang.Thread.run(Thread.java:840)
[2025-02-21T16:12:15.911+0000] {spark_submit.py:641} INFO - Caused by: java.lang.ClassNotFoundException: Class org.apache.hadoop.fs.s3a.S3AFileSystem not found
[2025-02-21T16:12:15.912+0000] {spark_submit.py:641} INFO - at org.apache.hadoop.conf.Configuration.getClassByName(Configuration.java:2592)
[2025-02-21T16:12:15.912+0000] {spark_submit.py:641} INFO - at org.apache.hadoop.conf.Configuration.getClass(Configuration.java:2686)
[2025-02-21T16:12:15.913+0000] {spark_submit.py:641} INFO - ... 24 more
[2025-02-21T16:12:15.913+0000] {spark_submit.py:641} INFO - 
[2025-02-21T16:12:15.914+0000] {spark_submit.py:641} INFO - INFO:py4j.clientserver:Closing down clientserver connection
[2025-02-21T16:12:16.072+0000] {spark_submit.py:641} INFO - 25/02/21 16:12:16 INFO SparkContext: Invoking stop() from shutdown hook
[2025-02-21T16:12:16.073+0000] {spark_submit.py:641} INFO - 25/02/21 16:12:16 INFO SparkContext: SparkContext is stopping with exitCode 0.
[2025-02-21T16:12:16.080+0000] {spark_submit.py:641} INFO - 25/02/21 16:12:16 INFO SparkUI: Stopped Spark web UI at http://ee8cee1d6fd8:4040
[2025-02-21T16:12:16.083+0000] {spark_submit.py:641} INFO - 25/02/21 16:12:16 INFO StandaloneSchedulerBackend: Shutting down all executors
[2025-02-21T16:12:16.084+0000] {spark_submit.py:641} INFO - 25/02/21 16:12:16 INFO StandaloneSchedulerBackend$StandaloneDriverEndpoint: Asking each executor to shut down
[2025-02-21T16:12:16.096+0000] {spark_submit.py:641} INFO - 25/02/21 16:12:16 INFO MapOutputTrackerMasterEndpoint: MapOutputTrackerMasterEndpoint stopped!
[2025-02-21T16:12:16.131+0000] {spark_submit.py:641} INFO - 25/02/21 16:12:16 INFO MemoryStore: MemoryStore cleared
[2025-02-21T16:12:16.133+0000] {spark_submit.py:641} INFO - 25/02/21 16:12:16 INFO BlockManager: BlockManager stopped
[2025-02-21T16:12:16.142+0000] {spark_submit.py:641} INFO - 25/02/21 16:12:16 INFO BlockManagerMaster: BlockManagerMaster stopped
[2025-02-21T16:12:16.149+0000] {spark_submit.py:641} INFO - 25/02/21 16:12:16 INFO OutputCommitCoordinator$OutputCommitCoordinatorEndpoint: OutputCommitCoordinator stopped!
[2025-02-21T16:12:16.219+0000] {spark_submit.py:641} INFO - 25/02/21 16:12:16 INFO SparkContext: Successfully stopped SparkContext
[2025-02-21T16:12:16.229+0000] {spark_submit.py:641} INFO - 25/02/21 16:12:16 INFO ShutdownHookManager: Shutdown hook called
[2025-02-21T16:12:16.230+0000] {spark_submit.py:641} INFO - 25/02/21 16:12:16 INFO ShutdownHookManager: Deleting directory /tmp/spark-ca2ddd17-87bf-44b1-89a0-1b1918c788fe
[2025-02-21T16:12:16.231+0000] {spark_submit.py:641} INFO - 25/02/21 16:12:16 INFO ShutdownHookManager: Deleting directory /tmp/spark-64c3ec41-ec09-4181-bdb4-cff581989c01/pyspark-3ae56412-7340-48b8-8f60-8a09cb1700c3
[2025-02-21T16:12:16.232+0000] {spark_submit.py:641} INFO - 25/02/21 16:12:16 INFO ShutdownHookManager: Deleting directory /tmp/spark-64c3ec41-ec09-4181-bdb4-cff581989c01
[2025-02-21T16:12:16.283+0000] {taskinstance.py:3313} ERROR - Task failed with exception
Traceback (most recent call last):
  File "/home/airflow/.local/lib/python3.12/site-packages/airflow/models/taskinstance.py", line 768, in _execute_task
    result = _execute_callable(context=context, **execute_callable_kwargs)
             ^^^^^^^^^^^^^^^^^^^^^^^^^^^^^^^^^^^^^^^^^^^^^^^^^^^^^^^^^^^^^
  File "/home/airflow/.local/lib/python3.12/site-packages/airflow/models/taskinstance.py", line 734, in _execute_callable
    return ExecutionCallableRunner(
           ^^^^^^^^^^^^^^^^^^^^^^^^
  File "/home/airflow/.local/lib/python3.12/site-packages/airflow/utils/operator_helpers.py", line 252, in run
    return self.func(*args, **kwargs)
           ^^^^^^^^^^^^^^^^^^^^^^^^^^
  File "/home/airflow/.local/lib/python3.12/site-packages/airflow/models/baseoperator.py", line 424, in wrapper
    return func(self, *args, **kwargs)
           ^^^^^^^^^^^^^^^^^^^^^^^^^^^
  File "/home/airflow/.local/lib/python3.12/site-packages/airflow/providers/apache/spark/operators/spark_submit.py", line 177, in execute
    self._hook.submit(self.application)
  File "/home/airflow/.local/lib/python3.12/site-packages/airflow/providers/apache/spark/hooks/spark_submit.py", line 567, in submit
    raise AirflowException(
airflow.exceptions.AirflowException: Cannot execute: spark-submit --master local[*] --conf spark.hadoop.fs.s3a.access.key=MINIO_ACCESS_KEY --conf spark.hadoop.fs.s3a.secret.key=****** --conf spark.hadoop.fs.s3a.endpoint=http://minio:9000 --conf spark.hadoop.fs.s3a.path.style.access=true --conf spark.hadoop.fs.s3a.impl=org.apache.hadoop.fs.s3a.S3AFileSystem --driver-memory 4g --principal admin --name arrow-spark --verbose --queue root.default --deploy-mode client /opt/bitnami/spark/scripts/ing_mov_20_21.py. Error code is: 1.
[2025-02-21T16:12:16.295+0000] {taskinstance.py:1226} INFO - Marking task as UP_FOR_RETRY. dag_id=ing_mov_20_21, task_id=run_spark_script, run_id=manual__2025-02-21T15:46:06.763086+00:00, execution_date=20250221T154606, start_date=20250221T154608, end_date=20250221T161216
[2025-02-21T16:12:16.353+0000] {taskinstance.py:341} INFO - ::group::Post task execution logs
[2025-02-21T16:12:16.356+0000] {standard_task_runner.py:124} ERROR - Failed to execute job 10 for task run_spark_script (Cannot execute: spark-submit --master local[*] --conf spark.hadoop.fs.s3a.access.key=MINIO_ACCESS_KEY --conf spark.hadoop.fs.s3a.secret.key=****** --conf spark.hadoop.fs.s3a.endpoint=http://minio:9000 --conf spark.hadoop.fs.s3a.path.style.access=true --conf spark.hadoop.fs.s3a.impl=org.apache.hadoop.fs.s3a.S3AFileSystem --driver-memory 4g --principal admin --name arrow-spark --verbose --queue root.default --deploy-mode client /opt/bitnami/spark/scripts/ing_mov_20_21.py. Error code is: 1.; 87)
Traceback (most recent call last):
  File "/home/airflow/.local/lib/python3.12/site-packages/airflow/task/task_runner/standard_task_runner.py", line 117, in _start_by_fork
    ret = args.func(args, dag=self.dag)
          ^^^^^^^^^^^^^^^^^^^^^^^^^^^^^
  File "/home/airflow/.local/lib/python3.12/site-packages/airflow/cli/cli_config.py", line 49, in command
    return func(*args, **kwargs)
           ^^^^^^^^^^^^^^^^^^^^^
  File "/home/airflow/.local/lib/python3.12/site-packages/airflow/utils/cli.py", line 116, in wrapper
    return f(*args, **kwargs)
           ^^^^^^^^^^^^^^^^^^
  File "/home/airflow/.local/lib/python3.12/site-packages/airflow/cli/commands/task_command.py", line 483, in task_run
    task_return_code = _run_task_by_selected_method(args, _dag, ti)
                       ^^^^^^^^^^^^^^^^^^^^^^^^^^^^^^^^^^^^^^^^^^^^
  File "/home/airflow/.local/lib/python3.12/site-packages/airflow/cli/commands/task_command.py", line 256, in _run_task_by_selected_method
    return _run_raw_task(args, ti)
           ^^^^^^^^^^^^^^^^^^^^^^^
  File "/home/airflow/.local/lib/python3.12/site-packages/airflow/cli/commands/task_command.py", line 341, in _run_raw_task
    return ti._run_raw_task(
           ^^^^^^^^^^^^^^^^^
  File "/home/airflow/.local/lib/python3.12/site-packages/airflow/utils/session.py", line 97, in wrapper
    return func(*args, session=session, **kwargs)
           ^^^^^^^^^^^^^^^^^^^^^^^^^^^^^^^^^^^^^^
  File "/home/airflow/.local/lib/python3.12/site-packages/airflow/models/taskinstance.py", line 3006, in _run_raw_task
    return _run_raw_task(
           ^^^^^^^^^^^^^^
  File "/home/airflow/.local/lib/python3.12/site-packages/airflow/models/taskinstance.py", line 274, in _run_raw_task
    TaskInstance._execute_task_with_callbacks(
  File "/home/airflow/.local/lib/python3.12/site-packages/airflow/models/taskinstance.py", line 3161, in _execute_task_with_callbacks
    result = self._execute_task(context, task_orig)
             ^^^^^^^^^^^^^^^^^^^^^^^^^^^^^^^^^^^^^^
  File "/home/airflow/.local/lib/python3.12/site-packages/airflow/models/taskinstance.py", line 3185, in _execute_task
    return _execute_task(self, context, task_orig)
           ^^^^^^^^^^^^^^^^^^^^^^^^^^^^^^^^^^^^^^^
  File "/home/airflow/.local/lib/python3.12/site-packages/airflow/models/taskinstance.py", line 768, in _execute_task
    result = _execute_callable(context=context, **execute_callable_kwargs)
             ^^^^^^^^^^^^^^^^^^^^^^^^^^^^^^^^^^^^^^^^^^^^^^^^^^^^^^^^^^^^^
  File "/home/airflow/.local/lib/python3.12/site-packages/airflow/models/taskinstance.py", line 734, in _execute_callable
    return ExecutionCallableRunner(
           ^^^^^^^^^^^^^^^^^^^^^^^^
  File "/home/airflow/.local/lib/python3.12/site-packages/airflow/utils/operator_helpers.py", line 252, in run
    return self.func(*args, **kwargs)
           ^^^^^^^^^^^^^^^^^^^^^^^^^^
  File "/home/airflow/.local/lib/python3.12/site-packages/airflow/models/baseoperator.py", line 424, in wrapper
    return func(self, *args, **kwargs)
           ^^^^^^^^^^^^^^^^^^^^^^^^^^^
  File "/home/airflow/.local/lib/python3.12/site-packages/airflow/providers/apache/spark/operators/spark_submit.py", line 177, in execute
    self._hook.submit(self.application)
  File "/home/airflow/.local/lib/python3.12/site-packages/airflow/providers/apache/spark/hooks/spark_submit.py", line 567, in submit
    raise AirflowException(
airflow.exceptions.AirflowException: Cannot execute: spark-submit --master local[*] --conf spark.hadoop.fs.s3a.access.key=MINIO_ACCESS_KEY --conf spark.hadoop.fs.s3a.secret.key=****** --conf spark.hadoop.fs.s3a.endpoint=http://minio:9000 --conf spark.hadoop.fs.s3a.path.style.access=true --conf spark.hadoop.fs.s3a.impl=org.apache.hadoop.fs.s3a.S3AFileSystem --driver-memory 4g --principal admin --name arrow-spark --verbose --queue root.default --deploy-mode client /opt/bitnami/spark/scripts/ing_mov_20_21.py. Error code is: 1.
[2025-02-21T16:12:16.374+0000] {local_task_job_runner.py:266} INFO - Task exited with return code 1
[2025-02-21T16:12:16.397+0000] {taskinstance.py:3901} INFO - 0 downstream tasks scheduled from follow-on schedule check
[2025-02-21T16:12:16.400+0000] {local_task_job_runner.py:245} INFO - ::endgroup::
