[2025-02-21T16:17:16.767+0000] {local_task_job_runner.py:123} INFO - ::group::Pre task execution logs
[2025-02-21T16:17:16.787+0000] {taskinstance.py:2614} INFO - Dependencies all met for dep_context=non-requeueable deps ti=<TaskInstance: ing_mov_20_21.run_spark_script manual__2025-02-21T15:46:06.763086+00:00 [queued]>
[2025-02-21T16:17:16.805+0000] {taskinstance.py:2614} INFO - Dependencies all met for dep_context=requeueable deps ti=<TaskInstance: ing_mov_20_21.run_spark_script manual__2025-02-21T15:46:06.763086+00:00 [queued]>
[2025-02-21T16:17:16.805+0000] {taskinstance.py:2867} INFO - Starting attempt 2 of 2
[2025-02-21T16:17:16.823+0000] {taskinstance.py:2890} INFO - Executing <Task(SparkSubmitOperator): run_spark_script> on 2025-02-21 15:46:06.763086+00:00
[2025-02-21T16:17:16.827+0000] {warnings.py:112} WARNING - /home/***/.local/lib/python3.12/site-packages/***/task/task_runner/standard_task_runner.py:70: DeprecationWarning: This process (pid=808) is multi-threaded, use of fork() may lead to deadlocks in the child.
  pid = os.fork()

[2025-02-21T16:17:16.829+0000] {standard_task_runner.py:72} INFO - Started process 809 to run task
[2025-02-21T16:17:16.829+0000] {standard_task_runner.py:104} INFO - Running: ['***', 'tasks', 'run', 'ing_mov_20_21', 'run_spark_script', 'manual__2025-02-21T15:46:06.763086+00:00', '--job-id', '12', '--raw', '--subdir', 'DAGS_FOLDER/scriptteste.py', '--cfg-path', '/tmp/tmpq2lnzubn']
[2025-02-21T16:17:16.830+0000] {standard_task_runner.py:105} INFO - Job 12: Subtask run_spark_script
[2025-02-21T16:17:16.879+0000] {task_command.py:467} INFO - Running <TaskInstance: ing_mov_20_21.run_spark_script manual__2025-02-21T15:46:06.763086+00:00 [running]> on host ee8cee1d6fd8
[2025-02-21T16:17:16.959+0000] {taskinstance.py:3134} INFO - Exporting env vars: AIRFLOW_CTX_DAG_OWNER='***' AIRFLOW_CTX_DAG_ID='ing_mov_20_21' AIRFLOW_CTX_TASK_ID='run_spark_script' AIRFLOW_CTX_EXECUTION_DATE='2025-02-21T15:46:06.763086+00:00' AIRFLOW_CTX_TRY_NUMBER='2' AIRFLOW_CTX_DAG_RUN_ID='manual__2025-02-21T15:46:06.763086+00:00'
[2025-02-21T16:17:16.959+0000] {taskinstance.py:732} INFO - ::endgroup::
[2025-02-21T16:17:16.985+0000] {base.py:84} INFO - Retrieving connection 'spark_default'
[2025-02-21T16:17:16.986+0000] {spark_submit.py:328} ERROR - Failed to decode base64 keytab: Invalid base64-encoded string: number of data characters (5) cannot be 1 more than a multiple of 4
[2025-02-21T16:17:16.987+0000] {spark_submit.py:305} INFO - Could not load connection string spark_default, defaulting to local[*]
[2025-02-21T16:17:16.989+0000] {spark_submit.py:474} INFO - Spark-Submit cmd: spark-submit --master local[*] --conf spark.hadoop.fs.s3a.access.key=MINIO_ACCESS_KEY --conf spark.hadoop.fs.s3a.secret.key=****** --conf spark.hadoop.fs.s3a.endpoint=http://minio:9000 --conf spark.hadoop.fs.s3a.path.style.access=true --conf spark.hadoop.fs.s3a.impl=org.apache.hadoop.fs.s3a.S3AFileSystem --driver-memory 4g --principal admin --name arrow-spark --verbose --queue root.default --deploy-mode client /opt/bitnami/spark/scripts/ing_mov_20_21.py
[2025-02-21T16:17:18.132+0000] {spark_submit.py:641} INFO - Using properties file: null
[2025-02-21T16:17:18.249+0000] {spark_submit.py:641} INFO - Parsed arguments:
[2025-02-21T16:17:18.250+0000] {spark_submit.py:641} INFO - master                  local[*]
[2025-02-21T16:17:18.250+0000] {spark_submit.py:641} INFO - remote                  null
[2025-02-21T16:17:18.250+0000] {spark_submit.py:641} INFO - deployMode              client
[2025-02-21T16:17:18.251+0000] {spark_submit.py:641} INFO - executorMemory          null
[2025-02-21T16:17:18.251+0000] {spark_submit.py:641} INFO - executorCores           null
[2025-02-21T16:17:18.251+0000] {spark_submit.py:641} INFO - totalExecutorCores      null
[2025-02-21T16:17:18.252+0000] {spark_submit.py:641} INFO - propertiesFile          null
[2025-02-21T16:17:18.252+0000] {spark_submit.py:641} INFO - driverMemory            4g
[2025-02-21T16:17:18.252+0000] {spark_submit.py:641} INFO - driverCores             null
[2025-02-21T16:17:18.253+0000] {spark_submit.py:641} INFO - driverExtraClassPath    null
[2025-02-21T16:17:18.253+0000] {spark_submit.py:641} INFO - driverExtraLibraryPath  null
[2025-02-21T16:17:18.253+0000] {spark_submit.py:641} INFO - driverExtraJavaOptions  null
[2025-02-21T16:17:18.254+0000] {spark_submit.py:641} INFO - supervise               false
[2025-02-21T16:17:18.254+0000] {spark_submit.py:641} INFO - queue                   root.default
[2025-02-21T16:17:18.254+0000] {spark_submit.py:641} INFO - numExecutors            null
[2025-02-21T16:17:18.255+0000] {spark_submit.py:641} INFO - files                   null
[2025-02-21T16:17:18.255+0000] {spark_submit.py:641} INFO - pyFiles                 null
[2025-02-21T16:17:18.256+0000] {spark_submit.py:641} INFO - archives                null
[2025-02-21T16:17:18.256+0000] {spark_submit.py:641} INFO - mainClass               null
[2025-02-21T16:17:18.256+0000] {spark_submit.py:641} INFO - primaryResource         file:/opt/bitnami/spark/scripts/ing_mov_20_21.py
[2025-02-21T16:17:18.257+0000] {spark_submit.py:641} INFO - name                    arrow-spark
[2025-02-21T16:17:18.257+0000] {spark_submit.py:641} INFO - childArgs               []
[2025-02-21T16:17:18.257+0000] {spark_submit.py:641} INFO - jars                    null
[2025-02-21T16:17:18.258+0000] {spark_submit.py:641} INFO - packages                null
[2025-02-21T16:17:18.258+0000] {spark_submit.py:641} INFO - packagesExclusions      null
[2025-02-21T16:17:18.258+0000] {spark_submit.py:641} INFO - repositories            null
[2025-02-21T16:17:18.259+0000] {spark_submit.py:641} INFO - verbose                 true
[2025-02-21T16:17:18.259+0000] {spark_submit.py:641} INFO - 
[2025-02-21T16:17:18.259+0000] {spark_submit.py:641} INFO - Spark properties used, including those specified through
[2025-02-21T16:17:18.259+0000] {spark_submit.py:641} INFO - --conf and those from the properties file null:
[2025-02-21T16:17:18.260+0000] {spark_submit.py:641} INFO - (spark.driver.memory,4g)
[2025-02-21T16:17:18.260+0000] {spark_submit.py:641} INFO - (spark.hadoop.fs.s3a.access.key,*********(redacted))
[2025-02-21T16:17:18.260+0000] {spark_submit.py:641} INFO - (spark.hadoop.fs.s3a.endpoint,http://minio:9000)
[2025-02-21T16:17:18.261+0000] {spark_submit.py:641} INFO - (spark.hadoop.fs.s3a.impl,org.apache.hadoop.fs.s3a.S3AFileSystem)
[2025-02-21T16:17:18.261+0000] {spark_submit.py:641} INFO - (spark.hadoop.fs.s3a.path.style.access,true)
[2025-02-21T16:17:18.261+0000] {spark_submit.py:641} INFO - (spark.hadoop.fs.s3a.secret.key,*********(redacted))
[2025-02-21T16:17:18.262+0000] {spark_submit.py:641} INFO - 
[2025-02-21T16:17:18.262+0000] {spark_submit.py:641} INFO - 
[2025-02-21T16:17:18.448+0000] {spark_submit.py:641} INFO - Main class:
[2025-02-21T16:17:18.448+0000] {spark_submit.py:641} INFO - org.apache.spark.deploy.PythonRunner
[2025-02-21T16:17:18.449+0000] {spark_submit.py:641} INFO - Arguments:
[2025-02-21T16:17:18.450+0000] {spark_submit.py:641} INFO - file:/opt/bitnami/spark/scripts/ing_mov_20_21.py
[2025-02-21T16:17:18.451+0000] {spark_submit.py:641} INFO - null
[2025-02-21T16:17:18.452+0000] {spark_submit.py:641} INFO - Spark config:
[2025-02-21T16:17:18.452+0000] {spark_submit.py:641} INFO - (spark.app.name,arrow-spark)
[2025-02-21T16:17:18.453+0000] {spark_submit.py:641} INFO - (spark.app.submitTime,1740154638433)
[2025-02-21T16:17:18.453+0000] {spark_submit.py:641} INFO - (spark.driver.memory,4g)
[2025-02-21T16:17:18.454+0000] {spark_submit.py:641} INFO - (spark.hadoop.fs.s3a.access.key,*********(redacted))
[2025-02-21T16:17:18.454+0000] {spark_submit.py:641} INFO - (spark.hadoop.fs.s3a.endpoint,http://minio:9000)
[2025-02-21T16:17:18.455+0000] {spark_submit.py:641} INFO - (spark.hadoop.fs.s3a.impl,org.apache.hadoop.fs.s3a.S3AFileSystem)
[2025-02-21T16:17:18.456+0000] {spark_submit.py:641} INFO - (spark.hadoop.fs.s3a.path.style.access,true)
[2025-02-21T16:17:18.456+0000] {spark_submit.py:641} INFO - (spark.hadoop.fs.s3a.secret.key,*********(redacted))
[2025-02-21T16:17:18.458+0000] {spark_submit.py:641} INFO - (spark.kerberos.principal,admin)
[2025-02-21T16:17:18.458+0000] {spark_submit.py:641} INFO - (spark.master,local[*])
[2025-02-21T16:17:18.459+0000] {spark_submit.py:641} INFO - (spark.submit.deployMode,client)
[2025-02-21T16:17:18.459+0000] {spark_submit.py:641} INFO - (spark.submit.pyFiles,)
[2025-02-21T16:17:18.460+0000] {spark_submit.py:641} INFO - Classpath elements:
[2025-02-21T16:17:18.460+0000] {spark_submit.py:641} INFO - 
[2025-02-21T16:17:18.460+0000] {spark_submit.py:641} INFO - 
[2025-02-21T16:17:18.461+0000] {spark_submit.py:641} INFO - 
[2025-02-21T16:17:19.751+0000] {spark_submit.py:641} INFO - 25/02/21 16:17:19 INFO SparkContext: Running Spark version 3.5.4
[2025-02-21T16:17:19.753+0000] {spark_submit.py:641} INFO - 25/02/21 16:17:19 INFO SparkContext: OS info Linux, 5.15.167.4-microsoft-standard-WSL2, amd64
[2025-02-21T16:17:19.754+0000] {spark_submit.py:641} INFO - 25/02/21 16:17:19 INFO SparkContext: Java version 17.0.14
[2025-02-21T16:17:19.800+0000] {spark_submit.py:641} INFO - 25/02/21 16:17:19 WARN NativeCodeLoader: Unable to load native-hadoop library for your platform... using builtin-java classes where applicable
[2025-02-21T16:17:19.874+0000] {spark_submit.py:641} INFO - 25/02/21 16:17:19 INFO ResourceUtils: ==============================================================
[2025-02-21T16:17:19.874+0000] {spark_submit.py:641} INFO - 25/02/21 16:17:19 INFO ResourceUtils: No custom resources configured for spark.driver.
[2025-02-21T16:17:19.875+0000] {spark_submit.py:641} INFO - 25/02/21 16:17:19 INFO ResourceUtils: ==============================================================
[2025-02-21T16:17:19.875+0000] {spark_submit.py:641} INFO - 25/02/21 16:17:19 INFO SparkContext: Submitted application: Movies_20_21
[2025-02-21T16:17:19.894+0000] {spark_submit.py:641} INFO - 25/02/21 16:17:19 INFO ResourceProfile: Default ResourceProfile created, executor resources: Map(cores -> name: cores, amount: 1, script: , vendor: , memory -> name: memory, amount: 8192, script: , vendor: , offHeap -> name: offHeap, amount: 0, script: , vendor: ), task resources: Map(cpus -> name: cpus, amount: 1.0)
[2025-02-21T16:17:19.903+0000] {spark_submit.py:641} INFO - 25/02/21 16:17:19 INFO ResourceProfile: Limiting resource is cpus at 1 tasks per executor
[2025-02-21T16:17:19.905+0000] {spark_submit.py:641} INFO - 25/02/21 16:17:19 INFO ResourceProfileManager: Added ResourceProfile id: 0
[2025-02-21T16:17:19.946+0000] {spark_submit.py:641} INFO - 25/02/21 16:17:19 INFO SecurityManager: Changing view acls to: ***
[2025-02-21T16:17:19.947+0000] {spark_submit.py:641} INFO - 25/02/21 16:17:19 INFO SecurityManager: Changing modify acls to: ***
[2025-02-21T16:17:19.947+0000] {spark_submit.py:641} INFO - 25/02/21 16:17:19 INFO SecurityManager: Changing view acls groups to:
[2025-02-21T16:17:19.948+0000] {spark_submit.py:641} INFO - 25/02/21 16:17:19 INFO SecurityManager: Changing modify acls groups to:
[2025-02-21T16:17:19.948+0000] {spark_submit.py:641} INFO - 25/02/21 16:17:19 INFO SecurityManager: SecurityManager: authentication disabled; ui acls disabled; users with view permissions: ***; groups with view permissions: EMPTY; users with modify permissions: ***; groups with modify permissions: EMPTY
[2025-02-21T16:17:20.118+0000] {spark_submit.py:641} INFO - 25/02/21 16:17:20 INFO Utils: Successfully started service 'sparkDriver' on port 36477.
[2025-02-21T16:17:20.140+0000] {spark_submit.py:641} INFO - 25/02/21 16:17:20 INFO SparkEnv: Registering MapOutputTracker
[2025-02-21T16:17:20.167+0000] {spark_submit.py:641} INFO - 25/02/21 16:17:20 INFO SparkEnv: Registering BlockManagerMaster
[2025-02-21T16:17:20.180+0000] {spark_submit.py:641} INFO - 25/02/21 16:17:20 INFO BlockManagerMasterEndpoint: Using org.apache.spark.storage.DefaultTopologyMapper for getting topology information
[2025-02-21T16:17:20.180+0000] {spark_submit.py:641} INFO - 25/02/21 16:17:20 INFO BlockManagerMasterEndpoint: BlockManagerMasterEndpoint up
[2025-02-21T16:17:20.184+0000] {spark_submit.py:641} INFO - 25/02/21 16:17:20 INFO SparkEnv: Registering BlockManagerMasterHeartbeat
[2025-02-21T16:17:20.202+0000] {spark_submit.py:641} INFO - 25/02/21 16:17:20 INFO DiskBlockManager: Created local directory at /tmp/blockmgr-b89b56da-4151-4563-a11d-94b7bea4c49d
[2025-02-21T16:17:20.218+0000] {spark_submit.py:641} INFO - 25/02/21 16:17:20 INFO MemoryStore: MemoryStore started with capacity 2.2 GiB
[2025-02-21T16:17:20.232+0000] {spark_submit.py:641} INFO - 25/02/21 16:17:20 INFO SparkEnv: Registering OutputCommitCoordinator
[2025-02-21T16:17:20.338+0000] {spark_submit.py:641} INFO - 25/02/21 16:17:20 INFO JettyUtils: Start Jetty 0.0.0.0:4040 for SparkUI
[2025-02-21T16:17:20.386+0000] {spark_submit.py:641} INFO - 25/02/21 16:17:20 INFO Utils: Successfully started service 'SparkUI' on port 4040.
[2025-02-21T16:17:20.488+0000] {spark_submit.py:641} INFO - 25/02/21 16:17:20 INFO StandaloneAppClient$ClientEndpoint: Connecting to master spark://spark:7077...
[2025-02-21T16:17:20.529+0000] {spark_submit.py:641} INFO - 25/02/21 16:17:20 INFO TransportClientFactory: Successfully created connection to spark/172.18.0.2:7077 after 22 ms (0 ms spent in bootstraps)
[2025-02-21T16:17:20.624+0000] {spark_submit.py:641} INFO - 25/02/21 16:17:20 INFO StandaloneSchedulerBackend: Connected to Spark cluster with app ID app-20250221161720-0002
[2025-02-21T16:17:20.631+0000] {spark_submit.py:641} INFO - 25/02/21 16:17:20 INFO StandaloneAppClient$ClientEndpoint: Executor added: app-20250221161720-0002/0 on worker-20250221154328-172.18.0.5-34499 (172.18.0.5:34499) with 1 core(s)
[2025-02-21T16:17:20.634+0000] {spark_submit.py:641} INFO - 25/02/21 16:17:20 INFO StandaloneSchedulerBackend: Granted executor ID app-20250221161720-0002/0 on hostPort 172.18.0.5:34499 with 1 core(s), 8.0 GiB RAM
[2025-02-21T16:17:20.654+0000] {spark_submit.py:641} INFO - 25/02/21 16:17:20 INFO Utils: Successfully started service 'org.apache.spark.network.netty.NettyBlockTransferService' on port 39991.
[2025-02-21T16:17:20.656+0000] {spark_submit.py:641} INFO - 25/02/21 16:17:20 INFO StandaloneAppClient$ClientEndpoint: Executor added: app-20250221161720-0002/1 on worker-20250221154328-172.18.0.4-46027 (172.18.0.4:46027) with 1 core(s)
[2025-02-21T16:17:20.658+0000] {spark_submit.py:641} INFO - 25/02/21 16:17:20 INFO NettyBlockTransferService: Server created on ee8cee1d6fd8:39991
[2025-02-21T16:17:20.659+0000] {spark_submit.py:641} INFO - 25/02/21 16:17:20 INFO StandaloneSchedulerBackend: Granted executor ID app-20250221161720-0002/1 on hostPort 172.18.0.4:46027 with 1 core(s), 8.0 GiB RAM
[2025-02-21T16:17:20.661+0000] {spark_submit.py:641} INFO - 25/02/21 16:17:20 INFO BlockManager: Using org.apache.spark.storage.RandomBlockReplicationPolicy for block replication policy
[2025-02-21T16:17:20.662+0000] {spark_submit.py:641} INFO - 25/02/21 16:17:20 INFO BlockManagerMaster: Registering BlockManager BlockManagerId(driver, ee8cee1d6fd8, 39991, None)
[2025-02-21T16:17:20.678+0000] {spark_submit.py:641} INFO - 25/02/21 16:17:20 INFO BlockManagerMasterEndpoint: Registering block manager ee8cee1d6fd8:39991 with 2.2 GiB RAM, BlockManagerId(driver, ee8cee1d6fd8, 39991, None)
[2025-02-21T16:17:20.682+0000] {spark_submit.py:641} INFO - 25/02/21 16:17:20 INFO BlockManagerMaster: Registered BlockManager BlockManagerId(driver, ee8cee1d6fd8, 39991, None)
[2025-02-21T16:17:20.684+0000] {spark_submit.py:641} INFO - 25/02/21 16:17:20 INFO BlockManager: Initialized BlockManager: BlockManagerId(driver, ee8cee1d6fd8, 39991, None)
[2025-02-21T16:17:20.685+0000] {spark_submit.py:641} INFO - 25/02/21 16:17:20 INFO StandaloneAppClient$ClientEndpoint: Executor updated: app-20250221161720-0002/1 is now RUNNING
[2025-02-21T16:17:20.685+0000] {spark_submit.py:641} INFO - 25/02/21 16:17:20 INFO StandaloneAppClient$ClientEndpoint: Executor updated: app-20250221161720-0002/0 is now RUNNING
[2025-02-21T16:17:20.927+0000] {spark_submit.py:641} INFO - 25/02/21 16:17:20 INFO StandaloneSchedulerBackend: SchedulerBackend is ready for scheduling beginning after reached minRegisteredResourcesRatio: 0.0
[2025-02-21T16:17:21.571+0000] {spark_submit.py:641} INFO - INFO:__main__:Coletando dados para 2020-01-01...
[2025-02-21T16:17:23.134+0000] {spark_submit.py:641} INFO - 25/02/21 16:17:23 INFO StandaloneSchedulerBackend$StandaloneDriverEndpoint: Registered executor NettyRpcEndpointRef(spark-client://Executor) (172.18.0.4:47250) with ID 1,  ResourceProfileId 0
[2025-02-21T16:17:23.199+0000] {spark_submit.py:641} INFO - 25/02/21 16:17:23 INFO BlockManagerMasterEndpoint: Registering block manager 172.18.0.4:44231 with 4.6 GiB RAM, BlockManagerId(1, 172.18.0.4, 44231, None)
[2025-02-21T16:17:23.331+0000] {spark_submit.py:641} INFO - 25/02/21 16:17:23 INFO StandaloneSchedulerBackend$StandaloneDriverEndpoint: Registered executor NettyRpcEndpointRef(spark-client://Executor) (172.18.0.5:45352) with ID 0,  ResourceProfileId 0
[2025-02-21T16:17:23.432+0000] {spark_submit.py:641} INFO - 25/02/21 16:17:23 INFO BlockManagerMasterEndpoint: Registering block manager 172.18.0.5:41923 with 4.6 GiB RAM, BlockManagerId(0, 172.18.0.5, 41923, None)
[2025-02-21T16:18:20.375+0000] {spark_submit.py:641} INFO - INFO:__main__:Coletando dados para 2020-01-02...
[2025-02-21T16:18:22.763+0000] {spark_submit.py:641} INFO - INFO:__main__:Coletando dados para 2020-01-03...
[2025-02-21T16:18:25.031+0000] {spark_submit.py:641} INFO - INFO:__main__:Coletando dados para 2020-01-04...
[2025-02-21T16:18:26.033+0000] {spark_submit.py:641} INFO - INFO:__main__:Coletando dados para 2020-01-05...
[2025-02-21T16:18:27.038+0000] {spark_submit.py:641} INFO - INFO:__main__:Coletando dados para 2020-01-06...
[2025-02-21T16:18:28.865+0000] {spark_submit.py:641} INFO - INFO:__main__:Coletando dados para 2020-01-07...
[2025-02-21T16:18:30.519+0000] {spark_submit.py:641} INFO - INFO:__main__:Coletando dados para 2020-01-08...
[2025-02-21T16:18:32.174+0000] {spark_submit.py:641} INFO - INFO:__main__:Coletando dados para 2020-01-09...
[2025-02-21T16:18:34.552+0000] {spark_submit.py:641} INFO - INFO:__main__:Coletando dados para 2020-01-10...
[2025-02-21T16:18:38.097+0000] {spark_submit.py:641} INFO - INFO:__main__:Coletando dados para 2020-01-11...
[2025-02-21T16:18:39.735+0000] {spark_submit.py:641} INFO - INFO:__main__:Coletando dados para 2020-01-12...
[2025-02-21T16:18:41.459+0000] {spark_submit.py:641} INFO - INFO:__main__:Coletando dados para 2020-01-13...
[2025-02-21T16:18:42.481+0000] {spark_submit.py:641} INFO - INFO:__main__:Coletando dados para 2020-01-14...
[2025-02-21T16:18:44.132+0000] {spark_submit.py:641} INFO - INFO:__main__:Coletando dados para 2020-01-15...
[2025-02-21T16:18:46.582+0000] {spark_submit.py:641} INFO - INFO:__main__:Coletando dados para 2020-01-16...
[2025-02-21T16:18:49.063+0000] {spark_submit.py:641} INFO - INFO:__main__:Coletando dados para 2020-01-17...
[2025-02-21T16:18:51.969+0000] {spark_submit.py:641} INFO - INFO:__main__:Coletando dados para 2020-01-18...
[2025-02-21T16:18:54.339+0000] {spark_submit.py:641} INFO - INFO:__main__:Coletando dados para 2020-01-19...
[2025-02-21T16:18:55.359+0000] {spark_submit.py:641} INFO - INFO:__main__:Coletando dados para 2020-01-20...
[2025-02-21T16:18:57.007+0000] {spark_submit.py:641} INFO - INFO:__main__:Coletando dados para 2020-01-21...
[2025-02-21T16:18:58.649+0000] {spark_submit.py:641} INFO - INFO:__main__:Coletando dados para 2020-01-22...
[2025-02-21T16:19:01.665+0000] {spark_submit.py:641} INFO - INFO:__main__:Coletando dados para 2020-01-23...
[2025-02-21T16:19:05.276+0000] {spark_submit.py:641} INFO - INFO:__main__:Coletando dados para 2020-01-24...
[2025-02-21T16:19:10.189+0000] {spark_submit.py:641} INFO - INFO:__main__:Coletando dados para 2020-01-25...
[2025-02-21T16:19:14.473+0000] {spark_submit.py:641} INFO - INFO:__main__:Coletando dados para 2020-01-26...
[2025-02-21T16:19:16.893+0000] {spark_submit.py:641} INFO - INFO:__main__:Coletando dados para 2020-01-27...
[2025-02-21T16:19:19.302+0000] {spark_submit.py:641} INFO - INFO:__main__:Coletando dados para 2020-01-28...
[2025-02-21T16:19:21.579+0000] {spark_submit.py:641} INFO - INFO:__main__:Coletando dados para 2020-01-29...
[2025-02-21T16:19:23.870+0000] {spark_submit.py:641} INFO - INFO:__main__:Coletando dados para 2020-01-30...
[2025-02-21T16:19:26.849+0000] {spark_submit.py:641} INFO - INFO:__main__:Coletando dados para 2020-01-31...
[2025-02-21T16:19:31.107+0000] {spark_submit.py:641} INFO - INFO:__main__:Coletando dados para 2020-02-01...
[2025-02-21T16:19:36.670+0000] {spark_submit.py:641} INFO - INFO:__main__:Coletando dados para 2020-02-02...
[2025-02-21T16:19:38.418+0000] {spark_submit.py:641} INFO - INFO:__main__:Coletando dados para 2020-02-03...
[2025-02-21T16:19:39.431+0000] {spark_submit.py:641} INFO - INFO:__main__:Coletando dados para 2020-02-04...
[2025-02-21T16:19:41.082+0000] {spark_submit.py:641} INFO - INFO:__main__:Coletando dados para 2020-02-05...
[2025-02-21T16:19:43.575+0000] {spark_submit.py:641} INFO - INFO:__main__:Coletando dados para 2020-02-06...
[2025-02-21T16:19:45.871+0000] {spark_submit.py:641} INFO - INFO:__main__:Coletando dados para 2020-02-07...
[2025-02-21T16:19:50.179+0000] {spark_submit.py:641} INFO - INFO:__main__:Coletando dados para 2020-02-08...
[2025-02-21T16:19:51.838+0000] {spark_submit.py:641} INFO - INFO:__main__:Coletando dados para 2020-02-09...
[2025-02-21T16:19:54.108+0000] {spark_submit.py:641} INFO - INFO:__main__:Coletando dados para 2020-02-10...
[2025-02-21T16:19:55.802+0000] {spark_submit.py:641} INFO - INFO:__main__:Coletando dados para 2020-02-11...
[2025-02-21T16:19:57.514+0000] {spark_submit.py:641} INFO - INFO:__main__:Coletando dados para 2020-02-12...
[2025-02-21T16:19:59.796+0000] {spark_submit.py:641} INFO - INFO:__main__:Coletando dados para 2020-02-13...
[2025-02-21T16:20:02.153+0000] {spark_submit.py:641} INFO - INFO:__main__:Coletando dados para 2020-02-14...
[2025-02-21T16:20:07.617+0000] {spark_submit.py:641} INFO - INFO:__main__:Coletando dados para 2020-02-15...
[2025-02-21T16:20:10.051+0000] {spark_submit.py:641} INFO - INFO:__main__:Coletando dados para 2020-02-16...
[2025-02-21T16:20:11.065+0000] {spark_submit.py:641} INFO - INFO:__main__:Coletando dados para 2020-02-17...
[2025-02-21T16:20:12.715+0000] {spark_submit.py:641} INFO - INFO:__main__:Coletando dados para 2020-02-18...
[2025-02-21T16:20:13.733+0000] {spark_submit.py:641} INFO - INFO:__main__:Coletando dados para 2020-02-19...
[2025-02-21T16:20:15.519+0000] {spark_submit.py:641} INFO - INFO:__main__:Coletando dados para 2020-02-20...
[2025-02-21T16:20:20.741+0000] {spark_submit.py:641} INFO - INFO:__main__:Coletando dados para 2020-02-21...
[2025-02-21T16:20:32.866+0000] {spark_submit.py:641} INFO - INFO:__main__:Coletando dados para 2020-02-22...
[2025-02-21T16:20:38.710+0000] {spark_submit.py:641} INFO - INFO:__main__:Coletando dados para 2020-02-23...
[2025-02-21T16:20:43.051+0000] {spark_submit.py:641} INFO - INFO:__main__:Coletando dados para 2020-02-24...
[2025-02-21T16:20:47.700+0000] {spark_submit.py:641} INFO - INFO:__main__:Coletando dados para 2020-02-25...
[2025-02-21T16:20:52.032+0000] {spark_submit.py:641} INFO - INFO:__main__:Coletando dados para 2020-02-26...
[2025-02-21T16:20:56.374+0000] {spark_submit.py:641} INFO - INFO:__main__:Coletando dados para 2020-02-27...
[2025-02-21T16:21:03.857+0000] {spark_submit.py:641} INFO - INFO:__main__:Coletando dados para 2020-02-28...
[2025-02-21T16:21:14.023+0000] {spark_submit.py:641} INFO - INFO:__main__:Coletando dados para 2020-02-29...
[2025-02-21T16:21:18.066+0000] {spark_submit.py:641} INFO - INFO:__main__:Coletando dados para 2020-03-01...
[2025-02-21T16:21:23.577+0000] {spark_submit.py:641} INFO - INFO:__main__:Coletando dados para 2020-03-02...
[2025-02-21T16:21:24.667+0000] {spark_submit.py:641} INFO - INFO:__main__:Coletando dados para 2020-03-03...
[2025-02-21T16:21:26.943+0000] {spark_submit.py:641} INFO - INFO:__main__:Coletando dados para 2020-03-04...
[2025-02-21T16:21:29.230+0000] {spark_submit.py:641} INFO - INFO:__main__:Coletando dados para 2020-03-05...
[2025-02-21T16:21:36.840+0000] {spark_submit.py:641} INFO - INFO:__main__:Coletando dados para 2020-03-06...
[2025-02-21T16:21:43.098+0000] {spark_submit.py:641} INFO - INFO:__main__:Coletando dados para 2020-03-07...
[2025-02-21T16:21:46.011+0000] {spark_submit.py:641} INFO - INFO:__main__:Coletando dados para 2020-03-08...
[2025-02-21T16:21:48.339+0000] {spark_submit.py:641} INFO - INFO:__main__:Coletando dados para 2020-03-09...
[2025-02-21T16:21:50.108+0000] {spark_submit.py:641} INFO - INFO:__main__:Coletando dados para 2020-03-10...
[2025-02-21T16:21:51.761+0000] {spark_submit.py:641} INFO - INFO:__main__:Coletando dados para 2020-03-11...
[2025-02-21T16:21:54.729+0000] {spark_submit.py:641} INFO - INFO:__main__:Coletando dados para 2020-03-12...
[2025-02-21T16:21:57.708+0000] {spark_submit.py:641} INFO - INFO:__main__:Coletando dados para 2020-03-13...
[2025-02-21T16:22:01.344+0000] {spark_submit.py:641} INFO - INFO:__main__:Coletando dados para 2020-03-14...
[2025-02-21T16:22:03.671+0000] {spark_submit.py:641} INFO - INFO:__main__:Coletando dados para 2020-03-15...
[2025-02-21T16:22:05.939+0000] {spark_submit.py:641} INFO - INFO:__main__:Coletando dados para 2020-03-16...
[2025-02-21T16:22:07.694+0000] {spark_submit.py:641} INFO - INFO:__main__:Coletando dados para 2020-03-17...
[2025-02-21T16:22:10.004+0000] {spark_submit.py:641} INFO - INFO:__main__:Coletando dados para 2020-03-18...
[2025-02-21T16:22:12.962+0000] {spark_submit.py:641} INFO - INFO:__main__:Coletando dados para 2020-03-19...
[2025-02-21T16:22:15.345+0000] {spark_submit.py:641} INFO - INFO:__main__:Coletando dados para 2020-03-20...
[2025-02-21T16:22:18.999+0000] {spark_submit.py:641} INFO - INFO:__main__:Coletando dados para 2020-03-21...
[2025-02-21T16:22:20.734+0000] {spark_submit.py:641} INFO - INFO:__main__:Coletando dados para 2020-03-22...
[2025-02-21T16:22:22.376+0000] {spark_submit.py:641} INFO - INFO:__main__:Coletando dados para 2020-03-23...
[2025-02-21T16:22:24.023+0000] {spark_submit.py:641} INFO - INFO:__main__:Coletando dados para 2020-03-24...
[2025-02-21T16:22:25.665+0000] {spark_submit.py:641} INFO - INFO:__main__:Coletando dados para 2020-03-25...
[2025-02-21T16:22:28.724+0000] {spark_submit.py:641} INFO - INFO:__main__:Coletando dados para 2020-03-26...
[2025-02-21T16:22:30.366+0000] {spark_submit.py:641} INFO - INFO:__main__:Coletando dados para 2020-03-27...
[2025-02-21T16:22:33.467+0000] {spark_submit.py:641} INFO - INFO:__main__:Coletando dados para 2020-03-28...
[2025-02-21T16:22:35.754+0000] {spark_submit.py:641} INFO - INFO:__main__:Coletando dados para 2020-03-29...
[2025-02-21T16:22:37.381+0000] {spark_submit.py:641} INFO - INFO:__main__:Coletando dados para 2020-03-30...
[2025-02-21T16:22:39.121+0000] {spark_submit.py:641} INFO - INFO:__main__:Coletando dados para 2020-03-31...
[2025-02-21T16:22:40.762+0000] {spark_submit.py:641} INFO - INFO:__main__:Coletando dados para 2020-04-01...
[2025-02-21T16:22:46.228+0000] {spark_submit.py:641} INFO - INFO:__main__:Coletando dados para 2020-04-02...
[2025-02-21T16:22:48.485+0000] {spark_submit.py:641} INFO - INFO:__main__:Coletando dados para 2020-04-03...
[2025-02-21T16:22:52.366+0000] {spark_submit.py:641} INFO - INFO:__main__:Coletando dados para 2020-04-04...
[2025-02-21T16:22:54.010+0000] {spark_submit.py:641} INFO - INFO:__main__:Coletando dados para 2020-04-05...
[2025-02-21T16:22:56.275+0000] {spark_submit.py:641} INFO - INFO:__main__:Coletando dados para 2020-04-06...
[2025-02-21T16:22:58.047+0000] {spark_submit.py:641} INFO - INFO:__main__:Coletando dados para 2020-04-07...
[2025-02-21T16:23:00.449+0000] {spark_submit.py:641} INFO - INFO:__main__:Coletando dados para 2020-04-08...
[2025-02-21T16:23:02.090+0000] {spark_submit.py:641} INFO - INFO:__main__:Coletando dados para 2020-04-09...
[2025-02-21T16:23:04.542+0000] {spark_submit.py:641} INFO - INFO:__main__:Coletando dados para 2020-04-10...
[2025-02-21T16:23:07.448+0000] {spark_submit.py:641} INFO - INFO:__main__:Coletando dados para 2020-04-11...
[2025-02-21T16:23:09.079+0000] {spark_submit.py:641} INFO - INFO:__main__:Coletando dados para 2020-04-12...
[2025-02-21T16:23:10.860+0000] {spark_submit.py:641} INFO - INFO:__main__:Coletando dados para 2020-04-13...
[2025-02-21T16:23:11.867+0000] {spark_submit.py:641} INFO - INFO:__main__:Coletando dados para 2020-04-14...
[2025-02-21T16:23:13.507+0000] {spark_submit.py:641} INFO - INFO:__main__:Coletando dados para 2020-04-15...
[2025-02-21T16:23:16.510+0000] {spark_submit.py:641} INFO - INFO:__main__:Coletando dados para 2020-04-16...
[2025-02-21T16:23:18.208+0000] {spark_submit.py:641} INFO - INFO:__main__:Coletando dados para 2020-04-17...
[2025-02-21T16:23:21.720+0000] {spark_submit.py:641} INFO - INFO:__main__:Coletando dados para 2020-04-18...
[2025-02-21T16:23:23.500+0000] {spark_submit.py:641} INFO - INFO:__main__:Coletando dados para 2020-04-19...
[2025-02-21T16:23:25.134+0000] {spark_submit.py:641} INFO - INFO:__main__:Coletando dados para 2020-04-20...
[2025-02-21T16:23:27.408+0000] {spark_submit.py:641} INFO - INFO:__main__:Coletando dados para 2020-04-21...
[2025-02-21T16:23:29.102+0000] {spark_submit.py:641} INFO - INFO:__main__:Coletando dados para 2020-04-22...
[2025-02-21T16:23:31.373+0000] {spark_submit.py:641} INFO - INFO:__main__:Coletando dados para 2020-04-23...
[2025-02-21T16:23:33.652+0000] {spark_submit.py:641} INFO - INFO:__main__:Coletando dados para 2020-04-24...
[2025-02-21T16:23:36.705+0000] {spark_submit.py:641} INFO - INFO:__main__:Coletando dados para 2020-04-25...
[2025-02-21T16:23:38.977+0000] {spark_submit.py:641} INFO - INFO:__main__:Coletando dados para 2020-04-26...
[2025-02-21T16:23:39.984+0000] {spark_submit.py:641} INFO - INFO:__main__:Coletando dados para 2020-04-27...
[2025-02-21T16:23:41.751+0000] {spark_submit.py:641} INFO - INFO:__main__:Coletando dados para 2020-04-28...
[2025-02-21T16:23:43.377+0000] {spark_submit.py:641} INFO - INFO:__main__:Coletando dados para 2020-04-29...
[2025-02-21T16:23:44.392+0000] {spark_submit.py:641} INFO - INFO:__main__:Coletando dados para 2020-04-30...
[2025-02-21T16:23:47.820+0000] {spark_submit.py:641} INFO - INFO:__main__:Coletando dados para 2020-05-01...
[2025-02-21T16:23:54.731+0000] {spark_submit.py:641} INFO - INFO:__main__:Coletando dados para 2020-05-02...
[2025-02-21T16:23:57.657+0000] {spark_submit.py:641} INFO - INFO:__main__:Coletando dados para 2020-05-03...
[2025-02-21T16:23:59.307+0000] {spark_submit.py:641} INFO - INFO:__main__:Coletando dados para 2020-05-04...
[2025-02-21T16:24:01.826+0000] {spark_submit.py:641} INFO - INFO:__main__:Coletando dados para 2020-05-05...
[2025-02-21T16:24:04.792+0000] {spark_submit.py:641} INFO - INFO:__main__:Coletando dados para 2020-05-06...
[2025-02-21T16:24:06.600+0000] {spark_submit.py:641} INFO - INFO:__main__:Coletando dados para 2020-05-07...
[2025-02-21T16:24:09.035+0000] {spark_submit.py:641} INFO - INFO:__main__:Coletando dados para 2020-05-08...
[2025-02-21T16:24:12.036+0000] {spark_submit.py:641} INFO - INFO:__main__:Coletando dados para 2020-05-09...
[2025-02-21T16:24:13.821+0000] {spark_submit.py:641} INFO - INFO:__main__:Coletando dados para 2020-05-10...
[2025-02-21T16:24:15.507+0000] {spark_submit.py:641} INFO - INFO:__main__:Coletando dados para 2020-05-11...
[2025-02-21T16:24:17.195+0000] {spark_submit.py:641} INFO - INFO:__main__:Coletando dados para 2020-05-12...
[2025-02-21T16:24:19.640+0000] {spark_submit.py:641} INFO - INFO:__main__:Coletando dados para 2020-05-13...
[2025-02-21T16:24:22.000+0000] {spark_submit.py:641} INFO - INFO:__main__:Coletando dados para 2020-05-14...
[2025-02-21T16:24:24.346+0000] {spark_submit.py:641} INFO - INFO:__main__:Coletando dados para 2020-05-15...
[2025-02-21T16:24:28.029+0000] {spark_submit.py:641} INFO - INFO:__main__:Coletando dados para 2020-05-16...
[2025-02-21T16:24:31.078+0000] {spark_submit.py:641} INFO - INFO:__main__:Coletando dados para 2020-05-17...
[2025-02-21T16:24:32.268+0000] {spark_submit.py:641} INFO - INFO:__main__:Coletando dados para 2020-05-18...
[2025-02-21T16:24:33.968+0000] {spark_submit.py:641} INFO - INFO:__main__:Coletando dados para 2020-05-19...
[2025-02-21T16:24:38.403+0000] {spark_submit.py:641} INFO - INFO:__main__:Coletando dados para 2020-05-20...
[2025-02-21T16:24:40.741+0000] {spark_submit.py:641} INFO - INFO:__main__:Coletando dados para 2020-05-21...
[2025-02-21T16:24:42.444+0000] {spark_submit.py:641} INFO - INFO:__main__:Coletando dados para 2020-05-22...
[2025-02-21T16:24:45.700+0000] {spark_submit.py:641} INFO - INFO:__main__:Coletando dados para 2020-05-23...
[2025-02-21T16:24:46.745+0000] {spark_submit.py:641} INFO - INFO:__main__:Coletando dados para 2020-05-24...
[2025-02-21T16:24:47.794+0000] {spark_submit.py:641} INFO - INFO:__main__:Coletando dados para 2020-05-25...
[2025-02-21T16:24:50.179+0000] {spark_submit.py:641} INFO - INFO:__main__:Coletando dados para 2020-05-26...
[2025-02-21T16:24:51.959+0000] {spark_submit.py:641} INFO - INFO:__main__:Coletando dados para 2020-05-27...
[2025-02-21T16:24:54.320+0000] {spark_submit.py:641} INFO - INFO:__main__:Coletando dados para 2020-05-28...
[2025-02-21T16:24:58.693+0000] {spark_submit.py:641} INFO - INFO:__main__:Coletando dados para 2020-05-29...
[2025-02-21T16:25:06.962+0000] {spark_submit.py:641} INFO - INFO:__main__:Coletando dados para 2020-05-30...
[2025-02-21T16:25:11.065+0000] {spark_submit.py:641} INFO - INFO:__main__:Coletando dados para 2020-05-31...
[2025-02-21T16:25:16.470+0000] {spark_submit.py:641} INFO - INFO:__main__:Coletando dados para 2020-06-01...
[2025-02-21T16:25:33.243+0000] {spark_submit.py:641} INFO - INFO:__main__:Coletando dados para 2020-06-02...
[2025-02-21T16:25:37.245+0000] {spark_submit.py:641} INFO - INFO:__main__:Coletando dados para 2020-06-03...
[2025-02-21T16:25:41.285+0000] {spark_submit.py:641} INFO - INFO:__main__:Coletando dados para 2020-06-04...
[2025-02-21T16:25:45.238+0000] {spark_submit.py:641} INFO - INFO:__main__:Coletando dados para 2020-06-05...
[2025-02-21T16:25:50.674+0000] {spark_submit.py:641} INFO - INFO:__main__:Coletando dados para 2020-06-06...
[2025-02-21T16:25:55.982+0000] {spark_submit.py:641} INFO - INFO:__main__:Coletando dados para 2020-06-07...
[2025-02-21T16:25:59.301+0000] {spark_submit.py:641} INFO - INFO:__main__:Coletando dados para 2020-06-08...
[2025-02-21T16:26:01.040+0000] {spark_submit.py:641} INFO - INFO:__main__:Coletando dados para 2020-06-09...
[2025-02-21T16:26:03.402+0000] {spark_submit.py:641} INFO - INFO:__main__:Coletando dados para 2020-06-10...
[2025-02-21T16:26:08.500+0000] {spark_submit.py:641} INFO - INFO:__main__:Coletando dados para 2020-06-11...
[2025-02-21T16:26:11.589+0000] {spark_submit.py:641} INFO - INFO:__main__:Coletando dados para 2020-06-12...
[2025-02-21T16:26:16.869+0000] {spark_submit.py:641} INFO - INFO:__main__:Coletando dados para 2020-06-13...
[2025-02-21T16:26:20.965+0000] {spark_submit.py:641} INFO - INFO:__main__:Coletando dados para 2020-06-14...
[2025-02-21T16:26:23.520+0000] {spark_submit.py:641} INFO - INFO:__main__:Coletando dados para 2020-06-15...
[2025-02-21T16:26:31.745+0000] {spark_submit.py:641} INFO - INFO:__main__:Coletando dados para 2020-06-16...
[2025-02-21T16:26:39.854+0000] {spark_submit.py:641} INFO - INFO:__main__:Coletando dados para 2020-06-17...
[2025-02-21T16:26:45.328+0000] {spark_submit.py:641} INFO - INFO:__main__:Coletando dados para 2020-06-18...
[2025-02-21T16:26:52.181+0000] {spark_submit.py:641} INFO - INFO:__main__:Coletando dados para 2020-06-19...
[2025-02-21T16:27:00.411+0000] {spark_submit.py:641} INFO - INFO:__main__:Coletando dados para 2020-06-20...
[2025-02-21T16:27:05.868+0000] {spark_submit.py:641} INFO - INFO:__main__:Coletando dados para 2020-06-21...
[2025-02-21T16:27:09.823+0000] {spark_submit.py:641} INFO - INFO:__main__:Coletando dados para 2020-06-22...
[2025-02-21T16:27:13.026+0000] {spark_submit.py:641} INFO - INFO:__main__:Coletando dados para 2020-06-23...
[2025-02-21T16:27:14.867+0000] {spark_submit.py:641} INFO - INFO:__main__:Coletando dados para 2020-06-24...
[2025-02-21T16:27:16.580+0000] {spark_submit.py:641} INFO - INFO:__main__:Coletando dados para 2020-06-25...
[2025-02-21T16:27:20.263+0000] {spark_submit.py:641} INFO - INFO:__main__:Coletando dados para 2020-06-26...
[2025-02-21T16:27:23.347+0000] {spark_submit.py:641} INFO - INFO:__main__:Coletando dados para 2020-06-27...
[2025-02-21T16:27:24.402+0000] {spark_submit.py:641} INFO - INFO:__main__:Coletando dados para 2020-06-28...
[2025-02-21T16:27:26.118+0000] {spark_submit.py:641} INFO - INFO:__main__:Coletando dados para 2020-06-29...
[2025-02-21T16:27:27.304+0000] {spark_submit.py:641} INFO - INFO:__main__:Coletando dados para 2020-06-30...
[2025-02-21T16:27:29.674+0000] {spark_submit.py:641} INFO - INFO:__main__:Coletando dados para 2020-07-01...
[2025-02-21T16:27:35.380+0000] {spark_submit.py:641} INFO - INFO:__main__:Coletando dados para 2020-07-02...
[2025-02-21T16:27:37.088+0000] {spark_submit.py:641} INFO - INFO:__main__:Coletando dados para 2020-07-03...
[2025-02-21T16:27:40.384+0000] {spark_submit.py:641} INFO - INFO:__main__:Coletando dados para 2020-07-04...
[2025-02-21T16:27:42.088+0000] {spark_submit.py:641} INFO - INFO:__main__:Coletando dados para 2020-07-05...
[2025-02-21T16:27:43.133+0000] {spark_submit.py:641} INFO - INFO:__main__:Coletando dados para 2020-07-06...
[2025-02-21T16:27:44.830+0000] {spark_submit.py:641} INFO - INFO:__main__:Coletando dados para 2020-07-07...
[2025-02-21T16:27:47.317+0000] {spark_submit.py:641} INFO - INFO:__main__:Coletando dados para 2020-07-08...
[2025-02-21T16:27:49.033+0000] {spark_submit.py:641} INFO - INFO:__main__:Coletando dados para 2020-07-09...
[2025-02-21T16:27:52.134+0000] {spark_submit.py:641} INFO - INFO:__main__:Coletando dados para 2020-07-10...
[2025-02-21T16:27:55.837+0000] {spark_submit.py:641} INFO - INFO:__main__:Coletando dados para 2020-07-11...
[2025-02-21T16:27:57.536+0000] {spark_submit.py:641} INFO - INFO:__main__:Coletando dados para 2020-07-12...
[2025-02-21T16:27:58.679+0000] {spark_submit.py:641} INFO - INFO:__main__:Coletando dados para 2020-07-13...
[2025-02-21T16:28:00.407+0000] {spark_submit.py:641} INFO - INFO:__main__:Coletando dados para 2020-07-14...
[2025-02-21T16:28:02.107+0000] {spark_submit.py:641} INFO - INFO:__main__:Coletando dados para 2020-07-15...
[2025-02-21T16:28:05.288+0000] {spark_submit.py:641} INFO - INFO:__main__:Coletando dados para 2020-07-16...
[2025-02-21T16:28:07.646+0000] {spark_submit.py:641} INFO - INFO:__main__:Coletando dados para 2020-07-17...
[2025-02-21T16:28:10.726+0000] {spark_submit.py:641} INFO - INFO:__main__:Coletando dados para 2020-07-18...
[2025-02-21T16:28:12.507+0000] {spark_submit.py:641} INFO - INFO:__main__:Coletando dados para 2020-07-19...
[2025-02-21T16:28:13.568+0000] {spark_submit.py:641} INFO - INFO:__main__:Coletando dados para 2020-07-20...
[2025-02-21T16:28:15.936+0000] {spark_submit.py:641} INFO - INFO:__main__:Coletando dados para 2020-07-21...
[2025-02-21T16:28:17.764+0000] {spark_submit.py:641} INFO - INFO:__main__:Coletando dados para 2020-07-22...
[2025-02-21T16:28:19.633+0000] {spark_submit.py:641} INFO - INFO:__main__:Coletando dados para 2020-07-23...
[2025-02-21T16:28:21.994+0000] {spark_submit.py:641} INFO - INFO:__main__:Coletando dados para 2020-07-24...
[2025-02-21T16:28:25.106+0000] {spark_submit.py:641} INFO - INFO:__main__:Coletando dados para 2020-07-25...
[2025-02-21T16:28:26.817+0000] {spark_submit.py:641} INFO - INFO:__main__:Coletando dados para 2020-07-26...
[2025-02-21T16:28:27.875+0000] {spark_submit.py:641} INFO - INFO:__main__:Coletando dados para 2020-07-27...
[2025-02-21T16:28:29.672+0000] {spark_submit.py:641} INFO - INFO:__main__:Coletando dados para 2020-07-28...
[2025-02-21T16:28:31.458+0000] {spark_submit.py:641} INFO - INFO:__main__:Coletando dados para 2020-07-29...
[2025-02-21T16:28:33.167+0000] {spark_submit.py:641} INFO - INFO:__main__:Coletando dados para 2020-07-30...
[2025-02-21T16:28:36.356+0000] {spark_submit.py:641} INFO - INFO:__main__:Coletando dados para 2020-07-31...
[2025-02-21T16:28:40.020+0000] {spark_submit.py:641} INFO - INFO:__main__:Coletando dados para 2020-08-01...
[2025-02-21T16:28:45.130+0000] {spark_submit.py:641} INFO - INFO:__main__:Coletando dados para 2020-08-02...
[2025-02-21T16:28:46.195+0000] {spark_submit.py:641} INFO - INFO:__main__:Coletando dados para 2020-08-03...
[2025-02-21T16:28:47.898+0000] {spark_submit.py:641} INFO - INFO:__main__:Coletando dados para 2020-08-04...
[2025-02-21T16:28:50.492+0000] {spark_submit.py:641} INFO - INFO:__main__:Coletando dados para 2020-08-05...
[2025-02-21T16:28:52.211+0000] {spark_submit.py:641} INFO - INFO:__main__:Coletando dados para 2020-08-06...
[2025-02-21T16:28:54.645+0000] {spark_submit.py:641} INFO - INFO:__main__:Coletando dados para 2020-08-07...
[2025-02-21T16:28:59.709+0000] {spark_submit.py:641} INFO - INFO:__main__:Coletando dados para 2020-08-08...
[2025-02-21T16:29:02.205+0000] {spark_submit.py:641} INFO - INFO:__main__:Coletando dados para 2020-08-09...
[2025-02-21T16:29:03.258+0000] {spark_submit.py:641} INFO - INFO:__main__:Coletando dados para 2020-08-10...
[2025-02-21T16:29:05.064+0000] {spark_submit.py:641} INFO - INFO:__main__:Coletando dados para 2020-08-11...
[2025-02-21T16:29:06.819+0000] {spark_submit.py:641} INFO - INFO:__main__:Coletando dados para 2020-08-12...
[2025-02-21T16:29:08.614+0000] {spark_submit.py:641} INFO - INFO:__main__:Coletando dados para 2020-08-13...
[2025-02-21T16:29:11.753+0000] {spark_submit.py:641} INFO - INFO:__main__:Coletando dados para 2020-08-14...
[2025-02-21T16:29:16.183+0000] {spark_submit.py:641} INFO - INFO:__main__:Coletando dados para 2020-08-15...
[2025-02-21T16:29:19.408+0000] {spark_submit.py:641} INFO - INFO:__main__:Coletando dados para 2020-08-16...
[2025-02-21T16:29:21.213+0000] {spark_submit.py:641} INFO - INFO:__main__:Coletando dados para 2020-08-17...
[2025-02-21T16:29:22.899+0000] {spark_submit.py:641} INFO - INFO:__main__:Coletando dados para 2020-08-18...
[2025-02-21T16:29:24.600+0000] {spark_submit.py:641} INFO - INFO:__main__:Coletando dados para 2020-08-19...
[2025-02-21T16:29:27.041+0000] {spark_submit.py:641} INFO - INFO:__main__:Coletando dados para 2020-08-20...
[2025-02-21T16:29:33.521+0000] {spark_submit.py:641} INFO - INFO:__main__:Coletando dados para 2020-08-21...
[2025-02-21T16:29:37.861+0000] {spark_submit.py:641} INFO - INFO:__main__:Coletando dados para 2020-08-22...
[2025-02-21T16:29:41.581+0000] {spark_submit.py:641} INFO - INFO:__main__:Coletando dados para 2020-08-23...
[2025-02-21T16:29:43.294+0000] {spark_submit.py:641} INFO - INFO:__main__:Coletando dados para 2020-08-24...
[2025-02-21T16:29:45.826+0000] {spark_submit.py:641} INFO - INFO:__main__:Coletando dados para 2020-08-25...
[2025-02-21T16:29:48.838+0000] {spark_submit.py:641} INFO - INFO:__main__:Coletando dados para 2020-08-26...
[2025-02-21T16:29:50.553+0000] {spark_submit.py:641} INFO - INFO:__main__:Coletando dados para 2020-08-27...
[2025-02-21T16:29:53.685+0000] {spark_submit.py:641} INFO - INFO:__main__:Coletando dados para 2020-08-28...
[2025-02-21T16:29:58.067+0000] {spark_submit.py:641} INFO - INFO:__main__:Coletando dados para 2020-08-29...
[2025-02-21T16:30:00.417+0000] {spark_submit.py:641} INFO - INFO:__main__:Coletando dados para 2020-08-30...
[2025-02-21T16:30:02.766+0000] {spark_submit.py:641} INFO - INFO:__main__:Coletando dados para 2020-08-31...
[2025-02-21T16:30:05.243+0000] {spark_submit.py:641} INFO - INFO:__main__:Coletando dados para 2020-09-01...
[2025-02-21T16:30:13.556+0000] {spark_submit.py:641} INFO - INFO:__main__:Coletando dados para 2020-09-02...
[2025-02-21T16:30:17.373+0000] {spark_submit.py:641} INFO - INFO:__main__:Coletando dados para 2020-09-03...
[2025-02-21T16:30:21.042+0000] {spark_submit.py:641} INFO - INFO:__main__:Coletando dados para 2020-09-04...
[2025-02-21T16:30:25.443+0000] {spark_submit.py:641} INFO - INFO:__main__:Coletando dados para 2020-09-05...
[2025-02-21T16:30:28.462+0000] {spark_submit.py:641} INFO - INFO:__main__:Coletando dados para 2020-09-06...
[2025-02-21T16:30:30.403+0000] {spark_submit.py:641} INFO - INFO:__main__:Coletando dados para 2020-09-07...
[2025-02-21T16:30:33.420+0000] {spark_submit.py:641} INFO - INFO:__main__:Coletando dados para 2020-09-08...
[2025-02-21T16:30:36.509+0000] {spark_submit.py:641} INFO - INFO:__main__:Coletando dados para 2020-09-09...
[2025-02-21T16:30:40.186+0000] {spark_submit.py:641} INFO - INFO:__main__:Coletando dados para 2020-09-10...
[2025-02-21T16:30:45.928+0000] {spark_submit.py:641} INFO - INFO:__main__:Coletando dados para 2020-09-11...
[2025-02-21T16:30:50.345+0000] {spark_submit.py:641} INFO - INFO:__main__:Coletando dados para 2020-09-12...
[2025-02-21T16:30:52.698+0000] {spark_submit.py:641} INFO - INFO:__main__:Coletando dados para 2020-09-13...
[2025-02-21T16:30:55.139+0000] {spark_submit.py:641} INFO - INFO:__main__:Coletando dados para 2020-09-14...
[2025-02-21T16:30:58.155+0000] {spark_submit.py:641} INFO - INFO:__main__:Coletando dados para 2020-09-15...
[2025-02-21T16:31:01.923+0000] {spark_submit.py:641} INFO - INFO:__main__:Coletando dados para 2020-09-16...
[2025-02-21T16:31:04.936+0000] {spark_submit.py:641} INFO - INFO:__main__:Coletando dados para 2020-09-17...
[2025-02-21T16:31:10.676+0000] {spark_submit.py:641} INFO - INFO:__main__:Coletando dados para 2020-09-18...
[2025-02-21T16:31:17.085+0000] {spark_submit.py:641} INFO - INFO:__main__:Coletando dados para 2020-09-19...
[2025-02-21T16:31:20.162+0000] {spark_submit.py:641} INFO - INFO:__main__:Coletando dados para 2020-09-20...
[2025-02-21T16:31:23.197+0000] {spark_submit.py:641} INFO - INFO:__main__:Coletando dados para 2020-09-21...
[2025-02-21T16:31:26.268+0000] {spark_submit.py:641} INFO - INFO:__main__:Coletando dados para 2020-09-22...
[2025-02-21T16:31:29.276+0000] {spark_submit.py:641} INFO - INFO:__main__:Coletando dados para 2020-09-23...
[2025-02-21T16:31:32.436+0000] {spark_submit.py:641} INFO - INFO:__main__:Coletando dados para 2020-09-24...
[2025-02-21T16:31:44.632+0000] {spark_submit.py:641} INFO - INFO:__main__:Coletando dados para 2020-09-25...
[2025-02-21T16:32:04.013+0000] {spark_submit.py:641} INFO - INFO:__main__:Coletando dados para 2020-09-26...
[2025-02-21T16:32:11.654+0000] {spark_submit.py:641} INFO - INFO:__main__:Coletando dados para 2020-09-27...
[2025-02-21T16:32:19.776+0000] {spark_submit.py:641} INFO - INFO:__main__:Coletando dados para 2020-09-28...
[2025-02-21T16:32:27.286+0000] {spark_submit.py:641} INFO - INFO:__main__:Coletando dados para 2020-09-29...
[2025-02-21T16:32:33.220+0000] {spark_submit.py:641} INFO - INFO:__main__:Coletando dados para 2020-09-30...
[2025-02-21T16:32:43.533+0000] {spark_submit.py:641} INFO - INFO:__main__:Coletando dados para 2020-10-01...
[2025-02-21T16:33:11.385+0000] {spark_submit.py:641} INFO - INFO:__main__:Coletando dados para 2020-10-02...
[2025-02-21T16:33:24.592+0000] {spark_submit.py:641} INFO - INFO:__main__:Coletando dados para 2020-10-03...
[2025-02-21T16:33:33.826+0000] {spark_submit.py:641} INFO - INFO:__main__:Coletando dados para 2020-10-04...
[2025-02-21T16:33:40.371+0000] {spark_submit.py:641} INFO - INFO:__main__:Coletando dados para 2020-10-05...
[2025-02-21T16:33:50.116+0000] {spark_submit.py:641} INFO - INFO:__main__:Coletando dados para 2020-10-06...
[2025-02-21T16:34:01.721+0000] {spark_submit.py:641} INFO - INFO:__main__:Coletando dados para 2020-10-07...
[2025-02-21T16:34:16.807+0000] {spark_submit.py:641} INFO - INFO:__main__:Coletando dados para 2020-10-08...
[2025-02-21T16:34:32.054+0000] {spark_submit.py:641} INFO - INFO:__main__:Coletando dados para 2020-10-09...
[2025-02-21T16:34:39.794+0000] {spark_submit.py:641} INFO - INFO:__main__:Coletando dados para 2020-10-10...
[2025-02-21T16:34:44.163+0000] {spark_submit.py:641} INFO - INFO:__main__:Coletando dados para 2020-10-11...
[2025-02-21T16:34:47.295+0000] {spark_submit.py:641} INFO - INFO:__main__:Coletando dados para 2020-10-12...
[2025-02-21T16:34:49.641+0000] {spark_submit.py:641} INFO - INFO:__main__:Coletando dados para 2020-10-13...
[2025-02-21T16:34:52.863+0000] {spark_submit.py:641} INFO - INFO:__main__:Coletando dados para 2020-10-14...
[2025-02-21T16:34:56.602+0000] {spark_submit.py:641} INFO - INFO:__main__:Coletando dados para 2020-10-15...
[2025-02-21T16:35:03.074+0000] {spark_submit.py:641} INFO - INFO:__main__:Coletando dados para 2020-10-16...
[2025-02-21T16:35:09.522+0000] {spark_submit.py:641} INFO - INFO:__main__:Coletando dados para 2020-10-17...
[2025-02-21T16:35:12.646+0000] {spark_submit.py:641} INFO - INFO:__main__:Coletando dados para 2020-10-18...
[2025-02-21T16:35:15.016+0000] {spark_submit.py:641} INFO - INFO:__main__:Coletando dados para 2020-10-19...
[2025-02-21T16:35:18.224+0000] {spark_submit.py:641} INFO - INFO:__main__:Coletando dados para 2020-10-20...
[2025-02-21T16:35:22.565+0000] {spark_submit.py:641} INFO - INFO:__main__:Coletando dados para 2020-10-21...
[2025-02-21T16:35:27.021+0000] {spark_submit.py:641} INFO - INFO:__main__:Coletando dados para 2020-10-22...
[2025-02-21T16:35:33.489+0000] {spark_submit.py:641} INFO - INFO:__main__:Coletando dados para 2020-10-23...
[2025-02-21T16:35:40.535+0000] {spark_submit.py:641} INFO - INFO:__main__:Coletando dados para 2020-10-24...
[2025-02-21T16:35:45.070+0000] {spark_submit.py:641} INFO - INFO:__main__:Coletando dados para 2020-10-25...
[2025-02-21T16:35:48.854+0000] {spark_submit.py:641} INFO - INFO:__main__:Coletando dados para 2020-10-26...
[2025-02-21T16:35:52.656+0000] {spark_submit.py:641} INFO - INFO:__main__:Coletando dados para 2020-10-27...
[2025-02-21T16:35:57.112+0000] {spark_submit.py:641} INFO - INFO:__main__:Coletando dados para 2020-10-28...
[2025-02-21T16:36:02.908+0000] {spark_submit.py:641} INFO - INFO:__main__:Coletando dados para 2020-10-29...
[2025-02-21T16:36:10.055+0000] {spark_submit.py:641} INFO - INFO:__main__:Coletando dados para 2020-10-30...
[2025-02-21T16:36:17.058+0000] {spark_submit.py:641} INFO - INFO:__main__:Coletando dados para 2020-10-31...
[2025-02-21T16:36:24.835+0000] {spark_submit.py:641} INFO - INFO:__main__:Coletando dados para 2020-11-01...
[2025-02-21T16:36:32.685+0000] {spark_submit.py:641} INFO - INFO:__main__:Coletando dados para 2020-11-02...
[2025-02-21T16:36:36.432+0000] {spark_submit.py:641} INFO - INFO:__main__:Coletando dados para 2020-11-03...
[2025-02-21T16:36:40.217+0000] {spark_submit.py:641} INFO - INFO:__main__:Coletando dados para 2020-11-04...
[2025-02-21T16:36:43.885+0000] {spark_submit.py:641} INFO - INFO:__main__:Coletando dados para 2020-11-05...
[2025-02-21T16:36:49.005+0000] {spark_submit.py:641} INFO - INFO:__main__:Coletando dados para 2020-11-06...
[2025-02-21T16:36:54.076+0000] {spark_submit.py:641} INFO - INFO:__main__:Coletando dados para 2020-11-07...
[2025-02-21T16:36:56.452+0000] {spark_submit.py:641} INFO - INFO:__main__:Coletando dados para 2020-11-08...
[2025-02-21T16:36:59.003+0000] {spark_submit.py:641} INFO - INFO:__main__:Coletando dados para 2020-11-09...
[2025-02-21T16:37:02.033+0000] {spark_submit.py:641} INFO - INFO:__main__:Coletando dados para 2020-11-10...
[2025-02-21T16:37:05.150+0000] {spark_submit.py:641} INFO - INFO:__main__:Coletando dados para 2020-11-11...
[2025-02-21T16:37:09.518+0000] {spark_submit.py:641} INFO - INFO:__main__:Coletando dados para 2020-11-12...
[2025-02-21T16:37:14.143+0000] {spark_submit.py:641} INFO - INFO:__main__:Coletando dados para 2020-11-13...
[2025-02-21T16:37:20.513+0000] {spark_submit.py:641} INFO - INFO:__main__:Coletando dados para 2020-11-14...
[2025-02-21T16:37:24.336+0000] {spark_submit.py:641} INFO - INFO:__main__:Coletando dados para 2020-11-15...
[2025-02-21T16:37:27.361+0000] {spark_submit.py:641} INFO - INFO:__main__:Coletando dados para 2020-11-16...
[2025-02-21T16:37:29.829+0000] {spark_submit.py:641} INFO - INFO:__main__:Coletando dados para 2020-11-17...
[2025-02-21T16:37:32.196+0000] {spark_submit.py:641} INFO - INFO:__main__:Coletando dados para 2020-11-18...
[2025-02-21T16:37:35.399+0000] {spark_submit.py:641} INFO - INFO:__main__:Coletando dados para 2020-11-19...
[2025-02-21T16:37:40.466+0000] {spark_submit.py:641} INFO - INFO:__main__:Coletando dados para 2020-11-20...
[2025-02-21T16:37:47.637+0000] {spark_submit.py:641} INFO - INFO:__main__:Coletando dados para 2020-11-21...
[2025-02-21T16:37:51.413+0000] {spark_submit.py:641} INFO - INFO:__main__:Coletando dados para 2020-11-22...
[2025-02-21T16:37:53.821+0000] {spark_submit.py:641} INFO - INFO:__main__:Coletando dados para 2020-11-23...
[2025-02-21T16:37:57.600+0000] {spark_submit.py:641} INFO - INFO:__main__:Coletando dados para 2020-11-24...
[2025-02-21T16:38:01.539+0000] {spark_submit.py:641} INFO - INFO:__main__:Coletando dados para 2020-11-25...
[2025-02-21T16:38:05.219+0000] {spark_submit.py:641} INFO - INFO:__main__:Coletando dados para 2020-11-26...
[2025-02-21T16:38:09.688+0000] {spark_submit.py:641} INFO - INFO:__main__:Coletando dados para 2020-11-27...
[2025-02-21T16:38:15.508+0000] {spark_submit.py:641} INFO - INFO:__main__:Coletando dados para 2020-11-28...
[2025-02-21T16:38:18.525+0000] {spark_submit.py:641} INFO - INFO:__main__:Coletando dados para 2020-11-29...
[2025-02-21T16:38:20.456+0000] {spark_submit.py:641} INFO - INFO:__main__:Coletando dados para 2020-11-30...
[2025-02-21T16:38:23.647+0000] {spark_submit.py:641} INFO - INFO:__main__:Coletando dados para 2020-12-01...
[2025-02-21T16:38:36.827+0000] {spark_submit.py:641} INFO - INFO:__main__:Coletando dados para 2020-12-02...
[2025-02-21T16:38:40.620+0000] {spark_submit.py:641} INFO - INFO:__main__:Coletando dados para 2020-12-03...
[2025-02-21T16:38:46.410+0000] {spark_submit.py:641} INFO - INFO:__main__:Coletando dados para 2020-12-04...
[2025-02-21T16:38:52.179+0000] {spark_submit.py:641} INFO - INFO:__main__:Coletando dados para 2020-12-05...
[2025-02-21T16:38:55.874+0000] {spark_submit.py:641} INFO - INFO:__main__:Coletando dados para 2020-12-06...
[2025-02-21T16:38:58.977+0000] {spark_submit.py:641} INFO - INFO:__main__:Coletando dados para 2020-12-07...
[2025-02-21T16:39:02.056+0000] {spark_submit.py:641} INFO - INFO:__main__:Coletando dados para 2020-12-08...
[2025-02-21T16:39:05.167+0000] {spark_submit.py:641} INFO - INFO:__main__:Coletando dados para 2020-12-09...
[2025-02-21T16:39:08.223+0000] {spark_submit.py:641} INFO - INFO:__main__:Coletando dados para 2020-12-10...
[2025-02-21T16:39:12.708+0000] {spark_submit.py:641} INFO - INFO:__main__:Coletando dados para 2020-12-11...
[2025-02-21T16:39:18.492+0000] {spark_submit.py:641} INFO - INFO:__main__:Coletando dados para 2020-12-12...
[2025-02-21T16:39:23.619+0000] {spark_submit.py:641} INFO - INFO:__main__:Coletando dados para 2020-12-13...
[2025-02-21T16:39:26.111+0000] {spark_submit.py:641} INFO - INFO:__main__:Coletando dados para 2020-12-14...
[2025-02-21T16:39:28.555+0000] {spark_submit.py:641} INFO - INFO:__main__:Coletando dados para 2020-12-15...
[2025-02-21T16:39:32.935+0000] {spark_submit.py:641} INFO - INFO:__main__:Coletando dados para 2020-12-16...
[2025-02-21T16:39:35.535+0000] {spark_submit.py:641} INFO - INFO:__main__:Coletando dados para 2020-12-17...
[2025-02-21T16:39:39.234+0000] {spark_submit.py:641} INFO - INFO:__main__:Coletando dados para 2020-12-18...
[2025-02-21T16:39:44.325+0000] {spark_submit.py:641} INFO - INFO:__main__:Coletando dados para 2020-12-19...
[2025-02-21T16:39:46.731+0000] {spark_submit.py:641} INFO - INFO:__main__:Coletando dados para 2020-12-20...
[2025-02-21T16:39:49.855+0000] {spark_submit.py:641} INFO - INFO:__main__:Coletando dados para 2020-12-21...
[2025-02-21T16:39:52.237+0000] {spark_submit.py:641} INFO - INFO:__main__:Coletando dados para 2020-12-22...
[2025-02-21T16:39:54.086+0000] {spark_submit.py:641} INFO - INFO:__main__:Coletando dados para 2020-12-23...
[2025-02-21T16:39:56.443+0000] {spark_submit.py:641} INFO - INFO:__main__:Coletando dados para 2020-12-24...
[2025-02-21T16:39:59.512+0000] {spark_submit.py:641} INFO - INFO:__main__:Coletando dados para 2020-12-25...
[2025-02-21T16:40:03.948+0000] {spark_submit.py:641} INFO - INFO:__main__:Coletando dados para 2020-12-26...
[2025-02-21T16:40:05.846+0000] {spark_submit.py:641} INFO - INFO:__main__:Coletando dados para 2020-12-27...
[2025-02-21T16:40:07.585+0000] {spark_submit.py:641} INFO - INFO:__main__:Coletando dados para 2020-12-28...
[2025-02-21T16:40:09.323+0000] {spark_submit.py:641} INFO - INFO:__main__:Coletando dados para 2020-12-29...
[2025-02-21T16:40:11.061+0000] {spark_submit.py:641} INFO - INFO:__main__:Coletando dados para 2020-12-30...
[2025-02-21T16:40:13.526+0000] {spark_submit.py:641} INFO - INFO:__main__:Coletando dados para 2020-12-31...
[2025-02-21T16:40:24.553+0000] {spark_submit.py:641} INFO - INFO:__main__:Total de filmes coletados: 34942
[2025-02-21T16:40:25.325+0000] {spark_submit.py:641} INFO - 25/02/21 16:40:25 INFO SharedState: Setting hive.metastore.warehouse.dir ('null') to the value of spark.sql.warehouse.dir.
[2025-02-21T16:40:25.332+0000] {spark_submit.py:641} INFO - 25/02/21 16:40:25 INFO SharedState: Warehouse path is 'file:/opt/***/spark-warehouse'.
[2025-02-21T16:40:26.326+0000] {spark_submit.py:641} INFO - Traceback (most recent call last):
[2025-02-21T16:40:26.326+0000] {spark_submit.py:641} INFO - File "/opt/bitnami/spark/scripts/ing_mov_20_21.py", line 139, in <module>
[2025-02-21T16:40:26.328+0000] {spark_submit.py:641} INFO - .save("s3a://bronze/movie_20_21/")
[2025-02-21T16:40:26.328+0000] {spark_submit.py:641} INFO - ^^^^^^^^^^^^^^^^^^^^^^^^^^^^^^^^^
[2025-02-21T16:40:26.329+0000] {spark_submit.py:641} INFO - File "/home/***/.local/lib/python3.12/site-packages/pyspark/python/lib/pyspark.zip/pyspark/sql/readwriter.py", line 1463, in save
[2025-02-21T16:40:26.329+0000] {spark_submit.py:641} INFO - File "/home/***/.local/lib/python3.12/site-packages/pyspark/python/lib/py4j-0.10.9.7-src.zip/py4j/java_gateway.py", line 1322, in __call__
[2025-02-21T16:40:26.330+0000] {spark_submit.py:641} INFO - File "/home/***/.local/lib/python3.12/site-packages/pyspark/python/lib/pyspark.zip/pyspark/errors/exceptions/captured.py", line 179, in deco
[2025-02-21T16:40:26.330+0000] {spark_submit.py:641} INFO - File "/home/***/.local/lib/python3.12/site-packages/pyspark/python/lib/py4j-0.10.9.7-src.zip/py4j/protocol.py", line 326, in get_return_value
[2025-02-21T16:40:26.331+0000] {spark_submit.py:641} INFO - py4j.protocol.Py4JJavaError: An error occurred while calling o59.save.
[2025-02-21T16:40:26.331+0000] {spark_submit.py:641} INFO - : java.lang.RuntimeException: java.lang.ClassNotFoundException: Class org.apache.hadoop.fs.s3a.S3AFileSystem not found
[2025-02-21T16:40:26.332+0000] {spark_submit.py:641} INFO - at org.apache.hadoop.conf.Configuration.getClass(Configuration.java:2688)
[2025-02-21T16:40:26.332+0000] {spark_submit.py:641} INFO - at org.apache.hadoop.fs.FileSystem.getFileSystemClass(FileSystem.java:3431)
[2025-02-21T16:40:26.333+0000] {spark_submit.py:641} INFO - at org.apache.hadoop.fs.FileSystem.createFileSystem(FileSystem.java:3466)
[2025-02-21T16:40:26.333+0000] {spark_submit.py:641} INFO - at org.apache.hadoop.fs.FileSystem.access$300(FileSystem.java:174)
[2025-02-21T16:40:26.333+0000] {spark_submit.py:641} INFO - at org.apache.hadoop.fs.FileSystem$Cache.getInternal(FileSystem.java:3574)
[2025-02-21T16:40:26.334+0000] {spark_submit.py:641} INFO - at org.apache.hadoop.fs.FileSystem$Cache.get(FileSystem.java:3521)
[2025-02-21T16:40:26.334+0000] {spark_submit.py:641} INFO - at org.apache.hadoop.fs.FileSystem.get(FileSystem.java:540)
[2025-02-21T16:40:26.335+0000] {spark_submit.py:641} INFO - at org.apache.hadoop.fs.Path.getFileSystem(Path.java:365)
[2025-02-21T16:40:26.335+0000] {spark_submit.py:641} INFO - at org.apache.spark.sql.execution.datasources.DataSource.planForWritingFileFormat(DataSource.scala:454)
[2025-02-21T16:40:26.335+0000] {spark_submit.py:641} INFO - at org.apache.spark.sql.execution.datasources.DataSource.planForWriting(DataSource.scala:530)
[2025-02-21T16:40:26.336+0000] {spark_submit.py:641} INFO - at org.apache.spark.sql.DataFrameWriter.saveToV1Source(DataFrameWriter.scala:391)
[2025-02-21T16:40:26.336+0000] {spark_submit.py:641} INFO - at org.apache.spark.sql.DataFrameWriter.saveInternal(DataFrameWriter.scala:364)
[2025-02-21T16:40:26.337+0000] {spark_submit.py:641} INFO - at org.apache.spark.sql.DataFrameWriter.save(DataFrameWriter.scala:243)
[2025-02-21T16:40:26.337+0000] {spark_submit.py:641} INFO - at java.base/jdk.internal.reflect.NativeMethodAccessorImpl.invoke0(Native Method)
[2025-02-21T16:40:26.337+0000] {spark_submit.py:641} INFO - at java.base/jdk.internal.reflect.NativeMethodAccessorImpl.invoke(NativeMethodAccessorImpl.java:77)
[2025-02-21T16:40:26.338+0000] {spark_submit.py:641} INFO - at java.base/jdk.internal.reflect.DelegatingMethodAccessorImpl.invoke(DelegatingMethodAccessorImpl.java:43)
[2025-02-21T16:40:26.338+0000] {spark_submit.py:641} INFO - at java.base/java.lang.reflect.Method.invoke(Method.java:569)
[2025-02-21T16:40:26.339+0000] {spark_submit.py:641} INFO - at py4j.reflection.MethodInvoker.invoke(MethodInvoker.java:244)
[2025-02-21T16:40:26.339+0000] {spark_submit.py:641} INFO - at py4j.reflection.ReflectionEngine.invoke(ReflectionEngine.java:374)
[2025-02-21T16:40:26.340+0000] {spark_submit.py:641} INFO - at py4j.Gateway.invoke(Gateway.java:282)
[2025-02-21T16:40:26.340+0000] {spark_submit.py:641} INFO - at py4j.commands.AbstractCommand.invokeMethod(AbstractCommand.java:132)
[2025-02-21T16:40:26.340+0000] {spark_submit.py:641} INFO - at py4j.commands.CallCommand.execute(CallCommand.java:79)
[2025-02-21T16:40:26.341+0000] {spark_submit.py:641} INFO - at py4j.ClientServerConnection.waitForCommands(ClientServerConnection.java:182)
[2025-02-21T16:40:26.341+0000] {spark_submit.py:641} INFO - at py4j.ClientServerConnection.run(ClientServerConnection.java:106)
[2025-02-21T16:40:26.342+0000] {spark_submit.py:641} INFO - at java.base/java.lang.Thread.run(Thread.java:840)
[2025-02-21T16:40:26.342+0000] {spark_submit.py:641} INFO - Caused by: java.lang.ClassNotFoundException: Class org.apache.hadoop.fs.s3a.S3AFileSystem not found
[2025-02-21T16:40:26.342+0000] {spark_submit.py:641} INFO - at org.apache.hadoop.conf.Configuration.getClassByName(Configuration.java:2592)
[2025-02-21T16:40:26.343+0000] {spark_submit.py:641} INFO - at org.apache.hadoop.conf.Configuration.getClass(Configuration.java:2686)
[2025-02-21T16:40:26.343+0000] {spark_submit.py:641} INFO - ... 24 more
[2025-02-21T16:40:26.344+0000] {spark_submit.py:641} INFO - 
[2025-02-21T16:40:26.344+0000] {spark_submit.py:641} INFO - INFO:py4j.clientserver:Closing down clientserver connection
[2025-02-21T16:40:26.470+0000] {spark_submit.py:641} INFO - 25/02/21 16:40:26 INFO SparkContext: Invoking stop() from shutdown hook
[2025-02-21T16:40:26.470+0000] {spark_submit.py:641} INFO - 25/02/21 16:40:26 INFO SparkContext: SparkContext is stopping with exitCode 0.
[2025-02-21T16:40:26.477+0000] {spark_submit.py:641} INFO - 25/02/21 16:40:26 INFO SparkUI: Stopped Spark web UI at http://ee8cee1d6fd8:4040
[2025-02-21T16:40:26.480+0000] {spark_submit.py:641} INFO - 25/02/21 16:40:26 INFO StandaloneSchedulerBackend: Shutting down all executors
[2025-02-21T16:40:26.480+0000] {spark_submit.py:641} INFO - 25/02/21 16:40:26 INFO StandaloneSchedulerBackend$StandaloneDriverEndpoint: Asking each executor to shut down
[2025-02-21T16:40:26.495+0000] {spark_submit.py:641} INFO - 25/02/21 16:40:26 INFO MapOutputTrackerMasterEndpoint: MapOutputTrackerMasterEndpoint stopped!
[2025-02-21T16:40:26.517+0000] {spark_submit.py:641} INFO - 25/02/21 16:40:26 INFO MemoryStore: MemoryStore cleared
[2025-02-21T16:40:26.519+0000] {spark_submit.py:641} INFO - 25/02/21 16:40:26 INFO BlockManager: BlockManager stopped
[2025-02-21T16:40:26.525+0000] {spark_submit.py:641} INFO - 25/02/21 16:40:26 INFO BlockManagerMaster: BlockManagerMaster stopped
[2025-02-21T16:40:26.527+0000] {spark_submit.py:641} INFO - 25/02/21 16:40:26 INFO OutputCommitCoordinator$OutputCommitCoordinatorEndpoint: OutputCommitCoordinator stopped!
[2025-02-21T16:40:26.538+0000] {spark_submit.py:641} INFO - 25/02/21 16:40:26 INFO SparkContext: Successfully stopped SparkContext
[2025-02-21T16:40:26.539+0000] {spark_submit.py:641} INFO - 25/02/21 16:40:26 INFO ShutdownHookManager: Shutdown hook called
[2025-02-21T16:40:26.540+0000] {spark_submit.py:641} INFO - 25/02/21 16:40:26 INFO ShutdownHookManager: Deleting directory /tmp/spark-21909341-d036-48f9-8537-5ba2759034fd
[2025-02-21T16:40:26.543+0000] {spark_submit.py:641} INFO - 25/02/21 16:40:26 INFO ShutdownHookManager: Deleting directory /tmp/spark-5dd93259-36d6-4f7f-9913-cfba00447d3f
[2025-02-21T16:40:26.545+0000] {spark_submit.py:641} INFO - 25/02/21 16:40:26 INFO ShutdownHookManager: Deleting directory /tmp/spark-5dd93259-36d6-4f7f-9913-cfba00447d3f/pyspark-36b23968-284c-40a8-a897-679c64273ef8
[2025-02-21T16:40:26.578+0000] {taskinstance.py:3313} ERROR - Task failed with exception
Traceback (most recent call last):
  File "/home/airflow/.local/lib/python3.12/site-packages/airflow/models/taskinstance.py", line 768, in _execute_task
    result = _execute_callable(context=context, **execute_callable_kwargs)
             ^^^^^^^^^^^^^^^^^^^^^^^^^^^^^^^^^^^^^^^^^^^^^^^^^^^^^^^^^^^^^
  File "/home/airflow/.local/lib/python3.12/site-packages/airflow/models/taskinstance.py", line 734, in _execute_callable
    return ExecutionCallableRunner(
           ^^^^^^^^^^^^^^^^^^^^^^^^
  File "/home/airflow/.local/lib/python3.12/site-packages/airflow/utils/operator_helpers.py", line 252, in run
    return self.func(*args, **kwargs)
           ^^^^^^^^^^^^^^^^^^^^^^^^^^
  File "/home/airflow/.local/lib/python3.12/site-packages/airflow/models/baseoperator.py", line 424, in wrapper
    return func(self, *args, **kwargs)
           ^^^^^^^^^^^^^^^^^^^^^^^^^^^
  File "/home/airflow/.local/lib/python3.12/site-packages/airflow/providers/apache/spark/operators/spark_submit.py", line 177, in execute
    self._hook.submit(self.application)
  File "/home/airflow/.local/lib/python3.12/site-packages/airflow/providers/apache/spark/hooks/spark_submit.py", line 567, in submit
    raise AirflowException(
airflow.exceptions.AirflowException: Cannot execute: spark-submit --master local[*] --conf spark.hadoop.fs.s3a.access.key=MINIO_ACCESS_KEY --conf spark.hadoop.fs.s3a.secret.key=****** --conf spark.hadoop.fs.s3a.endpoint=http://minio:9000 --conf spark.hadoop.fs.s3a.path.style.access=true --conf spark.hadoop.fs.s3a.impl=org.apache.hadoop.fs.s3a.S3AFileSystem --driver-memory 4g --principal admin --name arrow-spark --verbose --queue root.default --deploy-mode client /opt/bitnami/spark/scripts/ing_mov_20_21.py. Error code is: 1.
[2025-02-21T16:40:26.582+0000] {taskinstance.py:1226} INFO - Marking task as FAILED. dag_id=ing_mov_20_21, task_id=run_spark_script, run_id=manual__2025-02-21T15:46:06.763086+00:00, execution_date=20250221T154606, start_date=20250221T161716, end_date=20250221T164026
[2025-02-21T16:40:26.610+0000] {taskinstance.py:341} INFO - ::group::Post task execution logs
[2025-02-21T16:40:26.610+0000] {standard_task_runner.py:124} ERROR - Failed to execute job 12 for task run_spark_script (Cannot execute: spark-submit --master local[*] --conf spark.hadoop.fs.s3a.access.key=MINIO_ACCESS_KEY --conf spark.hadoop.fs.s3a.secret.key=****** --conf spark.hadoop.fs.s3a.endpoint=http://minio:9000 --conf spark.hadoop.fs.s3a.path.style.access=true --conf spark.hadoop.fs.s3a.impl=org.apache.hadoop.fs.s3a.S3AFileSystem --driver-memory 4g --principal admin --name arrow-spark --verbose --queue root.default --deploy-mode client /opt/bitnami/spark/scripts/ing_mov_20_21.py. Error code is: 1.; 809)
Traceback (most recent call last):
  File "/home/airflow/.local/lib/python3.12/site-packages/airflow/task/task_runner/standard_task_runner.py", line 117, in _start_by_fork
    ret = args.func(args, dag=self.dag)
          ^^^^^^^^^^^^^^^^^^^^^^^^^^^^^
  File "/home/airflow/.local/lib/python3.12/site-packages/airflow/cli/cli_config.py", line 49, in command
    return func(*args, **kwargs)
           ^^^^^^^^^^^^^^^^^^^^^
  File "/home/airflow/.local/lib/python3.12/site-packages/airflow/utils/cli.py", line 116, in wrapper
    return f(*args, **kwargs)
           ^^^^^^^^^^^^^^^^^^
  File "/home/airflow/.local/lib/python3.12/site-packages/airflow/cli/commands/task_command.py", line 483, in task_run
    task_return_code = _run_task_by_selected_method(args, _dag, ti)
                       ^^^^^^^^^^^^^^^^^^^^^^^^^^^^^^^^^^^^^^^^^^^^
  File "/home/airflow/.local/lib/python3.12/site-packages/airflow/cli/commands/task_command.py", line 256, in _run_task_by_selected_method
    return _run_raw_task(args, ti)
           ^^^^^^^^^^^^^^^^^^^^^^^
  File "/home/airflow/.local/lib/python3.12/site-packages/airflow/cli/commands/task_command.py", line 341, in _run_raw_task
    return ti._run_raw_task(
           ^^^^^^^^^^^^^^^^^
  File "/home/airflow/.local/lib/python3.12/site-packages/airflow/utils/session.py", line 97, in wrapper
    return func(*args, session=session, **kwargs)
           ^^^^^^^^^^^^^^^^^^^^^^^^^^^^^^^^^^^^^^
  File "/home/airflow/.local/lib/python3.12/site-packages/airflow/models/taskinstance.py", line 3006, in _run_raw_task
    return _run_raw_task(
           ^^^^^^^^^^^^^^
  File "/home/airflow/.local/lib/python3.12/site-packages/airflow/models/taskinstance.py", line 274, in _run_raw_task
    TaskInstance._execute_task_with_callbacks(
  File "/home/airflow/.local/lib/python3.12/site-packages/airflow/models/taskinstance.py", line 3161, in _execute_task_with_callbacks
    result = self._execute_task(context, task_orig)
             ^^^^^^^^^^^^^^^^^^^^^^^^^^^^^^^^^^^^^^
  File "/home/airflow/.local/lib/python3.12/site-packages/airflow/models/taskinstance.py", line 3185, in _execute_task
    return _execute_task(self, context, task_orig)
           ^^^^^^^^^^^^^^^^^^^^^^^^^^^^^^^^^^^^^^^
  File "/home/airflow/.local/lib/python3.12/site-packages/airflow/models/taskinstance.py", line 768, in _execute_task
    result = _execute_callable(context=context, **execute_callable_kwargs)
             ^^^^^^^^^^^^^^^^^^^^^^^^^^^^^^^^^^^^^^^^^^^^^^^^^^^^^^^^^^^^^
  File "/home/airflow/.local/lib/python3.12/site-packages/airflow/models/taskinstance.py", line 734, in _execute_callable
    return ExecutionCallableRunner(
           ^^^^^^^^^^^^^^^^^^^^^^^^
  File "/home/airflow/.local/lib/python3.12/site-packages/airflow/utils/operator_helpers.py", line 252, in run
    return self.func(*args, **kwargs)
           ^^^^^^^^^^^^^^^^^^^^^^^^^^
  File "/home/airflow/.local/lib/python3.12/site-packages/airflow/models/baseoperator.py", line 424, in wrapper
    return func(self, *args, **kwargs)
           ^^^^^^^^^^^^^^^^^^^^^^^^^^^
  File "/home/airflow/.local/lib/python3.12/site-packages/airflow/providers/apache/spark/operators/spark_submit.py", line 177, in execute
    self._hook.submit(self.application)
  File "/home/airflow/.local/lib/python3.12/site-packages/airflow/providers/apache/spark/hooks/spark_submit.py", line 567, in submit
    raise AirflowException(
airflow.exceptions.AirflowException: Cannot execute: spark-submit --master local[*] --conf spark.hadoop.fs.s3a.access.key=MINIO_ACCESS_KEY --conf spark.hadoop.fs.s3a.secret.key=****** --conf spark.hadoop.fs.s3a.endpoint=http://minio:9000 --conf spark.hadoop.fs.s3a.path.style.access=true --conf spark.hadoop.fs.s3a.impl=org.apache.hadoop.fs.s3a.S3AFileSystem --driver-memory 4g --principal admin --name arrow-spark --verbose --queue root.default --deploy-mode client /opt/bitnami/spark/scripts/ing_mov_20_21.py. Error code is: 1.
[2025-02-21T16:40:26.655+0000] {local_task_job_runner.py:266} INFO - Task exited with return code 1
[2025-02-21T16:40:26.670+0000] {taskinstance.py:3901} INFO - 0 downstream tasks scheduled from follow-on schedule check
[2025-02-21T16:40:26.672+0000] {local_task_job_runner.py:245} INFO - ::endgroup::
