[2025-02-21T17:27:55.139+0000] {local_task_job_runner.py:123} INFO - ::group::Pre task execution logs
[2025-02-21T17:27:55.160+0000] {taskinstance.py:2614} INFO - Dependencies all met for dep_context=non-requeueable deps ti=<TaskInstance: ing_mov_20_21.run_spark_script manual__2025-02-21T17:27:53.448531+00:00 [queued]>
[2025-02-21T17:27:55.168+0000] {taskinstance.py:2614} INFO - Dependencies all met for dep_context=requeueable deps ti=<TaskInstance: ing_mov_20_21.run_spark_script manual__2025-02-21T17:27:53.448531+00:00 [queued]>
[2025-02-21T17:27:55.168+0000] {taskinstance.py:2867} INFO - Starting attempt 1 of 2
[2025-02-21T17:27:55.181+0000] {taskinstance.py:2890} INFO - Executing <Task(SparkSubmitOperator): run_spark_script> on 2025-02-21 17:27:53.448531+00:00
[2025-02-21T17:27:55.185+0000] {warnings.py:112} WARNING - /home/***/.local/lib/python3.12/site-packages/***/task/task_runner/standard_task_runner.py:70: DeprecationWarning: This process (pid=186) is multi-threaded, use of fork() may lead to deadlocks in the child.
  pid = os.fork()

[2025-02-21T17:27:55.187+0000] {standard_task_runner.py:72} INFO - Started process 187 to run task
[2025-02-21T17:27:55.187+0000] {standard_task_runner.py:104} INFO - Running: ['***', 'tasks', 'run', 'ing_mov_20_21', 'run_spark_script', 'manual__2025-02-21T17:27:53.448531+00:00', '--job-id', '15', '--raw', '--subdir', 'DAGS_FOLDER/scriptteste.py', '--cfg-path', '/tmp/tmpkzvc339y']
[2025-02-21T17:27:55.188+0000] {standard_task_runner.py:105} INFO - Job 15: Subtask run_spark_script
[2025-02-21T17:27:55.237+0000] {task_command.py:467} INFO - Running <TaskInstance: ing_mov_20_21.run_spark_script manual__2025-02-21T17:27:53.448531+00:00 [running]> on host 984eb1a04f7d
[2025-02-21T17:27:55.317+0000] {taskinstance.py:3134} INFO - Exporting env vars: AIRFLOW_CTX_DAG_OWNER='***' AIRFLOW_CTX_DAG_ID='ing_mov_20_21' AIRFLOW_CTX_TASK_ID='run_spark_script' AIRFLOW_CTX_EXECUTION_DATE='2025-02-21T17:27:53.448531+00:00' AIRFLOW_CTX_TRY_NUMBER='1' AIRFLOW_CTX_DAG_RUN_ID='manual__2025-02-21T17:27:53.448531+00:00'
[2025-02-21T17:27:55.318+0000] {taskinstance.py:732} INFO - ::endgroup::
[2025-02-21T17:27:55.352+0000] {base.py:84} INFO - Retrieving connection 'spark_default'
[2025-02-21T17:27:55.353+0000] {spark_submit.py:328} ERROR - Failed to decode base64 keytab: Invalid base64-encoded string: number of data characters (5) cannot be 1 more than a multiple of 4
[2025-02-21T17:27:55.354+0000] {spark_submit.py:305} INFO - Could not load connection string spark_default, defaulting to local[*]
[2025-02-21T17:27:55.356+0000] {spark_submit.py:474} INFO - Spark-Submit cmd: spark-submit --master local[*] --conf spark.hadoop.fs.s3a.access.key=qISvwHssdqvPRzWwCzWG --conf spark.hadoop.fs.s3a.secret.key=****** --conf spark.hadoop.fs.s3a.endpoint=http://minio:9000 --conf spark.hadoop.fs.s3a.path.style.access=true --conf spark.hadoop.fs.s3a.impl=org.apache.hadoop.fs.s3a.S3AFileSystem --driver-memory 4g --principal admin --name arrow-spark --verbose --queue root.default --deploy-mode client /opt/bitnami/spark/scripts/ing_mov_20_21.py
[2025-02-21T17:27:56.536+0000] {spark_submit.py:641} INFO - Using properties file: null
[2025-02-21T17:27:56.635+0000] {spark_submit.py:641} INFO - Parsed arguments:
[2025-02-21T17:27:56.636+0000] {spark_submit.py:641} INFO - master                  local[*]
[2025-02-21T17:27:56.636+0000] {spark_submit.py:641} INFO - remote                  null
[2025-02-21T17:27:56.637+0000] {spark_submit.py:641} INFO - deployMode              client
[2025-02-21T17:27:56.638+0000] {spark_submit.py:641} INFO - executorMemory          null
[2025-02-21T17:27:56.639+0000] {spark_submit.py:641} INFO - executorCores           null
[2025-02-21T17:27:56.639+0000] {spark_submit.py:641} INFO - totalExecutorCores      null
[2025-02-21T17:27:56.639+0000] {spark_submit.py:641} INFO - propertiesFile          null
[2025-02-21T17:27:56.640+0000] {spark_submit.py:641} INFO - driverMemory            4g
[2025-02-21T17:27:56.640+0000] {spark_submit.py:641} INFO - driverCores             null
[2025-02-21T17:27:56.641+0000] {spark_submit.py:641} INFO - driverExtraClassPath    null
[2025-02-21T17:27:56.641+0000] {spark_submit.py:641} INFO - driverExtraLibraryPath  null
[2025-02-21T17:27:56.642+0000] {spark_submit.py:641} INFO - driverExtraJavaOptions  null
[2025-02-21T17:27:56.642+0000] {spark_submit.py:641} INFO - supervise               false
[2025-02-21T17:27:56.643+0000] {spark_submit.py:641} INFO - queue                   root.default
[2025-02-21T17:27:56.643+0000] {spark_submit.py:641} INFO - numExecutors            null
[2025-02-21T17:27:56.645+0000] {spark_submit.py:641} INFO - files                   null
[2025-02-21T17:27:56.646+0000] {spark_submit.py:641} INFO - pyFiles                 null
[2025-02-21T17:27:56.646+0000] {spark_submit.py:641} INFO - archives                null
[2025-02-21T17:27:56.647+0000] {spark_submit.py:641} INFO - mainClass               null
[2025-02-21T17:27:56.647+0000] {spark_submit.py:641} INFO - primaryResource         file:/opt/bitnami/spark/scripts/ing_mov_20_21.py
[2025-02-21T17:27:56.648+0000] {spark_submit.py:641} INFO - name                    arrow-spark
[2025-02-21T17:27:56.648+0000] {spark_submit.py:641} INFO - childArgs               []
[2025-02-21T17:27:56.649+0000] {spark_submit.py:641} INFO - jars                    null
[2025-02-21T17:27:56.649+0000] {spark_submit.py:641} INFO - packages                null
[2025-02-21T17:27:56.650+0000] {spark_submit.py:641} INFO - packagesExclusions      null
[2025-02-21T17:27:56.650+0000] {spark_submit.py:641} INFO - repositories            null
[2025-02-21T17:27:56.652+0000] {spark_submit.py:641} INFO - verbose                 true
[2025-02-21T17:27:56.653+0000] {spark_submit.py:641} INFO - 
[2025-02-21T17:27:56.653+0000] {spark_submit.py:641} INFO - Spark properties used, including those specified through
[2025-02-21T17:27:56.654+0000] {spark_submit.py:641} INFO - --conf and those from the properties file null:
[2025-02-21T17:27:56.654+0000] {spark_submit.py:641} INFO - (spark.driver.memory,4g)
[2025-02-21T17:27:56.654+0000] {spark_submit.py:641} INFO - (spark.hadoop.fs.s3a.access.key,*********(redacted))
[2025-02-21T17:27:56.655+0000] {spark_submit.py:641} INFO - (spark.hadoop.fs.s3a.endpoint,http://minio:9000)
[2025-02-21T17:27:56.655+0000] {spark_submit.py:641} INFO - (spark.hadoop.fs.s3a.impl,org.apache.hadoop.fs.s3a.S3AFileSystem)
[2025-02-21T17:27:56.656+0000] {spark_submit.py:641} INFO - (spark.hadoop.fs.s3a.path.style.access,true)
[2025-02-21T17:27:56.656+0000] {spark_submit.py:641} INFO - (spark.hadoop.fs.s3a.secret.key,*********(redacted))
[2025-02-21T17:27:56.657+0000] {spark_submit.py:641} INFO - 
[2025-02-21T17:27:56.657+0000] {spark_submit.py:641} INFO - 
[2025-02-21T17:27:56.878+0000] {spark_submit.py:641} INFO - Main class:
[2025-02-21T17:27:56.891+0000] {spark_submit.py:641} INFO - org.apache.spark.deploy.PythonRunner
[2025-02-21T17:27:56.892+0000] {spark_submit.py:641} INFO - Arguments:
[2025-02-21T17:27:56.893+0000] {spark_submit.py:641} INFO - file:/opt/bitnami/spark/scripts/ing_mov_20_21.py
[2025-02-21T17:27:56.893+0000] {spark_submit.py:641} INFO - null
[2025-02-21T17:27:56.897+0000] {spark_submit.py:641} INFO - Spark config:
[2025-02-21T17:27:56.898+0000] {spark_submit.py:641} INFO - (spark.app.name,arrow-spark)
[2025-02-21T17:27:56.898+0000] {spark_submit.py:641} INFO - (spark.app.submitTime,1740158876855)
[2025-02-21T17:27:56.899+0000] {spark_submit.py:641} INFO - (spark.driver.memory,4g)
[2025-02-21T17:27:56.900+0000] {spark_submit.py:641} INFO - (spark.hadoop.fs.s3a.access.key,*********(redacted))
[2025-02-21T17:27:56.901+0000] {spark_submit.py:641} INFO - (spark.hadoop.fs.s3a.endpoint,http://minio:9000)
[2025-02-21T17:27:56.905+0000] {spark_submit.py:641} INFO - (spark.hadoop.fs.s3a.impl,org.apache.hadoop.fs.s3a.S3AFileSystem)
[2025-02-21T17:27:56.905+0000] {spark_submit.py:641} INFO - (spark.hadoop.fs.s3a.path.style.access,true)
[2025-02-21T17:27:56.906+0000] {spark_submit.py:641} INFO - (spark.hadoop.fs.s3a.secret.key,*********(redacted))
[2025-02-21T17:27:56.907+0000] {spark_submit.py:641} INFO - (spark.kerberos.principal,admin)
[2025-02-21T17:27:56.907+0000] {spark_submit.py:641} INFO - (spark.master,local[*])
[2025-02-21T17:27:56.909+0000] {spark_submit.py:641} INFO - (spark.submit.deployMode,client)
[2025-02-21T17:27:56.910+0000] {spark_submit.py:641} INFO - (spark.submit.pyFiles,)
[2025-02-21T17:27:56.910+0000] {spark_submit.py:641} INFO - Classpath elements:
[2025-02-21T17:27:56.911+0000] {spark_submit.py:641} INFO - 
[2025-02-21T17:27:56.911+0000] {spark_submit.py:641} INFO - 
[2025-02-21T17:27:56.912+0000] {spark_submit.py:641} INFO - 
[2025-02-21T17:27:58.417+0000] {spark_submit.py:641} INFO - 25/02/21 17:27:58 INFO SparkContext: Running Spark version 3.5.4
[2025-02-21T17:27:58.419+0000] {spark_submit.py:641} INFO - 25/02/21 17:27:58 INFO SparkContext: OS info Linux, 5.15.167.4-microsoft-standard-WSL2, amd64
[2025-02-21T17:27:58.420+0000] {spark_submit.py:641} INFO - 25/02/21 17:27:58 INFO SparkContext: Java version 17.0.14
[2025-02-21T17:27:58.464+0000] {spark_submit.py:641} INFO - 25/02/21 17:27:58 WARN NativeCodeLoader: Unable to load native-hadoop library for your platform... using builtin-java classes where applicable
[2025-02-21T17:27:58.541+0000] {spark_submit.py:641} INFO - 25/02/21 17:27:58 INFO ResourceUtils: ==============================================================
[2025-02-21T17:27:58.541+0000] {spark_submit.py:641} INFO - 25/02/21 17:27:58 INFO ResourceUtils: No custom resources configured for spark.driver.
[2025-02-21T17:27:58.542+0000] {spark_submit.py:641} INFO - 25/02/21 17:27:58 INFO ResourceUtils: ==============================================================
[2025-02-21T17:27:58.542+0000] {spark_submit.py:641} INFO - 25/02/21 17:27:58 INFO SparkContext: Submitted application: Movies_20_21
[2025-02-21T17:27:58.559+0000] {spark_submit.py:641} INFO - 25/02/21 17:27:58 INFO ResourceProfile: Default ResourceProfile created, executor resources: Map(cores -> name: cores, amount: 1, script: , vendor: , memory -> name: memory, amount: 8192, script: , vendor: , offHeap -> name: offHeap, amount: 0, script: , vendor: ), task resources: Map(cpus -> name: cpus, amount: 1.0)
[2025-02-21T17:27:58.567+0000] {spark_submit.py:641} INFO - 25/02/21 17:27:58 INFO ResourceProfile: Limiting resource is cpus at 1 tasks per executor
[2025-02-21T17:27:58.569+0000] {spark_submit.py:641} INFO - 25/02/21 17:27:58 INFO ResourceProfileManager: Added ResourceProfile id: 0
[2025-02-21T17:27:58.610+0000] {spark_submit.py:641} INFO - 25/02/21 17:27:58 INFO SecurityManager: Changing view acls to: ***
[2025-02-21T17:27:58.611+0000] {spark_submit.py:641} INFO - 25/02/21 17:27:58 INFO SecurityManager: Changing modify acls to: ***
[2025-02-21T17:27:58.611+0000] {spark_submit.py:641} INFO - 25/02/21 17:27:58 INFO SecurityManager: Changing view acls groups to:
[2025-02-21T17:27:58.612+0000] {spark_submit.py:641} INFO - 25/02/21 17:27:58 INFO SecurityManager: Changing modify acls groups to:
[2025-02-21T17:27:58.612+0000] {spark_submit.py:641} INFO - 25/02/21 17:27:58 INFO SecurityManager: SecurityManager: authentication disabled; ui acls disabled; users with view permissions: ***; groups with view permissions: EMPTY; users with modify permissions: ***; groups with modify permissions: EMPTY
[2025-02-21T17:27:58.778+0000] {spark_submit.py:641} INFO - 25/02/21 17:27:58 INFO Utils: Successfully started service 'sparkDriver' on port 46335.
[2025-02-21T17:27:58.803+0000] {spark_submit.py:641} INFO - 25/02/21 17:27:58 INFO SparkEnv: Registering MapOutputTracker
[2025-02-21T17:27:58.834+0000] {spark_submit.py:641} INFO - 25/02/21 17:27:58 INFO SparkEnv: Registering BlockManagerMaster
[2025-02-21T17:27:58.847+0000] {spark_submit.py:641} INFO - 25/02/21 17:27:58 INFO BlockManagerMasterEndpoint: Using org.apache.spark.storage.DefaultTopologyMapper for getting topology information
[2025-02-21T17:27:58.848+0000] {spark_submit.py:641} INFO - 25/02/21 17:27:58 INFO BlockManagerMasterEndpoint: BlockManagerMasterEndpoint up
[2025-02-21T17:27:58.852+0000] {spark_submit.py:641} INFO - 25/02/21 17:27:58 INFO SparkEnv: Registering BlockManagerMasterHeartbeat
[2025-02-21T17:27:58.869+0000] {spark_submit.py:641} INFO - 25/02/21 17:27:58 INFO DiskBlockManager: Created local directory at /tmp/blockmgr-3aef971d-c797-404b-973b-12704a82d858
[2025-02-21T17:27:58.885+0000] {spark_submit.py:641} INFO - 25/02/21 17:27:58 INFO MemoryStore: MemoryStore started with capacity 2.2 GiB
[2025-02-21T17:27:58.900+0000] {spark_submit.py:641} INFO - 25/02/21 17:27:58 INFO SparkEnv: Registering OutputCommitCoordinator
[2025-02-21T17:27:59.004+0000] {spark_submit.py:641} INFO - 25/02/21 17:27:59 INFO JettyUtils: Start Jetty 0.0.0.0:4040 for SparkUI
[2025-02-21T17:27:59.048+0000] {spark_submit.py:641} INFO - 25/02/21 17:27:59 INFO Utils: Successfully started service 'SparkUI' on port 4040.
[2025-02-21T17:27:59.159+0000] {spark_submit.py:641} INFO - 25/02/21 17:27:59 INFO StandaloneAppClient$ClientEndpoint: Connecting to master spark://spark:7077...
[2025-02-21T17:27:59.198+0000] {spark_submit.py:641} INFO - 25/02/21 17:27:59 INFO TransportClientFactory: Successfully created connection to spark/172.18.0.6:7077 after 23 ms (0 ms spent in bootstraps)
[2025-02-21T17:27:59.315+0000] {spark_submit.py:641} INFO - 25/02/21 17:27:59 INFO StandaloneSchedulerBackend: Connected to Spark cluster with app ID app-20250221172759-0000
[2025-02-21T17:27:59.326+0000] {spark_submit.py:641} INFO - 25/02/21 17:27:59 INFO Utils: Successfully started service 'org.apache.spark.network.netty.NettyBlockTransferService' on port 46411.
[2025-02-21T17:27:59.329+0000] {spark_submit.py:641} INFO - 25/02/21 17:27:59 INFO NettyBlockTransferService: Server created on 984eb1a04f7d:46411
[2025-02-21T17:27:59.330+0000] {spark_submit.py:641} INFO - 25/02/21 17:27:59 INFO BlockManager: Using org.apache.spark.storage.RandomBlockReplicationPolicy for block replication policy
[2025-02-21T17:27:59.343+0000] {spark_submit.py:641} INFO - 25/02/21 17:27:59 INFO BlockManagerMaster: Registering BlockManager BlockManagerId(driver, 984eb1a04f7d, 46411, None)
[2025-02-21T17:27:59.348+0000] {spark_submit.py:641} INFO - 25/02/21 17:27:59 INFO BlockManagerMasterEndpoint: Registering block manager 984eb1a04f7d:46411 with 2.2 GiB RAM, BlockManagerId(driver, 984eb1a04f7d, 46411, None)
[2025-02-21T17:27:59.366+0000] {spark_submit.py:641} INFO - 25/02/21 17:27:59 INFO StandaloneAppClient$ClientEndpoint: Executor added: app-20250221172759-0000/0 on worker-20250221171800-172.18.0.3-45717 (172.18.0.3:45717) with 1 core(s)
[2025-02-21T17:27:59.371+0000] {spark_submit.py:641} INFO - 25/02/21 17:27:59 INFO StandaloneSchedulerBackend: Granted executor ID app-20250221172759-0000/0 on hostPort 172.18.0.3:45717 with 1 core(s), 8.0 GiB RAM
[2025-02-21T17:27:59.371+0000] {spark_submit.py:641} INFO - 25/02/21 17:27:59 INFO StandaloneAppClient$ClientEndpoint: Executor added: app-20250221172759-0000/1 on worker-20250221171800-172.18.0.4-32909 (172.18.0.4:32909) with 1 core(s)
[2025-02-21T17:27:59.372+0000] {spark_submit.py:641} INFO - 25/02/21 17:27:59 INFO StandaloneSchedulerBackend: Granted executor ID app-20250221172759-0000/1 on hostPort 172.18.0.4:32909 with 1 core(s), 8.0 GiB RAM
[2025-02-21T17:27:59.373+0000] {spark_submit.py:641} INFO - 25/02/21 17:27:59 INFO BlockManagerMaster: Registered BlockManager BlockManagerId(driver, 984eb1a04f7d, 46411, None)
[2025-02-21T17:27:59.374+0000] {spark_submit.py:641} INFO - 25/02/21 17:27:59 INFO BlockManager: Initialized BlockManager: BlockManagerId(driver, 984eb1a04f7d, 46411, None)
[2025-02-21T17:27:59.511+0000] {spark_submit.py:641} INFO - 25/02/21 17:27:59 INFO StandaloneAppClient$ClientEndpoint: Executor updated: app-20250221172759-0000/0 is now RUNNING
[2025-02-21T17:27:59.567+0000] {spark_submit.py:641} INFO - 25/02/21 17:27:59 INFO StandaloneAppClient$ClientEndpoint: Executor updated: app-20250221172759-0000/1 is now RUNNING
[2025-02-21T17:27:59.618+0000] {spark_submit.py:641} INFO - 25/02/21 17:27:59 INFO StandaloneSchedulerBackend: SchedulerBackend is ready for scheduling beginning after reached minRegisteredResourcesRatio: 0.0
[2025-02-21T17:28:00.231+0000] {spark_submit.py:641} INFO - INFO:__main__:Coletando dados para 2020-01-01...
[2025-02-21T17:28:02.311+0000] {spark_submit.py:641} INFO - 25/02/21 17:28:02 INFO StandaloneSchedulerBackend$StandaloneDriverEndpoint: Registered executor NettyRpcEndpointRef(spark-client://Executor) (172.18.0.3:37726) with ID 0,  ResourceProfileId 0
[2025-02-21T17:28:02.345+0000] {spark_submit.py:641} INFO - 25/02/21 17:28:02 INFO StandaloneSchedulerBackend$StandaloneDriverEndpoint: Registered executor NettyRpcEndpointRef(spark-client://Executor) (172.18.0.4:38126) with ID 1,  ResourceProfileId 0
[2025-02-21T17:28:02.487+0000] {spark_submit.py:641} INFO - 25/02/21 17:28:02 INFO BlockManagerMasterEndpoint: Registering block manager 172.18.0.3:33571 with 4.6 GiB RAM, BlockManagerId(0, 172.18.0.3, 33571, None)
[2025-02-21T17:28:02.515+0000] {spark_submit.py:641} INFO - 25/02/21 17:28:02 INFO BlockManagerMasterEndpoint: Registering block manager 172.18.0.4:43585 with 4.6 GiB RAM, BlockManagerId(1, 172.18.0.4, 43585, None)
[2025-02-21T17:29:37.230+0000] {spark_submit.py:641} INFO - INFO:__main__:Coletando dados para 2020-01-02...
[2025-02-21T17:29:42.562+0000] {spark_submit.py:641} INFO - INFO:__main__:Coletando dados para 2020-01-03...
[2025-02-21T17:29:47.989+0000] {spark_submit.py:641} INFO - INFO:__main__:Coletando dados para 2020-01-04...
[2025-02-21T17:29:50.613+0000] {spark_submit.py:641} INFO - INFO:__main__:Coletando dados para 2020-01-05...
[2025-02-21T17:29:53.141+0000] {spark_submit.py:641} INFO - INFO:__main__:Coletando dados para 2020-01-06...
[2025-02-21T17:29:57.115+0000] {spark_submit.py:641} INFO - INFO:__main__:Coletando dados para 2020-01-07...
[2025-02-21T17:30:00.967+0000] {spark_submit.py:641} INFO - INFO:__main__:Coletando dados para 2020-01-08...
[2025-02-21T17:30:04.948+0000] {spark_submit.py:641} INFO - INFO:__main__:Coletando dados para 2020-01-09...
[2025-02-21T17:30:10.258+0000] {spark_submit.py:641} INFO - INFO:__main__:Coletando dados para 2020-01-10...
[2025-02-21T17:30:18.494+0000] {spark_submit.py:641} INFO - INFO:__main__:Coletando dados para 2020-01-11...
[2025-02-21T17:30:22.459+0000] {spark_submit.py:641} INFO - INFO:__main__:Coletando dados para 2020-01-12...
[2025-02-21T17:30:26.330+0000] {spark_submit.py:641} INFO - INFO:__main__:Coletando dados para 2020-01-13...
[2025-02-21T17:30:28.157+0000] {spark_submit.py:641} INFO - INFO:__main__:Coletando dados para 2020-01-14...
[2025-02-21T17:30:29.804+0000] {spark_submit.py:641} INFO - INFO:__main__:Coletando dados para 2020-01-15...
[2025-02-21T17:30:32.071+0000] {spark_submit.py:641} INFO - INFO:__main__:Coletando dados para 2020-01-16...
[2025-02-21T17:30:34.534+0000] {spark_submit.py:641} INFO - INFO:__main__:Coletando dados para 2020-01-17...
[2025-02-21T17:30:37.457+0000] {spark_submit.py:641} INFO - INFO:__main__:Coletando dados para 2020-01-18...
[2025-02-21T17:30:40.126+0000] {spark_submit.py:641} INFO - INFO:__main__:Coletando dados para 2020-01-19...
[2025-02-21T17:30:41.141+0000] {spark_submit.py:641} INFO - INFO:__main__:Coletando dados para 2020-01-20...
[2025-02-21T17:30:42.788+0000] {spark_submit.py:641} INFO - INFO:__main__:Coletando dados para 2020-01-21...
[2025-02-21T17:30:44.449+0000] {spark_submit.py:641} INFO - INFO:__main__:Coletando dados para 2020-01-22...
[2025-02-21T17:30:47.442+0000] {spark_submit.py:641} INFO - INFO:__main__:Coletando dados para 2020-01-23...
[2025-02-21T17:30:50.989+0000] {spark_submit.py:641} INFO - INFO:__main__:Coletando dados para 2020-01-24...
[2025-02-21T17:30:55.951+0000] {spark_submit.py:641} INFO - INFO:__main__:Coletando dados para 2020-01-25...
[2025-02-21T17:31:00.267+0000] {spark_submit.py:641} INFO - INFO:__main__:Coletando dados para 2020-01-26...
[2025-02-21T17:31:02.537+0000] {spark_submit.py:641} INFO - INFO:__main__:Coletando dados para 2020-01-27...
[2025-02-21T17:31:04.925+0000] {spark_submit.py:641} INFO - INFO:__main__:Coletando dados para 2020-01-28...
[2025-02-21T17:31:07.200+0000] {spark_submit.py:641} INFO - INFO:__main__:Coletando dados para 2020-01-29...
[2025-02-21T17:31:09.479+0000] {spark_submit.py:641} INFO - INFO:__main__:Coletando dados para 2020-01-30...
[2025-02-21T17:31:12.562+0000] {spark_submit.py:641} INFO - INFO:__main__:Coletando dados para 2020-01-31...
[2025-02-21T17:31:16.767+0000] {spark_submit.py:641} INFO - INFO:__main__:Coletando dados para 2020-02-01...
[2025-02-21T17:31:22.273+0000] {spark_submit.py:641} INFO - INFO:__main__:Coletando dados para 2020-02-02...
[2025-02-21T17:31:24.032+0000] {spark_submit.py:641} INFO - INFO:__main__:Coletando dados para 2020-02-03...
[2025-02-21T17:31:25.050+0000] {spark_submit.py:641} INFO - INFO:__main__:Coletando dados para 2020-02-04...
[2025-02-21T17:31:26.703+0000] {spark_submit.py:641} INFO - INFO:__main__:Coletando dados para 2020-02-05...
[2025-02-21T17:31:29.037+0000] {spark_submit.py:641} INFO - INFO:__main__:Coletando dados para 2020-02-06...
[2025-02-21T17:31:31.426+0000] {spark_submit.py:641} INFO - INFO:__main__:Coletando dados para 2020-02-07...
[2025-02-21T17:31:35.710+0000] {spark_submit.py:641} INFO - INFO:__main__:Coletando dados para 2020-02-08...
[2025-02-21T17:31:37.350+0000] {spark_submit.py:641} INFO - INFO:__main__:Coletando dados para 2020-02-09...
[2025-02-21T17:31:39.766+0000] {spark_submit.py:641} INFO - INFO:__main__:Coletando dados para 2020-02-10...
[2025-02-21T17:31:41.415+0000] {spark_submit.py:641} INFO - INFO:__main__:Coletando dados para 2020-02-11...
[2025-02-21T17:31:43.172+0000] {spark_submit.py:641} INFO - INFO:__main__:Coletando dados para 2020-02-12...
[2025-02-21T17:31:45.466+0000] {spark_submit.py:641} INFO - INFO:__main__:Coletando dados para 2020-02-13...
[2025-02-21T17:31:47.759+0000] {spark_submit.py:641} INFO - INFO:__main__:Coletando dados para 2020-02-14...
[2025-02-21T17:31:53.419+0000] {spark_submit.py:641} INFO - INFO:__main__:Coletando dados para 2020-02-15...
[2025-02-21T17:31:55.864+0000] {spark_submit.py:641} INFO - INFO:__main__:Coletando dados para 2020-02-16...
[2025-02-21T17:31:56.887+0000] {spark_submit.py:641} INFO - INFO:__main__:Coletando dados para 2020-02-17...
[2025-02-21T17:31:58.536+0000] {spark_submit.py:641} INFO - INFO:__main__:Coletando dados para 2020-02-18...
[2025-02-21T17:31:59.562+0000] {spark_submit.py:641} INFO - INFO:__main__:Coletando dados para 2020-02-19...
[2025-02-21T17:32:01.325+0000] {spark_submit.py:641} INFO - INFO:__main__:Coletando dados para 2020-02-20...
[2025-02-21T17:32:04.286+0000] {spark_submit.py:641} INFO - INFO:__main__:Coletando dados para 2020-02-21...
[2025-02-21T17:32:09.252+0000] {spark_submit.py:641} INFO - INFO:__main__:Coletando dados para 2020-02-22...
[2025-02-21T17:32:11.526+0000] {spark_submit.py:641} INFO - INFO:__main__:Coletando dados para 2020-02-23...
[2025-02-21T17:32:13.236+0000] {spark_submit.py:641} INFO - INFO:__main__:Coletando dados para 2020-02-24...
[2025-02-21T17:32:14.996+0000] {spark_submit.py:641} INFO - INFO:__main__:Coletando dados para 2020-02-25...
[2025-02-21T17:32:16.651+0000] {spark_submit.py:641} INFO - INFO:__main__:Coletando dados para 2020-02-26...
[2025-02-21T17:32:18.295+0000] {spark_submit.py:641} INFO - INFO:__main__:Coletando dados para 2020-02-27...
[2025-02-21T17:32:21.322+0000] {spark_submit.py:641} INFO - INFO:__main__:Coletando dados para 2020-02-28...
[2025-02-21T17:32:25.532+0000] {spark_submit.py:641} INFO - INFO:__main__:Coletando dados para 2020-02-29...
[2025-02-21T17:32:27.926+0000] {spark_submit.py:641} INFO - INFO:__main__:Coletando dados para 2020-03-01...
[2025-02-21T17:32:33.541+0000] {spark_submit.py:641} INFO - INFO:__main__:Coletando dados para 2020-03-02...
[2025-02-21T17:32:34.547+0000] {spark_submit.py:641} INFO - INFO:__main__:Coletando dados para 2020-03-03...
[2025-02-21T17:32:36.840+0000] {spark_submit.py:641} INFO - INFO:__main__:Coletando dados para 2020-03-04...
[2025-02-21T17:32:39.317+0000] {spark_submit.py:641} INFO - INFO:__main__:Coletando dados para 2020-03-05...
[2025-02-21T17:32:46.853+0000] {spark_submit.py:641} INFO - INFO:__main__:Coletando dados para 2020-03-06...
[2025-02-21T17:32:53.033+0000] {spark_submit.py:641} INFO - INFO:__main__:Coletando dados para 2020-03-07...
[2025-02-21T17:32:55.950+0000] {spark_submit.py:641} INFO - INFO:__main__:Coletando dados para 2020-03-08...
[2025-02-21T17:32:58.296+0000] {spark_submit.py:641} INFO - INFO:__main__:Coletando dados para 2020-03-09...
[2025-02-21T17:32:59.950+0000] {spark_submit.py:641} INFO - INFO:__main__:Coletando dados para 2020-03-10...
[2025-02-21T17:33:01.592+0000] {spark_submit.py:641} INFO - INFO:__main__:Coletando dados para 2020-03-11...
[2025-02-21T17:33:04.658+0000] {spark_submit.py:641} INFO - INFO:__main__:Coletando dados para 2020-03-12...
[2025-02-21T17:33:07.587+0000] {spark_submit.py:641} INFO - INFO:__main__:Coletando dados para 2020-03-13...
[2025-02-21T17:33:11.268+0000] {spark_submit.py:641} INFO - INFO:__main__:Coletando dados para 2020-03-14...
[2025-02-21T17:33:13.573+0000] {spark_submit.py:641} INFO - INFO:__main__:Coletando dados para 2020-03-15...
[2025-02-21T17:33:15.894+0000] {spark_submit.py:641} INFO - INFO:__main__:Coletando dados para 2020-03-16...
[2025-02-21T17:33:17.585+0000] {spark_submit.py:641} INFO - INFO:__main__:Coletando dados para 2020-03-17...
[2025-02-21T17:33:19.858+0000] {spark_submit.py:641} INFO - INFO:__main__:Coletando dados para 2020-03-18...
[2025-02-21T17:33:22.888+0000] {spark_submit.py:641} INFO - INFO:__main__:Coletando dados para 2020-03-19...
[2025-02-21T17:33:25.192+0000] {spark_submit.py:641} INFO - INFO:__main__:Coletando dados para 2020-03-20...
[2025-02-21T17:33:28.812+0000] {spark_submit.py:641} INFO - INFO:__main__:Coletando dados para 2020-03-21...
[2025-02-21T17:33:30.541+0000] {spark_submit.py:641} INFO - INFO:__main__:Coletando dados para 2020-03-22...
[2025-02-21T17:33:32.196+0000] {spark_submit.py:641} INFO - INFO:__main__:Coletando dados para 2020-03-23...
[2025-02-21T17:33:33.861+0000] {spark_submit.py:641} INFO - INFO:__main__:Coletando dados para 2020-03-24...
[2025-02-21T17:33:35.665+0000] {spark_submit.py:641} INFO - INFO:__main__:Coletando dados para 2020-03-25...
[2025-02-21T17:33:38.580+0000] {spark_submit.py:641} INFO - INFO:__main__:Coletando dados para 2020-03-26...
[2025-02-21T17:33:40.248+0000] {spark_submit.py:641} INFO - INFO:__main__:Coletando dados para 2020-03-27...
[2025-02-21T17:33:43.401+0000] {spark_submit.py:641} INFO - INFO:__main__:Coletando dados para 2020-03-28...
[2025-02-21T17:33:45.841+0000] {spark_submit.py:641} INFO - INFO:__main__:Coletando dados para 2020-03-29...
[2025-02-21T17:33:47.552+0000] {spark_submit.py:641} INFO - INFO:__main__:Coletando dados para 2020-03-30...
[2025-02-21T17:33:49.269+0000] {spark_submit.py:641} INFO - INFO:__main__:Coletando dados para 2020-03-31...
[2025-02-21T17:33:50.915+0000] {spark_submit.py:641} INFO - INFO:__main__:Coletando dados para 2020-04-01...
[2025-02-21T17:33:55.784+0000] {spark_submit.py:641} INFO - INFO:__main__:Coletando dados para 2020-04-02...
[2025-02-21T17:33:58.074+0000] {spark_submit.py:641} INFO - INFO:__main__:Coletando dados para 2020-04-03...
[2025-02-21T17:34:01.931+0000] {spark_submit.py:641} INFO - INFO:__main__:Coletando dados para 2020-04-04...
[2025-02-21T17:34:03.578+0000] {spark_submit.py:641} INFO - INFO:__main__:Coletando dados para 2020-04-05...
[2025-02-21T17:34:05.994+0000] {spark_submit.py:641} INFO - INFO:__main__:Coletando dados para 2020-04-06...
[2025-02-21T17:34:07.667+0000] {spark_submit.py:641} INFO - INFO:__main__:Coletando dados para 2020-04-07...
[2025-02-21T17:34:09.945+0000] {spark_submit.py:641} INFO - INFO:__main__:Coletando dados para 2020-04-08...
[2025-02-21T17:34:11.581+0000] {spark_submit.py:641} INFO - INFO:__main__:Coletando dados para 2020-04-09...
[2025-02-21T17:34:13.942+0000] {spark_submit.py:641} INFO - INFO:__main__:Coletando dados para 2020-04-10...
[2025-02-21T17:34:16.870+0000] {spark_submit.py:641} INFO - INFO:__main__:Coletando dados para 2020-04-11...
[2025-02-21T17:34:18.562+0000] {spark_submit.py:641} INFO - INFO:__main__:Coletando dados para 2020-04-12...
[2025-02-21T17:34:20.278+0000] {spark_submit.py:641} INFO - INFO:__main__:Coletando dados para 2020-04-13...
[2025-02-21T17:34:21.285+0000] {spark_submit.py:641} INFO - INFO:__main__:Coletando dados para 2020-04-14...
[2025-02-21T17:34:22.934+0000] {spark_submit.py:641} INFO - INFO:__main__:Coletando dados para 2020-04-15...
[2025-02-21T17:34:25.926+0000] {spark_submit.py:641} INFO - INFO:__main__:Coletando dados para 2020-04-16...
[2025-02-21T17:34:27.570+0000] {spark_submit.py:641} INFO - INFO:__main__:Coletando dados para 2020-04-17...
[2025-02-21T17:34:31.181+0000] {spark_submit.py:641} INFO - INFO:__main__:Coletando dados para 2020-04-18...
[2025-02-21T17:34:32.875+0000] {spark_submit.py:641} INFO - INFO:__main__:Coletando dados para 2020-04-19...
[2025-02-21T17:34:34.525+0000] {spark_submit.py:641} INFO - INFO:__main__:Coletando dados para 2020-04-20...
[2025-02-21T17:34:36.817+0000] {spark_submit.py:641} INFO - INFO:__main__:Coletando dados para 2020-04-21...
[2025-02-21T17:34:38.588+0000] {spark_submit.py:641} INFO - INFO:__main__:Coletando dados para 2020-04-22...
[2025-02-21T17:34:40.889+0000] {spark_submit.py:641} INFO - INFO:__main__:Coletando dados para 2020-04-23...
[2025-02-21T17:34:43.191+0000] {spark_submit.py:641} INFO - INFO:__main__:Coletando dados para 2020-04-24...
[2025-02-21T17:34:46.250+0000] {spark_submit.py:641} INFO - INFO:__main__:Coletando dados para 2020-04-25...
[2025-02-21T17:34:48.522+0000] {spark_submit.py:641} INFO - INFO:__main__:Coletando dados para 2020-04-26...
[2025-02-21T17:34:49.538+0000] {spark_submit.py:641} INFO - INFO:__main__:Coletando dados para 2020-04-27...
[2025-02-21T17:34:51.343+0000] {spark_submit.py:641} INFO - INFO:__main__:Coletando dados para 2020-04-28...
[2025-02-21T17:34:52.977+0000] {spark_submit.py:641} INFO - INFO:__main__:Coletando dados para 2020-04-29...
[2025-02-21T17:34:53.985+0000] {spark_submit.py:641} INFO - INFO:__main__:Coletando dados para 2020-04-30...
[2025-02-21T17:34:56.964+0000] {spark_submit.py:641} INFO - INFO:__main__:Coletando dados para 2020-05-01...
[2025-02-21T17:35:04.025+0000] {spark_submit.py:641} INFO - INFO:__main__:Coletando dados para 2020-05-02...
[2025-02-21T17:35:06.943+0000] {spark_submit.py:641} INFO - INFO:__main__:Coletando dados para 2020-05-03...
[2025-02-21T17:35:08.611+0000] {spark_submit.py:641} INFO - INFO:__main__:Coletando dados para 2020-05-04...
[2025-02-21T17:35:10.934+0000] {spark_submit.py:641} INFO - INFO:__main__:Coletando dados para 2020-05-05...
[2025-02-21T17:35:13.876+0000] {spark_submit.py:641} INFO - INFO:__main__:Coletando dados para 2020-05-06...
[2025-02-21T17:35:15.643+0000] {spark_submit.py:641} INFO - INFO:__main__:Coletando dados para 2020-05-07...
[2025-02-21T17:35:17.984+0000] {spark_submit.py:641} INFO - INFO:__main__:Coletando dados para 2020-05-08...
[2025-02-21T17:35:20.885+0000] {spark_submit.py:641} INFO - INFO:__main__:Coletando dados para 2020-05-09...
[2025-02-21T17:35:22.598+0000] {spark_submit.py:641} INFO - INFO:__main__:Coletando dados para 2020-05-10...
[2025-02-21T17:35:24.231+0000] {spark_submit.py:641} INFO - INFO:__main__:Coletando dados para 2020-05-11...
[2025-02-21T17:35:25.864+0000] {spark_submit.py:641} INFO - INFO:__main__:Coletando dados para 2020-05-12...
[2025-02-21T17:35:28.198+0000] {spark_submit.py:641} INFO - INFO:__main__:Coletando dados para 2020-05-13...
[2025-02-21T17:35:30.504+0000] {spark_submit.py:641} INFO - INFO:__main__:Coletando dados para 2020-05-14...
[2025-02-21T17:35:32.801+0000] {spark_submit.py:641} INFO - INFO:__main__:Coletando dados para 2020-05-15...
[2025-02-21T17:35:36.507+0000] {spark_submit.py:641} INFO - INFO:__main__:Coletando dados para 2020-05-16...
[2025-02-21T17:35:39.436+0000] {spark_submit.py:641} INFO - INFO:__main__:Coletando dados para 2020-05-17...
[2025-02-21T17:35:40.508+0000] {spark_submit.py:641} INFO - INFO:__main__:Coletando dados para 2020-05-18...
[2025-02-21T17:35:42.199+0000] {spark_submit.py:641} INFO - INFO:__main__:Coletando dados para 2020-05-19...
[2025-02-21T17:35:46.516+0000] {spark_submit.py:641} INFO - INFO:__main__:Coletando dados para 2020-05-20...
[2025-02-21T17:35:48.887+0000] {spark_submit.py:641} INFO - INFO:__main__:Coletando dados para 2020-05-21...
[2025-02-21T17:35:50.536+0000] {spark_submit.py:641} INFO - INFO:__main__:Coletando dados para 2020-05-22...
[2025-02-21T17:35:53.577+0000] {spark_submit.py:641} INFO - INFO:__main__:Coletando dados para 2020-05-23...
[2025-02-21T17:35:54.588+0000] {spark_submit.py:641} INFO - INFO:__main__:Coletando dados para 2020-05-24...
[2025-02-21T17:35:55.607+0000] {spark_submit.py:641} INFO - INFO:__main__:Coletando dados para 2020-05-25...
[2025-02-21T17:35:57.888+0000] {spark_submit.py:641} INFO - INFO:__main__:Coletando dados para 2020-05-26...
[2025-02-21T17:35:59.689+0000] {spark_submit.py:641} INFO - INFO:__main__:Coletando dados para 2020-05-27...
[2025-02-21T17:36:01.955+0000] {spark_submit.py:641} INFO - INFO:__main__:Coletando dados para 2020-05-28...
[2025-02-21T17:36:06.254+0000] {spark_submit.py:641} INFO - INFO:__main__:Coletando dados para 2020-05-29...
[2025-02-21T17:36:09.804+0000] {spark_submit.py:641} INFO - INFO:__main__:Coletando dados para 2020-05-30...
[2025-02-21T17:36:11.512+0000] {spark_submit.py:641} INFO - INFO:__main__:Coletando dados para 2020-05-31...
[2025-02-21T17:36:13.918+0000] {spark_submit.py:641} INFO - INFO:__main__:Coletando dados para 2020-06-01...
[2025-02-21T17:36:27.460+0000] {spark_submit.py:641} INFO - INFO:__main__:Coletando dados para 2020-06-02...
[2025-02-21T17:36:31.423+0000] {spark_submit.py:641} INFO - INFO:__main__:Coletando dados para 2020-06-03...
[2025-02-21T17:36:35.346+0000] {spark_submit.py:641} INFO - INFO:__main__:Coletando dados para 2020-06-04...
[2025-02-21T17:36:39.393+0000] {spark_submit.py:641} INFO - INFO:__main__:Coletando dados para 2020-06-05...
[2025-02-21T17:36:44.730+0000] {spark_submit.py:641} INFO - INFO:__main__:Coletando dados para 2020-06-06...
[2025-02-21T17:36:49.959+0000] {spark_submit.py:641} INFO - INFO:__main__:Coletando dados para 2020-06-07...
[2025-02-21T17:36:54.013+0000] {spark_submit.py:641} INFO - INFO:__main__:Coletando dados para 2020-06-08...
[2025-02-21T17:36:57.938+0000] {spark_submit.py:641} INFO - INFO:__main__:Coletando dados para 2020-06-09...
[2025-02-21T17:37:03.192+0000] {spark_submit.py:641} INFO - INFO:__main__:Coletando dados para 2020-06-10...
[2025-02-21T17:37:14.140+0000] {spark_submit.py:641} INFO - INFO:__main__:Coletando dados para 2020-06-11...
[2025-02-21T17:37:21.015+0000] {spark_submit.py:641} INFO - INFO:__main__:Coletando dados para 2020-06-12...
[2025-02-21T17:37:27.693+0000] {spark_submit.py:641} INFO - INFO:__main__:Coletando dados para 2020-06-13...
[2025-02-21T17:37:31.604+0000] {spark_submit.py:641} INFO - INFO:__main__:Coletando dados para 2020-06-14...
[2025-02-21T17:37:34.117+0000] {spark_submit.py:641} INFO - INFO:__main__:Coletando dados para 2020-06-15...
[2025-02-21T17:37:42.189+0000] {spark_submit.py:641} INFO - INFO:__main__:Coletando dados para 2020-06-16...
[2025-02-21T17:37:50.267+0000] {spark_submit.py:641} INFO - INFO:__main__:Coletando dados para 2020-06-17...
[2025-02-21T17:37:55.499+0000] {spark_submit.py:641} INFO - INFO:__main__:Coletando dados para 2020-06-18...
[2025-02-21T17:38:02.280+0000] {spark_submit.py:641} INFO - INFO:__main__:Coletando dados para 2020-06-19...
[2025-02-21T17:38:10.496+0000] {spark_submit.py:641} INFO - INFO:__main__:Coletando dados para 2020-06-20...
[2025-02-21T17:38:15.839+0000] {spark_submit.py:641} INFO - INFO:__main__:Coletando dados para 2020-06-21...
[2025-02-21T17:38:19.966+0000] {spark_submit.py:641} INFO - INFO:__main__:Coletando dados para 2020-06-22...
[2025-02-21T17:38:23.852+0000] {spark_submit.py:641} INFO - INFO:__main__:Coletando dados para 2020-06-23...
[2025-02-21T17:38:27.823+0000] {spark_submit.py:641} INFO - INFO:__main__:Coletando dados para 2020-06-24...
[2025-02-21T17:38:31.850+0000] {spark_submit.py:641} INFO - INFO:__main__:Coletando dados para 2020-06-25...
[2025-02-21T17:38:39.987+0000] {spark_submit.py:641} INFO - INFO:__main__:Coletando dados para 2020-06-26...
[2025-02-21T17:38:46.669+0000] {spark_submit.py:641} INFO - INFO:__main__:Coletando dados para 2020-06-27...
[2025-02-21T17:38:49.271+0000] {spark_submit.py:641} INFO - INFO:__main__:Coletando dados para 2020-06-28...
[2025-02-21T17:38:53.230+0000] {spark_submit.py:641} INFO - INFO:__main__:Coletando dados para 2020-06-29...
[2025-02-21T17:38:55.841+0000] {spark_submit.py:641} INFO - INFO:__main__:Coletando dados para 2020-06-30...
[2025-02-21T17:39:01.139+0000] {spark_submit.py:641} INFO - INFO:__main__:Coletando dados para 2020-07-01...
[2025-02-21T17:39:13.943+0000] {spark_submit.py:641} INFO - INFO:__main__:Coletando dados para 2020-07-02...
[2025-02-21T17:39:17.177+0000] {spark_submit.py:641} INFO - INFO:__main__:Coletando dados para 2020-07-03...
[2025-02-21T17:39:20.337+0000] {spark_submit.py:641} INFO - INFO:__main__:Coletando dados para 2020-07-04...
[2025-02-21T17:39:22.031+0000] {spark_submit.py:641} INFO - INFO:__main__:Coletando dados para 2020-07-05...
[2025-02-21T17:39:23.046+0000] {spark_submit.py:641} INFO - INFO:__main__:Coletando dados para 2020-07-06...
[2025-02-21T17:39:24.700+0000] {spark_submit.py:641} INFO - INFO:__main__:Coletando dados para 2020-07-07...
[2025-02-21T17:39:27.101+0000] {spark_submit.py:641} INFO - INFO:__main__:Coletando dados para 2020-07-08...
[2025-02-21T17:39:28.750+0000] {spark_submit.py:641} INFO - INFO:__main__:Coletando dados para 2020-07-09...
[2025-02-21T17:39:31.660+0000] {spark_submit.py:641} INFO - INFO:__main__:Coletando dados para 2020-07-10...
[2025-02-21T17:39:35.415+0000] {spark_submit.py:641} INFO - INFO:__main__:Coletando dados para 2020-07-11...
[2025-02-21T17:39:37.062+0000] {spark_submit.py:641} INFO - INFO:__main__:Coletando dados para 2020-07-12...
[2025-02-21T17:39:38.089+0000] {spark_submit.py:641} INFO - INFO:__main__:Coletando dados para 2020-07-13...
[2025-02-21T17:39:39.871+0000] {spark_submit.py:641} INFO - INFO:__main__:Coletando dados para 2020-07-14...
[2025-02-21T17:39:41.520+0000] {spark_submit.py:641} INFO - INFO:__main__:Coletando dados para 2020-07-15...
[2025-02-21T17:39:44.428+0000] {spark_submit.py:641} INFO - INFO:__main__:Coletando dados para 2020-07-16...
[2025-02-21T17:39:46.806+0000] {spark_submit.py:641} INFO - INFO:__main__:Coletando dados para 2020-07-17...
[2025-02-21T17:39:49.709+0000] {spark_submit.py:641} INFO - INFO:__main__:Coletando dados para 2020-07-18...
[2025-02-21T17:39:51.952+0000] {spark_submit.py:641} INFO - INFO:__main__:Coletando dados para 2020-07-19...
[2025-02-21T17:39:53.004+0000] {spark_submit.py:641} INFO - INFO:__main__:Coletando dados para 2020-07-20...
[2025-02-21T17:39:55.297+0000] {spark_submit.py:641} INFO - INFO:__main__:Coletando dados para 2020-07-21...
[2025-02-21T17:39:56.963+0000] {spark_submit.py:641} INFO - INFO:__main__:Coletando dados para 2020-07-22...
[2025-02-21T17:39:58.721+0000] {spark_submit.py:641} INFO - INFO:__main__:Coletando dados para 2020-07-23...
[2025-02-21T17:40:01.006+0000] {spark_submit.py:641} INFO - INFO:__main__:Coletando dados para 2020-07-24...
[2025-02-21T17:40:04.050+0000] {spark_submit.py:641} INFO - INFO:__main__:Coletando dados para 2020-07-25...
[2025-02-21T17:40:05.800+0000] {spark_submit.py:641} INFO - INFO:__main__:Coletando dados para 2020-07-26...
[2025-02-21T17:40:06.826+0000] {spark_submit.py:641} INFO - INFO:__main__:Coletando dados para 2020-07-27...
[2025-02-21T17:40:08.471+0000] {spark_submit.py:641} INFO - INFO:__main__:Coletando dados para 2020-07-28...
[2025-02-21T17:40:10.136+0000] {spark_submit.py:641} INFO - INFO:__main__:Coletando dados para 2020-07-29...
[2025-02-21T17:40:11.897+0000] {spark_submit.py:641} INFO - INFO:__main__:Coletando dados para 2020-07-30...
[2025-02-21T17:40:14.830+0000] {spark_submit.py:641} INFO - INFO:__main__:Coletando dados para 2020-07-31...
[2025-02-21T17:40:18.456+0000] {spark_submit.py:641} INFO - INFO:__main__:Coletando dados para 2020-08-01...
[2025-02-21T17:40:23.332+0000] {spark_submit.py:641} INFO - INFO:__main__:Coletando dados para 2020-08-02...
[2025-02-21T17:40:24.409+0000] {spark_submit.py:641} INFO - INFO:__main__:Coletando dados para 2020-08-03...
[2025-02-21T17:40:26.051+0000] {spark_submit.py:641} INFO - INFO:__main__:Coletando dados para 2020-08-04...
[2025-02-21T17:40:28.343+0000] {spark_submit.py:641} INFO - INFO:__main__:Coletando dados para 2020-08-05...
[2025-02-21T17:40:30.189+0000] {spark_submit.py:641} INFO - INFO:__main__:Coletando dados para 2020-08-06...
[2025-02-21T17:40:32.644+0000] {spark_submit.py:641} INFO - INFO:__main__:Coletando dados para 2020-08-07...
[2025-02-21T17:40:37.589+0000] {spark_submit.py:641} INFO - INFO:__main__:Coletando dados para 2020-08-08...
[2025-02-21T17:40:39.882+0000] {spark_submit.py:641} INFO - INFO:__main__:Coletando dados para 2020-08-09...
[2025-02-21T17:40:40.897+0000] {spark_submit.py:641} INFO - INFO:__main__:Coletando dados para 2020-08-10...
[2025-02-21T17:40:42.726+0000] {spark_submit.py:641} INFO - INFO:__main__:Coletando dados para 2020-08-11...
[2025-02-21T17:40:44.381+0000] {spark_submit.py:641} INFO - INFO:__main__:Coletando dados para 2020-08-12...
[2025-02-21T17:40:46.051+0000] {spark_submit.py:641} INFO - INFO:__main__:Coletando dados para 2020-08-13...
[2025-02-21T17:40:49.111+0000] {spark_submit.py:641} INFO - INFO:__main__:Coletando dados para 2020-08-14...
[2025-02-21T17:40:53.284+0000] {spark_submit.py:641} INFO - INFO:__main__:Coletando dados para 2020-08-15...
[2025-02-21T17:40:56.240+0000] {spark_submit.py:641} INFO - INFO:__main__:Coletando dados para 2020-08-16...
[2025-02-21T17:40:57.882+0000] {spark_submit.py:641} INFO - INFO:__main__:Coletando dados para 2020-08-17...
[2025-02-21T17:40:59.544+0000] {spark_submit.py:641} INFO - INFO:__main__:Coletando dados para 2020-08-18...
[2025-02-21T17:41:01.275+0000] {spark_submit.py:641} INFO - INFO:__main__:Coletando dados para 2020-08-19...
[2025-02-21T17:41:03.557+0000] {spark_submit.py:641} INFO - INFO:__main__:Coletando dados para 2020-08-20...
[2025-02-21T17:41:09.790+0000] {spark_submit.py:641} INFO - INFO:__main__:Coletando dados para 2020-08-21...
[2025-02-21T17:41:14.220+0000] {spark_submit.py:641} INFO - INFO:__main__:Coletando dados para 2020-08-22...
[2025-02-21T17:41:17.757+0000] {spark_submit.py:641} INFO - INFO:__main__:Coletando dados para 2020-08-23...
[2025-02-21T17:41:19.425+0000] {spark_submit.py:641} INFO - INFO:__main__:Coletando dados para 2020-08-24...
[2025-02-21T17:41:21.830+0000] {spark_submit.py:641} INFO - INFO:__main__:Coletando dados para 2020-08-25...
[2025-02-21T17:41:24.730+0000] {spark_submit.py:641} INFO - INFO:__main__:Coletando dados para 2020-08-26...
[2025-02-21T17:41:26.484+0000] {spark_submit.py:641} INFO - INFO:__main__:Coletando dados para 2020-08-27...
[2025-02-21T17:41:29.373+0000] {spark_submit.py:641} INFO - INFO:__main__:Coletando dados para 2020-08-28...
[2025-02-21T17:41:33.807+0000] {spark_submit.py:641} INFO - INFO:__main__:Coletando dados para 2020-08-29...
[2025-02-21T17:41:36.085+0000] {spark_submit.py:641} INFO - INFO:__main__:Coletando dados para 2020-08-30...
[2025-02-21T17:41:38.384+0000] {spark_submit.py:641} INFO - INFO:__main__:Coletando dados para 2020-08-31...
[2025-02-21T17:41:40.759+0000] {spark_submit.py:641} INFO - INFO:__main__:Coletando dados para 2020-09-01...
[2025-02-21T17:41:48.892+0000] {spark_submit.py:641} INFO - INFO:__main__:Coletando dados para 2020-09-02...
[2025-02-21T17:41:52.567+0000] {spark_submit.py:641} INFO - INFO:__main__:Coletando dados para 2020-09-03...
[2025-02-21T17:41:56.102+0000] {spark_submit.py:641} INFO - INFO:__main__:Coletando dados para 2020-09-04...
[2025-02-21T17:42:00.361+0000] {spark_submit.py:641} INFO - INFO:__main__:Coletando dados para 2020-09-05...
[2025-02-21T17:42:03.356+0000] {spark_submit.py:641} INFO - INFO:__main__:Coletando dados para 2020-09-06...
[2025-02-21T17:42:05.089+0000] {spark_submit.py:641} INFO - INFO:__main__:Coletando dados para 2020-09-07...
[2025-02-21T17:42:08.008+0000] {spark_submit.py:641} INFO - INFO:__main__:Coletando dados para 2020-09-08...
[2025-02-21T17:42:11.102+0000] {spark_submit.py:641} INFO - INFO:__main__:Coletando dados para 2020-09-09...
[2025-02-21T17:42:14.665+0000] {spark_submit.py:641} INFO - INFO:__main__:Coletando dados para 2020-09-10...
[2025-02-21T17:42:20.192+0000] {spark_submit.py:641} INFO - INFO:__main__:Coletando dados para 2020-09-11...
[2025-02-21T17:42:24.532+0000] {spark_submit.py:641} INFO - INFO:__main__:Coletando dados para 2020-09-12...
[2025-02-21T17:42:26.816+0000] {spark_submit.py:641} INFO - INFO:__main__:Coletando dados para 2020-09-13...
[2025-02-21T17:42:29.188+0000] {spark_submit.py:641} INFO - INFO:__main__:Coletando dados para 2020-09-14...
[2025-02-21T17:42:32.102+0000] {spark_submit.py:641} INFO - INFO:__main__:Coletando dados para 2020-09-15...
[2025-02-21T17:42:35.666+0000] {spark_submit.py:641} INFO - INFO:__main__:Coletando dados para 2020-09-16...
[2025-02-21T17:42:38.584+0000] {spark_submit.py:641} INFO - INFO:__main__:Coletando dados para 2020-09-17...
[2025-02-21T17:42:44.216+0000] {spark_submit.py:641} INFO - INFO:__main__:Coletando dados para 2020-09-18...
[2025-02-21T17:42:50.441+0000] {spark_submit.py:641} INFO - INFO:__main__:Coletando dados para 2020-09-19...
[2025-02-21T17:42:53.393+0000] {spark_submit.py:641} INFO - INFO:__main__:Coletando dados para 2020-09-20...
[2025-02-21T17:42:56.392+0000] {spark_submit.py:641} INFO - INFO:__main__:Coletando dados para 2020-09-21...
[2025-02-21T17:42:59.373+0000] {spark_submit.py:641} INFO - INFO:__main__:Coletando dados para 2020-09-22...
[2025-02-21T17:43:02.399+0000] {spark_submit.py:641} INFO - INFO:__main__:Coletando dados para 2020-09-23...
[2025-02-21T17:43:05.307+0000] {spark_submit.py:641} INFO - INFO:__main__:Coletando dados para 2020-09-24...
[2025-02-21T17:43:11.517+0000] {spark_submit.py:641} INFO - INFO:__main__:Coletando dados para 2020-09-25...
[2025-02-21T17:43:19.265+0000] {spark_submit.py:641} INFO - INFO:__main__:Coletando dados para 2020-09-26...
[2025-02-21T17:43:22.172+0000] {spark_submit.py:641} INFO - INFO:__main__:Coletando dados para 2020-09-27...
[2025-02-21T17:43:25.149+0000] {spark_submit.py:641} INFO - INFO:__main__:Coletando dados para 2020-09-28...
[2025-02-21T17:43:28.592+0000] {spark_submit.py:641} INFO - INFO:__main__:Coletando dados para 2020-09-29...
[2025-02-21T17:43:30.900+0000] {spark_submit.py:641} INFO - INFO:__main__:Coletando dados para 2020-09-30...
[2025-02-21T17:43:35.248+0000] {spark_submit.py:641} INFO - INFO:__main__:Coletando dados para 2020-10-01...
[2025-02-21T17:43:47.804+0000] {spark_submit.py:641} INFO - INFO:__main__:Coletando dados para 2020-10-02...
[2025-02-21T17:43:53.339+0000] {spark_submit.py:641} INFO - INFO:__main__:Coletando dados para 2020-10-03...
[2025-02-21T17:43:56.299+0000] {spark_submit.py:641} INFO - INFO:__main__:Coletando dados para 2020-10-04...
[2025-02-21T17:43:58.625+0000] {spark_submit.py:641} INFO - INFO:__main__:Coletando dados para 2020-10-05...
[2025-02-21T17:44:02.173+0000] {spark_submit.py:641} INFO - INFO:__main__:Coletando dados para 2020-10-06...
[2025-02-21T17:44:06.489+0000] {spark_submit.py:641} INFO - INFO:__main__:Coletando dados para 2020-10-07...
[2025-02-21T17:44:13.206+0000] {spark_submit.py:641} INFO - INFO:__main__:Coletando dados para 2020-10-08...
[2025-02-21T17:44:27.201+0000] {spark_submit.py:641} INFO - INFO:__main__:Coletando dados para 2020-10-09...
[2025-02-21T17:44:42.102+0000] {spark_submit.py:641} INFO - INFO:__main__:Coletando dados para 2020-10-10...
[2025-02-21T17:44:53.025+0000] {spark_submit.py:641} INFO - INFO:__main__:Coletando dados para 2020-10-11...
[2025-02-21T17:45:00.573+0000] {spark_submit.py:641} INFO - INFO:__main__:Coletando dados para 2020-10-12...
[2025-02-21T17:45:06.592+0000] {spark_submit.py:641} INFO - INFO:__main__:Coletando dados para 2020-10-13...
[2025-02-21T17:45:14.209+0000] {spark_submit.py:641} INFO - INFO:__main__:Coletando dados para 2020-10-14...
[2025-02-21T17:45:22.435+0000] {spark_submit.py:641} INFO - INFO:__main__:Coletando dados para 2020-10-15...
[2025-02-21T17:45:36.057+0000] {spark_submit.py:641} INFO - INFO:__main__:Coletando dados para 2020-10-16...
[2025-02-21T17:45:49.976+0000] {spark_submit.py:641} INFO - INFO:__main__:Coletando dados para 2020-10-17...
[2025-02-21T17:45:56.751+0000] {spark_submit.py:641} INFO - INFO:__main__:Coletando dados para 2020-10-18...
[2025-02-21T17:46:02.030+0000] {spark_submit.py:641} INFO - INFO:__main__:Coletando dados para 2020-10-19...
[2025-02-21T17:46:08.895+0000] {spark_submit.py:641} INFO - INFO:__main__:Coletando dados para 2020-10-20...
[2025-02-21T17:46:18.741+0000] {spark_submit.py:641} INFO - INFO:__main__:Coletando dados para 2020-10-21...
[2025-02-21T17:46:29.851+0000] {spark_submit.py:641} INFO - INFO:__main__:Coletando dados para 2020-10-22...
[2025-02-21T17:46:43.755+0000] {spark_submit.py:641} INFO - INFO:__main__:Coletando dados para 2020-10-23...
[2025-02-21T17:46:59.072+0000] {spark_submit.py:641} INFO - INFO:__main__:Coletando dados para 2020-10-24...
[2025-02-21T17:47:08.807+0000] {spark_submit.py:641} INFO - INFO:__main__:Coletando dados para 2020-10-25...
[2025-02-21T17:47:17.075+0000] {spark_submit.py:641} INFO - INFO:__main__:Coletando dados para 2020-10-26...
[2025-02-21T17:47:25.136+0000] {spark_submit.py:641} INFO - INFO:__main__:Coletando dados para 2020-10-27...
[2025-02-21T17:47:34.789+0000] {spark_submit.py:641} INFO - INFO:__main__:Coletando dados para 2020-10-28...
[2025-02-21T17:47:47.562+0000] {spark_submit.py:641} INFO - INFO:__main__:Coletando dados para 2020-10-29...
[2025-02-21T17:48:02.901+0000] {spark_submit.py:641} INFO - INFO:__main__:Coletando dados para 2020-10-30...
[2025-02-21T17:48:15.152+0000] {spark_submit.py:641} INFO - INFO:__main__:Coletando dados para 2020-10-31...
[2025-02-21T17:48:22.790+0000] {spark_submit.py:641} INFO - INFO:__main__:Coletando dados para 2020-11-01...
[2025-02-21T17:48:30.430+0000] {spark_submit.py:641} INFO - INFO:__main__:Coletando dados para 2020-11-02...
[2025-02-21T17:48:34.318+0000] {spark_submit.py:641} INFO - INFO:__main__:Coletando dados para 2020-11-03...
[2025-02-21T17:48:37.900+0000] {spark_submit.py:641} INFO - INFO:__main__:Coletando dados para 2020-11-04...
[2025-02-21T17:48:41.563+0000] {spark_submit.py:641} INFO - INFO:__main__:Coletando dados para 2020-11-05...
[2025-02-21T17:48:46.426+0000] {spark_submit.py:641} INFO - INFO:__main__:Coletando dados para 2020-11-06...
[2025-02-21T17:48:51.232+0000] {spark_submit.py:641} INFO - INFO:__main__:Coletando dados para 2020-11-07...
[2025-02-21T17:48:53.627+0000] {spark_submit.py:641} INFO - INFO:__main__:Coletando dados para 2020-11-08...
[2025-02-21T17:48:55.897+0000] {spark_submit.py:641} INFO - INFO:__main__:Coletando dados para 2020-11-09...
[2025-02-21T17:48:58.947+0000] {spark_submit.py:641} INFO - INFO:__main__:Coletando dados para 2020-11-10...
[2025-02-21T17:49:01.863+0000] {spark_submit.py:641} INFO - INFO:__main__:Coletando dados para 2020-11-11...
[2025-02-21T17:49:06.190+0000] {spark_submit.py:641} INFO - INFO:__main__:Coletando dados para 2020-11-12...
[2025-02-21T17:49:10.353+0000] {spark_submit.py:641} INFO - INFO:__main__:Coletando dados para 2020-11-13...
[2025-02-21T17:49:16.588+0000] {spark_submit.py:641} INFO - INFO:__main__:Coletando dados para 2020-11-14...
[2025-02-21T17:49:20.217+0000] {spark_submit.py:641} INFO - INFO:__main__:Coletando dados para 2020-11-15...
[2025-02-21T17:49:23.205+0000] {spark_submit.py:641} INFO - INFO:__main__:Coletando dados para 2020-11-16...
[2025-02-21T17:49:25.626+0000] {spark_submit.py:641} INFO - INFO:__main__:Coletando dados para 2020-11-17...
[2025-02-21T17:49:27.891+0000] {spark_submit.py:641} INFO - INFO:__main__:Coletando dados para 2020-11-18...
[2025-02-21T17:49:30.995+0000] {spark_submit.py:641} INFO - INFO:__main__:Coletando dados para 2020-11-19...
[2025-02-21T17:49:35.948+0000] {spark_submit.py:641} INFO - INFO:__main__:Coletando dados para 2020-11-20...
[2025-02-21T17:49:42.776+0000] {spark_submit.py:641} INFO - INFO:__main__:Coletando dados para 2020-11-21...
[2025-02-21T17:49:46.318+0000] {spark_submit.py:641} INFO - INFO:__main__:Coletando dados para 2020-11-22...
[2025-02-21T17:49:48.657+0000] {spark_submit.py:641} INFO - INFO:__main__:Coletando dados para 2020-11-23...
[2025-02-21T17:49:52.287+0000] {spark_submit.py:641} INFO - INFO:__main__:Coletando dados para 2020-11-24...
[2025-02-21T17:49:55.956+0000] {spark_submit.py:641} INFO - INFO:__main__:Coletando dados para 2020-11-25...
[2025-02-21T17:49:59.532+0000] {spark_submit.py:641} INFO - INFO:__main__:Coletando dados para 2020-11-26...
[2025-02-21T17:50:03.795+0000] {spark_submit.py:641} INFO - INFO:__main__:Coletando dados para 2020-11-27...
[2025-02-21T17:50:09.381+0000] {spark_submit.py:641} INFO - INFO:__main__:Coletando dados para 2020-11-28...
[2025-02-21T17:50:12.286+0000] {spark_submit.py:641} INFO - INFO:__main__:Coletando dados para 2020-11-29...
[2025-02-21T17:50:14.003+0000] {spark_submit.py:641} INFO - INFO:__main__:Coletando dados para 2020-11-30...
[2025-02-21T17:50:16.907+0000] {spark_submit.py:641} INFO - INFO:__main__:Coletando dados para 2020-12-01...
[2025-02-21T17:50:29.637+0000] {spark_submit.py:641} INFO - INFO:__main__:Coletando dados para 2020-12-02...
[2025-02-21T17:50:33.334+0000] {spark_submit.py:641} INFO - INFO:__main__:Coletando dados para 2020-12-03...
[2025-02-21T17:50:38.909+0000] {spark_submit.py:641} INFO - INFO:__main__:Coletando dados para 2020-12-04...
[2025-02-21T17:50:44.366+0000] {spark_submit.py:641} INFO - INFO:__main__:Coletando dados para 2020-12-05...
[2025-02-21T17:50:48.017+0000] {spark_submit.py:641} INFO - INFO:__main__:Coletando dados para 2020-12-06...
[2025-02-21T17:50:50.975+0000] {spark_submit.py:641} INFO - INFO:__main__:Coletando dados para 2020-12-07...
[2025-02-21T17:50:54.039+0000] {spark_submit.py:641} INFO - INFO:__main__:Coletando dados para 2020-12-08...
[2025-02-21T17:50:56.962+0000] {spark_submit.py:641} INFO - INFO:__main__:Coletando dados para 2020-12-09...
[2025-02-21T17:50:59.975+0000] {spark_submit.py:641} INFO - INFO:__main__:Coletando dados para 2020-12-10...
[2025-02-21T17:51:04.250+0000] {spark_submit.py:641} INFO - INFO:__main__:Coletando dados para 2020-12-11...
[2025-02-21T17:51:09.805+0000] {spark_submit.py:641} INFO - INFO:__main__:Coletando dados para 2020-12-12...
[2025-02-21T17:51:20.129+0000] {spark_submit.py:641} INFO - INFO:__main__:Coletando dados para 2020-12-13...
[2025-02-21T17:51:26.357+0000] {spark_submit.py:641} INFO - INFO:__main__:Coletando dados para 2020-12-14...
[2025-02-21T17:51:32.800+0000] {spark_submit.py:641} INFO - INFO:__main__:Coletando dados para 2020-12-15...
[2025-02-21T17:51:43.223+0000] {spark_submit.py:641} INFO - INFO:__main__:Coletando dados para 2020-12-16...
[2025-02-21T17:51:48.708+0000] {spark_submit.py:641} INFO - INFO:__main__:Coletando dados para 2020-12-17...
[2025-02-21T17:51:57.859+0000] {spark_submit.py:641} INFO - INFO:__main__:Coletando dados para 2020-12-18...
[2025-02-21T17:52:10.077+0000] {spark_submit.py:641} INFO - INFO:__main__:Coletando dados para 2020-12-19...
[2025-02-21T17:52:16.351+0000] {spark_submit.py:641} INFO - INFO:__main__:Coletando dados para 2020-12-20...
[2025-02-21T17:52:23.913+0000] {spark_submit.py:641} INFO - INFO:__main__:Coletando dados para 2020-12-21...
[2025-02-21T17:52:29.852+0000] {spark_submit.py:641} INFO - INFO:__main__:Coletando dados para 2020-12-22...
[2025-02-21T17:52:34.876+0000] {spark_submit.py:641} INFO - INFO:__main__:Coletando dados para 2020-12-23...
[2025-02-21T17:52:41.104+0000] {spark_submit.py:641} INFO - INFO:__main__:Coletando dados para 2020-12-24...
[2025-02-21T17:52:49.461+0000] {spark_submit.py:641} INFO - INFO:__main__:Coletando dados para 2020-12-25...
[2025-02-21T17:52:59.931+0000] {spark_submit.py:641} INFO - INFO:__main__:Coletando dados para 2020-12-26...
[2025-02-21T17:53:04.321+0000] {spark_submit.py:641} INFO - INFO:__main__:Coletando dados para 2020-12-27...
[2025-02-21T17:53:08.999+0000] {spark_submit.py:641} INFO - INFO:__main__:Coletando dados para 2020-12-28...
[2025-02-21T17:53:14.191+0000] {spark_submit.py:641} INFO - INFO:__main__:Coletando dados para 2020-12-29...
[2025-02-21T17:53:18.737+0000] {spark_submit.py:641} INFO - INFO:__main__:Coletando dados para 2020-12-30...
[2025-02-21T17:53:24.763+0000] {spark_submit.py:641} INFO - INFO:__main__:Coletando dados para 2020-12-31...
[2025-02-21T17:53:51.282+0000] {spark_submit.py:641} INFO - INFO:__main__:Total de filmes coletados: 34942
[2025-02-21T17:53:52.890+0000] {spark_submit.py:641} INFO - 25/02/21 17:53:52 INFO SharedState: Setting hive.metastore.warehouse.dir ('null') to the value of spark.sql.warehouse.dir.
[2025-02-21T17:53:52.898+0000] {spark_submit.py:641} INFO - 25/02/21 17:53:52 INFO SharedState: Warehouse path is 'file:/opt/***/spark-warehouse'.
[2025-02-21T17:53:53.994+0000] {spark_submit.py:641} INFO - Traceback (most recent call last):
[2025-02-21T17:53:53.995+0000] {spark_submit.py:641} INFO - File "/opt/bitnami/spark/scripts/ing_mov_20_21.py", line 140, in <module>
[2025-02-21T17:53:53.996+0000] {spark_submit.py:641} INFO - .save("s3a://bronze/movie_20_21/")
[2025-02-21T17:53:53.996+0000] {spark_submit.py:641} INFO - ^^^^^^^^^^^^^^^^^^^^^^^^^^^^^^^^^
[2025-02-21T17:53:53.996+0000] {spark_submit.py:641} INFO - File "/home/***/.local/lib/python3.12/site-packages/pyspark/python/lib/pyspark.zip/pyspark/sql/readwriter.py", line 1463, in save
[2025-02-21T17:53:53.997+0000] {spark_submit.py:641} INFO - File "/home/***/.local/lib/python3.12/site-packages/pyspark/python/lib/py4j-0.10.9.7-src.zip/py4j/java_gateway.py", line 1322, in __call__
[2025-02-21T17:53:53.997+0000] {spark_submit.py:641} INFO - File "/home/***/.local/lib/python3.12/site-packages/pyspark/python/lib/pyspark.zip/pyspark/errors/exceptions/captured.py", line 179, in deco
[2025-02-21T17:53:53.998+0000] {spark_submit.py:641} INFO - File "/home/***/.local/lib/python3.12/site-packages/pyspark/python/lib/py4j-0.10.9.7-src.zip/py4j/protocol.py", line 326, in get_return_value
[2025-02-21T17:53:53.999+0000] {spark_submit.py:641} INFO - py4j.protocol.Py4JJavaError: An error occurred while calling o59.save.
[2025-02-21T17:53:53.999+0000] {spark_submit.py:641} INFO - : java.lang.RuntimeException: java.lang.ClassNotFoundException: Class org.apache.hadoop.fs.s3a.S3AFileSystem not found
[2025-02-21T17:53:54.000+0000] {spark_submit.py:641} INFO - at org.apache.hadoop.conf.Configuration.getClass(Configuration.java:2688)
[2025-02-21T17:53:54.000+0000] {spark_submit.py:641} INFO - at org.apache.hadoop.fs.FileSystem.getFileSystemClass(FileSystem.java:3431)
[2025-02-21T17:53:54.000+0000] {spark_submit.py:641} INFO - at org.apache.hadoop.fs.FileSystem.createFileSystem(FileSystem.java:3466)
[2025-02-21T17:53:54.001+0000] {spark_submit.py:641} INFO - at org.apache.hadoop.fs.FileSystem.access$300(FileSystem.java:174)
[2025-02-21T17:53:54.001+0000] {spark_submit.py:641} INFO - at org.apache.hadoop.fs.FileSystem$Cache.getInternal(FileSystem.java:3574)
[2025-02-21T17:53:54.001+0000] {spark_submit.py:641} INFO - at org.apache.hadoop.fs.FileSystem$Cache.get(FileSystem.java:3521)
[2025-02-21T17:53:54.001+0000] {spark_submit.py:641} INFO - at org.apache.hadoop.fs.FileSystem.get(FileSystem.java:540)
[2025-02-21T17:53:54.002+0000] {spark_submit.py:641} INFO - at org.apache.hadoop.fs.Path.getFileSystem(Path.java:365)
[2025-02-21T17:53:54.002+0000] {spark_submit.py:641} INFO - at org.apache.spark.sql.execution.datasources.DataSource.planForWritingFileFormat(DataSource.scala:454)
[2025-02-21T17:53:54.002+0000] {spark_submit.py:641} INFO - at org.apache.spark.sql.execution.datasources.DataSource.planForWriting(DataSource.scala:530)
[2025-02-21T17:53:54.003+0000] {spark_submit.py:641} INFO - at org.apache.spark.sql.DataFrameWriter.saveToV1Source(DataFrameWriter.scala:391)
[2025-02-21T17:53:54.003+0000] {spark_submit.py:641} INFO - at org.apache.spark.sql.DataFrameWriter.saveInternal(DataFrameWriter.scala:364)
[2025-02-21T17:53:54.003+0000] {spark_submit.py:641} INFO - at org.apache.spark.sql.DataFrameWriter.save(DataFrameWriter.scala:243)
[2025-02-21T17:53:54.003+0000] {spark_submit.py:641} INFO - at java.base/jdk.internal.reflect.NativeMethodAccessorImpl.invoke0(Native Method)
[2025-02-21T17:53:54.004+0000] {spark_submit.py:641} INFO - at java.base/jdk.internal.reflect.NativeMethodAccessorImpl.invoke(NativeMethodAccessorImpl.java:77)
[2025-02-21T17:53:54.004+0000] {spark_submit.py:641} INFO - at java.base/jdk.internal.reflect.DelegatingMethodAccessorImpl.invoke(DelegatingMethodAccessorImpl.java:43)
[2025-02-21T17:53:54.004+0000] {spark_submit.py:641} INFO - at java.base/java.lang.reflect.Method.invoke(Method.java:569)
[2025-02-21T17:53:54.004+0000] {spark_submit.py:641} INFO - at py4j.reflection.MethodInvoker.invoke(MethodInvoker.java:244)
[2025-02-21T17:53:54.005+0000] {spark_submit.py:641} INFO - at py4j.reflection.ReflectionEngine.invoke(ReflectionEngine.java:374)
[2025-02-21T17:53:54.006+0000] {spark_submit.py:641} INFO - at py4j.Gateway.invoke(Gateway.java:282)
[2025-02-21T17:53:54.006+0000] {spark_submit.py:641} INFO - at py4j.commands.AbstractCommand.invokeMethod(AbstractCommand.java:132)
[2025-02-21T17:53:54.006+0000] {spark_submit.py:641} INFO - at py4j.commands.CallCommand.execute(CallCommand.java:79)
[2025-02-21T17:53:54.006+0000] {spark_submit.py:641} INFO - at py4j.ClientServerConnection.waitForCommands(ClientServerConnection.java:182)
[2025-02-21T17:53:54.007+0000] {spark_submit.py:641} INFO - at py4j.ClientServerConnection.run(ClientServerConnection.java:106)
[2025-02-21T17:53:54.007+0000] {spark_submit.py:641} INFO - at java.base/java.lang.Thread.run(Thread.java:840)
[2025-02-21T17:53:54.007+0000] {spark_submit.py:641} INFO - Caused by: java.lang.ClassNotFoundException: Class org.apache.hadoop.fs.s3a.S3AFileSystem not found
[2025-02-21T17:53:54.007+0000] {spark_submit.py:641} INFO - at org.apache.hadoop.conf.Configuration.getClassByName(Configuration.java:2592)
[2025-02-21T17:53:54.008+0000] {spark_submit.py:641} INFO - at org.apache.hadoop.conf.Configuration.getClass(Configuration.java:2686)
[2025-02-21T17:53:54.008+0000] {spark_submit.py:641} INFO - ... 24 more
[2025-02-21T17:53:54.008+0000] {spark_submit.py:641} INFO - 
[2025-02-21T17:53:54.008+0000] {spark_submit.py:641} INFO - INFO:py4j.clientserver:Closing down clientserver connection
[2025-02-21T17:53:54.170+0000] {spark_submit.py:641} INFO - 25/02/21 17:53:54 INFO SparkContext: Invoking stop() from shutdown hook
[2025-02-21T17:53:54.171+0000] {spark_submit.py:641} INFO - 25/02/21 17:53:54 INFO SparkContext: SparkContext is stopping with exitCode 0.
[2025-02-21T17:53:54.179+0000] {spark_submit.py:641} INFO - 25/02/21 17:53:54 INFO SparkUI: Stopped Spark web UI at http://984eb1a04f7d:4040
[2025-02-21T17:53:54.183+0000] {spark_submit.py:641} INFO - 25/02/21 17:53:54 INFO StandaloneSchedulerBackend: Shutting down all executors
[2025-02-21T17:53:54.184+0000] {spark_submit.py:641} INFO - 25/02/21 17:53:54 INFO StandaloneSchedulerBackend$StandaloneDriverEndpoint: Asking each executor to shut down
[2025-02-21T17:53:54.219+0000] {spark_submit.py:641} INFO - 25/02/21 17:53:54 INFO MapOutputTrackerMasterEndpoint: MapOutputTrackerMasterEndpoint stopped!
[2025-02-21T17:53:54.273+0000] {spark_submit.py:641} INFO - 25/02/21 17:53:54 INFO MemoryStore: MemoryStore cleared
[2025-02-21T17:53:54.274+0000] {spark_submit.py:641} INFO - 25/02/21 17:53:54 INFO BlockManager: BlockManager stopped
[2025-02-21T17:53:54.278+0000] {spark_submit.py:641} INFO - 25/02/21 17:53:54 INFO BlockManagerMaster: BlockManagerMaster stopped
[2025-02-21T17:53:54.281+0000] {spark_submit.py:641} INFO - 25/02/21 17:53:54 INFO OutputCommitCoordinator$OutputCommitCoordinatorEndpoint: OutputCommitCoordinator stopped!
[2025-02-21T17:53:54.300+0000] {spark_submit.py:641} INFO - 25/02/21 17:53:54 INFO SparkContext: Successfully stopped SparkContext
[2025-02-21T17:53:54.301+0000] {spark_submit.py:641} INFO - 25/02/21 17:53:54 INFO ShutdownHookManager: Shutdown hook called
[2025-02-21T17:53:54.302+0000] {spark_submit.py:641} INFO - 25/02/21 17:53:54 INFO ShutdownHookManager: Deleting directory /tmp/spark-00220da1-3eb6-4d0d-8ebb-0f36be3fd8ed/pyspark-03fcce8c-31d8-49cc-82a0-7f115c6bbf85
[2025-02-21T17:53:54.305+0000] {spark_submit.py:641} INFO - 25/02/21 17:53:54 INFO ShutdownHookManager: Deleting directory /tmp/spark-96e2cc1d-1e72-44ff-869a-72a7f87dc5cb
[2025-02-21T17:53:54.308+0000] {spark_submit.py:641} INFO - 25/02/21 17:53:54 INFO ShutdownHookManager: Deleting directory /tmp/spark-00220da1-3eb6-4d0d-8ebb-0f36be3fd8ed
[2025-02-21T17:53:54.342+0000] {taskinstance.py:3313} ERROR - Task failed with exception
Traceback (most recent call last):
  File "/home/airflow/.local/lib/python3.12/site-packages/airflow/models/taskinstance.py", line 768, in _execute_task
    result = _execute_callable(context=context, **execute_callable_kwargs)
             ^^^^^^^^^^^^^^^^^^^^^^^^^^^^^^^^^^^^^^^^^^^^^^^^^^^^^^^^^^^^^
  File "/home/airflow/.local/lib/python3.12/site-packages/airflow/models/taskinstance.py", line 734, in _execute_callable
    return ExecutionCallableRunner(
           ^^^^^^^^^^^^^^^^^^^^^^^^
  File "/home/airflow/.local/lib/python3.12/site-packages/airflow/utils/operator_helpers.py", line 252, in run
    return self.func(*args, **kwargs)
           ^^^^^^^^^^^^^^^^^^^^^^^^^^
  File "/home/airflow/.local/lib/python3.12/site-packages/airflow/models/baseoperator.py", line 424, in wrapper
    return func(self, *args, **kwargs)
           ^^^^^^^^^^^^^^^^^^^^^^^^^^^
  File "/home/airflow/.local/lib/python3.12/site-packages/airflow/providers/apache/spark/operators/spark_submit.py", line 177, in execute
    self._hook.submit(self.application)
  File "/home/airflow/.local/lib/python3.12/site-packages/airflow/providers/apache/spark/hooks/spark_submit.py", line 567, in submit
    raise AirflowException(
airflow.exceptions.AirflowException: Cannot execute: spark-submit --master local[*] --conf spark.hadoop.fs.s3a.access.key=qISvwHssdqvPRzWwCzWG --conf spark.hadoop.fs.s3a.secret.key=****** --conf spark.hadoop.fs.s3a.endpoint=http://minio:9000 --conf spark.hadoop.fs.s3a.path.style.access=true --conf spark.hadoop.fs.s3a.impl=org.apache.hadoop.fs.s3a.S3AFileSystem --driver-memory 4g --principal admin --name arrow-spark --verbose --queue root.default --deploy-mode client /opt/bitnami/spark/scripts/ing_mov_20_21.py. Error code is: 1.
[2025-02-21T17:53:54.350+0000] {taskinstance.py:1226} INFO - Marking task as UP_FOR_RETRY. dag_id=ing_mov_20_21, task_id=run_spark_script, run_id=manual__2025-02-21T17:27:53.448531+00:00, execution_date=20250221T172753, start_date=20250221T172755, end_date=20250221T175354
[2025-02-21T17:53:54.383+0000] {taskinstance.py:341} INFO - ::group::Post task execution logs
[2025-02-21T17:53:54.383+0000] {standard_task_runner.py:124} ERROR - Failed to execute job 15 for task run_spark_script (Cannot execute: spark-submit --master local[*] --conf spark.hadoop.fs.s3a.access.key=qISvwHssdqvPRzWwCzWG --conf spark.hadoop.fs.s3a.secret.key=****** --conf spark.hadoop.fs.s3a.endpoint=http://minio:9000 --conf spark.hadoop.fs.s3a.path.style.access=true --conf spark.hadoop.fs.s3a.impl=org.apache.hadoop.fs.s3a.S3AFileSystem --driver-memory 4g --principal admin --name arrow-spark --verbose --queue root.default --deploy-mode client /opt/bitnami/spark/scripts/ing_mov_20_21.py. Error code is: 1.; 187)
Traceback (most recent call last):
  File "/home/airflow/.local/lib/python3.12/site-packages/airflow/task/task_runner/standard_task_runner.py", line 117, in _start_by_fork
    ret = args.func(args, dag=self.dag)
          ^^^^^^^^^^^^^^^^^^^^^^^^^^^^^
  File "/home/airflow/.local/lib/python3.12/site-packages/airflow/cli/cli_config.py", line 49, in command
    return func(*args, **kwargs)
           ^^^^^^^^^^^^^^^^^^^^^
  File "/home/airflow/.local/lib/python3.12/site-packages/airflow/utils/cli.py", line 116, in wrapper
    return f(*args, **kwargs)
           ^^^^^^^^^^^^^^^^^^
  File "/home/airflow/.local/lib/python3.12/site-packages/airflow/cli/commands/task_command.py", line 483, in task_run
    task_return_code = _run_task_by_selected_method(args, _dag, ti)
                       ^^^^^^^^^^^^^^^^^^^^^^^^^^^^^^^^^^^^^^^^^^^^
  File "/home/airflow/.local/lib/python3.12/site-packages/airflow/cli/commands/task_command.py", line 256, in _run_task_by_selected_method
    return _run_raw_task(args, ti)
           ^^^^^^^^^^^^^^^^^^^^^^^
  File "/home/airflow/.local/lib/python3.12/site-packages/airflow/cli/commands/task_command.py", line 341, in _run_raw_task
    return ti._run_raw_task(
           ^^^^^^^^^^^^^^^^^
  File "/home/airflow/.local/lib/python3.12/site-packages/airflow/utils/session.py", line 97, in wrapper
    return func(*args, session=session, **kwargs)
           ^^^^^^^^^^^^^^^^^^^^^^^^^^^^^^^^^^^^^^
  File "/home/airflow/.local/lib/python3.12/site-packages/airflow/models/taskinstance.py", line 3006, in _run_raw_task
    return _run_raw_task(
           ^^^^^^^^^^^^^^
  File "/home/airflow/.local/lib/python3.12/site-packages/airflow/models/taskinstance.py", line 274, in _run_raw_task
    TaskInstance._execute_task_with_callbacks(
  File "/home/airflow/.local/lib/python3.12/site-packages/airflow/models/taskinstance.py", line 3161, in _execute_task_with_callbacks
    result = self._execute_task(context, task_orig)
             ^^^^^^^^^^^^^^^^^^^^^^^^^^^^^^^^^^^^^^
  File "/home/airflow/.local/lib/python3.12/site-packages/airflow/models/taskinstance.py", line 3185, in _execute_task
    return _execute_task(self, context, task_orig)
           ^^^^^^^^^^^^^^^^^^^^^^^^^^^^^^^^^^^^^^^
  File "/home/airflow/.local/lib/python3.12/site-packages/airflow/models/taskinstance.py", line 768, in _execute_task
    result = _execute_callable(context=context, **execute_callable_kwargs)
             ^^^^^^^^^^^^^^^^^^^^^^^^^^^^^^^^^^^^^^^^^^^^^^^^^^^^^^^^^^^^^
  File "/home/airflow/.local/lib/python3.12/site-packages/airflow/models/taskinstance.py", line 734, in _execute_callable
    return ExecutionCallableRunner(
           ^^^^^^^^^^^^^^^^^^^^^^^^
  File "/home/airflow/.local/lib/python3.12/site-packages/airflow/utils/operator_helpers.py", line 252, in run
    return self.func(*args, **kwargs)
           ^^^^^^^^^^^^^^^^^^^^^^^^^^
  File "/home/airflow/.local/lib/python3.12/site-packages/airflow/models/baseoperator.py", line 424, in wrapper
    return func(self, *args, **kwargs)
           ^^^^^^^^^^^^^^^^^^^^^^^^^^^
  File "/home/airflow/.local/lib/python3.12/site-packages/airflow/providers/apache/spark/operators/spark_submit.py", line 177, in execute
    self._hook.submit(self.application)
  File "/home/airflow/.local/lib/python3.12/site-packages/airflow/providers/apache/spark/hooks/spark_submit.py", line 567, in submit
    raise AirflowException(
airflow.exceptions.AirflowException: Cannot execute: spark-submit --master local[*] --conf spark.hadoop.fs.s3a.access.key=qISvwHssdqvPRzWwCzWG --conf spark.hadoop.fs.s3a.secret.key=****** --conf spark.hadoop.fs.s3a.endpoint=http://minio:9000 --conf spark.hadoop.fs.s3a.path.style.access=true --conf spark.hadoop.fs.s3a.impl=org.apache.hadoop.fs.s3a.S3AFileSystem --driver-memory 4g --principal admin --name arrow-spark --verbose --queue root.default --deploy-mode client /opt/bitnami/spark/scripts/ing_mov_20_21.py. Error code is: 1.
[2025-02-21T17:53:54.403+0000] {local_task_job_runner.py:266} INFO - Task exited with return code 1
[2025-02-21T17:53:54.423+0000] {taskinstance.py:3901} INFO - 0 downstream tasks scheduled from follow-on schedule check
[2025-02-21T17:53:54.424+0000] {local_task_job_runner.py:245} INFO - ::endgroup::
