[2025-02-12T19:43:49.960+0000] {local_task_job_runner.py:123} INFO - ::group::Pre task execution logs
[2025-02-12T19:43:49.989+0000] {taskinstance.py:2614} INFO - Dependencies all met for dep_context=non-requeueable deps ti=<TaskInstance: ing_mov_20_21.run_spark_script manual__2025-02-12T19:43:48.124493+00:00 [queued]>
[2025-02-12T19:43:50.007+0000] {taskinstance.py:2614} INFO - Dependencies all met for dep_context=requeueable deps ti=<TaskInstance: ing_mov_20_21.run_spark_script manual__2025-02-12T19:43:48.124493+00:00 [queued]>
[2025-02-12T19:43:50.008+0000] {taskinstance.py:2867} INFO - Starting attempt 1 of 2
[2025-02-12T19:43:50.032+0000] {taskinstance.py:2890} INFO - Executing <Task(BashOperator): run_spark_script> on 2025-02-12 19:43:48.124493+00:00
[2025-02-12T19:43:50.040+0000] {warnings.py:112} WARNING - /home/***/.local/lib/python3.12/site-packages/***/task/task_runner/standard_task_runner.py:70: DeprecationWarning: This process (pid=437) is multi-threaded, use of fork() may lead to deadlocks in the child.
  pid = os.fork()

[2025-02-12T19:43:50.042+0000] {standard_task_runner.py:72} INFO - Started process 438 to run task
[2025-02-12T19:43:50.042+0000] {standard_task_runner.py:104} INFO - Running: ['***', 'tasks', 'run', 'ing_mov_20_21', 'run_spark_script', 'manual__2025-02-12T19:43:48.124493+00:00', '--job-id', '47', '--raw', '--subdir', 'DAGS_FOLDER/scriptteste.py', '--cfg-path', '/tmp/tmpyqbtwg4c']
[2025-02-12T19:43:50.043+0000] {standard_task_runner.py:105} INFO - Job 47: Subtask run_spark_script
[2025-02-12T19:43:50.118+0000] {task_command.py:467} INFO - Running <TaskInstance: ing_mov_20_21.run_spark_script manual__2025-02-12T19:43:48.124493+00:00 [running]> on host b9a583b11a65
[2025-02-12T19:43:50.246+0000] {taskinstance.py:3134} INFO - Exporting env vars: AIRFLOW_CTX_DAG_OWNER='***' AIRFLOW_CTX_DAG_ID='ing_mov_20_21' AIRFLOW_CTX_TASK_ID='run_spark_script' AIRFLOW_CTX_EXECUTION_DATE='2025-02-12T19:43:48.124493+00:00' AIRFLOW_CTX_TRY_NUMBER='1' AIRFLOW_CTX_DAG_RUN_ID='manual__2025-02-12T19:43:48.124493+00:00'
[2025-02-12T19:43:50.247+0000] {taskinstance.py:732} INFO - ::endgroup::
[2025-02-12T19:43:50.272+0000] {subprocess.py:78} INFO - Tmp dir root location: /tmp
[2025-02-12T19:43:50.274+0000] {subprocess.py:88} INFO - Running command: ['/usr/bin/bash', '-c', 'spark-submit /opt/bitnami/spark/scripts/ing_mov_20_21.py']
[2025-02-12T19:43:50.286+0000] {subprocess.py:99} INFO - Output:
[2025-02-12T19:43:54.953+0000] {subprocess.py:106} INFO - Erro na execução: ERRO: TMDB_API_TOKEN não encontrado. Verifique seu arquivo .env.
[2025-02-12T19:43:55.056+0000] {subprocess.py:106} INFO - 25/02/12 19:43:55 INFO ShutdownHookManager: Shutdown hook called
[2025-02-12T19:43:55.060+0000] {subprocess.py:106} INFO - 25/02/12 19:43:55 INFO ShutdownHookManager: Deleting directory /tmp/spark-a9bced91-ef32-4fd4-bd32-7b21d98b9b62
[2025-02-12T19:43:55.090+0000] {subprocess.py:110} INFO - Command exited with return code 0
[2025-02-12T19:43:55.126+0000] {taskinstance.py:341} INFO - ::group::Post task execution logs
[2025-02-12T19:43:55.127+0000] {taskinstance.py:353} INFO - Marking task as SUCCESS. dag_id=ing_mov_20_21, task_id=run_spark_script, run_id=manual__2025-02-12T19:43:48.124493+00:00, execution_date=20250212T194348, start_date=20250212T194349, end_date=20250212T194355
[2025-02-12T19:43:55.168+0000] {local_task_job_runner.py:266} INFO - Task exited with return code 0
[2025-02-12T19:43:55.187+0000] {taskinstance.py:3901} INFO - 0 downstream tasks scheduled from follow-on schedule check
[2025-02-12T19:43:55.190+0000] {local_task_job_runner.py:245} INFO - ::endgroup::
